java version "1.7.0_231"
OpenJDK Runtime Environment (rhel-2.6.19.1.el7_6-x86_64 u231-b01)
OpenJDK 64-Bit Server VM (build 24.231-b01, mixed mode)
Check out 4b15b25f to /mnt/nfs/work1/brun/mmotwani/Defects4Java7/defects4j/ OK
Init local repository...................................................... OK
Tag post-fix revision...................................................... OK
Run post-checkout hook..................................................... OK
Initialize fixed program version........................................... OK
Apply patch................................................................ OK
Initialize buggy program version........................................... OK
Diff 4b15b25f:b7c2861b..................................................... OK
Apply patch................................................................ OK
Tag pre-fix revision....................................................... OK
Check out program version: Closure-14b..................................... OK
Running ant (compile)...................................................... OK
Running ant (compile.tests)................................................ OK
Running ant (compile.tests)................................................ OK
Running ant (run.dev.tests)................................................ OK
Failing tests: 3
  - com.google.javascript.jscomp.CheckMissingReturnTest::testIssue779
  - com.google.javascript.jscomp.ControlFlowAnalysisTest::testDeepNestedFinally
  - com.google.javascript.jscomp.ControlFlowAnalysisTest::testDeepNestedBreakwithFinally
/home/mmotwani/mywork1dir/Defects4Java7/defects4j/SIMFIX_RQ2_40_5
PURIFY IS FALSE
=================================================
Project : closure_14	start : 19/10/19 14:24

Field type inconsistancy 'errors' with types : List<JSError> and JSError[]
Variable type inconsistancy of 'start' in method 'parseRegExp,String,String' with types : int and char
Variable type inconsistancy of 'end' in method 'parseRegExp,String,String' with types : int and char
Field type inconsistancy 'type' with types : JSType and Type
Field type inconsistancy 'SUPER' with types : SimpleReference<SimpleSlot> and FunctionInjector.Reference
Variable type inconsistancy of 'name' in method 'visit,NodeTraversal,Node,Node' with types : Name and String
Field type inconsistancy 'THIS' with types : Token and int
readFailedTest: path is /mnt/nfs/work1/brun/mmotwani/SimFix/d4j-info/failed_tests/closure/14.txt#ATTEMPTS: 3

# FAILING TESTS: 3
TIMEOUT : 18000000
===========
locations= [<com.google.javascript.jscomp.parsing.IRFactory,1013>, <com.google.javascript.jscomp.parsing.IRFactory,1014>, <com.google.javascript.jscomp.ControlFlowAnalysis,491>, <com.google.javascript.jscomp.ControlFlowAnalysis,767>, <com.google.javascript.jscomp.ControlFlowAnalysis,768>, <com.google.javascript.jscomp.parsing.TypeSafeDispatcher,266>, <com.google.javascript.jscomp.parsing.IRFactory,987>, <com.google.javascript.jscomp.parsing.IRFactory,989>, <com.google.javascript.jscomp.parsing.IRFactory,990>, <com.google.javascript.jscomp.parsing.IRFactory,992>, <com.google.javascript.jscomp.parsing.IRFactory,1002>, <com.google.javascript.jscomp.parsing.IRFactory,1004>, <com.google.javascript.jscomp.parsing.IRFactory,1005>, <com.google.javascript.jscomp.parsing.IRFactory,1006>, <com.google.javascript.jscomp.parsing.IRFactory,1012>, <com.google.javascript.jscomp.parsing.IRFactory,1017>, <com.google.javascript.jscomp.NodeUtil,2750>, <com.google.javascript.jscomp.NodeUtil,2751>, <com.google.javascript.jscomp.NodeUtil,2759>, <com.google.javascript.jscomp.NodeUtil,2760>, <com.google.javascript.jscomp.NodeUtil,2768>, <com.google.javascript.jscomp.NodeUtil,2769>, <com.google.javascript.jscomp.ControlFlowAnalysis,230>, <com.google.javascript.jscomp.ControlFlowAnalysis,231>, <com.google.javascript.jscomp.ControlFlowAnalysis,285>, <com.google.javascript.jscomp.ControlFlowAnalysis,286>, <com.google.javascript.jscomp.ControlFlowAnalysis,287>, <com.google.javascript.jscomp.ControlFlowAnalysis,332>, <com.google.javascript.jscomp.ControlFlowAnalysis,333>, <com.google.javascript.jscomp.ControlFlowAnalysis,544>, <com.google.javascript.jscomp.ControlFlowAnalysis,545>, <com.google.javascript.jscomp.ControlFlowAnalysis,750>, <com.google.javascript.jscomp.ControlFlowAnalysis,751>, <com.google.javascript.jscomp.ControlFlowAnalysis,752>, <com.google.javascript.jscomp.ControlFlowAnalysis,757>, <com.google.javascript.jscomp.ControlFlowAnalysis,764>, <com.google.javascript.jscomp.ControlFlowAnalysis,765>, <com.google.javascript.jscomp.ControlFlowAnalysis,766>, <com.google.javascript.jscomp.ControlFlowAnalysis,770>, <com.google.javascript.jscomp.Compiler,1501>, <com.google.javascript.jscomp.Compiler,1502>, <com.google.javascript.jscomp.Compiler,1503>, <com.google.javascript.jscomp.Compiler,1520>, <com.google.javascript.jscomp.Compiler,1527>, <com.google.javascript.jscomp.Compiler,1533>, <com.google.javascript.jscomp.Compiler,1534>, <com.google.javascript.jscomp.ControlFlowAnalysis,168>, <com.google.javascript.jscomp.ControlFlowAnalysis,169>, <com.google.javascript.jscomp.ControlFlowAnalysis,170>, <com.google.javascript.jscomp.ControlFlowAnalysis,175>, <com.google.javascript.jscomp.ControlFlowAnalysis,841>, <com.google.javascript.jscomp.ControlFlowAnalysis,842>, <com.google.javascript.jscomp.ControlFlowAnalysis,854>, <com.google.javascript.jscomp.ControlFlowAnalysis,855>, <com.google.javascript.jscomp.ControlFlowAnalysis,515>, <com.google.javascript.jscomp.graph.LinkedDirectedGraph,567>, <com.google.javascript.jscomp.graph.LinkedDirectedGraph,568>, <com.google.javascript.jscomp.Compiler,2103>, <com.google.javascript.jscomp.Compiler,2104>, <com.google.javascript.jscomp.Compiler,2105>, <com.google.javascript.jscomp.Compiler,2106>, <com.google.javascript.jscomp.ControlFlowAnalysis,837>, <com.google.javascript.jscomp.ControlFlowAnalysis,838>, <com.google.javascript.jscomp.ControlFlowAnalysis,840>, <com.google.javascript.jscomp.NodeUtil,1683>, <com.google.javascript.jscomp.ControlFlowAnalysis,260>, <com.google.javascript.jscomp.parsing.TypeSafeDispatcher,175>, <com.google.javascript.jscomp.parsing.TypeSafeDispatcher,176>, <com.google.javascript.jscomp.parsing.IRFactory,914>, <com.google.javascript.jscomp.Compiler,1988>, <com.google.javascript.jscomp.Compiler,1989>, <com.google.javascript.jscomp.TypeValidator,206>, <com.google.javascript.jscomp.TypeValidator,209>, <com.google.javascript.jscomp.TypeCheck,643>, <com.google.javascript.jscomp.TypeCheck,644>, <com.google.javascript.jscomp.TypeCheck,645>, <com.google.javascript.jscomp.TypeCheck,646>, <com.google.javascript.jscomp.TypeCheck,667>, <com.google.javascript.jscomp.TypeCheck,668>, <com.google.javascript.rhino.jstype.JSType,203>, <com.google.javascript.rhino.jstype.UnknownType,90>, <com.google.javascript.rhino.jstype.UnknownType,120>, <com.google.javascript.rhino.Node,1966>, <com.google.javascript.rhino.Node,1967>, <com.google.javascript.jscomp.parsing.IRFactory,153>, <com.google.javascript.jscomp.parsing.IRFactory,154>, <com.google.javascript.jscomp.parsing.IRFactory,224>, <com.google.javascript.jscomp.parsing.IRFactory,225>, <com.google.javascript.jscomp.parsing.IRFactory,226>, <com.google.javascript.jscomp.parsing.IRFactory,1174>, <com.google.javascript.jscomp.parsing.TypeSafeDispatcher,184>, <com.google.javascript.jscomp.parsing.TypeSafeDispatcher,206>, <com.google.javascript.jscomp.parsing.TypeSafeDispatcher,207>, <com.google.javascript.jscomp.parsing.TypeSafeDispatcher,242>, <com.google.javascript.jscomp.parsing.TypeSafeDispatcher,264>, <com.google.javascript.jscomp.parsing.IRFactory,503>, <com.google.javascript.jscomp.parsing.IRFactory,504>, <com.google.javascript.jscomp.parsing.IRFactory,505>, <com.google.javascript.jscomp.parsing.IRFactory,507>, <com.google.javascript.jscomp.parsing.IRFactory,508>, <com.google.javascript.jscomp.parsing.IRFactory,510>, <com.google.javascript.jscomp.parsing.IRFactory,740>, <com.google.javascript.jscomp.parsing.IRFactory,745>, <com.google.javascript.jscomp.parsing.IRFactory,746>, <com.google.javascript.jscomp.parsing.IRFactory,747>, <com.google.javascript.jscomp.parsing.IRFactory,748>, <com.google.javascript.jscomp.parsing.IRFactory,749>, <com.google.javascript.jscomp.parsing.IRFactory,752>, <com.google.javascript.jscomp.parsing.IRFactory,754>, <com.google.javascript.jscomp.parsing.IRFactory,755>, <com.google.javascript.jscomp.parsing.IRFactory,757>, <com.google.javascript.jscomp.parsing.IRFactory,759>, <com.google.javascript.jscomp.parsing.IRFactory,761>, <com.google.javascript.jscomp.parsing.IRFactory,762>, <com.google.javascript.jscomp.parsing.IRFactory,763>, <com.google.javascript.jscomp.parsing.IRFactory,764>, <com.google.javascript.jscomp.parsing.IRFactory,765>, <com.google.javascript.jscomp.parsing.IRFactory,981>, <com.google.javascript.jscomp.type.ChainableReverseAbstractInterpreter,630>, <com.google.javascript.jscomp.type.SemanticReverseAbstractInterpreter,235>, <com.google.javascript.jscomp.type.SemanticReverseAbstractInterpreter,236>, <com.google.javascript.jscomp.type.ChainableReverseAbstractInterpreter,230>, <com.google.javascript.jscomp.type.ChainableReverseAbstractInterpreter,250>, <com.google.javascript.jscomp.type.SemanticReverseAbstractInterpreter,110>, <com.google.javascript.jscomp.ControlFlowAnalysis,329>, <com.google.javascript.jscomp.ControlFlowAnalysis,330>, <com.google.javascript.jscomp.ControlFlowAnalysis,338>, <com.google.javascript.jscomp.ControlFlowAnalysis,339>, <com.google.javascript.jscomp.ControlFlowAnalysis,350>, <com.google.javascript.jscomp.ControlFlowAnalysis,540>, <com.google.javascript.jscomp.ControlFlowAnalysis,541>, <com.google.javascript.jscomp.ControlFlowAnalysis,552>, <com.google.javascript.jscomp.ControlFlowAnalysis,554>, <com.google.javascript.jscomp.ControlFlowAnalysis,555>, <com.google.javascript.jscomp.ControlFlowAnalysis,558>, <com.google.javascript.jscomp.ControlFlowAnalysis,560>, <com.google.javascript.jscomp.ControlFlowAnalysis,570>, <com.google.javascript.jscomp.ControlFlowAnalysis,571>, <com.google.javascript.jscomp.ControlFlowAnalysis,573>, <com.google.javascript.jscomp.ControlFlowAnalysis,575>, <com.google.javascript.jscomp.ControlFlowAnalysis,576>, <com.google.javascript.jscomp.ControlFlowAnalysis,579>, <com.google.javascript.jscomp.ControlFlowAnalysis,581>, <com.google.javascript.jscomp.ControlFlowAnalysis,583>, <com.google.javascript.jscomp.ControlFlowAnalysis,592>, <com.google.javascript.jscomp.ControlFlowAnalysis,572>, <com.google.javascript.jscomp.ControlFlowAnalysis,594>, <com.google.javascript.jscomp.ControlFlowAnalysis,597>, <com.google.javascript.jscomp.ControlFlowAnalysis,599>, <com.google.javascript.jscomp.ControlFlowAnalysis,646>, <com.google.javascript.jscomp.ControlFlowAnalysis,647>, <com.google.javascript.jscomp.ControlFlowAnalysis,648>, <com.google.javascript.jscomp.ControlFlowAnalysis,653>, <com.google.javascript.jscomp.ControlFlowAnalysis,655>, <com.google.javascript.jscomp.ControlFlowAnalysis,664>, <com.google.javascript.jscomp.ControlFlowAnalysis,806>, <com.google.javascript.jscomp.ControlFlowAnalysis,844>, <com.google.javascript.jscomp.ControlFlowAnalysis,895>, <com.google.javascript.jscomp.ControlFlowAnalysis,898>, <com.google.javascript.jscomp.ControlFlowAnalysis,899>, <com.google.javascript.jscomp.ControlFlowAnalysis,900>, <com.google.javascript.jscomp.ControlFlowAnalysis,904>, <com.google.javascript.jscomp.ControlFlowAnalysis,942>, <com.google.javascript.jscomp.graph.LinkedDirectedGraph,210>, <com.google.javascript.jscomp.JSError,193>, <com.google.javascript.jscomp.parsing.IRFactory,222>, <com.google.javascript.jscomp.parsing.IRFactory,223>, <com.google.javascript.jscomp.parsing.IRFactory,235>, <com.google.javascript.jscomp.NodeUtil,1680>, <com.google.javascript.rhino.Node,533>, <com.google.javascript.rhino.Node,534>, <com.google.javascript.jscomp.ControlFlowAnalysis,363>, <com.google.javascript.jscomp.ControlFlowAnalysis,204>, <com.google.javascript.jscomp.ControlFlowAnalysis,75>, <com.google.javascript.jscomp.ControlFlowAnalysis,298>, <com.google.javascript.jscomp.ControlFlowAnalysis,299>, <com.google.javascript.jscomp.ControlFlowAnalysis,358>, <com.google.javascript.jscomp.ControlFlowAnalysis,359>, <com.google.javascript.jscomp.ControlFlowAnalysis,360>, <com.google.javascript.jscomp.ControlFlowAnalysis,362>, <com.google.javascript.jscomp.ControlFlowAnalysis,368>, <com.google.javascript.jscomp.ControlFlowAnalysis,370>, <com.google.javascript.jscomp.Compiler,263>, <com.google.javascript.jscomp.Compiler,265>, <com.google.javascript.jscomp.Compiler,269>, <com.google.javascript.jscomp.CompilerOptions,1056>, <com.google.javascript.jscomp.ComposeWarningsGuard,127>, <com.google.javascript.jscomp.ComposeWarningsGuard,128>, <com.google.javascript.jscomp.ComposeWarningsGuard,130>, <com.google.javascript.jscomp.ComposeWarningsGuard,138>, <com.google.javascript.jscomp.DiagnosticGroup,60>, <com.google.javascript.jscomp.DiagnosticGroup,61>, <com.google.javascript.jscomp.DiagnosticGroup,62>, <com.google.javascript.jscomp.DiagnosticGroup,63>, <com.google.javascript.jscomp.DiagnosticGroup,71>, <com.google.javascript.jscomp.DiagnosticGroup,72>, <com.google.javascript.jscomp.DiagnosticGroup,74>, <com.google.javascript.jscomp.DiagnosticGroup,117>, <com.google.javascript.jscomp.DiagnosticGroup,118>, <com.google.javascript.jscomp.DiagnosticGroup,119>]
======================com.google.javascript.jscomp.parsing.IRFactory,1013
========
if((lineSet==false)&&(finallyBlock!=null)){
lineSet=true;
block.setLineno(finallyBlock.getLineno());
maybeSetLengthFrom(block,finallyBlock);
}

========
COMMAND:cd /home/mmotwani/mywork1dir/Defects4Java7/defects4j/SIMFIX_RQ2_40_5/closure/closure_14_buggy && /usr/bin/timeout 120 /mnt/nfs/work1/brun/mmotwani/Defects4Java7/defects4j//framework/bin/defects4j compile
FAILED TEST:com.google.javascript.jscomp.CheckMissingReturnTest::testIssue779
COUNT THESE===> Subject [_name=closure, _id=14, _ssrc=/src, _tsrc=/test, _sbin=/build/classes, _tbin=/build/test, _dependency=null] com.google.javascript.jscomp.CheckMissingReturnTest testIssue779
TESTING : com.google.javascript.jscomp.CheckMissingReturnTest::testIssue779
COMMAND:cd /home/mmotwani/mywork1dir/Defects4Java7/defects4j/SIMFIX_RQ2_40_5/closure/closure_14_buggy && /usr/bin/timeout 30 /mnt/nfs/work1/brun/mmotwani/Defects4Java7/defects4j//framework/bin/defects4j test -t com.google.javascript.jscomp.CheckMissingReturnTest::testIssue779
  - com.google.javascript.jscomp.CheckMissingReturnTest::testIssue779
Failing tests: 1
Running ant (run.dev.tests)................................................ OK
Running ant (compile.tests)................................................ OK
========
if((lineSet==false)&&(finallyBlock!=null)){
lp.setLineno(finallyBlock.getLineno());
maybeSetLengthFrom(block,finallyBlock);
}

========
COMMAND:cd /home/mmotwani/mywork1dir/Defects4Java7/defects4j/SIMFIX_RQ2_40_5/closure/closure_14_buggy && /usr/bin/timeout 120 /mnt/nfs/work1/brun/mmotwani/Defects4Java7/defects4j//framework/bin/defects4j compile
========
if((lineSet==false)&&(finallyBlock!=null)){
node.setLineno(finallyBlock.getLineno());
maybeSetLengthFrom(block,finallyBlock);
}

========
COMMAND:cd /home/mmotwani/mywork1dir/Defects4Java7/defects4j/SIMFIX_RQ2_40_5/closure/closure_14_buggy && /usr/bin/timeout 120 /mnt/nfs/work1/brun/mmotwani/Defects4Java7/defects4j//framework/bin/defects4j compile
FAILED TEST:com.google.javascript.jscomp.CheckMissingReturnTest::testIssue779
COUNT THESE===> Subject [_name=closure, _id=14, _ssrc=/src, _tsrc=/test, _sbin=/build/classes, _tbin=/build/test, _dependency=null] com.google.javascript.jscomp.CheckMissingReturnTest testIssue779
TESTING : com.google.javascript.jscomp.CheckMissingReturnTest::testIssue779
COMMAND:cd /home/mmotwani/mywork1dir/Defects4Java7/defects4j/SIMFIX_RQ2_40_5/closure/closure_14_buggy && /usr/bin/timeout 30 /mnt/nfs/work1/brun/mmotwani/Defects4Java7/defects4j//framework/bin/defects4j test -t com.google.javascript.jscomp.CheckMissingReturnTest::testIssue779
  - com.google.javascript.jscomp.CheckMissingReturnTest::testIssue779
Failing tests: 1
Running ant (run.dev.tests)................................................ OK
Running ant (compile.tests)................................................ OK
========
if((lineSet==false)&&(finallyBlock!=null)){
block.addChildToBack(finallyBlock.getLineno());
maybeSetLengthFrom(block,finallyBlock);
}

========
COMMAND:cd /home/mmotwani/mywork1dir/Defects4Java7/defects4j/SIMFIX_RQ2_40_5/closure/closure_14_buggy && /usr/bin/timeout 120 /mnt/nfs/work1/brun/mmotwani/Defects4Java7/defects4j//framework/bin/defects4j compile
========
if(sourceName!=null&&!sourceName.isEmpty()){
block.setLineno(finallyBlock.getLineno());
maybeSetLengthFrom(block,finallyBlock);
}

========
COMMAND:cd /home/mmotwani/mywork1dir/Defects4Java7/defects4j/SIMFIX_RQ2_40_5/closure/closure_14_buggy && /usr/bin/timeout 120 /mnt/nfs/work1/brun/mmotwani/Defects4Java7/defects4j//framework/bin/defects4j compile
FAILED TEST:com.google.javascript.jscomp.CheckMissingReturnTest::testIssue779
COUNT THESE===> Subject [_name=closure, _id=14, _ssrc=/src, _tsrc=/test, _sbin=/build/classes, _tbin=/build/test, _dependency=null] com.google.javascript.jscomp.CheckMissingReturnTest testIssue779
TESTING : com.google.javascript.jscomp.CheckMissingReturnTest::testIssue779
COMMAND:cd /home/mmotwani/mywork1dir/Defects4Java7/defects4j/SIMFIX_RQ2_40_5/closure/closure_14_buggy && /usr/bin/timeout 30 /mnt/nfs/work1/brun/mmotwani/Defects4Java7/defects4j//framework/bin/defects4j test -t com.google.javascript.jscomp.CheckMissingReturnTest::testIssue779
  - com.google.javascript.jscomp.CheckMissingReturnTest::testIssue779
Failing tests: 1
Running ant (run.dev.tests)................................................ OK
Running ant (compile.tests)................................................ OK
========
if(sourceName!=null&&(finallyBlock!=null)){
block.setLineno(finallyBlock.getLineno());
maybeSetLengthFrom(block,finallyBlock);
}

========
COMMAND:cd /home/mmotwani/mywork1dir/Defects4Java7/defects4j/SIMFIX_RQ2_40_5/closure/closure_14_buggy && /usr/bin/timeout 120 /mnt/nfs/work1/brun/mmotwani/Defects4Java7/defects4j//framework/bin/defects4j compile
FAILED TEST:com.google.javascript.jscomp.CheckMissingReturnTest::testIssue779
COUNT THESE===> Subject [_name=closure, _id=14, _ssrc=/src, _tsrc=/test, _sbin=/build/classes, _tbin=/build/test, _dependency=null] com.google.javascript.jscomp.CheckMissingReturnTest testIssue779
TESTING : com.google.javascript.jscomp.CheckMissingReturnTest::testIssue779
COMMAND:cd /home/mmotwani/mywork1dir/Defects4Java7/defects4j/SIMFIX_RQ2_40_5/closure/closure_14_buggy && /usr/bin/timeout 30 /mnt/nfs/work1/brun/mmotwani/Defects4Java7/defects4j//framework/bin/defects4j test -t com.google.javascript.jscomp.CheckMissingReturnTest::testIssue779
  - com.google.javascript.jscomp.CheckMissingReturnTest::testIssue779
Failing tests: 1
Running ant (run.dev.tests)................................................ OK
Running ant (compile.tests)................................................ OK
========
if((lineSet==false)&&!sourceName.isEmpty()){
block.setLineno(finallyBlock.getLineno());
maybeSetLengthFrom(block,finallyBlock);
}

========
COMMAND:cd /home/mmotwani/mywork1dir/Defects4Java7/defects4j/SIMFIX_RQ2_40_5/closure/closure_14_buggy && /usr/bin/timeout 120 /mnt/nfs/work1/brun/mmotwani/Defects4Java7/defects4j//framework/bin/defects4j compile
FAILED TEST:com.google.javascript.jscomp.CheckMissingReturnTest::testIssue779
COUNT THESE===> Subject [_name=closure, _id=14, _ssrc=/src, _tsrc=/test, _sbin=/build/classes, _tbin=/build/test, _dependency=null] com.google.javascript.jscomp.CheckMissingReturnTest testIssue779
TESTING : com.google.javascript.jscomp.CheckMissingReturnTest::testIssue779
COMMAND:cd /home/mmotwani/mywork1dir/Defects4Java7/defects4j/SIMFIX_RQ2_40_5/closure/closure_14_buggy && /usr/bin/timeout 30 /mnt/nfs/work1/brun/mmotwani/Defects4Java7/defects4j//framework/bin/defects4j test -t com.google.javascript.jscomp.CheckMissingReturnTest::testIssue779
  - com.google.javascript.jscomp.CheckMissingReturnTest::testIssue779
Failing tests: 1
Running ant (run.dev.tests)................................................ OK
Running ant (compile.tests)................................................ OK
========
if((lineSet==false)&&(finallyBlock!=null)){
flagsNode.setLineno(finallyBlock.getLineno());
maybeSetLengthFrom(block,finallyBlock);
}

========
COMMAND:cd /home/mmotwani/mywork1dir/Defects4Java7/defects4j/SIMFIX_RQ2_40_5/closure/closure_14_buggy && /usr/bin/timeout 120 /mnt/nfs/work1/brun/mmotwani/Defects4Java7/defects4j//framework/bin/defects4j compile
========
if((lineSet==false)&&(finallyBlock!=null)){
node.addChildToBack(block);
block.setLineno(finallyBlock.getLineno());
maybeSetLengthFrom(block,finallyBlock);
}

========
COMMAND:cd /home/mmotwani/mywork1dir/Defects4Java7/defects4j/SIMFIX_RQ2_40_5/closure/closure_14_buggy && /usr/bin/timeout 120 /mnt/nfs/work1/brun/mmotwani/Defects4Java7/defects4j//framework/bin/defects4j compile
FAILED TEST:com.google.javascript.jscomp.CheckMissingReturnTest::testIssue779
COUNT THESE===> Subject [_name=closure, _id=14, _ssrc=/src, _tsrc=/test, _sbin=/build/classes, _tbin=/build/test, _dependency=null] com.google.javascript.jscomp.CheckMissingReturnTest testIssue779
TESTING : com.google.javascript.jscomp.CheckMissingReturnTest::testIssue779
COMMAND:cd /home/mmotwani/mywork1dir/Defects4Java7/defects4j/SIMFIX_RQ2_40_5/closure/closure_14_buggy && /usr/bin/timeout 30 /mnt/nfs/work1/brun/mmotwani/Defects4Java7/defects4j//framework/bin/defects4j test -t com.google.javascript.jscomp.CheckMissingReturnTest::testIssue779
  - com.google.javascript.jscomp.CheckMissingReturnTest::testIssue779
Failing tests: 1
Running ant (run.dev.tests)................................................ OK
Running ant (compile.tests)................................................ OK
========
if(sourceName!=null&&!sourceName.isEmpty()){
node.addChildToBack(block);
block.setLineno(finallyBlock.getLineno());
maybeSetLengthFrom(block,finallyBlock);
}

========
COMMAND:cd /home/mmotwani/mywork1dir/Defects4Java7/defects4j/SIMFIX_RQ2_40_5/closure/closure_14_buggy && /usr/bin/timeout 120 /mnt/nfs/work1/brun/mmotwani/Defects4Java7/defects4j//framework/bin/defects4j compile
FAILED TEST:com.google.javascript.jscomp.CheckMissingReturnTest::testIssue779
COUNT THESE===> Subject [_name=closure, _id=14, _ssrc=/src, _tsrc=/test, _sbin=/build/classes, _tbin=/build/test, _dependency=null] com.google.javascript.jscomp.CheckMissingReturnTest testIssue779
TESTING : com.google.javascript.jscomp.CheckMissingReturnTest::testIssue779
COMMAND:cd /home/mmotwani/mywork1dir/Defects4Java7/defects4j/SIMFIX_RQ2_40_5/closure/closure_14_buggy && /usr/bin/timeout 30 /mnt/nfs/work1/brun/mmotwani/Defects4Java7/defects4j//framework/bin/defects4j test -t com.google.javascript.jscomp.CheckMissingReturnTest::testIssue779
  - com.google.javascript.jscomp.CheckMissingReturnTest::testIssue779
Failing tests: 1
Running ant (run.dev.tests)................................................ OK
Running ant (compile.tests)................................................ OK
========
if(sourceName!=null&&(finallyBlock!=null)){
node.addChildToBack(block);
block.setLineno(finallyBlock.getLineno());
maybeSetLengthFrom(block,finallyBlock);
}

========
COMMAND:cd /home/mmotwani/mywork1dir/Defects4Java7/defects4j/SIMFIX_RQ2_40_5/closure/closure_14_buggy && /usr/bin/timeout 120 /mnt/nfs/work1/brun/mmotwani/Defects4Java7/defects4j//framework/bin/defects4j compile
FAILED TEST:com.google.javascript.jscomp.CheckMissingReturnTest::testIssue779
COUNT THESE===> Subject [_name=closure, _id=14, _ssrc=/src, _tsrc=/test, _sbin=/build/classes, _tbin=/build/test, _dependency=null] com.google.javascript.jscomp.CheckMissingReturnTest testIssue779
TESTING : com.google.javascript.jscomp.CheckMissingReturnTest::testIssue779
COMMAND:cd /home/mmotwani/mywork1dir/Defects4Java7/defects4j/SIMFIX_RQ2_40_5/closure/closure_14_buggy && /usr/bin/timeout 30 /mnt/nfs/work1/brun/mmotwani/Defects4Java7/defects4j//framework/bin/defects4j test -t com.google.javascript.jscomp.CheckMissingReturnTest::testIssue779
  - com.google.javascript.jscomp.CheckMissingReturnTest::testIssue779
Failing tests: 1
Running ant (run.dev.tests)................................................ OK
Running ant (compile.tests)................................................ OK
========
if((lineSet==false)&&!sourceName.isEmpty()){
node.addChildToBack(block);
block.setLineno(finallyBlock.getLineno());
maybeSetLengthFrom(block,finallyBlock);
}

========
COMMAND:cd /home/mmotwani/mywork1dir/Defects4Java7/defects4j/SIMFIX_RQ2_40_5/closure/closure_14_buggy && /usr/bin/timeout 120 /mnt/nfs/work1/brun/mmotwani/Defects4Java7/defects4j//framework/bin/defects4j compile
FAILED TEST:com.google.javascript.jscomp.CheckMissingReturnTest::testIssue779
COUNT THESE===> Subject [_name=closure, _id=14, _ssrc=/src, _tsrc=/test, _sbin=/build/classes, _tbin=/build/test, _dependency=null] com.google.javascript.jscomp.CheckMissingReturnTest testIssue779
TESTING : com.google.javascript.jscomp.CheckMissingReturnTest::testIssue779
COMMAND:cd /home/mmotwani/mywork1dir/Defects4Java7/defects4j/SIMFIX_RQ2_40_5/closure/closure_14_buggy && /usr/bin/timeout 30 /mnt/nfs/work1/brun/mmotwani/Defects4Java7/defects4j//framework/bin/defects4j test -t com.google.javascript.jscomp.CheckMissingReturnTest::testIssue779
  - com.google.javascript.jscomp.CheckMissingReturnTest::testIssue779
Failing tests: 1
Running ant (run.dev.tests)................................................ OK
Running ant (compile.tests)................................................ OK
========
if((lineSet==false)&&(finallyBlock!=null)){
prev.setLineno(finallyBlock.getLineno());
maybeSetLengthFrom(block,finallyBlock);
}

========
COMMAND:cd /home/mmotwani/mywork1dir/Defects4Java7/defects4j/SIMFIX_RQ2_40_5/closure/closure_14_buggy && /usr/bin/timeout 120 /mnt/nfs/work1/brun/mmotwani/Defects4Java7/defects4j//framework/bin/defects4j compile
========
if(sourceFile==null&&(finallyBlock!=null)){
block.setLineno(finallyBlock.getLineno());
maybeSetLengthFrom(block,finallyBlock);
}

========
COMMAND:cd /home/mmotwani/mywork1dir/Defects4Java7/defects4j/SIMFIX_RQ2_40_5/closure/closure_14_buggy && /usr/bin/timeout 120 /mnt/nfs/work1/brun/mmotwani/Defects4Java7/defects4j//framework/bin/defects4j compile
FAILED TEST:com.google.javascript.jscomp.CheckMissingReturnTest::testIssue779
COUNT THESE===> Subject [_name=closure, _id=14, _ssrc=/src, _tsrc=/test, _sbin=/build/classes, _tbin=/build/test, _dependency=null] com.google.javascript.jscomp.CheckMissingReturnTest testIssue779
TESTING : com.google.javascript.jscomp.CheckMissingReturnTest::testIssue779
COMMAND:cd /home/mmotwani/mywork1dir/Defects4Java7/defects4j/SIMFIX_RQ2_40_5/closure/closure_14_buggy && /usr/bin/timeout 30 /mnt/nfs/work1/brun/mmotwani/Defects4Java7/defects4j//framework/bin/defects4j test -t com.google.javascript.jscomp.CheckMissingReturnTest::testIssue779
  - com.google.javascript.jscomp.CheckMissingReturnTest::testIssue779
Failing tests: 1
Running ant (run.dev.tests)................................................ OK
Running ant (compile.tests)................................................ OK
========
if(lineSet){
block.setLineno(finallyBlock.getLineno());
maybeSetLengthFrom(block,finallyBlock);
}

========
COMMAND:cd /home/mmotwani/mywork1dir/Defects4Java7/defects4j/SIMFIX_RQ2_40_5/closure/closure_14_buggy && /usr/bin/timeout 120 /mnt/nfs/work1/brun/mmotwani/Defects4Java7/defects4j//framework/bin/defects4j compile
FAILED TEST:com.google.javascript.jscomp.CheckMissingReturnTest::testIssue779
COUNT THESE===> Subject [_name=closure, _id=14, _ssrc=/src, _tsrc=/test, _sbin=/build/classes, _tbin=/build/test, _dependency=null] com.google.javascript.jscomp.CheckMissingReturnTest testIssue779
TESTING : com.google.javascript.jscomp.CheckMissingReturnTest::testIssue779
COMMAND:cd /home/mmotwani/mywork1dir/Defects4Java7/defects4j/SIMFIX_RQ2_40_5/closure/closure_14_buggy && /usr/bin/timeout 30 /mnt/nfs/work1/brun/mmotwani/Defects4Java7/defects4j//framework/bin/defects4j test -t com.google.javascript.jscomp.CheckMissingReturnTest::testIssue779
  - com.google.javascript.jscomp.CheckMissingReturnTest::testIssue779
Failing tests: 1
Running ant (run.dev.tests)................................................ OK
Running ant (compile.tests)................................................ OK
========
if(lineSet&&(finallyBlock!=null)){
block.setLineno(finallyBlock.getLineno());
maybeSetLengthFrom(block,finallyBlock);
}

========
COMMAND:cd /home/mmotwani/mywork1dir/Defects4Java7/defects4j/SIMFIX_RQ2_40_5/closure/closure_14_buggy && /usr/bin/timeout 120 /mnt/nfs/work1/brun/mmotwani/Defects4Java7/defects4j//framework/bin/defects4j compile
FAILED TEST:com.google.javascript.jscomp.CheckMissingReturnTest::testIssue779
COUNT THESE===> Subject [_name=closure, _id=14, _ssrc=/src, _tsrc=/test, _sbin=/build/classes, _tbin=/build/test, _dependency=null] com.google.javascript.jscomp.CheckMissingReturnTest testIssue779
TESTING : com.google.javascript.jscomp.CheckMissingReturnTest::testIssue779
COMMAND:cd /home/mmotwani/mywork1dir/Defects4Java7/defects4j/SIMFIX_RQ2_40_5/closure/closure_14_buggy && /usr/bin/timeout 30 /mnt/nfs/work1/brun/mmotwani/Defects4Java7/defects4j//framework/bin/defects4j test -t com.google.javascript.jscomp.CheckMissingReturnTest::testIssue779
  - com.google.javascript.jscomp.CheckMissingReturnTest::testIssue779
Failing tests: 1
Running ant (run.dev.tests)................................................ OK
Running ant (compile.tests)................................................ OK
========
if(!block.getFirstChild().isExprResult()&&block.getFirstChild()!=node){
block.setLineno(finallyBlock.getLineno());
maybeSetLengthFrom(block,finallyBlock);
}

========
COMMAND:cd /home/mmotwani/mywork1dir/Defects4Java7/defects4j/SIMFIX_RQ2_40_5/closure/closure_14_buggy && /usr/bin/timeout 120 /mnt/nfs/work1/brun/mmotwani/Defects4Java7/defects4j//framework/bin/defects4j compile
FAILED TEST:com.google.javascript.jscomp.CheckMissingReturnTest::testIssue779
COUNT THESE===> Subject [_name=closure, _id=14, _ssrc=/src, _tsrc=/test, _sbin=/build/classes, _tbin=/build/test, _dependency=null] com.google.javascript.jscomp.CheckMissingReturnTest testIssue779
TESTING : com.google.javascript.jscomp.CheckMissingReturnTest::testIssue779
COMMAND:cd /home/mmotwani/mywork1dir/Defects4Java7/defects4j/SIMFIX_RQ2_40_5/closure/closure_14_buggy && /usr/bin/timeout 30 /mnt/nfs/work1/brun/mmotwani/Defects4Java7/defects4j//framework/bin/defects4j test -t com.google.javascript.jscomp.CheckMissingReturnTest::testIssue779
  - com.google.javascript.jscomp.CheckMissingReturnTest::testIssue779
Failing tests: 1
Running ant (run.dev.tests)................................................ OK
Running ant (compile.tests)................................................ OK
========
if(!block.getFirstChild().isExprResult()&&(finallyBlock!=null)){
block.setLineno(finallyBlock.getLineno());
maybeSetLengthFrom(block,finallyBlock);
}

========
COMMAND:cd /home/mmotwani/mywork1dir/Defects4Java7/defects4j/SIMFIX_RQ2_40_5/closure/closure_14_buggy && /usr/bin/timeout 120 /mnt/nfs/work1/brun/mmotwani/Defects4Java7/defects4j//framework/bin/defects4j compile
FAILED TEST:com.google.javascript.jscomp.CheckMissingReturnTest::testIssue779
COUNT THESE===> Subject [_name=closure, _id=14, _ssrc=/src, _tsrc=/test, _sbin=/build/classes, _tbin=/build/test, _dependency=null] com.google.javascript.jscomp.CheckMissingReturnTest testIssue779
TESTING : com.google.javascript.jscomp.CheckMissingReturnTest::testIssue779
COMMAND:cd /home/mmotwani/mywork1dir/Defects4Java7/defects4j/SIMFIX_RQ2_40_5/closure/closure_14_buggy && /usr/bin/timeout 30 /mnt/nfs/work1/brun/mmotwani/Defects4Java7/defects4j//framework/bin/defects4j test -t com.google.javascript.jscomp.CheckMissingReturnTest::testIssue779
  - com.google.javascript.jscomp.CheckMissingReturnTest::testIssue779
Failing tests: 1
Running ant (run.dev.tests)................................................ OK
Running ant (compile.tests)................................................ OK
========
if((lineSet==false)&&block.getFirstChild()!=node){
block.setLineno(finallyBlock.getLineno());
maybeSetLengthFrom(block,finallyBlock);
}

========
COMMAND:cd /home/mmotwani/mywork1dir/Defects4Java7/defects4j/SIMFIX_RQ2_40_5/closure/closure_14_buggy && /usr/bin/timeout 120 /mnt/nfs/work1/brun/mmotwani/Defects4Java7/defects4j//framework/bin/defects4j compile
FAILED TEST:com.google.javascript.jscomp.CheckMissingReturnTest::testIssue779
COUNT THESE===> Subject [_name=closure, _id=14, _ssrc=/src, _tsrc=/test, _sbin=/build/classes, _tbin=/build/test, _dependency=null] com.google.javascript.jscomp.CheckMissingReturnTest testIssue779
TESTING : com.google.javascript.jscomp.CheckMissingReturnTest::testIssue779
COMMAND:cd /home/mmotwani/mywork1dir/Defects4Java7/defects4j/SIMFIX_RQ2_40_5/closure/closure_14_buggy && /usr/bin/timeout 30 /mnt/nfs/work1/brun/mmotwani/Defects4Java7/defects4j//framework/bin/defects4j test -t com.google.javascript.jscomp.CheckMissingReturnTest::testIssue779
  - com.google.javascript.jscomp.CheckMissingReturnTest::testIssue779
Failing tests: 1
Running ant (run.dev.tests)................................................ OK
Running ant (compile.tests)................................................ OK
========
if(originalInfo.name!=null&&(finallyBlock!=null)){
block.setLineno(finallyBlock.getLineno());
maybeSetLengthFrom(block,finallyBlock);
}

========
COMMAND:cd /home/mmotwani/mywork1dir/Defects4Java7/defects4j/SIMFIX_RQ2_40_5/closure/closure_14_buggy && /usr/bin/timeout 120 /mnt/nfs/work1/brun/mmotwani/Defects4Java7/defects4j//framework/bin/defects4j compile
========
block.addChildToFront(node);
if((lineSet==false)&&(finallyBlock!=null)){
block.setLineno(finallyBlock.getLineno());
maybeSetLengthFrom(block,finallyBlock);
}

========
COMMAND:cd /home/mmotwani/mywork1dir/Defects4Java7/defects4j/SIMFIX_RQ2_40_5/closure/closure_14_buggy && /usr/bin/timeout 120 /mnt/nfs/work1/brun/mmotwani/Defects4Java7/defects4j//framework/bin/defects4j compile
FAILED TEST:com.google.javascript.jscomp.CheckMissingReturnTest::testIssue779
COUNT THESE===> Subject [_name=closure, _id=14, _ssrc=/src, _tsrc=/test, _sbin=/build/classes, _tbin=/build/test, _dependency=null] com.google.javascript.jscomp.CheckMissingReturnTest testIssue779
TESTING : com.google.javascript.jscomp.CheckMissingReturnTest::testIssue779
COMMAND:cd /home/mmotwani/mywork1dir/Defects4Java7/defects4j/SIMFIX_RQ2_40_5/closure/closure_14_buggy && /usr/bin/timeout 30 /mnt/nfs/work1/brun/mmotwani/Defects4Java7/defects4j//framework/bin/defects4j test -t com.google.javascript.jscomp.CheckMissingReturnTest::testIssue779
  - com.google.javascript.jscomp.CheckMissingReturnTest::testIssue779
Failing tests: 1
Running ant (run.dev.tests)................................................ OK
Running ant (compile.tests)................................................ OK
========
if(lineSet&&!match(JsDocToken.RC)){
block.setLineno(finallyBlock.getLineno());
maybeSetLengthFrom(block,finallyBlock);
}

========
COMMAND:cd /home/mmotwani/mywork1dir/Defects4Java7/defects4j/SIMFIX_RQ2_40_5/closure/closure_14_buggy && /usr/bin/timeout 120 /mnt/nfs/work1/brun/mmotwani/Defects4Java7/defects4j//framework/bin/defects4j compile
========
if((lineSet==false)&&!match(JsDocToken.RC)){
block.setLineno(finallyBlock.getLineno());
maybeSetLengthFrom(block,finallyBlock);
}

========
COMMAND:cd /home/mmotwani/mywork1dir/Defects4Java7/defects4j/SIMFIX_RQ2_40_5/closure/closure_14_buggy && /usr/bin/timeout 120 /mnt/nfs/work1/brun/mmotwani/Defects4Java7/defects4j//framework/bin/defects4j compile
========
if(lineSet&&block.getSourceFileName()!=null&&node.getLineno()>0&&(finallyBlock!=null)){
block.setLineno(finallyBlock.getLineno());
maybeSetLengthFrom(block,finallyBlock);
}

========
COMMAND:cd /home/mmotwani/mywork1dir/Defects4Java7/defects4j/SIMFIX_RQ2_40_5/closure/closure_14_buggy && /usr/bin/timeout 120 /mnt/nfs/work1/brun/mmotwani/Defects4Java7/defects4j//framework/bin/defects4j compile
FAILED TEST:com.google.javascript.jscomp.CheckMissingReturnTest::testIssue779
COUNT THESE===> Subject [_name=closure, _id=14, _ssrc=/src, _tsrc=/test, _sbin=/build/classes, _tbin=/build/test, _dependency=null] com.google.javascript.jscomp.CheckMissingReturnTest testIssue779
TESTING : com.google.javascript.jscomp.CheckMissingReturnTest::testIssue779
COMMAND:cd /home/mmotwani/mywork1dir/Defects4Java7/defects4j/SIMFIX_RQ2_40_5/closure/closure_14_buggy && /usr/bin/timeout 30 /mnt/nfs/work1/brun/mmotwani/Defects4Java7/defects4j//framework/bin/defects4j test -t com.google.javascript.jscomp.CheckMissingReturnTest::testIssue779
  - com.google.javascript.jscomp.CheckMissingReturnTest::testIssue779
Failing tests: 1
Running ant (run.dev.tests)................................................ OK
Running ant (compile.tests)................................................ OK
========
if((lineSet==false)&&(finallyBlock!=null)){
mapping.node=block;
block.setLineno(finallyBlock.getLineno());
maybeSetLengthFrom(block,finallyBlock);
}

========
COMMAND:cd /home/mmotwani/mywork1dir/Defects4Java7/defects4j/SIMFIX_RQ2_40_5/closure/closure_14_buggy && /usr/bin/timeout 120 /mnt/nfs/work1/brun/mmotwani/Defects4Java7/defects4j//framework/bin/defects4j compile
========
if((lineSet==false)&&(finallyBlock!=null)){
mapping.start=new FilePosition(getCurrentLineIndex(),getCurrentCharIndex());
block.setLineno(finallyBlock.getLineno());
maybeSetLengthFrom(block,finallyBlock);
}

========
COMMAND:cd /home/mmotwani/mywork1dir/Defects4Java7/defects4j/SIMFIX_RQ2_40_5/closure/closure_14_buggy && /usr/bin/timeout 120 /mnt/nfs/work1/brun/mmotwani/Defects4Java7/defects4j//framework/bin/defects4j compile
========
if((lineSet==false)&&(finallyBlock!=null)){
mapping.node=block;
mapping.start=new FilePosition(getCurrentLineIndex(),getCurrentCharIndex());

block.setLineno(finallyBlock.getLineno());
maybeSetLengthFrom(block,finallyBlock);
}

========
COMMAND:cd /home/mmotwani/mywork1dir/Defects4Java7/defects4j/SIMFIX_RQ2_40_5/closure/closure_14_buggy && /usr/bin/timeout 120 /mnt/nfs/work1/brun/mmotwani/Defects4Java7/defects4j//framework/bin/defects4j compile
========
if((lineSet==false)&&(finallyBlock!=null)){
newRoot.setLineno(finallyBlock.getLineno());
maybeSetLengthFrom(block,finallyBlock);
}

========
COMMAND:cd /home/mmotwani/mywork1dir/Defects4Java7/defects4j/SIMFIX_RQ2_40_5/closure/closure_14_buggy && /usr/bin/timeout 120 /mnt/nfs/work1/brun/mmotwani/Defects4Java7/defects4j//framework/bin/defects4j compile
========
if((lineSet==false)&&(finallyBlock!=null)){
replaceReturnWithBreak(block,null,sourceName,sourceName);
block.setLineno(finallyBlock.getLineno());
maybeSetLengthFrom(block,finallyBlock);
}

========
COMMAND:cd /home/mmotwani/mywork1dir/Defects4Java7/defects4j/SIMFIX_RQ2_40_5/closure/closure_14_buggy && /usr/bin/timeout 120 /mnt/nfs/work1/brun/mmotwani/Defects4Java7/defects4j//framework/bin/defects4j compile
========
if((lineSet==false)&&(finallyBlock!=null)){
root=IR.block().srcref(block);
block.setLineno(finallyBlock.getLineno());
maybeSetLengthFrom(block,finallyBlock);
}

========
COMMAND:cd /home/mmotwani/mywork1dir/Defects4Java7/defects4j/SIMFIX_RQ2_40_5/closure/closure_14_buggy && /usr/bin/timeout 120 /mnt/nfs/work1/brun/mmotwani/Defects4Java7/defects4j//framework/bin/defects4j compile
========
if((lineSet==false)&&(finallyBlock!=null)){
replaceReturnWithBreak(block,null,sourceName,sourceName);
root=IR.block().srcref(block);

block.setLineno(finallyBlock.getLineno());
maybeSetLengthFrom(block,finallyBlock);
}

========
COMMAND:cd /home/mmotwani/mywork1dir/Defects4Java7/defects4j/SIMFIX_RQ2_40_5/closure/closure_14_buggy && /usr/bin/timeout 120 /mnt/nfs/work1/brun/mmotwani/Defects4Java7/defects4j//framework/bin/defects4j compile
========
if(!(lineSet)){
block.setLineno(finallyBlock.getLineno());
maybeSetLengthFrom(block,finallyBlock);
}

========
COMMAND:cd /home/mmotwani/mywork1dir/Defects4Java7/defects4j/SIMFIX_RQ2_40_5/closure/closure_14_buggy && /usr/bin/timeout 120 /mnt/nfs/work1/brun/mmotwani/Defects4Java7/defects4j//framework/bin/defects4j compile
FAILED TEST:com.google.javascript.jscomp.CheckMissingReturnTest::testIssue779
COUNT THESE===> Subject [_name=closure, _id=14, _ssrc=/src, _tsrc=/test, _sbin=/build/classes, _tbin=/build/test, _dependency=null] com.google.javascript.jscomp.CheckMissingReturnTest testIssue779
TESTING : com.google.javascript.jscomp.CheckMissingReturnTest::testIssue779
COMMAND:cd /home/mmotwani/mywork1dir/Defects4Java7/defects4j/SIMFIX_RQ2_40_5/closure/closure_14_buggy && /usr/bin/timeout 30 /mnt/nfs/work1/brun/mmotwani/Defects4Java7/defects4j//framework/bin/defects4j test -t com.google.javascript.jscomp.CheckMissingReturnTest::testIssue779
  - com.google.javascript.jscomp.CheckMissingReturnTest::testIssue779
Failing tests: 1
Running ant (run.dev.tests)................................................ OK
Running ant (compile.tests)................................................ OK
========
if((allowDupe==false)&&(finallyBlock!=null)){
block.setLineno(finallyBlock.getLineno());
maybeSetLengthFrom(block,finallyBlock);
}

========
COMMAND:cd /home/mmotwani/mywork1dir/Defects4Java7/defects4j/SIMFIX_RQ2_40_5/closure/closure_14_buggy && /usr/bin/timeout 120 /mnt/nfs/work1/brun/mmotwani/Defects4Java7/defects4j//framework/bin/defects4j compile
com.google.javascript.jscomp.parsing.IRFactory,1014
com.google.javascript.jscomp.ControlFlowAnalysis,491
========
if(node.isBlock()&&parent!=null&&parent.isTry()&&NodeUtil.getCatchBlock(parent)==node&&parent.getFirstChild()==parent){
return ;
}

========
COMMAND:cd /home/mmotwani/mywork1dir/Defects4Java7/defects4j/SIMFIX_RQ2_40_5/closure/closure_14_buggy && /usr/bin/timeout 120 /mnt/nfs/work1/brun/mmotwani/Defects4Java7/defects4j//framework/bin/defects4j compile
FAILED TEST:com.google.javascript.jscomp.CheckMissingReturnTest::testIssue779
COUNT THESE===> Subject [_name=closure, _id=14, _ssrc=/src, _tsrc=/test, _sbin=/build/classes, _tbin=/build/test, _dependency=null] com.google.javascript.jscomp.CheckMissingReturnTest testIssue779
TESTING : com.google.javascript.jscomp.CheckMissingReturnTest::testIssue779
COMMAND:cd /home/mmotwani/mywork1dir/Defects4Java7/defects4j/SIMFIX_RQ2_40_5/closure/closure_14_buggy && /usr/bin/timeout 30 /mnt/nfs/work1/brun/mmotwani/Defects4Java7/defects4j//framework/bin/defects4j test -t com.google.javascript.jscomp.CheckMissingReturnTest::testIssue779
  - com.google.javascript.jscomp.CheckMissingReturnTest::testIssue779
Failing tests: 1
Running ant (run.dev.tests)................................................ OK
Running ant (compile.tests)................................................ OK
========
if(node.isBlock()&&parent!=null&&parent.isTry()&&NodeUtil.getCatchBlock(parent)==node&&(parent.isVar())){
return ;
}

========
COMMAND:cd /home/mmotwani/mywork1dir/Defects4Java7/defects4j/SIMFIX_RQ2_40_5/closure/closure_14_buggy && /usr/bin/timeout 120 /mnt/nfs/work1/brun/mmotwani/Defects4Java7/defects4j//framework/bin/defects4j compile
FAILED TEST:com.google.javascript.jscomp.CheckMissingReturnTest::testIssue779
COUNT THESE===> Subject [_name=closure, _id=14, _ssrc=/src, _tsrc=/test, _sbin=/build/classes, _tbin=/build/test, _dependency=null] com.google.javascript.jscomp.CheckMissingReturnTest testIssue779
TESTING : com.google.javascript.jscomp.CheckMissingReturnTest::testIssue779
COMMAND:cd /home/mmotwani/mywork1dir/Defects4Java7/defects4j/SIMFIX_RQ2_40_5/closure/closure_14_buggy && /usr/bin/timeout 30 /mnt/nfs/work1/brun/mmotwani/Defects4Java7/defects4j//framework/bin/defects4j test -t com.google.javascript.jscomp.CheckMissingReturnTest::testIssue779
  - com.google.javascript.jscomp.CheckMissingReturnTest::testIssue779
Failing tests: 1
Running ant (run.dev.tests)................................................ OK
Running ant (compile.tests)................................................ OK
========
if(parent==null||parent.isFunction()||(node==cfa.root)){
return ;
}

========
COMMAND:cd /home/mmotwani/mywork1dir/Defects4Java7/defects4j/SIMFIX_RQ2_40_5/closure/closure_14_buggy && /usr/bin/timeout 120 /mnt/nfs/work1/brun/mmotwani/Defects4Java7/defects4j//framework/bin/defects4j compile
========
if(parent==null||parent.isFunction()&&!NodeUtil.hasCatchHandler(node)){
return ;
}

========
COMMAND:cd /home/mmotwani/mywork1dir/Defects4Java7/defects4j/SIMFIX_RQ2_40_5/closure/closure_14_buggy && /usr/bin/timeout 120 /mnt/nfs/work1/brun/mmotwani/Defects4Java7/defects4j//framework/bin/defects4j compile
FAILED TEST:com.google.javascript.jscomp.CheckMissingReturnTest::testIssue779
COUNT THESE===> Subject [_name=closure, _id=14, _ssrc=/src, _tsrc=/test, _sbin=/build/classes, _tbin=/build/test, _dependency=null] com.google.javascript.jscomp.CheckMissingReturnTest testIssue779
TESTING : com.google.javascript.jscomp.CheckMissingReturnTest::testIssue779
COMMAND:cd /home/mmotwani/mywork1dir/Defects4Java7/defects4j/SIMFIX_RQ2_40_5/closure/closure_14_buggy && /usr/bin/timeout 30 /mnt/nfs/work1/brun/mmotwani/Defects4Java7/defects4j//framework/bin/defects4j test -t com.google.javascript.jscomp.CheckMissingReturnTest::testIssue779
Failing tests: 0
FAILED TEST:com.google.javascript.jscomp.ControlFlowAnalysisTest::testDeepNestedFinally
COUNT THESE===> Subject [_name=closure, _id=14, _ssrc=/src, _tsrc=/test, _sbin=/build/classes, _tbin=/build/test, _dependency=null] com.google.javascript.jscomp.ControlFlowAnalysisTest testDeepNestedFinally
TESTING : com.google.javascript.jscomp.ControlFlowAnalysisTest::testDeepNestedFinally
COMMAND:cd /home/mmotwani/mywork1dir/Defects4Java7/defects4j/SIMFIX_RQ2_40_5/closure/closure_14_buggy && /usr/bin/timeout 30 /mnt/nfs/work1/brun/mmotwani/Defects4Java7/defects4j//framework/bin/defects4j test -t com.google.javascript.jscomp.ControlFlowAnalysisTest::testDeepNestedFinally
  - com.google.javascript.jscomp.ControlFlowAnalysisTest::testDeepNestedFinally
Failing tests: 1
Running ant (run.dev.tests)................................................ OK
Running ant (compile.tests)................................................ OK
========
if(node.isBlock()&&parent!=null&&parent.isTry()&&NodeUtil.getCatchBlock(parent)==node&&parent!=null&&grandparent.isFunction()&&parent.isBlock()){
return ;
}

========
COMMAND:cd /home/mmotwani/mywork1dir/Defects4Java7/defects4j/SIMFIX_RQ2_40_5/closure/closure_14_buggy && /usr/bin/timeout 120 /mnt/nfs/work1/brun/mmotwani/Defects4Java7/defects4j//framework/bin/defects4j compile
========
Preconditions.checkState(parent!=null,"Cannot find continue target.");
if(node.isBlock()&&parent!=null&&parent.isTry()&&NodeUtil.getCatchBlock(parent)==node&&!NodeUtil.hasCatchHandler(node)){
return ;
}

========
COMMAND:cd /home/mmotwani/mywork1dir/Defects4Java7/defects4j/SIMFIX_RQ2_40_5/closure/closure_14_buggy && /usr/bin/timeout 120 /mnt/nfs/work1/brun/mmotwani/Defects4Java7/defects4j//framework/bin/defects4j compile
FAILED TEST:com.google.javascript.jscomp.CheckMissingReturnTest::testIssue779
COUNT THESE===> Subject [_name=closure, _id=14, _ssrc=/src, _tsrc=/test, _sbin=/build/classes, _tbin=/build/test, _dependency=null] com.google.javascript.jscomp.CheckMissingReturnTest testIssue779
TESTING : com.google.javascript.jscomp.CheckMissingReturnTest::testIssue779
COMMAND:cd /home/mmotwani/mywork1dir/Defects4Java7/defects4j/SIMFIX_RQ2_40_5/closure/closure_14_buggy && /usr/bin/timeout 30 /mnt/nfs/work1/brun/mmotwani/Defects4Java7/defects4j//framework/bin/defects4j test -t com.google.javascript.jscomp.CheckMissingReturnTest::testIssue779
  - com.google.javascript.jscomp.CheckMissingReturnTest::testIssue779
Failing tests: 1
Running ant (run.dev.tests)................................................ OK
Running ant (compile.tests)................................................ OK
========
Preconditions.checkState(astPositionCounter==1||parent.getType()==Token.BLOCK||parentType==Token.SCRIPT||parentType==Token.LABEL);
if(node.isBlock()&&parent!=null&&parent.isTry()&&NodeUtil.getCatchBlock(parent)==node&&!NodeUtil.hasCatchHandler(node)){
return ;
}

========
COMMAND:cd /home/mmotwani/mywork1dir/Defects4Java7/defects4j/SIMFIX_RQ2_40_5/closure/closure_14_buggy && /usr/bin/timeout 120 /mnt/nfs/work1/brun/mmotwani/Defects4Java7/defects4j//framework/bin/defects4j compile
========
if(node.isBlock()&&parent!=null&&parent.isTry()&&NodeUtil.getCatchBlock(parent)==node&&!NodeUtil.isStatementBlock(parent)){
return ;
}

========
COMMAND:cd /home/mmotwani/mywork1dir/Defects4Java7/defects4j/SIMFIX_RQ2_40_5/closure/closure_14_buggy && /usr/bin/timeout 120 /mnt/nfs/work1/brun/mmotwani/Defects4Java7/defects4j//framework/bin/defects4j compile
FAILED TEST:com.google.javascript.jscomp.CheckMissingReturnTest::testIssue779
COUNT THESE===> Subject [_name=closure, _id=14, _ssrc=/src, _tsrc=/test, _sbin=/build/classes, _tbin=/build/test, _dependency=null] com.google.javascript.jscomp.CheckMissingReturnTest testIssue779
TESTING : com.google.javascript.jscomp.CheckMissingReturnTest::testIssue779
COMMAND:cd /home/mmotwani/mywork1dir/Defects4Java7/defects4j/SIMFIX_RQ2_40_5/closure/closure_14_buggy && /usr/bin/timeout 30 /mnt/nfs/work1/brun/mmotwani/Defects4Java7/defects4j//framework/bin/defects4j test -t com.google.javascript.jscomp.CheckMissingReturnTest::testIssue779
  - com.google.javascript.jscomp.CheckMissingReturnTest::testIssue779
Failing tests: 1
Running ant (run.dev.tests)................................................ OK
Running ant (compile.tests)................................................ OK
========
if(node.isBlock()&&parent!=null&&parent.isTry()&&NodeUtil.getCatchBlock(parent)==node&&!NodeUtil.constructorCallHasSideEffects(node)){
return ;
}

========
COMMAND:cd /home/mmotwani/mywork1dir/Defects4Java7/defects4j/SIMFIX_RQ2_40_5/closure/closure_14_buggy && /usr/bin/timeout 120 /mnt/nfs/work1/brun/mmotwani/Defects4Java7/defects4j//framework/bin/defects4j compile
FAILED TEST:com.google.javascript.jscomp.CheckMissingReturnTest::testIssue779
COUNT THESE===> Subject [_name=closure, _id=14, _ssrc=/src, _tsrc=/test, _sbin=/build/classes, _tbin=/build/test, _dependency=null] com.google.javascript.jscomp.CheckMissingReturnTest testIssue779
TESTING : com.google.javascript.jscomp.CheckMissingReturnTest::testIssue779
COMMAND:cd /home/mmotwani/mywork1dir/Defects4Java7/defects4j/SIMFIX_RQ2_40_5/closure/closure_14_buggy && /usr/bin/timeout 30 /mnt/nfs/work1/brun/mmotwani/Defects4Java7/defects4j//framework/bin/defects4j test -t com.google.javascript.jscomp.CheckMissingReturnTest::testIssue779
  - com.google.javascript.jscomp.CheckMissingReturnTest::testIssue779
Failing tests: 1
Running ant (run.dev.tests)................................................ OK
Running ant (compile.tests)................................................ OK
========
if(node.isBlock()&&parent!=null&&parent.isTry()&&NodeUtil.getCatchBlock(parent)==node&&!NodeUtil.hasCatchHandler(node)){
newChild.parent=this;
return ;
}

========
COMMAND:cd /home/mmotwani/mywork1dir/Defects4Java7/defects4j/SIMFIX_RQ2_40_5/closure/closure_14_buggy && /usr/bin/timeout 120 /mnt/nfs/work1/brun/mmotwani/Defects4Java7/defects4j//framework/bin/defects4j compile
========
if(node.isBlock()&&parent!=null&&parent.isTry()&&NodeUtil.getCatchBlock(parent)==node&&!NodeUtil.hasCatchHandler(node)){
newChild.next=root;
return ;
}

========
COMMAND:cd /home/mmotwani/mywork1dir/Defects4Java7/defects4j/SIMFIX_RQ2_40_5/closure/closure_14_buggy && /usr/bin/timeout 120 /mnt/nfs/work1/brun/mmotwani/Defects4Java7/defects4j//framework/bin/defects4j compile
========
if(node.isBlock()&&parent!=null&&parent.isTry()&&NodeUtil.getCatchBlock(parent)==node&&!NodeUtil.hasCatchHandler(node)){
first=root;
return ;
}

========
COMMAND:cd /home/mmotwani/mywork1dir/Defects4Java7/defects4j/SIMFIX_RQ2_40_5/closure/closure_14_buggy && /usr/bin/timeout 120 /mnt/nfs/work1/brun/mmotwani/Defects4Java7/defects4j//framework/bin/defects4j compile
========
if(node.isBlock()&&parent!=null&&parent.isTry()&&NodeUtil.getCatchBlock(parent)==node&&!NodeUtil.hasCatchHandler(node)){
newChild.parent=this;
newChild.next=root;
first=root;

return ;
}

========
COMMAND:cd /home/mmotwani/mywork1dir/Defects4Java7/defects4j/SIMFIX_RQ2_40_5/closure/closure_14_buggy && /usr/bin/timeout 120 /mnt/nfs/work1/brun/mmotwani/Defects4Java7/defects4j//framework/bin/defects4j compile
========
Preconditions.checkArgument(newChild.next==null,"The new child node has siblings.");
if(node.isBlock()&&parent!=null&&parent.isTry()&&NodeUtil.getCatchBlock(parent)==node&&!NodeUtil.hasCatchHandler(node)){
return ;
}

========
COMMAND:cd /home/mmotwani/mywork1dir/Defects4Java7/defects4j/SIMFIX_RQ2_40_5/closure/closure_14_buggy && /usr/bin/timeout 120 /mnt/nfs/work1/brun/mmotwani/Defects4Java7/defects4j//framework/bin/defects4j compile
========
Preconditions.checkArgument(newChild.parent==null,"The new child node already has a parent.");
if(node.isBlock()&&parent!=null&&parent.isTry()&&NodeUtil.getCatchBlock(parent)==node&&!NodeUtil.hasCatchHandler(node)){
return ;
}

========
COMMAND:cd /home/mmotwani/mywork1dir/Defects4Java7/defects4j/SIMFIX_RQ2_40_5/closure/closure_14_buggy && /usr/bin/timeout 120 /mnt/nfs/work1/brun/mmotwani/Defects4Java7/defects4j//framework/bin/defects4j compile
========
if(node.isBlock()&&parent!=null&&parent.isTry()&&NodeUtil.getCatchBlock(parent)==node&&!parent.isScript()){
return ;
}

========
COMMAND:cd /home/mmotwani/mywork1dir/Defects4Java7/defects4j/SIMFIX_RQ2_40_5/closure/closure_14_buggy && /usr/bin/timeout 120 /mnt/nfs/work1/brun/mmotwani/Defects4Java7/defects4j//framework/bin/defects4j compile
FAILED TEST:com.google.javascript.jscomp.CheckMissingReturnTest::testIssue779
COUNT THESE===> Subject [_name=closure, _id=14, _ssrc=/src, _tsrc=/test, _sbin=/build/classes, _tbin=/build/test, _dependency=null] com.google.javascript.jscomp.CheckMissingReturnTest testIssue779
TESTING : com.google.javascript.jscomp.CheckMissingReturnTest::testIssue779
COMMAND:cd /home/mmotwani/mywork1dir/Defects4Java7/defects4j/SIMFIX_RQ2_40_5/closure/closure_14_buggy && /usr/bin/timeout 30 /mnt/nfs/work1/brun/mmotwani/Defects4Java7/defects4j//framework/bin/defects4j test -t com.google.javascript.jscomp.CheckMissingReturnTest::testIssue779
  - com.google.javascript.jscomp.CheckMissingReturnTest::testIssue779
Failing tests: 1
Running ant (run.dev.tests)................................................ OK
Running ant (compile.tests)................................................ OK
========
if(node.isBlock()&&parent!=null&&parent.isTry()&&NodeUtil.getCatchBlock(parent)==node&&!NodeUtil.isFunctionDeclaration(parent)){
return ;
}

========
COMMAND:cd /home/mmotwani/mywork1dir/Defects4Java7/defects4j/SIMFIX_RQ2_40_5/closure/closure_14_buggy && /usr/bin/timeout 120 /mnt/nfs/work1/brun/mmotwani/Defects4Java7/defects4j//framework/bin/defects4j compile
FAILED TEST:com.google.javascript.jscomp.CheckMissingReturnTest::testIssue779
COUNT THESE===> Subject [_name=closure, _id=14, _ssrc=/src, _tsrc=/test, _sbin=/build/classes, _tbin=/build/test, _dependency=null] com.google.javascript.jscomp.CheckMissingReturnTest testIssue779
TESTING : com.google.javascript.jscomp.CheckMissingReturnTest::testIssue779
COMMAND:cd /home/mmotwani/mywork1dir/Defects4Java7/defects4j/SIMFIX_RQ2_40_5/closure/closure_14_buggy && /usr/bin/timeout 30 /mnt/nfs/work1/brun/mmotwani/Defects4Java7/defects4j//framework/bin/defects4j test -t com.google.javascript.jscomp.CheckMissingReturnTest::testIssue779
  - com.google.javascript.jscomp.CheckMissingReturnTest::testIssue779
Failing tests: 1
Running ant (run.dev.tests)................................................ OK
Running ant (compile.tests)................................................ OK
========
if(node.isBlock()&&parent!=null&&parent.isTry()&&NodeUtil.getCatchBlock(parent)==node&&!node.isReturn()){
return ;
}

========
COMMAND:cd /home/mmotwani/mywork1dir/Defects4Java7/defects4j/SIMFIX_RQ2_40_5/closure/closure_14_buggy && /usr/bin/timeout 120 /mnt/nfs/work1/brun/mmotwani/Defects4Java7/defects4j//framework/bin/defects4j compile
FAILED TEST:com.google.javascript.jscomp.CheckMissingReturnTest::testIssue779
COUNT THESE===> Subject [_name=closure, _id=14, _ssrc=/src, _tsrc=/test, _sbin=/build/classes, _tbin=/build/test, _dependency=null] com.google.javascript.jscomp.CheckMissingReturnTest testIssue779
TESTING : com.google.javascript.jscomp.CheckMissingReturnTest::testIssue779
COMMAND:cd /home/mmotwani/mywork1dir/Defects4Java7/defects4j/SIMFIX_RQ2_40_5/closure/closure_14_buggy && /usr/bin/timeout 30 /mnt/nfs/work1/brun/mmotwani/Defects4Java7/defects4j//framework/bin/defects4j test -t com.google.javascript.jscomp.CheckMissingReturnTest::testIssue779
  - com.google.javascript.jscomp.CheckMissingReturnTest::testIssue779
Failing tests: 1
Running ant (run.dev.tests)................................................ OK
Running ant (compile.tests)................................................ OK
========
if(node.isBlock()&&parent!=null&&parent.isTry()&&NodeUtil.getCatchBlock(parent)==node&&node==parent.getLastChild()){
return ;
}

========
COMMAND:cd /home/mmotwani/mywork1dir/Defects4Java7/defects4j/SIMFIX_RQ2_40_5/closure/closure_14_buggy && /usr/bin/timeout 120 /mnt/nfs/work1/brun/mmotwani/Defects4Java7/defects4j//framework/bin/defects4j compile
FAILED TEST:com.google.javascript.jscomp.CheckMissingReturnTest::testIssue779
COUNT THESE===> Subject [_name=closure, _id=14, _ssrc=/src, _tsrc=/test, _sbin=/build/classes, _tbin=/build/test, _dependency=null] com.google.javascript.jscomp.CheckMissingReturnTest testIssue779
TESTING : com.google.javascript.jscomp.CheckMissingReturnTest::testIssue779
COMMAND:cd /home/mmotwani/mywork1dir/Defects4Java7/defects4j/SIMFIX_RQ2_40_5/closure/closure_14_buggy && /usr/bin/timeout 30 /mnt/nfs/work1/brun/mmotwani/Defects4Java7/defects4j//framework/bin/defects4j test -t com.google.javascript.jscomp.CheckMissingReturnTest::testIssue779
  - com.google.javascript.jscomp.CheckMissingReturnTest::testIssue779
Failing tests: 1
Running ant (run.dev.tests)................................................ OK
Running ant (compile.tests)................................................ OK
========
if(node.isBlock()&&parent!=null&&parent.isTry()&&NodeUtil.getCatchBlock(parent)==node&&parent.getFirstChild()==node){
return ;
}

========
COMMAND:cd /home/mmotwani/mywork1dir/Defects4Java7/defects4j/SIMFIX_RQ2_40_5/closure/closure_14_buggy && /usr/bin/timeout 120 /mnt/nfs/work1/brun/mmotwani/Defects4Java7/defects4j//framework/bin/defects4j compile
FAILED TEST:com.google.javascript.jscomp.CheckMissingReturnTest::testIssue779
COUNT THESE===> Subject [_name=closure, _id=14, _ssrc=/src, _tsrc=/test, _sbin=/build/classes, _tbin=/build/test, _dependency=null] com.google.javascript.jscomp.CheckMissingReturnTest testIssue779
TESTING : com.google.javascript.jscomp.CheckMissingReturnTest::testIssue779
COMMAND:cd /home/mmotwani/mywork1dir/Defects4Java7/defects4j/SIMFIX_RQ2_40_5/closure/closure_14_buggy && /usr/bin/timeout 30 /mnt/nfs/work1/brun/mmotwani/Defects4Java7/defects4j//framework/bin/defects4j test -t com.google.javascript.jscomp.CheckMissingReturnTest::testIssue779
  - com.google.javascript.jscomp.CheckMissingReturnTest::testIssue779
Failing tests: 1
Running ant (run.dev.tests)................................................ OK
Running ant (compile.tests)................................................ OK
========
if(node.isBlock()&&parent!=null&&parent.isTry()&&NodeUtil.getCatchBlock(parent)==node&&node.getFirstChild()==parent){
return ;
}

========
COMMAND:cd /home/mmotwani/mywork1dir/Defects4Java7/defects4j/SIMFIX_RQ2_40_5/closure/closure_14_buggy && /usr/bin/timeout 120 /mnt/nfs/work1/brun/mmotwani/Defects4Java7/defects4j//framework/bin/defects4j compile
FAILED TEST:com.google.javascript.jscomp.CheckMissingReturnTest::testIssue779
COUNT THESE===> Subject [_name=closure, _id=14, _ssrc=/src, _tsrc=/test, _sbin=/build/classes, _tbin=/build/test, _dependency=null] com.google.javascript.jscomp.CheckMissingReturnTest testIssue779
TESTING : com.google.javascript.jscomp.CheckMissingReturnTest::testIssue779
COMMAND:cd /home/mmotwani/mywork1dir/Defects4Java7/defects4j/SIMFIX_RQ2_40_5/closure/closure_14_buggy && /usr/bin/timeout 30 /mnt/nfs/work1/brun/mmotwani/Defects4Java7/defects4j//framework/bin/defects4j test -t com.google.javascript.jscomp.CheckMissingReturnTest::testIssue779
  - com.google.javascript.jscomp.CheckMissingReturnTest::testIssue779
Failing tests: 1
Running ant (run.dev.tests)................................................ OK
Running ant (compile.tests)................................................ OK
========
if(node.isBlock()&&parent!=null&&parent.isTry()&&NodeUtil.getCatchBlock(parent)==node&&parent.getLastChild()!=node){
return ;
}

========
COMMAND:cd /home/mmotwani/mywork1dir/Defects4Java7/defects4j/SIMFIX_RQ2_40_5/closure/closure_14_buggy && /usr/bin/timeout 120 /mnt/nfs/work1/brun/mmotwani/Defects4Java7/defects4j//framework/bin/defects4j compile
FAILED TEST:com.google.javascript.jscomp.CheckMissingReturnTest::testIssue779
COUNT THESE===> Subject [_name=closure, _id=14, _ssrc=/src, _tsrc=/test, _sbin=/build/classes, _tbin=/build/test, _dependency=null] com.google.javascript.jscomp.CheckMissingReturnTest testIssue779
TESTING : com.google.javascript.jscomp.CheckMissingReturnTest::testIssue779
COMMAND:cd /home/mmotwani/mywork1dir/Defects4Java7/defects4j/SIMFIX_RQ2_40_5/closure/closure_14_buggy && /usr/bin/timeout 30 /mnt/nfs/work1/brun/mmotwani/Defects4Java7/defects4j//framework/bin/defects4j test -t com.google.javascript.jscomp.CheckMissingReturnTest::testIssue779
  - com.google.javascript.jscomp.CheckMissingReturnTest::testIssue779
Failing tests: 1
Running ant (run.dev.tests)................................................ OK
Running ant (compile.tests)................................................ OK
========
if(node.isBlock()&&parent!=null&&parent.isTry()&&NodeUtil.getCatchBlock(parent)==node&&parent.getChildAtIndex(1)==node){
return ;
}

========
COMMAND:cd /home/mmotwani/mywork1dir/Defects4Java7/defects4j/SIMFIX_RQ2_40_5/closure/closure_14_buggy && /usr/bin/timeout 120 /mnt/nfs/work1/brun/mmotwani/Defects4Java7/defects4j//framework/bin/defects4j compile
FAILED TEST:com.google.javascript.jscomp.CheckMissingReturnTest::testIssue779
COUNT THESE===> Subject [_name=closure, _id=14, _ssrc=/src, _tsrc=/test, _sbin=/build/classes, _tbin=/build/test, _dependency=null] com.google.javascript.jscomp.CheckMissingReturnTest testIssue779
TESTING : com.google.javascript.jscomp.CheckMissingReturnTest::testIssue779
COMMAND:cd /home/mmotwani/mywork1dir/Defects4Java7/defects4j/SIMFIX_RQ2_40_5/closure/closure_14_buggy && /usr/bin/timeout 30 /mnt/nfs/work1/brun/mmotwani/Defects4Java7/defects4j//framework/bin/defects4j test -t com.google.javascript.jscomp.CheckMissingReturnTest::testIssue779
  - com.google.javascript.jscomp.CheckMissingReturnTest::testIssue779
Failing tests: 1
Running ant (run.dev.tests)................................................ OK
Running ant (compile.tests)................................................ OK
========
if(parent!=null&&!parent.isExprResult()&&!parent.isScript()){
return ;
}

========
COMMAND:cd /home/mmotwani/mywork1dir/Defects4Java7/defects4j/SIMFIX_RQ2_40_5/closure/closure_14_buggy && /usr/bin/timeout 120 /mnt/nfs/work1/brun/mmotwani/Defects4Java7/defects4j//framework/bin/defects4j compile
FAILED TEST:com.google.javascript.jscomp.CheckMissingReturnTest::testIssue779
COUNT THESE===> Subject [_name=closure, _id=14, _ssrc=/src, _tsrc=/test, _sbin=/build/classes, _tbin=/build/test, _dependency=null] com.google.javascript.jscomp.CheckMissingReturnTest testIssue779
TESTING : com.google.javascript.jscomp.CheckMissingReturnTest::testIssue779
COMMAND:cd /home/mmotwani/mywork1dir/Defects4Java7/defects4j/SIMFIX_RQ2_40_5/closure/closure_14_buggy && /usr/bin/timeout 30 /mnt/nfs/work1/brun/mmotwani/Defects4Java7/defects4j//framework/bin/defects4j test -t com.google.javascript.jscomp.CheckMissingReturnTest::testIssue779
Failing tests: 0
FAILED TEST:com.google.javascript.jscomp.ControlFlowAnalysisTest::testDeepNestedFinally
COUNT THESE===> Subject [_name=closure, _id=14, _ssrc=/src, _tsrc=/test, _sbin=/build/classes, _tbin=/build/test, _dependency=null] com.google.javascript.jscomp.ControlFlowAnalysisTest testDeepNestedFinally
TESTING : com.google.javascript.jscomp.ControlFlowAnalysisTest::testDeepNestedFinally
COMMAND:cd /home/mmotwani/mywork1dir/Defects4Java7/defects4j/SIMFIX_RQ2_40_5/closure/closure_14_buggy && /usr/bin/timeout 30 /mnt/nfs/work1/brun/mmotwani/Defects4Java7/defects4j//framework/bin/defects4j test -t com.google.javascript.jscomp.ControlFlowAnalysisTest::testDeepNestedFinally
  - com.google.javascript.jscomp.ControlFlowAnalysisTest::testDeepNestedFinally
Failing tests: 1
Running ant (run.dev.tests)................................................ OK
Running ant (compile.tests)................................................ OK
========
if(parent!=null&&!parent.isExprResult()&&!NodeUtil.hasCatchHandler(node)){
return ;
}

========
COMMAND:cd /home/mmotwani/mywork1dir/Defects4Java7/defects4j/SIMFIX_RQ2_40_5/closure/closure_14_buggy && /usr/bin/timeout 120 /mnt/nfs/work1/brun/mmotwani/Defects4Java7/defects4j//framework/bin/defects4j compile
FAILED TEST:com.google.javascript.jscomp.CheckMissingReturnTest::testIssue779
COUNT THESE===> Subject [_name=closure, _id=14, _ssrc=/src, _tsrc=/test, _sbin=/build/classes, _tbin=/build/test, _dependency=null] com.google.javascript.jscomp.CheckMissingReturnTest testIssue779
TESTING : com.google.javascript.jscomp.CheckMissingReturnTest::testIssue779
COMMAND:cd /home/mmotwani/mywork1dir/Defects4Java7/defects4j/SIMFIX_RQ2_40_5/closure/closure_14_buggy && /usr/bin/timeout 30 /mnt/nfs/work1/brun/mmotwani/Defects4Java7/defects4j//framework/bin/defects4j test -t com.google.javascript.jscomp.CheckMissingReturnTest::testIssue779
  - com.google.javascript.jscomp.CheckMissingReturnTest::testIssue779
Failing tests: 1
Running ant (run.dev.tests)................................................ OK
Running ant (compile.tests)................................................ OK
========
if(node.isGetProp()&&n==parent.getFirstChild()&&!NodeUtil.hasCatchHandler(node)){
return ;
}

========
COMMAND:cd /home/mmotwani/mywork1dir/Defects4Java7/defects4j/SIMFIX_RQ2_40_5/closure/closure_14_buggy && /usr/bin/timeout 120 /mnt/nfs/work1/brun/mmotwani/Defects4Java7/defects4j//framework/bin/defects4j compile
========
if(node.isBlock()&&parent!=null&&parent.isTry()&&node==parent.getFirstChild()&&!NodeUtil.hasCatchHandler(node)){
return ;
}

========
COMMAND:cd /home/mmotwani/mywork1dir/Defects4Java7/defects4j/SIMFIX_RQ2_40_5/closure/closure_14_buggy && /usr/bin/timeout 120 /mnt/nfs/work1/brun/mmotwani/Defects4Java7/defects4j//framework/bin/defects4j compile
FAILED TEST:com.google.javascript.jscomp.CheckMissingReturnTest::testIssue779
COUNT THESE===> Subject [_name=closure, _id=14, _ssrc=/src, _tsrc=/test, _sbin=/build/classes, _tbin=/build/test, _dependency=null] com.google.javascript.jscomp.CheckMissingReturnTest testIssue779
TESTING : com.google.javascript.jscomp.CheckMissingReturnTest::testIssue779
COMMAND:cd /home/mmotwani/mywork1dir/Defects4Java7/defects4j/SIMFIX_RQ2_40_5/closure/closure_14_buggy && /usr/bin/timeout 30 /mnt/nfs/work1/brun/mmotwani/Defects4Java7/defects4j//framework/bin/defects4j test -t com.google.javascript.jscomp.CheckMissingReturnTest::testIssue779
Failing tests: 0
FAILED TEST:com.google.javascript.jscomp.ControlFlowAnalysisTest::testDeepNestedFinally
COUNT THESE===> Subject [_name=closure, _id=14, _ssrc=/src, _tsrc=/test, _sbin=/build/classes, _tbin=/build/test, _dependency=null] com.google.javascript.jscomp.ControlFlowAnalysisTest testDeepNestedFinally
TESTING : com.google.javascript.jscomp.ControlFlowAnalysisTest::testDeepNestedFinally
COMMAND:cd /home/mmotwani/mywork1dir/Defects4Java7/defects4j/SIMFIX_RQ2_40_5/closure/closure_14_buggy && /usr/bin/timeout 30 /mnt/nfs/work1/brun/mmotwani/Defects4Java7/defects4j//framework/bin/defects4j test -t com.google.javascript.jscomp.ControlFlowAnalysisTest::testDeepNestedFinally
  - com.google.javascript.jscomp.ControlFlowAnalysisTest::testDeepNestedFinally
Failing tests: 1
Running ant (run.dev.tests)................................................ OK
Running ant (compile.tests)................................................ OK
========
if(node.isBlock()&&parent!=null&&parent.isTry()&&NodeUtil.getCatchBlock(parent)==parent.getFirstChild()&&!NodeUtil.hasCatchHandler(node)){
return ;
}

========
COMMAND:cd /home/mmotwani/mywork1dir/Defects4Java7/defects4j/SIMFIX_RQ2_40_5/closure/closure_14_buggy && /usr/bin/timeout 120 /mnt/nfs/work1/brun/mmotwani/Defects4Java7/defects4j//framework/bin/defects4j compile
FAILED TEST:com.google.javascript.jscomp.CheckMissingReturnTest::testIssue779
COUNT THESE===> Subject [_name=closure, _id=14, _ssrc=/src, _tsrc=/test, _sbin=/build/classes, _tbin=/build/test, _dependency=null] com.google.javascript.jscomp.CheckMissingReturnTest testIssue779
TESTING : com.google.javascript.jscomp.CheckMissingReturnTest::testIssue779
COMMAND:cd /home/mmotwani/mywork1dir/Defects4Java7/defects4j/SIMFIX_RQ2_40_5/closure/closure_14_buggy && /usr/bin/timeout 30 /mnt/nfs/work1/brun/mmotwani/Defects4Java7/defects4j//framework/bin/defects4j test -t com.google.javascript.jscomp.CheckMissingReturnTest::testIssue779
  - com.google.javascript.jscomp.CheckMissingReturnTest::testIssue779
Failing tests: 1
Running ant (run.dev.tests)................................................ OK
Running ant (compile.tests)................................................ OK
========
if(node.isBlock()&&parent!=null&&parent.isTry()&&NodeUtil.getCatchBlock(parent)==parent&&!NodeUtil.hasCatchHandler(node)){
return ;
}

========
COMMAND:cd /home/mmotwani/mywork1dir/Defects4Java7/defects4j/SIMFIX_RQ2_40_5/closure/closure_14_buggy && /usr/bin/timeout 120 /mnt/nfs/work1/brun/mmotwani/Defects4Java7/defects4j//framework/bin/defects4j compile
FAILED TEST:com.google.javascript.jscomp.CheckMissingReturnTest::testIssue779
COUNT THESE===> Subject [_name=closure, _id=14, _ssrc=/src, _tsrc=/test, _sbin=/build/classes, _tbin=/build/test, _dependency=null] com.google.javascript.jscomp.CheckMissingReturnTest testIssue779
TESTING : com.google.javascript.jscomp.CheckMissingReturnTest::testIssue779
COMMAND:cd /home/mmotwani/mywork1dir/Defects4Java7/defects4j/SIMFIX_RQ2_40_5/closure/closure_14_buggy && /usr/bin/timeout 30 /mnt/nfs/work1/brun/mmotwani/Defects4Java7/defects4j//framework/bin/defects4j test -t com.google.javascript.jscomp.CheckMissingReturnTest::testIssue779
  - com.google.javascript.jscomp.CheckMissingReturnTest::testIssue779
Failing tests: 1
Running ant (run.dev.tests)................................................ OK
Running ant (compile.tests)................................................ OK
========
if(node.isBlock()&&parent!=null&&parent.isTry()&&parent.getFirstChild()==node&&!NodeUtil.hasCatchHandler(node)){
return ;
}

========
COMMAND:cd /home/mmotwani/mywork1dir/Defects4Java7/defects4j/SIMFIX_RQ2_40_5/closure/closure_14_buggy && /usr/bin/timeout 120 /mnt/nfs/work1/brun/mmotwani/Defects4Java7/defects4j//framework/bin/defects4j compile
FAILED TEST:com.google.javascript.jscomp.CheckMissingReturnTest::testIssue779
COUNT THESE===> Subject [_name=closure, _id=14, _ssrc=/src, _tsrc=/test, _sbin=/build/classes, _tbin=/build/test, _dependency=null] com.google.javascript.jscomp.CheckMissingReturnTest testIssue779
TESTING : com.google.javascript.jscomp.CheckMissingReturnTest::testIssue779
COMMAND:cd /home/mmotwani/mywork1dir/Defects4Java7/defects4j/SIMFIX_RQ2_40_5/closure/closure_14_buggy && /usr/bin/timeout 30 /mnt/nfs/work1/brun/mmotwani/Defects4Java7/defects4j//framework/bin/defects4j test -t com.google.javascript.jscomp.CheckMissingReturnTest::testIssue779
Failing tests: 0
FAILED TEST:com.google.javascript.jscomp.ControlFlowAnalysisTest::testDeepNestedFinally
COUNT THESE===> Subject [_name=closure, _id=14, _ssrc=/src, _tsrc=/test, _sbin=/build/classes, _tbin=/build/test, _dependency=null] com.google.javascript.jscomp.ControlFlowAnalysisTest testDeepNestedFinally
TESTING : com.google.javascript.jscomp.ControlFlowAnalysisTest::testDeepNestedFinally
COMMAND:cd /home/mmotwani/mywork1dir/Defects4Java7/defects4j/SIMFIX_RQ2_40_5/closure/closure_14_buggy && /usr/bin/timeout 30 /mnt/nfs/work1/brun/mmotwani/Defects4Java7/defects4j//framework/bin/defects4j test -t com.google.javascript.jscomp.ControlFlowAnalysisTest::testDeepNestedFinally
  - com.google.javascript.jscomp.ControlFlowAnalysisTest::testDeepNestedFinally
Failing tests: 1
Running ant (run.dev.tests)................................................ OK
Running ant (compile.tests)................................................ OK
========
if(node.isBlock()&&parent!=null&&parent.isTry()&&NodeUtil.getCatchBlock(parent)==n&&!NodeUtil.hasCatchHandler(node)){
return ;
}

========
COMMAND:cd /home/mmotwani/mywork1dir/Defects4Java7/defects4j/SIMFIX_RQ2_40_5/closure/closure_14_buggy && /usr/bin/timeout 120 /mnt/nfs/work1/brun/mmotwani/Defects4Java7/defects4j//framework/bin/defects4j compile
========
if(node.isBlock()&&parent!=null&&parent.isTry()&&parent.getFirstChild()==parent&&!NodeUtil.hasCatchHandler(node)){
return ;
}

========
COMMAND:cd /home/mmotwani/mywork1dir/Defects4Java7/defects4j/SIMFIX_RQ2_40_5/closure/closure_14_buggy && /usr/bin/timeout 120 /mnt/nfs/work1/brun/mmotwani/Defects4Java7/defects4j//framework/bin/defects4j compile
FAILED TEST:com.google.javascript.jscomp.CheckMissingReturnTest::testIssue779
COUNT THESE===> Subject [_name=closure, _id=14, _ssrc=/src, _tsrc=/test, _sbin=/build/classes, _tbin=/build/test, _dependency=null] com.google.javascript.jscomp.CheckMissingReturnTest testIssue779
TESTING : com.google.javascript.jscomp.CheckMissingReturnTest::testIssue779
COMMAND:cd /home/mmotwani/mywork1dir/Defects4Java7/defects4j/SIMFIX_RQ2_40_5/closure/closure_14_buggy && /usr/bin/timeout 30 /mnt/nfs/work1/brun/mmotwani/Defects4Java7/defects4j//framework/bin/defects4j test -t com.google.javascript.jscomp.CheckMissingReturnTest::testIssue779
  - com.google.javascript.jscomp.CheckMissingReturnTest::testIssue779
Failing tests: 1
Running ant (run.dev.tests)................................................ OK
Running ant (compile.tests)................................................ OK
========
if(node.isBlock()&&parent!=null&&parent.isTry()&&NodeUtil.getCatchBlock(parent)==node&&(node.isOr())){
return ;
}

========
COMMAND:cd /home/mmotwani/mywork1dir/Defects4Java7/defects4j/SIMFIX_RQ2_40_5/closure/closure_14_buggy && /usr/bin/timeout 120 /mnt/nfs/work1/brun/mmotwani/Defects4Java7/defects4j//framework/bin/defects4j compile
FAILED TEST:com.google.javascript.jscomp.CheckMissingReturnTest::testIssue779
COUNT THESE===> Subject [_name=closure, _id=14, _ssrc=/src, _tsrc=/test, _sbin=/build/classes, _tbin=/build/test, _dependency=null] com.google.javascript.jscomp.CheckMissingReturnTest testIssue779
TESTING : com.google.javascript.jscomp.CheckMissingReturnTest::testIssue779
COMMAND:cd /home/mmotwani/mywork1dir/Defects4Java7/defects4j/SIMFIX_RQ2_40_5/closure/closure_14_buggy && /usr/bin/timeout 30 /mnt/nfs/work1/brun/mmotwani/Defects4Java7/defects4j//framework/bin/defects4j test -t com.google.javascript.jscomp.CheckMissingReturnTest::testIssue779
  - com.google.javascript.jscomp.CheckMissingReturnTest::testIssue779
Failing tests: 1
Running ant (run.dev.tests)................................................ OK
Running ant (compile.tests)................................................ OK
========
if(node.isBlock()&&parent!=null&&parent.isTry()&&NodeUtil.getCatchBlock(parent)==node&&!parent.isInc()){
return ;
}

========
COMMAND:cd /home/mmotwani/mywork1dir/Defects4Java7/defects4j/SIMFIX_RQ2_40_5/closure/closure_14_buggy && /usr/bin/timeout 120 /mnt/nfs/work1/brun/mmotwani/Defects4Java7/defects4j//framework/bin/defects4j compile
FAILED TEST:com.google.javascript.jscomp.CheckMissingReturnTest::testIssue779
COUNT THESE===> Subject [_name=closure, _id=14, _ssrc=/src, _tsrc=/test, _sbin=/build/classes, _tbin=/build/test, _dependency=null] com.google.javascript.jscomp.CheckMissingReturnTest testIssue779
TESTING : com.google.javascript.jscomp.CheckMissingReturnTest::testIssue779
COMMAND:cd /home/mmotwani/mywork1dir/Defects4Java7/defects4j/SIMFIX_RQ2_40_5/closure/closure_14_buggy && /usr/bin/timeout 30 /mnt/nfs/work1/brun/mmotwani/Defects4Java7/defects4j//framework/bin/defects4j test -t com.google.javascript.jscomp.CheckMissingReturnTest::testIssue779
  - com.google.javascript.jscomp.CheckMissingReturnTest::testIssue779
Failing tests: 1
Running ant (run.dev.tests)................................................ OK
Running ant (compile.tests)................................................ OK
========
if(node.isBlock()&&parent!=null&&parent.isTry()&&NodeUtil.getCatchBlock(parent)==getprop&&!NodeUtil.hasCatchHandler(node)){
return ;
}

========
COMMAND:cd /home/mmotwani/mywork1dir/Defects4Java7/defects4j/SIMFIX_RQ2_40_5/closure/closure_14_buggy && /usr/bin/timeout 120 /mnt/nfs/work1/brun/mmotwani/Defects4Java7/defects4j//framework/bin/defects4j compile
========
if(node.isBlock()&&parent!=null&&parent.isTry()&&parent.getFirstChild()==node&&!parent.isInc()){
return ;
}

========
COMMAND:cd /home/mmotwani/mywork1dir/Defects4Java7/defects4j/SIMFIX_RQ2_40_5/closure/closure_14_buggy && /usr/bin/timeout 120 /mnt/nfs/work1/brun/mmotwani/Defects4Java7/defects4j//framework/bin/defects4j compile
FAILED TEST:com.google.javascript.jscomp.CheckMissingReturnTest::testIssue779
COUNT THESE===> Subject [_name=closure, _id=14, _ssrc=/src, _tsrc=/test, _sbin=/build/classes, _tbin=/build/test, _dependency=null] com.google.javascript.jscomp.CheckMissingReturnTest testIssue779
TESTING : com.google.javascript.jscomp.CheckMissingReturnTest::testIssue779
COMMAND:cd /home/mmotwani/mywork1dir/Defects4Java7/defects4j/SIMFIX_RQ2_40_5/closure/closure_14_buggy && /usr/bin/timeout 30 /mnt/nfs/work1/brun/mmotwani/Defects4Java7/defects4j//framework/bin/defects4j test -t com.google.javascript.jscomp.CheckMissingReturnTest::testIssue779
Failing tests: 0
FAILED TEST:com.google.javascript.jscomp.ControlFlowAnalysisTest::testDeepNestedFinally
COUNT THESE===> Subject [_name=closure, _id=14, _ssrc=/src, _tsrc=/test, _sbin=/build/classes, _tbin=/build/test, _dependency=null] com.google.javascript.jscomp.ControlFlowAnalysisTest testDeepNestedFinally
TESTING : com.google.javascript.jscomp.ControlFlowAnalysisTest::testDeepNestedFinally
COMMAND:cd /home/mmotwani/mywork1dir/Defects4Java7/defects4j/SIMFIX_RQ2_40_5/closure/closure_14_buggy && /usr/bin/timeout 30 /mnt/nfs/work1/brun/mmotwani/Defects4Java7/defects4j//framework/bin/defects4j test -t com.google.javascript.jscomp.ControlFlowAnalysisTest::testDeepNestedFinally
  - com.google.javascript.jscomp.ControlFlowAnalysisTest::testDeepNestedFinally
Failing tests: 1
Running ant (run.dev.tests)................................................ OK
Running ant (compile.tests)................................................ OK
========
if(node.isBlock()&&parent!=null&&parent.isTry()&&NodeUtil.getCatchBlock(parent)==node&&!isCallToScopeMethod(parent)){
return ;
}

========
COMMAND:cd /home/mmotwani/mywork1dir/Defects4Java7/defects4j/SIMFIX_RQ2_40_5/closure/closure_14_buggy && /usr/bin/timeout 120 /mnt/nfs/work1/brun/mmotwani/Defects4Java7/defects4j//framework/bin/defects4j compile
========
if(node.isBlock()&&parent!=null&&parent.isTry()&&NodeUtil.getCatchBlock(parent)==node&&!NodeUtil.evaluatesToLocalValue(node.getFirstChild())){
return ;
}

========
COMMAND:cd /home/mmotwani/mywork1dir/Defects4Java7/defects4j/SIMFIX_RQ2_40_5/closure/closure_14_buggy && /usr/bin/timeout 120 /mnt/nfs/work1/brun/mmotwani/Defects4Java7/defects4j//framework/bin/defects4j compile
FAILED TEST:com.google.javascript.jscomp.CheckMissingReturnTest::testIssue779
COUNT THESE===> Subject [_name=closure, _id=14, _ssrc=/src, _tsrc=/test, _sbin=/build/classes, _tbin=/build/test, _dependency=null] com.google.javascript.jscomp.CheckMissingReturnTest testIssue779
TESTING : com.google.javascript.jscomp.CheckMissingReturnTest::testIssue779
COMMAND:cd /home/mmotwani/mywork1dir/Defects4Java7/defects4j/SIMFIX_RQ2_40_5/closure/closure_14_buggy && /usr/bin/timeout 30 /mnt/nfs/work1/brun/mmotwani/Defects4Java7/defects4j//framework/bin/defects4j test -t com.google.javascript.jscomp.CheckMissingReturnTest::testIssue779
  - com.google.javascript.jscomp.CheckMissingReturnTest::testIssue779
Failing tests: 1
Running ant (run.dev.tests)................................................ OK
Running ant (compile.tests)................................................ OK
========
if(node.isBlock()&&parent!=null&&parent.isTry()&&NodeUtil.getCatchBlock(parent)==node&&(NodeUtil.isExprAssign(node)||parent.isName())){
return ;
}

========
COMMAND:cd /home/mmotwani/mywork1dir/Defects4Java7/defects4j/SIMFIX_RQ2_40_5/closure/closure_14_buggy && /usr/bin/timeout 120 /mnt/nfs/work1/brun/mmotwani/Defects4Java7/defects4j//framework/bin/defects4j compile
FAILED TEST:com.google.javascript.jscomp.CheckMissingReturnTest::testIssue779
COUNT THESE===> Subject [_name=closure, _id=14, _ssrc=/src, _tsrc=/test, _sbin=/build/classes, _tbin=/build/test, _dependency=null] com.google.javascript.jscomp.CheckMissingReturnTest testIssue779
TESTING : com.google.javascript.jscomp.CheckMissingReturnTest::testIssue779
COMMAND:cd /home/mmotwani/mywork1dir/Defects4Java7/defects4j/SIMFIX_RQ2_40_5/closure/closure_14_buggy && /usr/bin/timeout 30 /mnt/nfs/work1/brun/mmotwani/Defects4Java7/defects4j//framework/bin/defects4j test -t com.google.javascript.jscomp.CheckMissingReturnTest::testIssue779
  - com.google.javascript.jscomp.CheckMissingReturnTest::testIssue779
Failing tests: 1
Running ant (run.dev.tests)................................................ OK
Running ant (compile.tests)................................................ OK
========
if(node.isBlock()&&parent!=null&&parent.isTry()&&NodeUtil.getCatchBlock(parent)==node&&!NodeUtil.hasCatchHandler(node)){
handleFunctionInputs(parent);
return ;
}

========
COMMAND:cd /home/mmotwani/mywork1dir/Defects4Java7/defects4j/SIMFIX_RQ2_40_5/closure/closure_14_buggy && /usr/bin/timeout 120 /mnt/nfs/work1/brun/mmotwani/Defects4Java7/defects4j//framework/bin/defects4j compile
========
if(node.isBlock()&&parent!=null&&parent.isTry()&&NodeUtil.getCatchBlock(parent)==node&&parent.getLastChild()==node){
return ;
}

========
COMMAND:cd /home/mmotwani/mywork1dir/Defects4Java7/defects4j/SIMFIX_RQ2_40_5/closure/closure_14_buggy && /usr/bin/timeout 120 /mnt/nfs/work1/brun/mmotwani/Defects4Java7/defects4j//framework/bin/defects4j compile
FAILED TEST:com.google.javascript.jscomp.CheckMissingReturnTest::testIssue779
COUNT THESE===> Subject [_name=closure, _id=14, _ssrc=/src, _tsrc=/test, _sbin=/build/classes, _tbin=/build/test, _dependency=null] com.google.javascript.jscomp.CheckMissingReturnTest testIssue779
TESTING : com.google.javascript.jscomp.CheckMissingReturnTest::testIssue779
COMMAND:cd /home/mmotwani/mywork1dir/Defects4Java7/defects4j/SIMFIX_RQ2_40_5/closure/closure_14_buggy && /usr/bin/timeout 30 /mnt/nfs/work1/brun/mmotwani/Defects4Java7/defects4j//framework/bin/defects4j test -t com.google.javascript.jscomp.CheckMissingReturnTest::testIssue779
  - com.google.javascript.jscomp.CheckMissingReturnTest::testIssue779
Failing tests: 1
Running ant (run.dev.tests)................................................ OK
Running ant (compile.tests)................................................ OK
========
if(node.isBlock()&&parent!=null&&parent.isTry()&&NodeUtil.getCatchBlock(parent)==node&&!node.isFunction()){
return ;
}

========
COMMAND:cd /home/mmotwani/mywork1dir/Defects4Java7/defects4j/SIMFIX_RQ2_40_5/closure/closure_14_buggy && /usr/bin/timeout 120 /mnt/nfs/work1/brun/mmotwani/Defects4Java7/defects4j//framework/bin/defects4j compile
FAILED TEST:com.google.javascript.jscomp.CheckMissingReturnTest::testIssue779
COUNT THESE===> Subject [_name=closure, _id=14, _ssrc=/src, _tsrc=/test, _sbin=/build/classes, _tbin=/build/test, _dependency=null] com.google.javascript.jscomp.CheckMissingReturnTest testIssue779
TESTING : com.google.javascript.jscomp.CheckMissingReturnTest::testIssue779
COMMAND:cd /home/mmotwani/mywork1dir/Defects4Java7/defects4j/SIMFIX_RQ2_40_5/closure/closure_14_buggy && /usr/bin/timeout 30 /mnt/nfs/work1/brun/mmotwani/Defects4Java7/defects4j//framework/bin/defects4j test -t com.google.javascript.jscomp.CheckMissingReturnTest::testIssue779
  - com.google.javascript.jscomp.CheckMissingReturnTest::testIssue779
Failing tests: 1
Running ant (run.dev.tests)................................................ OK
Running ant (compile.tests)................................................ OK
========
if(node.isBlock()&&parent!=null&&parent.isTry()&&NodeUtil.getCatchBlock(parent)==node&&node==parent.getFirstChild()){
return ;
}

========
COMMAND:cd /home/mmotwani/mywork1dir/Defects4Java7/defects4j/SIMFIX_RQ2_40_5/closure/closure_14_buggy && /usr/bin/timeout 120 /mnt/nfs/work1/brun/mmotwani/Defects4Java7/defects4j//framework/bin/defects4j compile
FAILED TEST:com.google.javascript.jscomp.CheckMissingReturnTest::testIssue779
COUNT THESE===> Subject [_name=closure, _id=14, _ssrc=/src, _tsrc=/test, _sbin=/build/classes, _tbin=/build/test, _dependency=null] com.google.javascript.jscomp.CheckMissingReturnTest testIssue779
TESTING : com.google.javascript.jscomp.CheckMissingReturnTest::testIssue779
COMMAND:cd /home/mmotwani/mywork1dir/Defects4Java7/defects4j/SIMFIX_RQ2_40_5/closure/closure_14_buggy && /usr/bin/timeout 30 /mnt/nfs/work1/brun/mmotwani/Defects4Java7/defects4j//framework/bin/defects4j test -t com.google.javascript.jscomp.CheckMissingReturnTest::testIssue779
  - com.google.javascript.jscomp.CheckMissingReturnTest::testIssue779
Failing tests: 1
Running ant (run.dev.tests)................................................ OK
Running ant (compile.tests)................................................ OK
========
if(node.isBlock()&&parent!=null&&parent.isTry()&&NodeUtil.getCatchBlock(parent)!=node&&!NodeUtil.hasCatchHandler(node)){
return ;
}

========
COMMAND:cd /home/mmotwani/mywork1dir/Defects4Java7/defects4j/SIMFIX_RQ2_40_5/closure/closure_14_buggy && /usr/bin/timeout 120 /mnt/nfs/work1/brun/mmotwani/Defects4Java7/defects4j//framework/bin/defects4j compile
FAILED TEST:com.google.javascript.jscomp.CheckMissingReturnTest::testIssue779
COUNT THESE===> Subject [_name=closure, _id=14, _ssrc=/src, _tsrc=/test, _sbin=/build/classes, _tbin=/build/test, _dependency=null] com.google.javascript.jscomp.CheckMissingReturnTest testIssue779
TESTING : com.google.javascript.jscomp.CheckMissingReturnTest::testIssue779
COMMAND:cd /home/mmotwani/mywork1dir/Defects4Java7/defects4j/SIMFIX_RQ2_40_5/closure/closure_14_buggy && /usr/bin/timeout 30 /mnt/nfs/work1/brun/mmotwani/Defects4Java7/defects4j//framework/bin/defects4j test -t com.google.javascript.jscomp.CheckMissingReturnTest::testIssue779
Failing tests: 0
FAILED TEST:com.google.javascript.jscomp.ControlFlowAnalysisTest::testDeepNestedFinally
COUNT THESE===> Subject [_name=closure, _id=14, _ssrc=/src, _tsrc=/test, _sbin=/build/classes, _tbin=/build/test, _dependency=null] com.google.javascript.jscomp.ControlFlowAnalysisTest testDeepNestedFinally
TESTING : com.google.javascript.jscomp.ControlFlowAnalysisTest::testDeepNestedFinally
COMMAND:cd /home/mmotwani/mywork1dir/Defects4Java7/defects4j/SIMFIX_RQ2_40_5/closure/closure_14_buggy && /usr/bin/timeout 30 /mnt/nfs/work1/brun/mmotwani/Defects4Java7/defects4j//framework/bin/defects4j test -t com.google.javascript.jscomp.ControlFlowAnalysisTest::testDeepNestedFinally
  - com.google.javascript.jscomp.ControlFlowAnalysisTest::testDeepNestedFinally
Failing tests: 1
Running ant (run.dev.tests)................................................ OK
Running ant (compile.tests)................................................ OK
========
if(node.isBlock()&&parent!=null&&parent.isTry()&&parent.getFirstChild()!=node&&!NodeUtil.hasCatchHandler(node)){
return ;
}

========
COMMAND:cd /home/mmotwani/mywork1dir/Defects4Java7/defects4j/SIMFIX_RQ2_40_5/closure/closure_14_buggy && /usr/bin/timeout 120 /mnt/nfs/work1/brun/mmotwani/Defects4Java7/defects4j//framework/bin/defects4j compile
FAILED TEST:com.google.javascript.jscomp.CheckMissingReturnTest::testIssue779
COUNT THESE===> Subject [_name=closure, _id=14, _ssrc=/src, _tsrc=/test, _sbin=/build/classes, _tbin=/build/test, _dependency=null] com.google.javascript.jscomp.CheckMissingReturnTest testIssue779
TESTING : com.google.javascript.jscomp.CheckMissingReturnTest::testIssue779
COMMAND:cd /home/mmotwani/mywork1dir/Defects4Java7/defects4j/SIMFIX_RQ2_40_5/closure/closure_14_buggy && /usr/bin/timeout 30 /mnt/nfs/work1/brun/mmotwani/Defects4Java7/defects4j//framework/bin/defects4j test -t com.google.javascript.jscomp.CheckMissingReturnTest::testIssue779
Failing tests: 0
FAILED TEST:com.google.javascript.jscomp.ControlFlowAnalysisTest::testDeepNestedFinally
COUNT THESE===> Subject [_name=closure, _id=14, _ssrc=/src, _tsrc=/test, _sbin=/build/classes, _tbin=/build/test, _dependency=null] com.google.javascript.jscomp.ControlFlowAnalysisTest testDeepNestedFinally
TESTING : com.google.javascript.jscomp.ControlFlowAnalysisTest::testDeepNestedFinally
COMMAND:cd /home/mmotwani/mywork1dir/Defects4Java7/defects4j/SIMFIX_RQ2_40_5/closure/closure_14_buggy && /usr/bin/timeout 30 /mnt/nfs/work1/brun/mmotwani/Defects4Java7/defects4j//framework/bin/defects4j test -t com.google.javascript.jscomp.ControlFlowAnalysisTest::testDeepNestedFinally
  - com.google.javascript.jscomp.ControlFlowAnalysisTest::testDeepNestedFinally
Failing tests: 1
Running ant (run.dev.tests)................................................ OK
Running ant (compile.tests)................................................ OK
========
if(node.isBlock()&&parent!=null&&parent.isTry()&&NodeUtil.getCatchBlock(parent)!=n&&!NodeUtil.hasCatchHandler(node)){
return ;
}

========
COMMAND:cd /home/mmotwani/mywork1dir/Defects4Java7/defects4j/SIMFIX_RQ2_40_5/closure/closure_14_buggy && /usr/bin/timeout 120 /mnt/nfs/work1/brun/mmotwani/Defects4Java7/defects4j//framework/bin/defects4j compile
========
if(node.isBlock()&&parent!=null&&parent.isTry()&&NodeUtil.getCatchBlock(parent)==node&&!(parent.isVar()&&!parent.hasOneChild())){
return ;
}

========
COMMAND:cd /home/mmotwani/mywork1dir/Defects4Java7/defects4j/SIMFIX_RQ2_40_5/closure/closure_14_buggy && /usr/bin/timeout 120 /mnt/nfs/work1/brun/mmotwani/Defects4Java7/defects4j//framework/bin/defects4j compile
FAILED TEST:com.google.javascript.jscomp.CheckMissingReturnTest::testIssue779
COUNT THESE===> Subject [_name=closure, _id=14, _ssrc=/src, _tsrc=/test, _sbin=/build/classes, _tbin=/build/test, _dependency=null] com.google.javascript.jscomp.CheckMissingReturnTest testIssue779
TESTING : com.google.javascript.jscomp.CheckMissingReturnTest::testIssue779
COMMAND:cd /home/mmotwani/mywork1dir/Defects4Java7/defects4j/SIMFIX_RQ2_40_5/closure/closure_14_buggy && /usr/bin/timeout 30 /mnt/nfs/work1/brun/mmotwani/Defects4Java7/defects4j//framework/bin/defects4j test -t com.google.javascript.jscomp.CheckMissingReturnTest::testIssue779
  - com.google.javascript.jscomp.CheckMissingReturnTest::testIssue779
Failing tests: 1
Running ant (run.dev.tests)................................................ OK
Running ant (compile.tests)................................................ OK
========
if(node.isBlock()&&parent!=null&&parent.isTry()&&NodeUtil.getCatchBlock(parent)==node&&!parent.isCall()){
return ;
}

========
COMMAND:cd /home/mmotwani/mywork1dir/Defects4Java7/defects4j/SIMFIX_RQ2_40_5/closure/closure_14_buggy && /usr/bin/timeout 120 /mnt/nfs/work1/brun/mmotwani/Defects4Java7/defects4j//framework/bin/defects4j compile
FAILED TEST:com.google.javascript.jscomp.CheckMissingReturnTest::testIssue779
COUNT THESE===> Subject [_name=closure, _id=14, _ssrc=/src, _tsrc=/test, _sbin=/build/classes, _tbin=/build/test, _dependency=null] com.google.javascript.jscomp.CheckMissingReturnTest testIssue779
TESTING : com.google.javascript.jscomp.CheckMissingReturnTest::testIssue779
COMMAND:cd /home/mmotwani/mywork1dir/Defects4Java7/defects4j/SIMFIX_RQ2_40_5/closure/closure_14_buggy && /usr/bin/timeout 30 /mnt/nfs/work1/brun/mmotwani/Defects4Java7/defects4j//framework/bin/defects4j test -t com.google.javascript.jscomp.CheckMissingReturnTest::testIssue779
  - com.google.javascript.jscomp.CheckMissingReturnTest::testIssue779
Failing tests: 1
Running ant (run.dev.tests)................................................ OK
Running ant (compile.tests)................................................ OK
========
if(astPositionCounter!=node.getType()||getChildCount()!=node.getChildCount()||this.getClass()!=node.getClass()){
return ;
}

========
COMMAND:cd /home/mmotwani/mywork1dir/Defects4Java7/defects4j/SIMFIX_RQ2_40_5/closure/closure_14_buggy && /usr/bin/timeout 120 /mnt/nfs/work1/brun/mmotwani/Defects4Java7/defects4j//framework/bin/defects4j compile
========
if(astPositionCounter!=node.getType()||getChildCount()!=node.getChildCount()&&!NodeUtil.hasCatchHandler(node)){
return ;
}

========
COMMAND:cd /home/mmotwani/mywork1dir/Defects4Java7/defects4j/SIMFIX_RQ2_40_5/closure/closure_14_buggy && /usr/bin/timeout 120 /mnt/nfs/work1/brun/mmotwani/Defects4Java7/defects4j//framework/bin/defects4j compile
========
if(node.isBlock()&&parent!=null&&parent.isTry()&&NodeUtil.getCatchBlock(parent)==node&&this.getClass()!=node.getClass()){
return ;
}

========
COMMAND:cd /home/mmotwani/mywork1dir/Defects4Java7/defects4j/SIMFIX_RQ2_40_5/closure/closure_14_buggy && /usr/bin/timeout 120 /mnt/nfs/work1/brun/mmotwani/Defects4Java7/defects4j//framework/bin/defects4j compile
========
if(node.isBlock()&&parent!=null&&parent.isTry()&&getChildCount()!=node.getChildCount()&&!NodeUtil.hasCatchHandler(node)){
return ;
}

========
COMMAND:cd /home/mmotwani/mywork1dir/Defects4Java7/defects4j/SIMFIX_RQ2_40_5/closure/closure_14_buggy && /usr/bin/timeout 120 /mnt/nfs/work1/brun/mmotwani/Defects4Java7/defects4j//framework/bin/defects4j compile
========
if(node.isBlock()&&parent!=null&&parent.isTry()&&getChildCount()==node&&!NodeUtil.hasCatchHandler(node)){
return ;
}

========
COMMAND:cd /home/mmotwani/mywork1dir/Defects4Java7/defects4j/SIMFIX_RQ2_40_5/closure/closure_14_buggy && /usr/bin/timeout 120 /mnt/nfs/work1/brun/mmotwani/Defects4Java7/defects4j//framework/bin/defects4j compile
========
if(node.isBlock()&&parent!=null&&parent.isTry()&&NodeUtil.getCatchBlock(parent)==node&&root.getFirstChild()==node){
return ;
}

========
COMMAND:cd /home/mmotwani/mywork1dir/Defects4Java7/defects4j/SIMFIX_RQ2_40_5/closure/closure_14_buggy && /usr/bin/timeout 120 /mnt/nfs/work1/brun/mmotwani/Defects4Java7/defects4j//framework/bin/defects4j compile
FAILED TEST:com.google.javascript.jscomp.CheckMissingReturnTest::testIssue779
COUNT THESE===> Subject [_name=closure, _id=14, _ssrc=/src, _tsrc=/test, _sbin=/build/classes, _tbin=/build/test, _dependency=null] com.google.javascript.jscomp.CheckMissingReturnTest testIssue779
TESTING : com.google.javascript.jscomp.CheckMissingReturnTest::testIssue779
COMMAND:cd /home/mmotwani/mywork1dir/Defects4Java7/defects4j/SIMFIX_RQ2_40_5/closure/closure_14_buggy && /usr/bin/timeout 30 /mnt/nfs/work1/brun/mmotwani/Defects4Java7/defects4j//framework/bin/defects4j test -t com.google.javascript.jscomp.CheckMissingReturnTest::testIssue779
  - com.google.javascript.jscomp.CheckMissingReturnTest::testIssue779
Failing tests: 1
Running ant (run.dev.tests)................................................ OK
Running ant (compile.tests)................................................ OK
========
Preconditions.checkState(node.getFirstChild()==parent);
if(node.isBlock()&&parent!=null&&parent.isTry()&&NodeUtil.getCatchBlock(parent)==node&&!NodeUtil.hasCatchHandler(node)){
return ;
}

========
COMMAND:cd /home/mmotwani/mywork1dir/Defects4Java7/defects4j/SIMFIX_RQ2_40_5/closure/closure_14_buggy && /usr/bin/timeout 120 /mnt/nfs/work1/brun/mmotwani/Defects4Java7/defects4j//framework/bin/defects4j compile
FAILED TEST:com.google.javascript.jscomp.CheckMissingReturnTest::testIssue779
COUNT THESE===> Subject [_name=closure, _id=14, _ssrc=/src, _tsrc=/test, _sbin=/build/classes, _tbin=/build/test, _dependency=null] com.google.javascript.jscomp.CheckMissingReturnTest testIssue779
TESTING : com.google.javascript.jscomp.CheckMissingReturnTest::testIssue779
COMMAND:cd /home/mmotwani/mywork1dir/Defects4Java7/defects4j/SIMFIX_RQ2_40_5/closure/closure_14_buggy && /usr/bin/timeout 30 /mnt/nfs/work1/brun/mmotwani/Defects4Java7/defects4j//framework/bin/defects4j test -t com.google.javascript.jscomp.CheckMissingReturnTest::testIssue779
  - com.google.javascript.jscomp.CheckMissingReturnTest::testIssue779
Failing tests: 1
Running ant (run.dev.tests)................................................ OK
Running ant (compile.tests)................................................ OK
========
Preconditions.checkState(node.getFirstChild()==parent);
if(node.isBlock()&&parent!=null&&parent.isTry()&&NodeUtil.getCatchBlock(parent)==node&&root.getFirstChild()==node){
return ;
}

========
COMMAND:cd /home/mmotwani/mywork1dir/Defects4Java7/defects4j/SIMFIX_RQ2_40_5/closure/closure_14_buggy && /usr/bin/timeout 120 /mnt/nfs/work1/brun/mmotwani/Defects4Java7/defects4j//framework/bin/defects4j compile
FAILED TEST:com.google.javascript.jscomp.CheckMissingReturnTest::testIssue779
COUNT THESE===> Subject [_name=closure, _id=14, _ssrc=/src, _tsrc=/test, _sbin=/build/classes, _tbin=/build/test, _dependency=null] com.google.javascript.jscomp.CheckMissingReturnTest testIssue779
TESTING : com.google.javascript.jscomp.CheckMissingReturnTest::testIssue779
COMMAND:cd /home/mmotwani/mywork1dir/Defects4Java7/defects4j/SIMFIX_RQ2_40_5/closure/closure_14_buggy && /usr/bin/timeout 30 /mnt/nfs/work1/brun/mmotwani/Defects4Java7/defects4j//framework/bin/defects4j test -t com.google.javascript.jscomp.CheckMissingReturnTest::testIssue779
  - com.google.javascript.jscomp.CheckMissingReturnTest::testIssue779
Failing tests: 1
Running ant (run.dev.tests)................................................ OK
Running ant (compile.tests)................................................ OK
========
if(parent!=null&&!NodeUtil.isFunctionDeclaration(node)){
return ;
}

========
COMMAND:cd /home/mmotwani/mywork1dir/Defects4Java7/defects4j/SIMFIX_RQ2_40_5/closure/closure_14_buggy && /usr/bin/timeout 120 /mnt/nfs/work1/brun/mmotwani/Defects4Java7/defects4j//framework/bin/defects4j compile
FAILED TEST:com.google.javascript.jscomp.CheckMissingReturnTest::testIssue779
COUNT THESE===> Subject [_name=closure, _id=14, _ssrc=/src, _tsrc=/test, _sbin=/build/classes, _tbin=/build/test, _dependency=null] com.google.javascript.jscomp.CheckMissingReturnTest testIssue779
TESTING : com.google.javascript.jscomp.CheckMissingReturnTest::testIssue779
COMMAND:cd /home/mmotwani/mywork1dir/Defects4Java7/defects4j/SIMFIX_RQ2_40_5/closure/closure_14_buggy && /usr/bin/timeout 30 /mnt/nfs/work1/brun/mmotwani/Defects4Java7/defects4j//framework/bin/defects4j test -t com.google.javascript.jscomp.CheckMissingReturnTest::testIssue779
Failing tests: 0
FAILED TEST:com.google.javascript.jscomp.ControlFlowAnalysisTest::testDeepNestedFinally
COUNT THESE===> Subject [_name=closure, _id=14, _ssrc=/src, _tsrc=/test, _sbin=/build/classes, _tbin=/build/test, _dependency=null] com.google.javascript.jscomp.ControlFlowAnalysisTest testDeepNestedFinally
TESTING : com.google.javascript.jscomp.ControlFlowAnalysisTest::testDeepNestedFinally
COMMAND:cd /home/mmotwani/mywork1dir/Defects4Java7/defects4j/SIMFIX_RQ2_40_5/closure/closure_14_buggy && /usr/bin/timeout 30 /mnt/nfs/work1/brun/mmotwani/Defects4Java7/defects4j//framework/bin/defects4j test -t com.google.javascript.jscomp.ControlFlowAnalysisTest::testDeepNestedFinally
  - com.google.javascript.jscomp.ControlFlowAnalysisTest::testDeepNestedFinally
Failing tests: 1
Running ant (run.dev.tests)................................................ OK
Running ant (compile.tests)................................................ OK
========
if(node.isBlock()&&parent!=null&&parent.isTry()&&NodeUtil.getCatchBlock(parent)==node&&!NodeUtil.isFunctionDeclaration(node)){
return ;
}

========
COMMAND:cd /home/mmotwani/mywork1dir/Defects4Java7/defects4j/SIMFIX_RQ2_40_5/closure/closure_14_buggy && /usr/bin/timeout 120 /mnt/nfs/work1/brun/mmotwani/Defects4Java7/defects4j//framework/bin/defects4j compile
FAILED TEST:com.google.javascript.jscomp.CheckMissingReturnTest::testIssue779
COUNT THESE===> Subject [_name=closure, _id=14, _ssrc=/src, _tsrc=/test, _sbin=/build/classes, _tbin=/build/test, _dependency=null] com.google.javascript.jscomp.CheckMissingReturnTest testIssue779
TESTING : com.google.javascript.jscomp.CheckMissingReturnTest::testIssue779
COMMAND:cd /home/mmotwani/mywork1dir/Defects4Java7/defects4j/SIMFIX_RQ2_40_5/closure/closure_14_buggy && /usr/bin/timeout 30 /mnt/nfs/work1/brun/mmotwani/Defects4Java7/defects4j//framework/bin/defects4j test -t com.google.javascript.jscomp.CheckMissingReturnTest::testIssue779
  - com.google.javascript.jscomp.CheckMissingReturnTest::testIssue779
Failing tests: 1
Running ant (run.dev.tests)................................................ OK
Running ant (compile.tests)................................................ OK
========
if(parent!=null&&!NodeUtil.hasCatchHandler(node)){
return ;
}

========
COMMAND:cd /home/mmotwani/mywork1dir/Defects4Java7/defects4j/SIMFIX_RQ2_40_5/closure/closure_14_buggy && /usr/bin/timeout 120 /mnt/nfs/work1/brun/mmotwani/Defects4Java7/defects4j//framework/bin/defects4j compile
FAILED TEST:com.google.javascript.jscomp.CheckMissingReturnTest::testIssue779
COUNT THESE===> Subject [_name=closure, _id=14, _ssrc=/src, _tsrc=/test, _sbin=/build/classes, _tbin=/build/test, _dependency=null] com.google.javascript.jscomp.CheckMissingReturnTest testIssue779
TESTING : com.google.javascript.jscomp.CheckMissingReturnTest::testIssue779
COMMAND:cd /home/mmotwani/mywork1dir/Defects4Java7/defects4j/SIMFIX_RQ2_40_5/closure/closure_14_buggy && /usr/bin/timeout 30 /mnt/nfs/work1/brun/mmotwani/Defects4Java7/defects4j//framework/bin/defects4j test -t com.google.javascript.jscomp.CheckMissingReturnTest::testIssue779
  - com.google.javascript.jscomp.CheckMissingReturnTest::testIssue779
Failing tests: 1
Running ant (run.dev.tests)................................................ OK
Running ant (compile.tests)................................................ OK
========
if(node.isBlock()&&parent!=null&&parent.isTry()&&parent!=null&&!NodeUtil.hasCatchHandler(node)){
return ;
}

========
COMMAND:cd /home/mmotwani/mywork1dir/Defects4Java7/defects4j/SIMFIX_RQ2_40_5/closure/closure_14_buggy && /usr/bin/timeout 120 /mnt/nfs/work1/brun/mmotwani/Defects4Java7/defects4j//framework/bin/defects4j compile
FAILED TEST:com.google.javascript.jscomp.CheckMissingReturnTest::testIssue779
COUNT THESE===> Subject [_name=closure, _id=14, _ssrc=/src, _tsrc=/test, _sbin=/build/classes, _tbin=/build/test, _dependency=null] com.google.javascript.jscomp.CheckMissingReturnTest testIssue779
TESTING : com.google.javascript.jscomp.CheckMissingReturnTest::testIssue779
COMMAND:cd /home/mmotwani/mywork1dir/Defects4Java7/defects4j/SIMFIX_RQ2_40_5/closure/closure_14_buggy && /usr/bin/timeout 30 /mnt/nfs/work1/brun/mmotwani/Defects4Java7/defects4j//framework/bin/defects4j test -t com.google.javascript.jscomp.CheckMissingReturnTest::testIssue779
Failing tests: 0
FAILED TEST:com.google.javascript.jscomp.ControlFlowAnalysisTest::testDeepNestedFinally
COUNT THESE===> Subject [_name=closure, _id=14, _ssrc=/src, _tsrc=/test, _sbin=/build/classes, _tbin=/build/test, _dependency=null] com.google.javascript.jscomp.ControlFlowAnalysisTest testDeepNestedFinally
TESTING : com.google.javascript.jscomp.ControlFlowAnalysisTest::testDeepNestedFinally
COMMAND:cd /home/mmotwani/mywork1dir/Defects4Java7/defects4j/SIMFIX_RQ2_40_5/closure/closure_14_buggy && /usr/bin/timeout 30 /mnt/nfs/work1/brun/mmotwani/Defects4Java7/defects4j//framework/bin/defects4j test -t com.google.javascript.jscomp.ControlFlowAnalysisTest::testDeepNestedFinally
  - com.google.javascript.jscomp.ControlFlowAnalysisTest::testDeepNestedFinally
Failing tests: 1
Running ant (run.dev.tests)................................................ OK
Running ant (compile.tests)................................................ OK
========
if(node.isBlock()&&parent!=null&&parent.isTry()&&NodeUtil.getCatchBlock(parent)==null&&!NodeUtil.hasCatchHandler(node)){
return ;
}

========
COMMAND:cd /home/mmotwani/mywork1dir/Defects4Java7/defects4j/SIMFIX_RQ2_40_5/closure/closure_14_buggy && /usr/bin/timeout 120 /mnt/nfs/work1/brun/mmotwani/Defects4Java7/defects4j//framework/bin/defects4j compile
FAILED TEST:com.google.javascript.jscomp.CheckMissingReturnTest::testIssue779
COUNT THESE===> Subject [_name=closure, _id=14, _ssrc=/src, _tsrc=/test, _sbin=/build/classes, _tbin=/build/test, _dependency=null] com.google.javascript.jscomp.CheckMissingReturnTest testIssue779
TESTING : com.google.javascript.jscomp.CheckMissingReturnTest::testIssue779
COMMAND:cd /home/mmotwani/mywork1dir/Defects4Java7/defects4j/SIMFIX_RQ2_40_5/closure/closure_14_buggy && /usr/bin/timeout 30 /mnt/nfs/work1/brun/mmotwani/Defects4Java7/defects4j//framework/bin/defects4j test -t com.google.javascript.jscomp.CheckMissingReturnTest::testIssue779
  - com.google.javascript.jscomp.CheckMissingReturnTest::testIssue779
Failing tests: 1
Running ant (run.dev.tests)................................................ OK
Running ant (compile.tests)................................................ OK
========
if(node.isBlock()&&parent!=null&&parent.isTry()&&NodeUtil.getCatchBlock(parent)!=node&&!NodeUtil.isFunctionDeclaration(node)){
return ;
}

========
COMMAND:cd /home/mmotwani/mywork1dir/Defects4Java7/defects4j/SIMFIX_RQ2_40_5/closure/closure_14_buggy && /usr/bin/timeout 120 /mnt/nfs/work1/brun/mmotwani/Defects4Java7/defects4j//framework/bin/defects4j compile
FAILED TEST:com.google.javascript.jscomp.CheckMissingReturnTest::testIssue779
COUNT THESE===> Subject [_name=closure, _id=14, _ssrc=/src, _tsrc=/test, _sbin=/build/classes, _tbin=/build/test, _dependency=null] com.google.javascript.jscomp.CheckMissingReturnTest testIssue779
TESTING : com.google.javascript.jscomp.CheckMissingReturnTest::testIssue779
COMMAND:cd /home/mmotwani/mywork1dir/Defects4Java7/defects4j/SIMFIX_RQ2_40_5/closure/closure_14_buggy && /usr/bin/timeout 30 /mnt/nfs/work1/brun/mmotwani/Defects4Java7/defects4j//framework/bin/defects4j test -t com.google.javascript.jscomp.CheckMissingReturnTest::testIssue779
Failing tests: 0
FAILED TEST:com.google.javascript.jscomp.ControlFlowAnalysisTest::testDeepNestedFinally
COUNT THESE===> Subject [_name=closure, _id=14, _ssrc=/src, _tsrc=/test, _sbin=/build/classes, _tbin=/build/test, _dependency=null] com.google.javascript.jscomp.ControlFlowAnalysisTest testDeepNestedFinally
TESTING : com.google.javascript.jscomp.ControlFlowAnalysisTest::testDeepNestedFinally
COMMAND:cd /home/mmotwani/mywork1dir/Defects4Java7/defects4j/SIMFIX_RQ2_40_5/closure/closure_14_buggy && /usr/bin/timeout 30 /mnt/nfs/work1/brun/mmotwani/Defects4Java7/defects4j//framework/bin/defects4j test -t com.google.javascript.jscomp.ControlFlowAnalysisTest::testDeepNestedFinally
  - com.google.javascript.jscomp.ControlFlowAnalysisTest::testDeepNestedFinally
Failing tests: 1
Running ant (run.dev.tests)................................................ OK
Running ant (compile.tests)................................................ OK
========
if(node.isBlock()&&parent!=null&&parent.isTry()&&NodeUtil.getCatchBlock(parent)!=null&&!NodeUtil.hasCatchHandler(node)){
return ;
}

========
COMMAND:cd /home/mmotwani/mywork1dir/Defects4Java7/defects4j/SIMFIX_RQ2_40_5/closure/closure_14_buggy && /usr/bin/timeout 120 /mnt/nfs/work1/brun/mmotwani/Defects4Java7/defects4j//framework/bin/defects4j compile
FAILED TEST:com.google.javascript.jscomp.CheckMissingReturnTest::testIssue779
COUNT THESE===> Subject [_name=closure, _id=14, _ssrc=/src, _tsrc=/test, _sbin=/build/classes, _tbin=/build/test, _dependency=null] com.google.javascript.jscomp.CheckMissingReturnTest testIssue779
TESTING : com.google.javascript.jscomp.CheckMissingReturnTest::testIssue779
COMMAND:cd /home/mmotwani/mywork1dir/Defects4Java7/defects4j/SIMFIX_RQ2_40_5/closure/closure_14_buggy && /usr/bin/timeout 30 /mnt/nfs/work1/brun/mmotwani/Defects4Java7/defects4j//framework/bin/defects4j test -t com.google.javascript.jscomp.CheckMissingReturnTest::testIssue779
Failing tests: 0
FAILED TEST:com.google.javascript.jscomp.ControlFlowAnalysisTest::testDeepNestedFinally
COUNT THESE===> Subject [_name=closure, _id=14, _ssrc=/src, _tsrc=/test, _sbin=/build/classes, _tbin=/build/test, _dependency=null] com.google.javascript.jscomp.ControlFlowAnalysisTest testDeepNestedFinally
TESTING : com.google.javascript.jscomp.ControlFlowAnalysisTest::testDeepNestedFinally
COMMAND:cd /home/mmotwani/mywork1dir/Defects4Java7/defects4j/SIMFIX_RQ2_40_5/closure/closure_14_buggy && /usr/bin/timeout 30 /mnt/nfs/work1/brun/mmotwani/Defects4Java7/defects4j//framework/bin/defects4j test -t com.google.javascript.jscomp.ControlFlowAnalysisTest::testDeepNestedFinally
  - com.google.javascript.jscomp.ControlFlowAnalysisTest::testDeepNestedFinally
Failing tests: 1
Running ant (run.dev.tests)................................................ OK
Running ant (compile.tests)................................................ OK
========
if(node.isBlock()&&parent!=null&&parent.isTry()&&parent!=null&&!NodeUtil.isFunctionDeclaration(node)){
return ;
}

========
COMMAND:cd /home/mmotwani/mywork1dir/Defects4Java7/defects4j/SIMFIX_RQ2_40_5/closure/closure_14_buggy && /usr/bin/timeout 120 /mnt/nfs/work1/brun/mmotwani/Defects4Java7/defects4j//framework/bin/defects4j compile
FAILED TEST:com.google.javascript.jscomp.CheckMissingReturnTest::testIssue779
COUNT THESE===> Subject [_name=closure, _id=14, _ssrc=/src, _tsrc=/test, _sbin=/build/classes, _tbin=/build/test, _dependency=null] com.google.javascript.jscomp.CheckMissingReturnTest testIssue779
TESTING : com.google.javascript.jscomp.CheckMissingReturnTest::testIssue779
COMMAND:cd /home/mmotwani/mywork1dir/Defects4Java7/defects4j/SIMFIX_RQ2_40_5/closure/closure_14_buggy && /usr/bin/timeout 30 /mnt/nfs/work1/brun/mmotwani/Defects4Java7/defects4j//framework/bin/defects4j test -t com.google.javascript.jscomp.CheckMissingReturnTest::testIssue779
Failing tests: 0
FAILED TEST:com.google.javascript.jscomp.ControlFlowAnalysisTest::testDeepNestedFinally
COUNT THESE===> Subject [_name=closure, _id=14, _ssrc=/src, _tsrc=/test, _sbin=/build/classes, _tbin=/build/test, _dependency=null] com.google.javascript.jscomp.ControlFlowAnalysisTest testDeepNestedFinally
TESTING : com.google.javascript.jscomp.ControlFlowAnalysisTest::testDeepNestedFinally
COMMAND:cd /home/mmotwani/mywork1dir/Defects4Java7/defects4j/SIMFIX_RQ2_40_5/closure/closure_14_buggy && /usr/bin/timeout 30 /mnt/nfs/work1/brun/mmotwani/Defects4Java7/defects4j//framework/bin/defects4j test -t com.google.javascript.jscomp.ControlFlowAnalysisTest::testDeepNestedFinally
  - com.google.javascript.jscomp.ControlFlowAnalysisTest::testDeepNestedFinally
Failing tests: 1
Running ant (run.dev.tests)................................................ OK
Running ant (compile.tests)................................................ OK
========
if(node.isBlock()&&parent!=null&&parent.isTry()&&NodeUtil.getCatchBlock(parent)==null&&!NodeUtil.isFunctionDeclaration(node)){
return ;
}

========
COMMAND:cd /home/mmotwani/mywork1dir/Defects4Java7/defects4j/SIMFIX_RQ2_40_5/closure/closure_14_buggy && /usr/bin/timeout 120 /mnt/nfs/work1/brun/mmotwani/Defects4Java7/defects4j//framework/bin/defects4j compile
FAILED TEST:com.google.javascript.jscomp.CheckMissingReturnTest::testIssue779
COUNT THESE===> Subject [_name=closure, _id=14, _ssrc=/src, _tsrc=/test, _sbin=/build/classes, _tbin=/build/test, _dependency=null] com.google.javascript.jscomp.CheckMissingReturnTest testIssue779
TESTING : com.google.javascript.jscomp.CheckMissingReturnTest::testIssue779
COMMAND:cd /home/mmotwani/mywork1dir/Defects4Java7/defects4j/SIMFIX_RQ2_40_5/closure/closure_14_buggy && /usr/bin/timeout 30 /mnt/nfs/work1/brun/mmotwani/Defects4Java7/defects4j//framework/bin/defects4j test -t com.google.javascript.jscomp.CheckMissingReturnTest::testIssue779
  - com.google.javascript.jscomp.CheckMissingReturnTest::testIssue779
Failing tests: 1
Running ant (run.dev.tests)................................................ OK
Running ant (compile.tests)................................................ OK
========
if(node.isBlock()&&parent!=null&&parent.isTry()&&NodeUtil.getCatchBlock(parent)!=null&&!NodeUtil.isFunctionDeclaration(node)){
return ;
}

========
COMMAND:cd /home/mmotwani/mywork1dir/Defects4Java7/defects4j/SIMFIX_RQ2_40_5/closure/closure_14_buggy && /usr/bin/timeout 120 /mnt/nfs/work1/brun/mmotwani/Defects4Java7/defects4j//framework/bin/defects4j compile
FAILED TEST:com.google.javascript.jscomp.CheckMissingReturnTest::testIssue779
COUNT THESE===> Subject [_name=closure, _id=14, _ssrc=/src, _tsrc=/test, _sbin=/build/classes, _tbin=/build/test, _dependency=null] com.google.javascript.jscomp.CheckMissingReturnTest testIssue779
TESTING : com.google.javascript.jscomp.CheckMissingReturnTest::testIssue779
COMMAND:cd /home/mmotwani/mywork1dir/Defects4Java7/defects4j/SIMFIX_RQ2_40_5/closure/closure_14_buggy && /usr/bin/timeout 30 /mnt/nfs/work1/brun/mmotwani/Defects4Java7/defects4j//framework/bin/defects4j test -t com.google.javascript.jscomp.CheckMissingReturnTest::testIssue779
Failing tests: 0
FAILED TEST:com.google.javascript.jscomp.ControlFlowAnalysisTest::testDeepNestedFinally
COUNT THESE===> Subject [_name=closure, _id=14, _ssrc=/src, _tsrc=/test, _sbin=/build/classes, _tbin=/build/test, _dependency=null] com.google.javascript.jscomp.ControlFlowAnalysisTest testDeepNestedFinally
TESTING : com.google.javascript.jscomp.ControlFlowAnalysisTest::testDeepNestedFinally
COMMAND:cd /home/mmotwani/mywork1dir/Defects4Java7/defects4j/SIMFIX_RQ2_40_5/closure/closure_14_buggy && /usr/bin/timeout 30 /mnt/nfs/work1/brun/mmotwani/Defects4Java7/defects4j//framework/bin/defects4j test -t com.google.javascript.jscomp.ControlFlowAnalysisTest::testDeepNestedFinally
  - com.google.javascript.jscomp.ControlFlowAnalysisTest::testDeepNestedFinally
Failing tests: 1
Running ant (run.dev.tests)................................................ OK
Running ant (compile.tests)................................................ OK
========
Preconditions.checkState(node.isName());
if(node.isBlock()&&parent!=null&&parent.isTry()&&NodeUtil.getCatchBlock(parent)==node&&!NodeUtil.hasCatchHandler(node)){
return ;
}

========
COMMAND:cd /home/mmotwani/mywork1dir/Defects4Java7/defects4j/SIMFIX_RQ2_40_5/closure/closure_14_buggy && /usr/bin/timeout 120 /mnt/nfs/work1/brun/mmotwani/Defects4Java7/defects4j//framework/bin/defects4j compile
FAILED TEST:com.google.javascript.jscomp.CheckMissingReturnTest::testIssue779
COUNT THESE===> Subject [_name=closure, _id=14, _ssrc=/src, _tsrc=/test, _sbin=/build/classes, _tbin=/build/test, _dependency=null] com.google.javascript.jscomp.CheckMissingReturnTest testIssue779
TESTING : com.google.javascript.jscomp.CheckMissingReturnTest::testIssue779
COMMAND:cd /home/mmotwani/mywork1dir/Defects4Java7/defects4j/SIMFIX_RQ2_40_5/closure/closure_14_buggy && /usr/bin/timeout 30 /mnt/nfs/work1/brun/mmotwani/Defects4Java7/defects4j//framework/bin/defects4j test -t com.google.javascript.jscomp.CheckMissingReturnTest::testIssue779
  - com.google.javascript.jscomp.CheckMissingReturnTest::testIssue779
Failing tests: 1
Running ant (run.dev.tests)................................................ OK
Running ant (compile.tests)................................................ OK
========
connectToPossibleExceptionHandler(node,node.getFirstChild());
if(node.isBlock()&&parent!=null&&parent.isTry()&&NodeUtil.getCatchBlock(parent)==node&&!NodeUtil.hasCatchHandler(node)){
return ;
}

========
COMMAND:cd /home/mmotwani/mywork1dir/Defects4Java7/defects4j/SIMFIX_RQ2_40_5/closure/closure_14_buggy && /usr/bin/timeout 120 /mnt/nfs/work1/brun/mmotwani/Defects4Java7/defects4j//framework/bin/defects4j compile
FAILED TEST:com.google.javascript.jscomp.CheckMissingReturnTest::testIssue779
COUNT THESE===> Subject [_name=closure, _id=14, _ssrc=/src, _tsrc=/test, _sbin=/build/classes, _tbin=/build/test, _dependency=null] com.google.javascript.jscomp.CheckMissingReturnTest testIssue779
TESTING : com.google.javascript.jscomp.CheckMissingReturnTest::testIssue779
COMMAND:cd /home/mmotwani/mywork1dir/Defects4Java7/defects4j/SIMFIX_RQ2_40_5/closure/closure_14_buggy && /usr/bin/timeout 30 /mnt/nfs/work1/brun/mmotwani/Defects4Java7/defects4j//framework/bin/defects4j test -t com.google.javascript.jscomp.CheckMissingReturnTest::testIssue779
  - com.google.javascript.jscomp.CheckMissingReturnTest::testIssue779
Failing tests: 1
Running ant (run.dev.tests)................................................ OK
Running ant (compile.tests)................................................ OK
========
if(node.isBlock()&&parent!=null&&parent.isTry()&&NodeUtil.getCatchBlock(parent)==node&&!node.isNew()){
return ;
}

========
COMMAND:cd /home/mmotwani/mywork1dir/Defects4Java7/defects4j/SIMFIX_RQ2_40_5/closure/closure_14_buggy && /usr/bin/timeout 120 /mnt/nfs/work1/brun/mmotwani/Defects4Java7/defects4j//framework/bin/defects4j compile
FAILED TEST:com.google.javascript.jscomp.CheckMissingReturnTest::testIssue779
COUNT THESE===> Subject [_name=closure, _id=14, _ssrc=/src, _tsrc=/test, _sbin=/build/classes, _tbin=/build/test, _dependency=null] com.google.javascript.jscomp.CheckMissingReturnTest testIssue779
TESTING : com.google.javascript.jscomp.CheckMissingReturnTest::testIssue779
COMMAND:cd /home/mmotwani/mywork1dir/Defects4Java7/defects4j/SIMFIX_RQ2_40_5/closure/closure_14_buggy && /usr/bin/timeout 30 /mnt/nfs/work1/brun/mmotwani/Defects4Java7/defects4j//framework/bin/defects4j test -t com.google.javascript.jscomp.CheckMissingReturnTest::testIssue779
  - com.google.javascript.jscomp.CheckMissingReturnTest::testIssue779
Failing tests: 1
Running ant (run.dev.tests)................................................ OK
Running ant (compile.tests)................................................ OK
========
if(parent!=null&&sibling.isString()&&!NodeUtil.hasCatchHandler(node)){
return ;
}

========
COMMAND:cd /home/mmotwani/mywork1dir/Defects4Java7/defects4j/SIMFIX_RQ2_40_5/closure/closure_14_buggy && /usr/bin/timeout 120 /mnt/nfs/work1/brun/mmotwani/Defects4Java7/defects4j//framework/bin/defects4j compile
========
if((parent.isName()||parent.isAssign())){
return ;
}

========
COMMAND:cd /home/mmotwani/mywork1dir/Defects4Java7/defects4j/SIMFIX_RQ2_40_5/closure/closure_14_buggy && /usr/bin/timeout 120 /mnt/nfs/work1/brun/mmotwani/Defects4Java7/defects4j//framework/bin/defects4j compile
FAILED TEST:com.google.javascript.jscomp.CheckMissingReturnTest::testIssue779
COUNT THESE===> Subject [_name=closure, _id=14, _ssrc=/src, _tsrc=/test, _sbin=/build/classes, _tbin=/build/test, _dependency=null] com.google.javascript.jscomp.CheckMissingReturnTest testIssue779
TESTING : com.google.javascript.jscomp.CheckMissingReturnTest::testIssue779
COMMAND:cd /home/mmotwani/mywork1dir/Defects4Java7/defects4j/SIMFIX_RQ2_40_5/closure/closure_14_buggy && /usr/bin/timeout 30 /mnt/nfs/work1/brun/mmotwani/Defects4Java7/defects4j//framework/bin/defects4j test -t com.google.javascript.jscomp.CheckMissingReturnTest::testIssue779
  - com.google.javascript.jscomp.CheckMissingReturnTest::testIssue779
Failing tests: 1
Running ant (run.dev.tests)................................................ OK
Running ant (compile.tests)................................................ OK
========
if(node.isBlock()&&parent!=null&&parent.isAssign()&&NodeUtil.getCatchBlock(parent)==node&&!NodeUtil.hasCatchHandler(node)){
return ;
}

========
COMMAND:cd /home/mmotwani/mywork1dir/Defects4Java7/defects4j/SIMFIX_RQ2_40_5/closure/closure_14_buggy && /usr/bin/timeout 120 /mnt/nfs/work1/brun/mmotwani/Defects4Java7/defects4j//framework/bin/defects4j compile
FAILED TEST:com.google.javascript.jscomp.CheckMissingReturnTest::testIssue779
COUNT THESE===> Subject [_name=closure, _id=14, _ssrc=/src, _tsrc=/test, _sbin=/build/classes, _tbin=/build/test, _dependency=null] com.google.javascript.jscomp.CheckMissingReturnTest testIssue779
TESTING : com.google.javascript.jscomp.CheckMissingReturnTest::testIssue779
COMMAND:cd /home/mmotwani/mywork1dir/Defects4Java7/defects4j/SIMFIX_RQ2_40_5/closure/closure_14_buggy && /usr/bin/timeout 30 /mnt/nfs/work1/brun/mmotwani/Defects4Java7/defects4j//framework/bin/defects4j test -t com.google.javascript.jscomp.CheckMissingReturnTest::testIssue779
  - com.google.javascript.jscomp.CheckMissingReturnTest::testIssue779
Failing tests: 1
Running ant (run.dev.tests)................................................ OK
Running ant (compile.tests)................................................ OK
========
if(node.isBlock()&&parent!=null&&parent.isTry()&&NodeUtil.getCatchBlock(parent)==node&&!parent.isFunction()){
return ;
}

========
COMMAND:cd /home/mmotwani/mywork1dir/Defects4Java7/defects4j/SIMFIX_RQ2_40_5/closure/closure_14_buggy && /usr/bin/timeout 120 /mnt/nfs/work1/brun/mmotwani/Defects4Java7/defects4j//framework/bin/defects4j compile
FAILED TEST:com.google.javascript.jscomp.CheckMissingReturnTest::testIssue779
COUNT THESE===> Subject [_name=closure, _id=14, _ssrc=/src, _tsrc=/test, _sbin=/build/classes, _tbin=/build/test, _dependency=null] com.google.javascript.jscomp.CheckMissingReturnTest testIssue779
TESTING : com.google.javascript.jscomp.CheckMissingReturnTest::testIssue779
COMMAND:cd /home/mmotwani/mywork1dir/Defects4Java7/defects4j/SIMFIX_RQ2_40_5/closure/closure_14_buggy && /usr/bin/timeout 30 /mnt/nfs/work1/brun/mmotwani/Defects4Java7/defects4j//framework/bin/defects4j test -t com.google.javascript.jscomp.CheckMissingReturnTest::testIssue779
  - com.google.javascript.jscomp.CheckMissingReturnTest::testIssue779
Failing tests: 1
Running ant (run.dev.tests)................................................ OK
Running ant (compile.tests)................................................ OK
========
Preconditions.checkArgument(node.isGetProp());
if(node.isBlock()&&parent!=null&&parent.isTry()&&NodeUtil.getCatchBlock(parent)==node&&!NodeUtil.hasCatchHandler(node)){
return ;
}

========
COMMAND:cd /home/mmotwani/mywork1dir/Defects4Java7/defects4j/SIMFIX_RQ2_40_5/closure/closure_14_buggy && /usr/bin/timeout 120 /mnt/nfs/work1/brun/mmotwani/Defects4Java7/defects4j//framework/bin/defects4j compile
FAILED TEST:com.google.javascript.jscomp.CheckMissingReturnTest::testIssue779
COUNT THESE===> Subject [_name=closure, _id=14, _ssrc=/src, _tsrc=/test, _sbin=/build/classes, _tbin=/build/test, _dependency=null] com.google.javascript.jscomp.CheckMissingReturnTest testIssue779
TESTING : com.google.javascript.jscomp.CheckMissingReturnTest::testIssue779
COMMAND:cd /home/mmotwani/mywork1dir/Defects4Java7/defects4j/SIMFIX_RQ2_40_5/closure/closure_14_buggy && /usr/bin/timeout 30 /mnt/nfs/work1/brun/mmotwani/Defects4Java7/defects4j//framework/bin/defects4j test -t com.google.javascript.jscomp.CheckMissingReturnTest::testIssue779
  - com.google.javascript.jscomp.CheckMissingReturnTest::testIssue779
Failing tests: 1
Running ant (run.dev.tests)................................................ OK
Running ant (compile.tests)................................................ OK
========
if(node.isBlock()&&parent!=null&&parent.isTry()&&NodeUtil.getCatchBlock(parent)==node&&!NodeUtil.functionCallHasSideEffects(node,compiler)){
return ;
}

========
COMMAND:cd /home/mmotwani/mywork1dir/Defects4Java7/defects4j/SIMFIX_RQ2_40_5/closure/closure_14_buggy && /usr/bin/timeout 120 /mnt/nfs/work1/brun/mmotwani/Defects4Java7/defects4j//framework/bin/defects4j compile
FAILED TEST:com.google.javascript.jscomp.CheckMissingReturnTest::testIssue779
COUNT THESE===> Subject [_name=closure, _id=14, _ssrc=/src, _tsrc=/test, _sbin=/build/classes, _tbin=/build/test, _dependency=null] com.google.javascript.jscomp.CheckMissingReturnTest testIssue779
TESTING : com.google.javascript.jscomp.CheckMissingReturnTest::testIssue779
COMMAND:cd /home/mmotwani/mywork1dir/Defects4Java7/defects4j/SIMFIX_RQ2_40_5/closure/closure_14_buggy && /usr/bin/timeout 30 /mnt/nfs/work1/brun/mmotwani/Defects4Java7/defects4j//framework/bin/defects4j test -t com.google.javascript.jscomp.CheckMissingReturnTest::testIssue779
  - com.google.javascript.jscomp.CheckMissingReturnTest::testIssue779
Failing tests: 1
Running ant (run.dev.tests)................................................ OK
Running ant (compile.tests)................................................ OK
========
if(node.isNew()&&!NodeUtil.constructorCallHasSideEffects(node)){
return ;
}
if(node.isBlock()&&parent!=null&&parent.isTry()&&NodeUtil.getCatchBlock(parent)==node&&!NodeUtil.hasCatchHandler(node)){
return ;
}

========
COMMAND:cd /home/mmotwani/mywork1dir/Defects4Java7/defects4j/SIMFIX_RQ2_40_5/closure/closure_14_buggy && /usr/bin/timeout 120 /mnt/nfs/work1/brun/mmotwani/Defects4Java7/defects4j//framework/bin/defects4j compile
FAILED TEST:com.google.javascript.jscomp.CheckMissingReturnTest::testIssue779
COUNT THESE===> Subject [_name=closure, _id=14, _ssrc=/src, _tsrc=/test, _sbin=/build/classes, _tbin=/build/test, _dependency=null] com.google.javascript.jscomp.CheckMissingReturnTest testIssue779
TESTING : com.google.javascript.jscomp.CheckMissingReturnTest::testIssue779
COMMAND:cd /home/mmotwani/mywork1dir/Defects4Java7/defects4j/SIMFIX_RQ2_40_5/closure/closure_14_buggy && /usr/bin/timeout 30 /mnt/nfs/work1/brun/mmotwani/Defects4Java7/defects4j//framework/bin/defects4j test -t com.google.javascript.jscomp.CheckMissingReturnTest::testIssue779
  - com.google.javascript.jscomp.CheckMissingReturnTest::testIssue779
Failing tests: 1
Running ant (run.dev.tests)................................................ OK
Running ant (compile.tests)................................................ OK
========
if(node.isNew()&&!NodeUtil.constructorCallHasSideEffects(node)){
return ;
}
if(node.isBlock()&&parent!=null&&parent.isTry()&&NodeUtil.getCatchBlock(parent)==node&&!NodeUtil.functionCallHasSideEffects(node,compiler)){
return ;
}

========
COMMAND:cd /home/mmotwani/mywork1dir/Defects4Java7/defects4j/SIMFIX_RQ2_40_5/closure/closure_14_buggy && /usr/bin/timeout 120 /mnt/nfs/work1/brun/mmotwani/Defects4Java7/defects4j//framework/bin/defects4j compile
FAILED TEST:com.google.javascript.jscomp.CheckMissingReturnTest::testIssue779
COUNT THESE===> Subject [_name=closure, _id=14, _ssrc=/src, _tsrc=/test, _sbin=/build/classes, _tbin=/build/test, _dependency=null] com.google.javascript.jscomp.CheckMissingReturnTest testIssue779
TESTING : com.google.javascript.jscomp.CheckMissingReturnTest::testIssue779
COMMAND:cd /home/mmotwani/mywork1dir/Defects4Java7/defects4j/SIMFIX_RQ2_40_5/closure/closure_14_buggy && /usr/bin/timeout 30 /mnt/nfs/work1/brun/mmotwani/Defects4Java7/defects4j//framework/bin/defects4j test -t com.google.javascript.jscomp.CheckMissingReturnTest::testIssue779
  - com.google.javascript.jscomp.CheckMissingReturnTest::testIssue779
Failing tests: 1
Running ant (run.dev.tests)................................................ OK
Running ant (compile.tests)................................................ OK
========
if(node.isBlock()&&parent!=null&&parent.isTry()&&NodeUtil.getCatchBlock(parent)==node&&!parent.isExprResult()){
return ;
}

========
COMMAND:cd /home/mmotwani/mywork1dir/Defects4Java7/defects4j/SIMFIX_RQ2_40_5/closure/closure_14_buggy && /usr/bin/timeout 120 /mnt/nfs/work1/brun/mmotwani/Defects4Java7/defects4j//framework/bin/defects4j compile
FAILED TEST:com.google.javascript.jscomp.CheckMissingReturnTest::testIssue779
COUNT THESE===> Subject [_name=closure, _id=14, _ssrc=/src, _tsrc=/test, _sbin=/build/classes, _tbin=/build/test, _dependency=null] com.google.javascript.jscomp.CheckMissingReturnTest testIssue779
TESTING : com.google.javascript.jscomp.CheckMissingReturnTest::testIssue779
COMMAND:cd /home/mmotwani/mywork1dir/Defects4Java7/defects4j/SIMFIX_RQ2_40_5/closure/closure_14_buggy && /usr/bin/timeout 30 /mnt/nfs/work1/brun/mmotwani/Defects4Java7/defects4j//framework/bin/defects4j test -t com.google.javascript.jscomp.CheckMissingReturnTest::testIssue779
  - com.google.javascript.jscomp.CheckMissingReturnTest::testIssue779
Failing tests: 1
Running ant (run.dev.tests)................................................ OK
Running ant (compile.tests)................................................ OK
========
if((node.getFirstChild()==null)||!functionNode.isFunction()){
return false;
}
if(node.isBlock()&&parent!=null&&parent.isTry()&&NodeUtil.getCatchBlock(parent)==node&&!NodeUtil.hasCatchHandler(node)){
return ;
}

========
COMMAND:cd /home/mmotwani/mywork1dir/Defects4Java7/defects4j/SIMFIX_RQ2_40_5/closure/closure_14_buggy && /usr/bin/timeout 120 /mnt/nfs/work1/brun/mmotwani/Defects4Java7/defects4j//framework/bin/defects4j compile
========
Preconditions.checkNotNull(node);
if(node.isBlock()&&parent!=null&&parent.isTry()&&NodeUtil.getCatchBlock(parent)==node&&!NodeUtil.hasCatchHandler(node)){
return ;
}

========
COMMAND:cd /home/mmotwani/mywork1dir/Defects4Java7/defects4j/SIMFIX_RQ2_40_5/closure/closure_14_buggy && /usr/bin/timeout 120 /mnt/nfs/work1/brun/mmotwani/Defects4Java7/defects4j//framework/bin/defects4j compile
FAILED TEST:com.google.javascript.jscomp.CheckMissingReturnTest::testIssue779
COUNT THESE===> Subject [_name=closure, _id=14, _ssrc=/src, _tsrc=/test, _sbin=/build/classes, _tbin=/build/test, _dependency=null] com.google.javascript.jscomp.CheckMissingReturnTest testIssue779
TESTING : com.google.javascript.jscomp.CheckMissingReturnTest::testIssue779
COMMAND:cd /home/mmotwani/mywork1dir/Defects4Java7/defects4j/SIMFIX_RQ2_40_5/closure/closure_14_buggy && /usr/bin/timeout 30 /mnt/nfs/work1/brun/mmotwani/Defects4Java7/defects4j//framework/bin/defects4j test -t com.google.javascript.jscomp.CheckMissingReturnTest::testIssue779
  - com.google.javascript.jscomp.CheckMissingReturnTest::testIssue779
Failing tests: 1
Running ant (run.dev.tests)................................................ OK
Running ant (compile.tests)................................................ OK
========
if(node.isBlock()&&parent!=null&&parent.isTry()&&NodeUtil.getCatchBlock(parent)==node&&(parent.getJSType() instanceof EnumType)){
return ;
}

========
COMMAND:cd /home/mmotwani/mywork1dir/Defects4Java7/defects4j/SIMFIX_RQ2_40_5/closure/closure_14_buggy && /usr/bin/timeout 120 /mnt/nfs/work1/brun/mmotwani/Defects4Java7/defects4j//framework/bin/defects4j compile
========
if(node.isBlock()&&parent!=null&&parent.isTry()&&NodeUtil.getCatchBlock(parent)==node&&NodeUtil.isGet(node)&&!parent.isGetProp()){
return ;
}

========
COMMAND:cd /home/mmotwani/mywork1dir/Defects4Java7/defects4j/SIMFIX_RQ2_40_5/closure/closure_14_buggy && /usr/bin/timeout 120 /mnt/nfs/work1/brun/mmotwani/Defects4Java7/defects4j//framework/bin/defects4j compile
FAILED TEST:com.google.javascript.jscomp.CheckMissingReturnTest::testIssue779
COUNT THESE===> Subject [_name=closure, _id=14, _ssrc=/src, _tsrc=/test, _sbin=/build/classes, _tbin=/build/test, _dependency=null] com.google.javascript.jscomp.CheckMissingReturnTest testIssue779
TESTING : com.google.javascript.jscomp.CheckMissingReturnTest::testIssue779
COMMAND:cd /home/mmotwani/mywork1dir/Defects4Java7/defects4j/SIMFIX_RQ2_40_5/closure/closure_14_buggy && /usr/bin/timeout 30 /mnt/nfs/work1/brun/mmotwani/Defects4Java7/defects4j//framework/bin/defects4j test -t com.google.javascript.jscomp.CheckMissingReturnTest::testIssue779
  - com.google.javascript.jscomp.CheckMissingReturnTest::testIssue779
Failing tests: 1
Running ant (run.dev.tests)................................................ OK
Running ant (compile.tests)................................................ OK
========
if(node.isBlock()&&parent!=null&&parent.isTry()&&NodeUtil.getCatchBlock(parent)==node&&(parent.isNew()&&shouldTraverseFunctions)){
return ;
}

========
COMMAND:cd /home/mmotwani/mywork1dir/Defects4Java7/defects4j/SIMFIX_RQ2_40_5/closure/closure_14_buggy && /usr/bin/timeout 120 /mnt/nfs/work1/brun/mmotwani/Defects4Java7/defects4j//framework/bin/defects4j compile
FAILED TEST:com.google.javascript.jscomp.CheckMissingReturnTest::testIssue779
COUNT THESE===> Subject [_name=closure, _id=14, _ssrc=/src, _tsrc=/test, _sbin=/build/classes, _tbin=/build/test, _dependency=null] com.google.javascript.jscomp.CheckMissingReturnTest testIssue779
TESTING : com.google.javascript.jscomp.CheckMissingReturnTest::testIssue779
COMMAND:cd /home/mmotwani/mywork1dir/Defects4Java7/defects4j/SIMFIX_RQ2_40_5/closure/closure_14_buggy && /usr/bin/timeout 30 /mnt/nfs/work1/brun/mmotwani/Defects4Java7/defects4j//framework/bin/defects4j test -t com.google.javascript.jscomp.CheckMissingReturnTest::testIssue779
  - com.google.javascript.jscomp.CheckMissingReturnTest::testIssue779
Failing tests: 1
Running ant (run.dev.tests)................................................ OK
Running ant (compile.tests)................................................ OK
========
Preconditions.checkState(root!=null);
if(node.isBlock()&&parent!=null&&parent.isTry()&&NodeUtil.getCatchBlock(parent)==node&&!NodeUtil.hasCatchHandler(node)){
return ;
}

========
COMMAND:cd /home/mmotwani/mywork1dir/Defects4Java7/defects4j/SIMFIX_RQ2_40_5/closure/closure_14_buggy && /usr/bin/timeout 120 /mnt/nfs/work1/brun/mmotwani/Defects4Java7/defects4j//framework/bin/defects4j compile
FAILED TEST:com.google.javascript.jscomp.CheckMissingReturnTest::testIssue779
COUNT THESE===> Subject [_name=closure, _id=14, _ssrc=/src, _tsrc=/test, _sbin=/build/classes, _tbin=/build/test, _dependency=null] com.google.javascript.jscomp.CheckMissingReturnTest testIssue779
TESTING : com.google.javascript.jscomp.CheckMissingReturnTest::testIssue779
COMMAND:cd /home/mmotwani/mywork1dir/Defects4Java7/defects4j/SIMFIX_RQ2_40_5/closure/closure_14_buggy && /usr/bin/timeout 30 /mnt/nfs/work1/brun/mmotwani/Defects4Java7/defects4j//framework/bin/defects4j test -t com.google.javascript.jscomp.CheckMissingReturnTest::testIssue779
  - com.google.javascript.jscomp.CheckMissingReturnTest::testIssue779
Failing tests: 1
Running ant (run.dev.tests)................................................ OK
Running ant (compile.tests)................................................ OK
========
exceptionHandler.push(node);
if(node.isBlock()&&parent!=null&&parent.isTry()&&NodeUtil.getCatchBlock(parent)==node&&!NodeUtil.hasCatchHandler(node)){
return ;
}

========
COMMAND:cd /home/mmotwani/mywork1dir/Defects4Java7/defects4j/SIMFIX_RQ2_40_5/closure/closure_14_buggy && /usr/bin/timeout 120 /mnt/nfs/work1/brun/mmotwani/Defects4Java7/defects4j//framework/bin/defects4j compile
FAILED TEST:com.google.javascript.jscomp.CheckMissingReturnTest::testIssue779
COUNT THESE===> Subject [_name=closure, _id=14, _ssrc=/src, _tsrc=/test, _sbin=/build/classes, _tbin=/build/test, _dependency=null] com.google.javascript.jscomp.CheckMissingReturnTest testIssue779
TESTING : com.google.javascript.jscomp.CheckMissingReturnTest::testIssue779
COMMAND:cd /home/mmotwani/mywork1dir/Defects4Java7/defects4j/SIMFIX_RQ2_40_5/closure/closure_14_buggy && /usr/bin/timeout 30 /mnt/nfs/work1/brun/mmotwani/Defects4Java7/defects4j//framework/bin/defects4j test -t com.google.javascript.jscomp.CheckMissingReturnTest::testIssue779
  - com.google.javascript.jscomp.CheckMissingReturnTest::testIssue779
Failing tests: 1
Running ant (run.dev.tests)................................................ OK
Running ant (compile.tests)................................................ OK
========
Preconditions.checkState(root!=null);
exceptionHandler.push(node);
if(node.isBlock()&&parent!=null&&parent.isTry()&&NodeUtil.getCatchBlock(parent)==node&&!NodeUtil.hasCatchHandler(node)){
return ;
}

========
COMMAND:cd /home/mmotwani/mywork1dir/Defects4Java7/defects4j/SIMFIX_RQ2_40_5/closure/closure_14_buggy && /usr/bin/timeout 120 /mnt/nfs/work1/brun/mmotwani/Defects4Java7/defects4j//framework/bin/defects4j compile
FAILED TEST:com.google.javascript.jscomp.CheckMissingReturnTest::testIssue779
COUNT THESE===> Subject [_name=closure, _id=14, _ssrc=/src, _tsrc=/test, _sbin=/build/classes, _tbin=/build/test, _dependency=null] com.google.javascript.jscomp.CheckMissingReturnTest testIssue779
TESTING : com.google.javascript.jscomp.CheckMissingReturnTest::testIssue779
COMMAND:cd /home/mmotwani/mywork1dir/Defects4Java7/defects4j/SIMFIX_RQ2_40_5/closure/closure_14_buggy && /usr/bin/timeout 30 /mnt/nfs/work1/brun/mmotwani/Defects4Java7/defects4j//framework/bin/defects4j test -t com.google.javascript.jscomp.CheckMissingReturnTest::testIssue779
  - com.google.javascript.jscomp.CheckMissingReturnTest::testIssue779
Failing tests: 1
Running ant (run.dev.tests)................................................ OK
Running ant (compile.tests)................................................ OK
========
if(node.isBlock()&&parent!=null&&parent.isTry()&&NodeUtil.getCatchBlock(parent)==node&&!NodeUtil.mayHaveSideEffects(node.getFirstChild())){
return ;
}

========
COMMAND:cd /home/mmotwani/mywork1dir/Defects4Java7/defects4j/SIMFIX_RQ2_40_5/closure/closure_14_buggy && /usr/bin/timeout 120 /mnt/nfs/work1/brun/mmotwani/Defects4Java7/defects4j//framework/bin/defects4j compile
FAILED TEST:com.google.javascript.jscomp.CheckMissingReturnTest::testIssue779
COUNT THESE===> Subject [_name=closure, _id=14, _ssrc=/src, _tsrc=/test, _sbin=/build/classes, _tbin=/build/test, _dependency=null] com.google.javascript.jscomp.CheckMissingReturnTest testIssue779
TESTING : com.google.javascript.jscomp.CheckMissingReturnTest::testIssue779
COMMAND:cd /home/mmotwani/mywork1dir/Defects4Java7/defects4j/SIMFIX_RQ2_40_5/closure/closure_14_buggy && /usr/bin/timeout 30 /mnt/nfs/work1/brun/mmotwani/Defects4Java7/defects4j//framework/bin/defects4j test -t com.google.javascript.jscomp.CheckMissingReturnTest::testIssue779
  - com.google.javascript.jscomp.CheckMissingReturnTest::testIssue779
Failing tests: 1
Running ant (run.dev.tests)................................................ OK
Running ant (compile.tests)................................................ OK
========
if(node.isBlock()&&parent!=null&&parent.isTry()&&NodeUtil.getCatchBlock(parent)==node&&!mayHaveSideEffects(parent)){
return ;
}

========
COMMAND:cd /home/mmotwani/mywork1dir/Defects4Java7/defects4j/SIMFIX_RQ2_40_5/closure/closure_14_buggy && /usr/bin/timeout 120 /mnt/nfs/work1/brun/mmotwani/Defects4Java7/defects4j//framework/bin/defects4j compile
========
if(node.isBlock()&&parent!=null&&parent.isTry()&&NodeUtil.getCatchBlock(parent)==node&&shouldTraverseFunctions){
return ;
}

========
COMMAND:cd /home/mmotwani/mywork1dir/Defects4Java7/defects4j/SIMFIX_RQ2_40_5/closure/closure_14_buggy && /usr/bin/timeout 120 /mnt/nfs/work1/brun/mmotwani/Defects4Java7/defects4j//framework/bin/defects4j compile
FAILED TEST:com.google.javascript.jscomp.CheckMissingReturnTest::testIssue779
COUNT THESE===> Subject [_name=closure, _id=14, _ssrc=/src, _tsrc=/test, _sbin=/build/classes, _tbin=/build/test, _dependency=null] com.google.javascript.jscomp.CheckMissingReturnTest testIssue779
TESTING : com.google.javascript.jscomp.CheckMissingReturnTest::testIssue779
COMMAND:cd /home/mmotwani/mywork1dir/Defects4Java7/defects4j/SIMFIX_RQ2_40_5/closure/closure_14_buggy && /usr/bin/timeout 30 /mnt/nfs/work1/brun/mmotwani/Defects4Java7/defects4j//framework/bin/defects4j test -t com.google.javascript.jscomp.CheckMissingReturnTest::testIssue779
  - com.google.javascript.jscomp.CheckMissingReturnTest::testIssue779
Failing tests: 1
Running ant (run.dev.tests)................................................ OK
Running ant (compile.tests)................................................ OK
========
if(node.isCall()&&n.getChildCount()==2&&"require".equals(n.getFirstChild().getQualifiedName())&&!NodeUtil.hasCatchHandler(node)){
return ;
}

========
COMMAND:cd /home/mmotwani/mywork1dir/Defects4Java7/defects4j/SIMFIX_RQ2_40_5/closure/closure_14_buggy && /usr/bin/timeout 120 /mnt/nfs/work1/brun/mmotwani/Defects4Java7/defects4j//framework/bin/defects4j compile
========
if(node.isCall()&&n.getChildCount()==2&&NodeUtil.getCatchBlock(parent)==node&&!NodeUtil.hasCatchHandler(node)){
return ;
}

========
COMMAND:cd /home/mmotwani/mywork1dir/Defects4Java7/defects4j/SIMFIX_RQ2_40_5/closure/closure_14_buggy && /usr/bin/timeout 120 /mnt/nfs/work1/brun/mmotwani/Defects4Java7/defects4j//framework/bin/defects4j compile
========
if(node.isBlock()&&parent!=null&&parent.isTry()&&NodeUtil.getCatchBlock(parent)==node&&!jsdocContainsDeclarations(node)){
return ;
}

========
COMMAND:cd /home/mmotwani/mywork1dir/Defects4Java7/defects4j/SIMFIX_RQ2_40_5/closure/closure_14_buggy && /usr/bin/timeout 120 /mnt/nfs/work1/brun/mmotwani/Defects4Java7/defects4j//framework/bin/defects4j compile
========
if(node.isBlock()&&parent!=null&&parent.isTry()&&NodeUtil.getCatchBlock(parent)==node&&!node.isExprResult()){
return ;
}

========
COMMAND:cd /home/mmotwani/mywork1dir/Defects4Java7/defects4j/SIMFIX_RQ2_40_5/closure/closure_14_buggy && /usr/bin/timeout 120 /mnt/nfs/work1/brun/mmotwani/Defects4Java7/defects4j//framework/bin/defects4j compile
FAILED TEST:com.google.javascript.jscomp.CheckMissingReturnTest::testIssue779
COUNT THESE===> Subject [_name=closure, _id=14, _ssrc=/src, _tsrc=/test, _sbin=/build/classes, _tbin=/build/test, _dependency=null] com.google.javascript.jscomp.CheckMissingReturnTest testIssue779
TESTING : com.google.javascript.jscomp.CheckMissingReturnTest::testIssue779
COMMAND:cd /home/mmotwani/mywork1dir/Defects4Java7/defects4j/SIMFIX_RQ2_40_5/closure/closure_14_buggy && /usr/bin/timeout 30 /mnt/nfs/work1/brun/mmotwani/Defects4Java7/defects4j//framework/bin/defects4j test -t com.google.javascript.jscomp.CheckMissingReturnTest::testIssue779
  - com.google.javascript.jscomp.CheckMissingReturnTest::testIssue779
Failing tests: 1
Running ant (run.dev.tests)................................................ OK
Running ant (compile.tests)................................................ OK
========
Preconditions.checkArgument(node.isExprResult()||node.isFunction());
if(node.isBlock()&&parent!=null&&parent.isTry()&&NodeUtil.getCatchBlock(parent)==node&&!NodeUtil.hasCatchHandler(node)){
return ;
}

========
COMMAND:cd /home/mmotwani/mywork1dir/Defects4Java7/defects4j/SIMFIX_RQ2_40_5/closure/closure_14_buggy && /usr/bin/timeout 120 /mnt/nfs/work1/brun/mmotwani/Defects4Java7/defects4j//framework/bin/defects4j compile
FAILED TEST:com.google.javascript.jscomp.CheckMissingReturnTest::testIssue779
COUNT THESE===> Subject [_name=closure, _id=14, _ssrc=/src, _tsrc=/test, _sbin=/build/classes, _tbin=/build/test, _dependency=null] com.google.javascript.jscomp.CheckMissingReturnTest testIssue779
TESTING : com.google.javascript.jscomp.CheckMissingReturnTest::testIssue779
COMMAND:cd /home/mmotwani/mywork1dir/Defects4Java7/defects4j/SIMFIX_RQ2_40_5/closure/closure_14_buggy && /usr/bin/timeout 30 /mnt/nfs/work1/brun/mmotwani/Defects4Java7/defects4j//framework/bin/defects4j test -t com.google.javascript.jscomp.CheckMissingReturnTest::testIssue779
  - com.google.javascript.jscomp.CheckMissingReturnTest::testIssue779
Failing tests: 1
Running ant (run.dev.tests)................................................ OK
Running ant (compile.tests)................................................ OK
========
Preconditions.checkArgument(parent!=node);
if(node.isBlock()&&parent!=null&&parent.isTry()&&NodeUtil.getCatchBlock(parent)==node&&!NodeUtil.hasCatchHandler(node)){
return ;
}

========
COMMAND:cd /home/mmotwani/mywork1dir/Defects4Java7/defects4j/SIMFIX_RQ2_40_5/closure/closure_14_buggy && /usr/bin/timeout 120 /mnt/nfs/work1/brun/mmotwani/Defects4Java7/defects4j//framework/bin/defects4j compile
FAILED TEST:com.google.javascript.jscomp.CheckMissingReturnTest::testIssue779
COUNT THESE===> Subject [_name=closure, _id=14, _ssrc=/src, _tsrc=/test, _sbin=/build/classes, _tbin=/build/test, _dependency=null] com.google.javascript.jscomp.CheckMissingReturnTest testIssue779
TESTING : com.google.javascript.jscomp.CheckMissingReturnTest::testIssue779
COMMAND:cd /home/mmotwani/mywork1dir/Defects4Java7/defects4j/SIMFIX_RQ2_40_5/closure/closure_14_buggy && /usr/bin/timeout 30 /mnt/nfs/work1/brun/mmotwani/Defects4Java7/defects4j//framework/bin/defects4j test -t com.google.javascript.jscomp.CheckMissingReturnTest::testIssue779
  - com.google.javascript.jscomp.CheckMissingReturnTest::testIssue779
Failing tests: 1
Running ant (run.dev.tests)................................................ OK
Running ant (compile.tests)................................................ OK
========
Preconditions.checkArgument(node.isExprResult()||node.isFunction());
if(node.isBlock()&&parent!=null&&parent.isTry()&&NodeUtil.getCatchBlock(parent)==node&&!node.isExprResult()){
return ;
}

========
COMMAND:cd /home/mmotwani/mywork1dir/Defects4Java7/defects4j/SIMFIX_RQ2_40_5/closure/closure_14_buggy && /usr/bin/timeout 120 /mnt/nfs/work1/brun/mmotwani/Defects4Java7/defects4j//framework/bin/defects4j compile
FAILED TEST:com.google.javascript.jscomp.CheckMissingReturnTest::testIssue779
COUNT THESE===> Subject [_name=closure, _id=14, _ssrc=/src, _tsrc=/test, _sbin=/build/classes, _tbin=/build/test, _dependency=null] com.google.javascript.jscomp.CheckMissingReturnTest testIssue779
TESTING : com.google.javascript.jscomp.CheckMissingReturnTest::testIssue779
COMMAND:cd /home/mmotwani/mywork1dir/Defects4Java7/defects4j/SIMFIX_RQ2_40_5/closure/closure_14_buggy && /usr/bin/timeout 30 /mnt/nfs/work1/brun/mmotwani/Defects4Java7/defects4j//framework/bin/defects4j test -t com.google.javascript.jscomp.CheckMissingReturnTest::testIssue779
  - com.google.javascript.jscomp.CheckMissingReturnTest::testIssue779
Failing tests: 1
Running ant (run.dev.tests)................................................ OK
Running ant (compile.tests)................................................ OK
========
Preconditions.checkArgument(parent!=node);
if(node.isBlock()&&parent!=null&&parent.isTry()&&NodeUtil.getCatchBlock(parent)==node&&!node.isExprResult()){
return ;
}

========
COMMAND:cd /home/mmotwani/mywork1dir/Defects4Java7/defects4j/SIMFIX_RQ2_40_5/closure/closure_14_buggy && /usr/bin/timeout 120 /mnt/nfs/work1/brun/mmotwani/Defects4Java7/defects4j//framework/bin/defects4j compile
FAILED TEST:com.google.javascript.jscomp.CheckMissingReturnTest::testIssue779
COUNT THESE===> Subject [_name=closure, _id=14, _ssrc=/src, _tsrc=/test, _sbin=/build/classes, _tbin=/build/test, _dependency=null] com.google.javascript.jscomp.CheckMissingReturnTest testIssue779
TESTING : com.google.javascript.jscomp.CheckMissingReturnTest::testIssue779
COMMAND:cd /home/mmotwani/mywork1dir/Defects4Java7/defects4j/SIMFIX_RQ2_40_5/closure/closure_14_buggy && /usr/bin/timeout 30 /mnt/nfs/work1/brun/mmotwani/Defects4Java7/defects4j//framework/bin/defects4j test -t com.google.javascript.jscomp.CheckMissingReturnTest::testIssue779
  - com.google.javascript.jscomp.CheckMissingReturnTest::testIssue779
Failing tests: 1
Running ant (run.dev.tests)................................................ OK
Running ant (compile.tests)................................................ OK
========
Preconditions.checkArgument(node.isExprResult()||node.isFunction());
Preconditions.checkArgument(parent!=node);
if(node.isBlock()&&parent!=null&&parent.isTry()&&NodeUtil.getCatchBlock(parent)==node&&!NodeUtil.hasCatchHandler(node)){
return ;
}

========
COMMAND:cd /home/mmotwani/mywork1dir/Defects4Java7/defects4j/SIMFIX_RQ2_40_5/closure/closure_14_buggy && /usr/bin/timeout 120 /mnt/nfs/work1/brun/mmotwani/Defects4Java7/defects4j//framework/bin/defects4j compile
FAILED TEST:com.google.javascript.jscomp.CheckMissingReturnTest::testIssue779
COUNT THESE===> Subject [_name=closure, _id=14, _ssrc=/src, _tsrc=/test, _sbin=/build/classes, _tbin=/build/test, _dependency=null] com.google.javascript.jscomp.CheckMissingReturnTest testIssue779
TESTING : com.google.javascript.jscomp.CheckMissingReturnTest::testIssue779
COMMAND:cd /home/mmotwani/mywork1dir/Defects4Java7/defects4j/SIMFIX_RQ2_40_5/closure/closure_14_buggy && /usr/bin/timeout 30 /mnt/nfs/work1/brun/mmotwani/Defects4Java7/defects4j//framework/bin/defects4j test -t com.google.javascript.jscomp.CheckMissingReturnTest::testIssue779
  - com.google.javascript.jscomp.CheckMissingReturnTest::testIssue779
Failing tests: 1
Running ant (run.dev.tests)................................................ OK
Running ant (compile.tests)................................................ OK
========
Preconditions.checkArgument(node.isExprResult()||node.isFunction());
Preconditions.checkArgument(parent!=node);
if(node.isBlock()&&parent!=null&&parent.isTry()&&NodeUtil.getCatchBlock(parent)==node&&!node.isExprResult()){
return ;
}

========
COMMAND:cd /home/mmotwani/mywork1dir/Defects4Java7/defects4j/SIMFIX_RQ2_40_5/closure/closure_14_buggy && /usr/bin/timeout 120 /mnt/nfs/work1/brun/mmotwani/Defects4Java7/defects4j//framework/bin/defects4j compile
FAILED TEST:com.google.javascript.jscomp.CheckMissingReturnTest::testIssue779
COUNT THESE===> Subject [_name=closure, _id=14, _ssrc=/src, _tsrc=/test, _sbin=/build/classes, _tbin=/build/test, _dependency=null] com.google.javascript.jscomp.CheckMissingReturnTest testIssue779
TESTING : com.google.javascript.jscomp.CheckMissingReturnTest::testIssue779
COMMAND:cd /home/mmotwani/mywork1dir/Defects4Java7/defects4j/SIMFIX_RQ2_40_5/closure/closure_14_buggy && /usr/bin/timeout 30 /mnt/nfs/work1/brun/mmotwani/Defects4Java7/defects4j//framework/bin/defects4j test -t com.google.javascript.jscomp.CheckMissingReturnTest::testIssue779
  - com.google.javascript.jscomp.CheckMissingReturnTest::testIssue779
Failing tests: 1
Running ant (run.dev.tests)................................................ OK
Running ant (compile.tests)................................................ OK
========
if(node.isBlock()&&parent!=null&&parent.isTry()&&NodeUtil.getCatchBlock(parent)==node&&node!=parent.getLastChild()){
return ;
}

========
COMMAND:cd /home/mmotwani/mywork1dir/Defects4Java7/defects4j/SIMFIX_RQ2_40_5/closure/closure_14_buggy && /usr/bin/timeout 120 /mnt/nfs/work1/brun/mmotwani/Defects4Java7/defects4j//framework/bin/defects4j compile
FAILED TEST:com.google.javascript.jscomp.CheckMissingReturnTest::testIssue779
COUNT THESE===> Subject [_name=closure, _id=14, _ssrc=/src, _tsrc=/test, _sbin=/build/classes, _tbin=/build/test, _dependency=null] com.google.javascript.jscomp.CheckMissingReturnTest testIssue779
TESTING : com.google.javascript.jscomp.CheckMissingReturnTest::testIssue779
COMMAND:cd /home/mmotwani/mywork1dir/Defects4Java7/defects4j/SIMFIX_RQ2_40_5/closure/closure_14_buggy && /usr/bin/timeout 30 /mnt/nfs/work1/brun/mmotwani/Defects4Java7/defects4j//framework/bin/defects4j test -t com.google.javascript.jscomp.CheckMissingReturnTest::testIssue779
  - com.google.javascript.jscomp.CheckMissingReturnTest::testIssue779
Failing tests: 1
Running ant (run.dev.tests)................................................ OK
Running ant (compile.tests)................................................ OK
========
if(node.getParent()!=null&&node.isFunction()&&!NodeUtil.hasCatchHandler(node)){
return ;
}

========
COMMAND:cd /home/mmotwani/mywork1dir/Defects4Java7/defects4j/SIMFIX_RQ2_40_5/closure/closure_14_buggy && /usr/bin/timeout 120 /mnt/nfs/work1/brun/mmotwani/Defects4Java7/defects4j//framework/bin/defects4j compile
FAILED TEST:com.google.javascript.jscomp.CheckMissingReturnTest::testIssue779
COUNT THESE===> Subject [_name=closure, _id=14, _ssrc=/src, _tsrc=/test, _sbin=/build/classes, _tbin=/build/test, _dependency=null] com.google.javascript.jscomp.CheckMissingReturnTest testIssue779
TESTING : com.google.javascript.jscomp.CheckMissingReturnTest::testIssue779
COMMAND:cd /home/mmotwani/mywork1dir/Defects4Java7/defects4j/SIMFIX_RQ2_40_5/closure/closure_14_buggy && /usr/bin/timeout 30 /mnt/nfs/work1/brun/mmotwani/Defects4Java7/defects4j//framework/bin/defects4j test -t com.google.javascript.jscomp.CheckMissingReturnTest::testIssue779
  - com.google.javascript.jscomp.CheckMissingReturnTest::testIssue779
Failing tests: 1
Running ant (run.dev.tests)................................................ OK
Running ant (compile.tests)................................................ OK
========
Preconditions.checkArgument(node.isCall(),"Expected: CALL, Got: %s",Token.name(node.getType()));
if(node.isBlock()&&parent!=null&&parent.isTry()&&NodeUtil.getCatchBlock(parent)==node&&!NodeUtil.hasCatchHandler(node)){
return ;
}

========
COMMAND:cd /home/mmotwani/mywork1dir/Defects4Java7/defects4j/SIMFIX_RQ2_40_5/closure/closure_14_buggy && /usr/bin/timeout 120 /mnt/nfs/work1/brun/mmotwani/Defects4Java7/defects4j//framework/bin/defects4j compile
FAILED TEST:com.google.javascript.jscomp.CheckMissingReturnTest::testIssue779
COUNT THESE===> Subject [_name=closure, _id=14, _ssrc=/src, _tsrc=/test, _sbin=/build/classes, _tbin=/build/test, _dependency=null] com.google.javascript.jscomp.CheckMissingReturnTest testIssue779
TESTING : com.google.javascript.jscomp.CheckMissingReturnTest::testIssue779
COMMAND:cd /home/mmotwani/mywork1dir/Defects4Java7/defects4j/SIMFIX_RQ2_40_5/closure/closure_14_buggy && /usr/bin/timeout 30 /mnt/nfs/work1/brun/mmotwani/Defects4Java7/defects4j//framework/bin/defects4j test -t com.google.javascript.jscomp.CheckMissingReturnTest::testIssue779
  - com.google.javascript.jscomp.CheckMissingReturnTest::testIssue779
Failing tests: 1
Running ant (run.dev.tests)................................................ OK
Running ant (compile.tests)................................................ OK
========
if(node.isBlock()&&parent!=null&&parent.isTry()&&NodeUtil.getCatchBlock(parent)==node&&!NodeUtil.evaluatesToLocalValue(node)){
return ;
}

========
COMMAND:cd /home/mmotwani/mywork1dir/Defects4Java7/defects4j/SIMFIX_RQ2_40_5/closure/closure_14_buggy && /usr/bin/timeout 120 /mnt/nfs/work1/brun/mmotwani/Defects4Java7/defects4j//framework/bin/defects4j compile
FAILED TEST:com.google.javascript.jscomp.CheckMissingReturnTest::testIssue779
COUNT THESE===> Subject [_name=closure, _id=14, _ssrc=/src, _tsrc=/test, _sbin=/build/classes, _tbin=/build/test, _dependency=null] com.google.javascript.jscomp.CheckMissingReturnTest testIssue779
TESTING : com.google.javascript.jscomp.CheckMissingReturnTest::testIssue779
COMMAND:cd /home/mmotwani/mywork1dir/Defects4Java7/defects4j/SIMFIX_RQ2_40_5/closure/closure_14_buggy && /usr/bin/timeout 30 /mnt/nfs/work1/brun/mmotwani/Defects4Java7/defects4j//framework/bin/defects4j test -t com.google.javascript.jscomp.CheckMissingReturnTest::testIssue779
  - com.google.javascript.jscomp.CheckMissingReturnTest::testIssue779
Failing tests: 1
Running ant (run.dev.tests)................................................ OK
Running ant (compile.tests)................................................ OK
========
connectToPossibleExceptionHandler(node,NodeUtil.getConditionExpression(node));
if(node.isBlock()&&parent!=null&&parent.isTry()&&NodeUtil.getCatchBlock(parent)==node&&!NodeUtil.hasCatchHandler(node)){
return ;
}

========
COMMAND:cd /home/mmotwani/mywork1dir/Defects4Java7/defects4j/SIMFIX_RQ2_40_5/closure/closure_14_buggy && /usr/bin/timeout 120 /mnt/nfs/work1/brun/mmotwani/Defects4Java7/defects4j//framework/bin/defects4j compile
FAILED TEST:com.google.javascript.jscomp.CheckMissingReturnTest::testIssue779
COUNT THESE===> Subject [_name=closure, _id=14, _ssrc=/src, _tsrc=/test, _sbin=/build/classes, _tbin=/build/test, _dependency=null] com.google.javascript.jscomp.CheckMissingReturnTest testIssue779
TESTING : com.google.javascript.jscomp.CheckMissingReturnTest::testIssue779
COMMAND:cd /home/mmotwani/mywork1dir/Defects4Java7/defects4j/SIMFIX_RQ2_40_5/closure/closure_14_buggy && /usr/bin/timeout 30 /mnt/nfs/work1/brun/mmotwani/Defects4Java7/defects4j//framework/bin/defects4j test -t com.google.javascript.jscomp.CheckMissingReturnTest::testIssue779
  - com.google.javascript.jscomp.CheckMissingReturnTest::testIssue779
Failing tests: 1
Running ant (run.dev.tests)................................................ OK
Running ant (compile.tests)................................................ OK
========
if(parent!=null&&parent.isScript()&&node.isExprResult()&&!root.getLastChild().isAssign()){
return ;
}

========
COMMAND:cd /home/mmotwani/mywork1dir/Defects4Java7/defects4j/SIMFIX_RQ2_40_5/closure/closure_14_buggy && /usr/bin/timeout 120 /mnt/nfs/work1/brun/mmotwani/Defects4Java7/defects4j//framework/bin/defects4j compile
FAILED TEST:com.google.javascript.jscomp.CheckMissingReturnTest::testIssue779
COUNT THESE===> Subject [_name=closure, _id=14, _ssrc=/src, _tsrc=/test, _sbin=/build/classes, _tbin=/build/test, _dependency=null] com.google.javascript.jscomp.CheckMissingReturnTest testIssue779
TESTING : com.google.javascript.jscomp.CheckMissingReturnTest::testIssue779
COMMAND:cd /home/mmotwani/mywork1dir/Defects4Java7/defects4j/SIMFIX_RQ2_40_5/closure/closure_14_buggy && /usr/bin/timeout 30 /mnt/nfs/work1/brun/mmotwani/Defects4Java7/defects4j//framework/bin/defects4j test -t com.google.javascript.jscomp.CheckMissingReturnTest::testIssue779
  - com.google.javascript.jscomp.CheckMissingReturnTest::testIssue779
Failing tests: 1
Running ant (run.dev.tests)................................................ OK
Running ant (compile.tests)................................................ OK
========
if(parent!=null&&grandparent.isScript()&&node.isExprResult()&&!NodeUtil.hasCatchHandler(node)){
return ;
}

========
COMMAND:cd /home/mmotwani/mywork1dir/Defects4Java7/defects4j/SIMFIX_RQ2_40_5/closure/closure_14_buggy && /usr/bin/timeout 120 /mnt/nfs/work1/brun/mmotwani/Defects4Java7/defects4j//framework/bin/defects4j compile
========
if(node.isBlock()&&parent!=null&&parent.isTry()&&NodeUtil.getCatchBlock(parent)==node&&!root.getLastChild().isAssign()){
return ;
}

========
COMMAND:cd /home/mmotwani/mywork1dir/Defects4Java7/defects4j/SIMFIX_RQ2_40_5/closure/closure_14_buggy && /usr/bin/timeout 120 /mnt/nfs/work1/brun/mmotwani/Defects4Java7/defects4j//framework/bin/defects4j compile
FAILED TEST:com.google.javascript.jscomp.CheckMissingReturnTest::testIssue779
COUNT THESE===> Subject [_name=closure, _id=14, _ssrc=/src, _tsrc=/test, _sbin=/build/classes, _tbin=/build/test, _dependency=null] com.google.javascript.jscomp.CheckMissingReturnTest testIssue779
TESTING : com.google.javascript.jscomp.CheckMissingReturnTest::testIssue779
COMMAND:cd /home/mmotwani/mywork1dir/Defects4Java7/defects4j/SIMFIX_RQ2_40_5/closure/closure_14_buggy && /usr/bin/timeout 30 /mnt/nfs/work1/brun/mmotwani/Defects4Java7/defects4j//framework/bin/defects4j test -t com.google.javascript.jscomp.CheckMissingReturnTest::testIssue779
  - com.google.javascript.jscomp.CheckMissingReturnTest::testIssue779
Failing tests: 1
Running ant (run.dev.tests)................................................ OK
Running ant (compile.tests)................................................ OK
========
if(parent!=null&&grandparent.isScript()&&NodeUtil.getCatchBlock(parent)==node&&!NodeUtil.hasCatchHandler(node)){
return ;
}

========
COMMAND:cd /home/mmotwani/mywork1dir/Defects4Java7/defects4j/SIMFIX_RQ2_40_5/closure/closure_14_buggy && /usr/bin/timeout 120 /mnt/nfs/work1/brun/mmotwani/Defects4Java7/defects4j//framework/bin/defects4j compile
========
if(node.isBlock()&&parent!=null&&parent.isScript()&&NodeUtil.getCatchBlock(parent)==node&&!NodeUtil.hasCatchHandler(node)){
return ;
}

========
COMMAND:cd /home/mmotwani/mywork1dir/Defects4Java7/defects4j/SIMFIX_RQ2_40_5/closure/closure_14_buggy && /usr/bin/timeout 120 /mnt/nfs/work1/brun/mmotwani/Defects4Java7/defects4j//framework/bin/defects4j compile
FAILED TEST:com.google.javascript.jscomp.CheckMissingReturnTest::testIssue779
COUNT THESE===> Subject [_name=closure, _id=14, _ssrc=/src, _tsrc=/test, _sbin=/build/classes, _tbin=/build/test, _dependency=null] com.google.javascript.jscomp.CheckMissingReturnTest testIssue779
TESTING : com.google.javascript.jscomp.CheckMissingReturnTest::testIssue779
COMMAND:cd /home/mmotwani/mywork1dir/Defects4Java7/defects4j/SIMFIX_RQ2_40_5/closure/closure_14_buggy && /usr/bin/timeout 30 /mnt/nfs/work1/brun/mmotwani/Defects4Java7/defects4j//framework/bin/defects4j test -t com.google.javascript.jscomp.CheckMissingReturnTest::testIssue779
  - com.google.javascript.jscomp.CheckMissingReturnTest::testIssue779
Failing tests: 1
Running ant (run.dev.tests)................................................ OK
Running ant (compile.tests)................................................ OK
========
if(node.isBlock()&&parent!=null&&grandparent.isTry()&&NodeUtil.getCatchBlock(parent)==node&&!NodeUtil.hasCatchHandler(node)){
return ;
}

========
COMMAND:cd /home/mmotwani/mywork1dir/Defects4Java7/defects4j/SIMFIX_RQ2_40_5/closure/closure_14_buggy && /usr/bin/timeout 120 /mnt/nfs/work1/brun/mmotwani/Defects4Java7/defects4j//framework/bin/defects4j compile
========
if(node.isBlock()&&parent!=null&&parent.isScript()&&NodeUtil.getCatchBlock(parent)==node&&!root.getLastChild().isAssign()){
return ;
}

========
COMMAND:cd /home/mmotwani/mywork1dir/Defects4Java7/defects4j/SIMFIX_RQ2_40_5/closure/closure_14_buggy && /usr/bin/timeout 120 /mnt/nfs/work1/brun/mmotwani/Defects4Java7/defects4j//framework/bin/defects4j compile
FAILED TEST:com.google.javascript.jscomp.CheckMissingReturnTest::testIssue779
COUNT THESE===> Subject [_name=closure, _id=14, _ssrc=/src, _tsrc=/test, _sbin=/build/classes, _tbin=/build/test, _dependency=null] com.google.javascript.jscomp.CheckMissingReturnTest testIssue779
TESTING : com.google.javascript.jscomp.CheckMissingReturnTest::testIssue779
COMMAND:cd /home/mmotwani/mywork1dir/Defects4Java7/defects4j/SIMFIX_RQ2_40_5/closure/closure_14_buggy && /usr/bin/timeout 30 /mnt/nfs/work1/brun/mmotwani/Defects4Java7/defects4j//framework/bin/defects4j test -t com.google.javascript.jscomp.CheckMissingReturnTest::testIssue779
  - com.google.javascript.jscomp.CheckMissingReturnTest::testIssue779
Failing tests: 1
Running ant (run.dev.tests)................................................ OK
Running ant (compile.tests)................................................ OK
========
if(!isReduceableFunctionExpression(node)){
return node;
}
if(node.isBlock()&&parent!=null&&parent.isTry()&&NodeUtil.getCatchBlock(parent)==node&&!NodeUtil.hasCatchHandler(node)){
return ;
}

========
COMMAND:cd /home/mmotwani/mywork1dir/Defects4Java7/defects4j/SIMFIX_RQ2_40_5/closure/closure_14_buggy && /usr/bin/timeout 120 /mnt/nfs/work1/brun/mmotwani/Defects4Java7/defects4j//framework/bin/defects4j compile
========
if(node.isBlock()&&parent!=null&&parent.isTry()&&NodeUtil.getCatchBlock(parent)==node&&parent==parent.getParent().getFirstChild()){
return ;
}

========
COMMAND:cd /home/mmotwani/mywork1dir/Defects4Java7/defects4j/SIMFIX_RQ2_40_5/closure/closure_14_buggy && /usr/bin/timeout 120 /mnt/nfs/work1/brun/mmotwani/Defects4Java7/defects4j//framework/bin/defects4j compile
FAILED TEST:com.google.javascript.jscomp.CheckMissingReturnTest::testIssue779
COUNT THESE===> Subject [_name=closure, _id=14, _ssrc=/src, _tsrc=/test, _sbin=/build/classes, _tbin=/build/test, _dependency=null] com.google.javascript.jscomp.CheckMissingReturnTest testIssue779
TESTING : com.google.javascript.jscomp.CheckMissingReturnTest::testIssue779
COMMAND:cd /home/mmotwani/mywork1dir/Defects4Java7/defects4j/SIMFIX_RQ2_40_5/closure/closure_14_buggy && /usr/bin/timeout 30 /mnt/nfs/work1/brun/mmotwani/Defects4Java7/defects4j//framework/bin/defects4j test -t com.google.javascript.jscomp.CheckMissingReturnTest::testIssue779
  - com.google.javascript.jscomp.CheckMissingReturnTest::testIssue779
Failing tests: 1
Running ant (run.dev.tests)................................................ OK
Running ant (compile.tests)................................................ OK
========
if(node.isBlock()&&parent!=null&&parent.isTry()&&NodeUtil.getCatchBlock(parent)==node&&!NodeUtil.isForIn(parent)){
return ;
}

========
COMMAND:cd /home/mmotwani/mywork1dir/Defects4Java7/defects4j/SIMFIX_RQ2_40_5/closure/closure_14_buggy && /usr/bin/timeout 120 /mnt/nfs/work1/brun/mmotwani/Defects4Java7/defects4j//framework/bin/defects4j compile
FAILED TEST:com.google.javascript.jscomp.CheckMissingReturnTest::testIssue779
COUNT THESE===> Subject [_name=closure, _id=14, _ssrc=/src, _tsrc=/test, _sbin=/build/classes, _tbin=/build/test, _dependency=null] com.google.javascript.jscomp.CheckMissingReturnTest testIssue779
TESTING : com.google.javascript.jscomp.CheckMissingReturnTest::testIssue779
COMMAND:cd /home/mmotwani/mywork1dir/Defects4Java7/defects4j/SIMFIX_RQ2_40_5/closure/closure_14_buggy && /usr/bin/timeout 30 /mnt/nfs/work1/brun/mmotwani/Defects4Java7/defects4j//framework/bin/defects4j test -t com.google.javascript.jscomp.CheckMissingReturnTest::testIssue779
  - com.google.javascript.jscomp.CheckMissingReturnTest::testIssue779
Failing tests: 1
Running ant (run.dev.tests)................................................ OK
Running ant (compile.tests)................................................ OK
========
n2clone.parent=root;
if(node.isBlock()&&parent!=null&&parent.isTry()&&NodeUtil.getCatchBlock(parent)==node&&!NodeUtil.hasCatchHandler(node)){
return ;
}

========
COMMAND:cd /home/mmotwani/mywork1dir/Defects4Java7/defects4j/SIMFIX_RQ2_40_5/closure/closure_14_buggy && /usr/bin/timeout 120 /mnt/nfs/work1/brun/mmotwani/Defects4Java7/defects4j//framework/bin/defects4j compile
========
if(node.isBlock()&&parent!=null&&parent.isTry()&&NodeUtil.getCatchBlock(parent)==node&&!node.getFirstChild().getFirstChild().isAssign()){
return ;
}

========
COMMAND:cd /home/mmotwani/mywork1dir/Defects4Java7/defects4j/SIMFIX_RQ2_40_5/closure/closure_14_buggy && /usr/bin/timeout 120 /mnt/nfs/work1/brun/mmotwani/Defects4Java7/defects4j//framework/bin/defects4j compile
FAILED TEST:com.google.javascript.jscomp.CheckMissingReturnTest::testIssue779
COUNT THESE===> Subject [_name=closure, _id=14, _ssrc=/src, _tsrc=/test, _sbin=/build/classes, _tbin=/build/test, _dependency=null] com.google.javascript.jscomp.CheckMissingReturnTest testIssue779
TESTING : com.google.javascript.jscomp.CheckMissingReturnTest::testIssue779
COMMAND:cd /home/mmotwani/mywork1dir/Defects4Java7/defects4j/SIMFIX_RQ2_40_5/closure/closure_14_buggy && /usr/bin/timeout 30 /mnt/nfs/work1/brun/mmotwani/Defects4Java7/defects4j//framework/bin/defects4j test -t com.google.javascript.jscomp.CheckMissingReturnTest::testIssue779
  - com.google.javascript.jscomp.CheckMissingReturnTest::testIssue779
Failing tests: 1
Running ant (run.dev.tests)................................................ OK
Running ant (compile.tests)................................................ OK
========
if(node.isBlock()&&parent!=null&&parent.isTry()&&NodeUtil.getCatchBlock(parent)==node&&root.getFirstChild()!=node){
return ;
}

========
COMMAND:cd /home/mmotwani/mywork1dir/Defects4Java7/defects4j/SIMFIX_RQ2_40_5/closure/closure_14_buggy && /usr/bin/timeout 120 /mnt/nfs/work1/brun/mmotwani/Defects4Java7/defects4j//framework/bin/defects4j compile
FAILED TEST:com.google.javascript.jscomp.CheckMissingReturnTest::testIssue779
COUNT THESE===> Subject [_name=closure, _id=14, _ssrc=/src, _tsrc=/test, _sbin=/build/classes, _tbin=/build/test, _dependency=null] com.google.javascript.jscomp.CheckMissingReturnTest testIssue779
TESTING : com.google.javascript.jscomp.CheckMissingReturnTest::testIssue779
COMMAND:cd /home/mmotwani/mywork1dir/Defects4Java7/defects4j/SIMFIX_RQ2_40_5/closure/closure_14_buggy && /usr/bin/timeout 30 /mnt/nfs/work1/brun/mmotwani/Defects4Java7/defects4j//framework/bin/defects4j test -t com.google.javascript.jscomp.CheckMissingReturnTest::testIssue779
  - com.google.javascript.jscomp.CheckMissingReturnTest::testIssue779
Failing tests: 1
Running ant (run.dev.tests)................................................ OK
Running ant (compile.tests)................................................ OK
========
if(node.isInstanceOf()&&parent.getLastChild()==parent&&!NodeUtil.hasCatchHandler(node)){
return ;
}

========
COMMAND:cd /home/mmotwani/mywork1dir/Defects4Java7/defects4j/SIMFIX_RQ2_40_5/closure/closure_14_buggy && /usr/bin/timeout 120 /mnt/nfs/work1/brun/mmotwani/Defects4Java7/defects4j//framework/bin/defects4j compile
FAILED TEST:com.google.javascript.jscomp.CheckMissingReturnTest::testIssue779
COUNT THESE===> Subject [_name=closure, _id=14, _ssrc=/src, _tsrc=/test, _sbin=/build/classes, _tbin=/build/test, _dependency=null] com.google.javascript.jscomp.CheckMissingReturnTest testIssue779
TESTING : com.google.javascript.jscomp.CheckMissingReturnTest::testIssue779
COMMAND:cd /home/mmotwani/mywork1dir/Defects4Java7/defects4j/SIMFIX_RQ2_40_5/closure/closure_14_buggy && /usr/bin/timeout 30 /mnt/nfs/work1/brun/mmotwani/Defects4Java7/defects4j//framework/bin/defects4j test -t com.google.javascript.jscomp.CheckMissingReturnTest::testIssue779
  - com.google.javascript.jscomp.CheckMissingReturnTest::testIssue779
Failing tests: 1
Running ant (run.dev.tests)................................................ OK
Running ant (compile.tests)................................................ OK
========
if(node.isBlock()&&parent!=null&&parent.isTry()&&node.getLastChild()==parent&&!NodeUtil.hasCatchHandler(node)){
return ;
}

========
COMMAND:cd /home/mmotwani/mywork1dir/Defects4Java7/defects4j/SIMFIX_RQ2_40_5/closure/closure_14_buggy && /usr/bin/timeout 120 /mnt/nfs/work1/brun/mmotwani/Defects4Java7/defects4j//framework/bin/defects4j compile
FAILED TEST:com.google.javascript.jscomp.CheckMissingReturnTest::testIssue779
COUNT THESE===> Subject [_name=closure, _id=14, _ssrc=/src, _tsrc=/test, _sbin=/build/classes, _tbin=/build/test, _dependency=null] com.google.javascript.jscomp.CheckMissingReturnTest testIssue779
TESTING : com.google.javascript.jscomp.CheckMissingReturnTest::testIssue779
COMMAND:cd /home/mmotwani/mywork1dir/Defects4Java7/defects4j/SIMFIX_RQ2_40_5/closure/closure_14_buggy && /usr/bin/timeout 30 /mnt/nfs/work1/brun/mmotwani/Defects4Java7/defects4j//framework/bin/defects4j test -t com.google.javascript.jscomp.CheckMissingReturnTest::testIssue779
  - com.google.javascript.jscomp.CheckMissingReturnTest::testIssue779
Failing tests: 1
Running ant (run.dev.tests)................................................ OK
Running ant (compile.tests)................................................ OK
========
if(node.isBlock()&&parent!=null&&parent.isTry()&&NodeUtil.getCatchBlock(parent)==node&&!NodeUtil.hasCatchHandler(node)){
checkedClass.hasInstanceOfReference=true;
return ;
}

========
COMMAND:cd /home/mmotwani/mywork1dir/Defects4Java7/defects4j/SIMFIX_RQ2_40_5/closure/closure_14_buggy && /usr/bin/timeout 120 /mnt/nfs/work1/brun/mmotwani/Defects4Java7/defects4j//framework/bin/defects4j compile
========
if(parent.isAssign()&&parent.getFirstChild()==parent&&!NodeUtil.hasCatchHandler(node)){
return ;
}

========
COMMAND:cd /home/mmotwani/mywork1dir/Defects4Java7/defects4j/SIMFIX_RQ2_40_5/closure/closure_14_buggy && /usr/bin/timeout 120 /mnt/nfs/work1/brun/mmotwani/Defects4Java7/defects4j//framework/bin/defects4j compile
FAILED TEST:com.google.javascript.jscomp.CheckMissingReturnTest::testIssue779
COUNT THESE===> Subject [_name=closure, _id=14, _ssrc=/src, _tsrc=/test, _sbin=/build/classes, _tbin=/build/test, _dependency=null] com.google.javascript.jscomp.CheckMissingReturnTest testIssue779
TESTING : com.google.javascript.jscomp.CheckMissingReturnTest::testIssue779
COMMAND:cd /home/mmotwani/mywork1dir/Defects4Java7/defects4j/SIMFIX_RQ2_40_5/closure/closure_14_buggy && /usr/bin/timeout 30 /mnt/nfs/work1/brun/mmotwani/Defects4Java7/defects4j//framework/bin/defects4j test -t com.google.javascript.jscomp.CheckMissingReturnTest::testIssue779
  - com.google.javascript.jscomp.CheckMissingReturnTest::testIssue779
Failing tests: 1
Running ant (run.dev.tests)................................................ OK
Running ant (compile.tests)................................................ OK
========
processDirectives(node,new JsonML(TagType.BlockStmt));
if(node.isBlock()&&parent!=null&&parent.isTry()&&NodeUtil.getCatchBlock(parent)==node&&!NodeUtil.hasCatchHandler(node)){
return ;
}

========
COMMAND:cd /home/mmotwani/mywork1dir/Defects4Java7/defects4j/SIMFIX_RQ2_40_5/closure/closure_14_buggy && /usr/bin/timeout 120 /mnt/nfs/work1/brun/mmotwani/Defects4Java7/defects4j//framework/bin/defects4j compile
========
for(Node root : node.children()){
processNode(child,new JsonML(TagType.BlockStmt));
}
if(node.isBlock()&&parent!=null&&parent.isTry()&&NodeUtil.getCatchBlock(parent)==node&&!NodeUtil.hasCatchHandler(node)){
return ;
}

========
COMMAND:cd /home/mmotwani/mywork1dir/Defects4Java7/defects4j/SIMFIX_RQ2_40_5/closure/closure_14_buggy && /usr/bin/timeout 120 /mnt/nfs/work1/brun/mmotwani/Defects4Java7/defects4j//framework/bin/defects4j compile
========
if(node.isBlock()&&parent!=null&&parent.isTry()&&NodeUtil.getCatchBlock(parent)==node&&!parent.isFor()){
return ;
}

========
COMMAND:cd /home/mmotwani/mywork1dir/Defects4Java7/defects4j/SIMFIX_RQ2_40_5/closure/closure_14_buggy && /usr/bin/timeout 120 /mnt/nfs/work1/brun/mmotwani/Defects4Java7/defects4j//framework/bin/defects4j compile
FAILED TEST:com.google.javascript.jscomp.CheckMissingReturnTest::testIssue779
COUNT THESE===> Subject [_name=closure, _id=14, _ssrc=/src, _tsrc=/test, _sbin=/build/classes, _tbin=/build/test, _dependency=null] com.google.javascript.jscomp.CheckMissingReturnTest testIssue779
TESTING : com.google.javascript.jscomp.CheckMissingReturnTest::testIssue779
COMMAND:cd /home/mmotwani/mywork1dir/Defects4Java7/defects4j/SIMFIX_RQ2_40_5/closure/closure_14_buggy && /usr/bin/timeout 30 /mnt/nfs/work1/brun/mmotwani/Defects4Java7/defects4j//framework/bin/defects4j test -t com.google.javascript.jscomp.CheckMissingReturnTest::testIssue779
  - com.google.javascript.jscomp.CheckMissingReturnTest::testIssue779
Failing tests: 1
Running ant (run.dev.tests)................................................ OK
Running ant (compile.tests)................................................ OK
========
child.next=null;
if(node.isBlock()&&parent!=null&&parent.isTry()&&NodeUtil.getCatchBlock(parent)==node&&!NodeUtil.hasCatchHandler(node)){
return ;
}

========
COMMAND:cd /home/mmotwani/mywork1dir/Defects4Java7/defects4j/SIMFIX_RQ2_40_5/closure/closure_14_buggy && /usr/bin/timeout 120 /mnt/nfs/work1/brun/mmotwani/Defects4Java7/defects4j//framework/bin/defects4j compile
========
child.parent=null;
if(node.isBlock()&&parent!=null&&parent.isTry()&&NodeUtil.getCatchBlock(parent)==node&&!NodeUtil.hasCatchHandler(node)){
return ;
}

========
COMMAND:cd /home/mmotwani/mywork1dir/Defects4Java7/defects4j/SIMFIX_RQ2_40_5/closure/closure_14_buggy && /usr/bin/timeout 120 /mnt/nfs/work1/brun/mmotwani/Defects4Java7/defects4j//framework/bin/defects4j compile
========
if(node.isBlock()&&parent!=null&&parent.isTry()&&NodeUtil.getCatchBlock(parent)==node&&(parent.isBlock()||parent.isScript())){
return ;
}

========
COMMAND:cd /home/mmotwani/mywork1dir/Defects4Java7/defects4j/SIMFIX_RQ2_40_5/closure/closure_14_buggy && /usr/bin/timeout 120 /mnt/nfs/work1/brun/mmotwani/Defects4Java7/defects4j//framework/bin/defects4j compile
FAILED TEST:com.google.javascript.jscomp.CheckMissingReturnTest::testIssue779
COUNT THESE===> Subject [_name=closure, _id=14, _ssrc=/src, _tsrc=/test, _sbin=/build/classes, _tbin=/build/test, _dependency=null] com.google.javascript.jscomp.CheckMissingReturnTest testIssue779
TESTING : com.google.javascript.jscomp.CheckMissingReturnTest::testIssue779
COMMAND:cd /home/mmotwani/mywork1dir/Defects4Java7/defects4j/SIMFIX_RQ2_40_5/closure/closure_14_buggy && /usr/bin/timeout 30 /mnt/nfs/work1/brun/mmotwani/Defects4Java7/defects4j//framework/bin/defects4j test -t com.google.javascript.jscomp.CheckMissingReturnTest::testIssue779
  - com.google.javascript.jscomp.CheckMissingReturnTest::testIssue779
Failing tests: 1
Running ant (run.dev.tests)................................................ OK
Running ant (compile.tests)................................................ OK
========
if(node.isBlock()&&parent!=null&&parent.isTry()&&NodeUtil.getCatchBlock(parent)==node&&(parent.isExprResult()||parent.isFor())){
return ;
}

========
COMMAND:cd /home/mmotwani/mywork1dir/Defects4Java7/defects4j/SIMFIX_RQ2_40_5/closure/closure_14_buggy && /usr/bin/timeout 120 /mnt/nfs/work1/brun/mmotwani/Defects4Java7/defects4j//framework/bin/defects4j compile
FAILED TEST:com.google.javascript.jscomp.CheckMissingReturnTest::testIssue779
COUNT THESE===> Subject [_name=closure, _id=14, _ssrc=/src, _tsrc=/test, _sbin=/build/classes, _tbin=/build/test, _dependency=null] com.google.javascript.jscomp.CheckMissingReturnTest testIssue779
TESTING : com.google.javascript.jscomp.CheckMissingReturnTest::testIssue779
COMMAND:cd /home/mmotwani/mywork1dir/Defects4Java7/defects4j/SIMFIX_RQ2_40_5/closure/closure_14_buggy && /usr/bin/timeout 30 /mnt/nfs/work1/brun/mmotwani/Defects4Java7/defects4j//framework/bin/defects4j test -t com.google.javascript.jscomp.CheckMissingReturnTest::testIssue779
  - com.google.javascript.jscomp.CheckMissingReturnTest::testIssue779
Failing tests: 1
Running ant (run.dev.tests)................................................ OK
Running ant (compile.tests)................................................ OK
========
if(parent!=null&&parent.isVar()&&!NodeUtil.hasCatchHandler(node)){
return ;
}

========
COMMAND:cd /home/mmotwani/mywork1dir/Defects4Java7/defects4j/SIMFIX_RQ2_40_5/closure/closure_14_buggy && /usr/bin/timeout 120 /mnt/nfs/work1/brun/mmotwani/Defects4Java7/defects4j//framework/bin/defects4j compile
FAILED TEST:com.google.javascript.jscomp.CheckMissingReturnTest::testIssue779
COUNT THESE===> Subject [_name=closure, _id=14, _ssrc=/src, _tsrc=/test, _sbin=/build/classes, _tbin=/build/test, _dependency=null] com.google.javascript.jscomp.CheckMissingReturnTest testIssue779
TESTING : com.google.javascript.jscomp.CheckMissingReturnTest::testIssue779
COMMAND:cd /home/mmotwani/mywork1dir/Defects4Java7/defects4j/SIMFIX_RQ2_40_5/closure/closure_14_buggy && /usr/bin/timeout 30 /mnt/nfs/work1/brun/mmotwani/Defects4Java7/defects4j//framework/bin/defects4j test -t com.google.javascript.jscomp.CheckMissingReturnTest::testIssue779
  - com.google.javascript.jscomp.CheckMissingReturnTest::testIssue779
Failing tests: 1
Running ant (run.dev.tests)................................................ OK
Running ant (compile.tests)................................................ OK
========
if(shouldTraverseFunctions&&node.getSourceFileName()!=null&&node.getLineno()>0&&!NodeUtil.hasCatchHandler(node)){
return ;
}

========
COMMAND:cd /home/mmotwani/mywork1dir/Defects4Java7/defects4j/SIMFIX_RQ2_40_5/closure/closure_14_buggy && /usr/bin/timeout 120 /mnt/nfs/work1/brun/mmotwani/Defects4Java7/defects4j//framework/bin/defects4j compile
FAILED TEST:com.google.javascript.jscomp.CheckMissingReturnTest::testIssue779
COUNT THESE===> Subject [_name=closure, _id=14, _ssrc=/src, _tsrc=/test, _sbin=/build/classes, _tbin=/build/test, _dependency=null] com.google.javascript.jscomp.CheckMissingReturnTest testIssue779
TESTING : com.google.javascript.jscomp.CheckMissingReturnTest::testIssue779
COMMAND:cd /home/mmotwani/mywork1dir/Defects4Java7/defects4j/SIMFIX_RQ2_40_5/closure/closure_14_buggy && /usr/bin/timeout 30 /mnt/nfs/work1/brun/mmotwani/Defects4Java7/defects4j//framework/bin/defects4j test -t com.google.javascript.jscomp.CheckMissingReturnTest::testIssue779
  - com.google.javascript.jscomp.CheckMissingReturnTest::testIssue779
Failing tests: 1
Running ant (run.dev.tests)................................................ OK
Running ant (compile.tests)................................................ OK
========
if(shouldTraverseFunctions&&node.getSourceFileName()!=null&&NodeUtil.getCatchBlock(parent)==node&&!NodeUtil.hasCatchHandler(node)){
return ;
}

========
COMMAND:cd /home/mmotwani/mywork1dir/Defects4Java7/defects4j/SIMFIX_RQ2_40_5/closure/closure_14_buggy && /usr/bin/timeout 120 /mnt/nfs/work1/brun/mmotwani/Defects4Java7/defects4j//framework/bin/defects4j compile
FAILED TEST:com.google.javascript.jscomp.CheckMissingReturnTest::testIssue779
COUNT THESE===> Subject [_name=closure, _id=14, _ssrc=/src, _tsrc=/test, _sbin=/build/classes, _tbin=/build/test, _dependency=null] com.google.javascript.jscomp.CheckMissingReturnTest testIssue779
TESTING : com.google.javascript.jscomp.CheckMissingReturnTest::testIssue779
COMMAND:cd /home/mmotwani/mywork1dir/Defects4Java7/defects4j/SIMFIX_RQ2_40_5/closure/closure_14_buggy && /usr/bin/timeout 30 /mnt/nfs/work1/brun/mmotwani/Defects4Java7/defects4j//framework/bin/defects4j test -t com.google.javascript.jscomp.CheckMissingReturnTest::testIssue779
  - com.google.javascript.jscomp.CheckMissingReturnTest::testIssue779
Failing tests: 1
Running ant (run.dev.tests)................................................ OK
Running ant (compile.tests)................................................ OK
========
if(node.isBlock()&&parent!=null&&parent.isTry()&&NodeUtil.getCatchBlock(parent)==node&&!parent.getParent().isLabel()){
return ;
}

========
COMMAND:cd /home/mmotwani/mywork1dir/Defects4Java7/defects4j/SIMFIX_RQ2_40_5/closure/closure_14_buggy && /usr/bin/timeout 120 /mnt/nfs/work1/brun/mmotwani/Defects4Java7/defects4j//framework/bin/defects4j compile
FAILED TEST:com.google.javascript.jscomp.CheckMissingReturnTest::testIssue779
COUNT THESE===> Subject [_name=closure, _id=14, _ssrc=/src, _tsrc=/test, _sbin=/build/classes, _tbin=/build/test, _dependency=null] com.google.javascript.jscomp.CheckMissingReturnTest testIssue779
TESTING : com.google.javascript.jscomp.CheckMissingReturnTest::testIssue779
COMMAND:cd /home/mmotwani/mywork1dir/Defects4Java7/defects4j/SIMFIX_RQ2_40_5/closure/closure_14_buggy && /usr/bin/timeout 30 /mnt/nfs/work1/brun/mmotwani/Defects4Java7/defects4j//framework/bin/defects4j test -t com.google.javascript.jscomp.CheckMissingReturnTest::testIssue779
  - com.google.javascript.jscomp.CheckMissingReturnTest::testIssue779
Failing tests: 1
Running ant (run.dev.tests)................................................ OK
Running ant (compile.tests)................................................ OK
========
if(parent!=null&&parent.isFor()&&parent.getChildCount()<4){
return ;
}

========
COMMAND:cd /home/mmotwani/mywork1dir/Defects4Java7/defects4j/SIMFIX_RQ2_40_5/closure/closure_14_buggy && /usr/bin/timeout 120 /mnt/nfs/work1/brun/mmotwani/Defects4Java7/defects4j//framework/bin/defects4j compile
FAILED TEST:com.google.javascript.jscomp.CheckMissingReturnTest::testIssue779
COUNT THESE===> Subject [_name=closure, _id=14, _ssrc=/src, _tsrc=/test, _sbin=/build/classes, _tbin=/build/test, _dependency=null] com.google.javascript.jscomp.CheckMissingReturnTest testIssue779
TESTING : com.google.javascript.jscomp.CheckMissingReturnTest::testIssue779
COMMAND:cd /home/mmotwani/mywork1dir/Defects4Java7/defects4j/SIMFIX_RQ2_40_5/closure/closure_14_buggy && /usr/bin/timeout 30 /mnt/nfs/work1/brun/mmotwani/Defects4Java7/defects4j//framework/bin/defects4j test -t com.google.javascript.jscomp.CheckMissingReturnTest::testIssue779
  - com.google.javascript.jscomp.CheckMissingReturnTest::testIssue779
Failing tests: 1
Running ant (run.dev.tests)................................................ OK
Running ant (compile.tests)................................................ OK
========
if(parent!=null&&parent.isFor()&&!NodeUtil.hasCatchHandler(node)){
return ;
}

========
COMMAND:cd /home/mmotwani/mywork1dir/Defects4Java7/defects4j/SIMFIX_RQ2_40_5/closure/closure_14_buggy && /usr/bin/timeout 120 /mnt/nfs/work1/brun/mmotwani/Defects4Java7/defects4j//framework/bin/defects4j compile
FAILED TEST:com.google.javascript.jscomp.CheckMissingReturnTest::testIssue779
COUNT THESE===> Subject [_name=closure, _id=14, _ssrc=/src, _tsrc=/test, _sbin=/build/classes, _tbin=/build/test, _dependency=null] com.google.javascript.jscomp.CheckMissingReturnTest testIssue779
TESTING : com.google.javascript.jscomp.CheckMissingReturnTest::testIssue779
COMMAND:cd /home/mmotwani/mywork1dir/Defects4Java7/defects4j/SIMFIX_RQ2_40_5/closure/closure_14_buggy && /usr/bin/timeout 30 /mnt/nfs/work1/brun/mmotwani/Defects4Java7/defects4j//framework/bin/defects4j test -t com.google.javascript.jscomp.CheckMissingReturnTest::testIssue779
  - com.google.javascript.jscomp.CheckMissingReturnTest::testIssue779
Failing tests: 1
Running ant (run.dev.tests)................................................ OK
Running ant (compile.tests)................................................ OK
========
if(node.isBlock()&&parent!=null&&parent.isTry()&&NodeUtil.getCatchBlock(parent)==node&&parent.getChildCount()<4){
return ;
}

========
COMMAND:cd /home/mmotwani/mywork1dir/Defects4Java7/defects4j/SIMFIX_RQ2_40_5/closure/closure_14_buggy && /usr/bin/timeout 120 /mnt/nfs/work1/brun/mmotwani/Defects4Java7/defects4j//framework/bin/defects4j compile
FAILED TEST:com.google.javascript.jscomp.CheckMissingReturnTest::testIssue779
COUNT THESE===> Subject [_name=closure, _id=14, _ssrc=/src, _tsrc=/test, _sbin=/build/classes, _tbin=/build/test, _dependency=null] com.google.javascript.jscomp.CheckMissingReturnTest testIssue779
TESTING : com.google.javascript.jscomp.CheckMissingReturnTest::testIssue779
COMMAND:cd /home/mmotwani/mywork1dir/Defects4Java7/defects4j/SIMFIX_RQ2_40_5/closure/closure_14_buggy && /usr/bin/timeout 30 /mnt/nfs/work1/brun/mmotwani/Defects4Java7/defects4j//framework/bin/defects4j test -t com.google.javascript.jscomp.CheckMissingReturnTest::testIssue779
  - com.google.javascript.jscomp.CheckMissingReturnTest::testIssue779
Failing tests: 1
Running ant (run.dev.tests)................................................ OK
Running ant (compile.tests)................................................ OK
========
if(parent==null||!parent.isFunction()||root==parent.getFirstChild()){
return ;
}

========
COMMAND:cd /home/mmotwani/mywork1dir/Defects4Java7/defects4j/SIMFIX_RQ2_40_5/closure/closure_14_buggy && /usr/bin/timeout 120 /mnt/nfs/work1/brun/mmotwani/Defects4Java7/defects4j//framework/bin/defects4j compile
FAILED TEST:com.google.javascript.jscomp.CheckMissingReturnTest::testIssue779
COUNT THESE===> Subject [_name=closure, _id=14, _ssrc=/src, _tsrc=/test, _sbin=/build/classes, _tbin=/build/test, _dependency=null] com.google.javascript.jscomp.CheckMissingReturnTest testIssue779
TESTING : com.google.javascript.jscomp.CheckMissingReturnTest::testIssue779
COMMAND:cd /home/mmotwani/mywork1dir/Defects4Java7/defects4j/SIMFIX_RQ2_40_5/closure/closure_14_buggy && /usr/bin/timeout 30 /mnt/nfs/work1/brun/mmotwani/Defects4Java7/defects4j//framework/bin/defects4j test -t com.google.javascript.jscomp.CheckMissingReturnTest::testIssue779
Failing tests: 0
FAILED TEST:com.google.javascript.jscomp.ControlFlowAnalysisTest::testDeepNestedFinally
COUNT THESE===> Subject [_name=closure, _id=14, _ssrc=/src, _tsrc=/test, _sbin=/build/classes, _tbin=/build/test, _dependency=null] com.google.javascript.jscomp.ControlFlowAnalysisTest testDeepNestedFinally
TESTING : com.google.javascript.jscomp.ControlFlowAnalysisTest::testDeepNestedFinally
COMMAND:cd /home/mmotwani/mywork1dir/Defects4Java7/defects4j/SIMFIX_RQ2_40_5/closure/closure_14_buggy && /usr/bin/timeout 30 /mnt/nfs/work1/brun/mmotwani/Defects4Java7/defects4j//framework/bin/defects4j test -t com.google.javascript.jscomp.ControlFlowAnalysisTest::testDeepNestedFinally
  - com.google.javascript.jscomp.ControlFlowAnalysisTest::testDeepNestedFinally
Failing tests: 1
Running ant (run.dev.tests)................................................ OK
Running ant (compile.tests)................................................ OK
========
if(parent==null||!parent.isFunction()&&!NodeUtil.hasCatchHandler(node)){
return ;
}

========
COMMAND:cd /home/mmotwani/mywork1dir/Defects4Java7/defects4j/SIMFIX_RQ2_40_5/closure/closure_14_buggy && /usr/bin/timeout 120 /mnt/nfs/work1/brun/mmotwani/Defects4Java7/defects4j//framework/bin/defects4j compile
FAILED TEST:com.google.javascript.jscomp.CheckMissingReturnTest::testIssue779
COUNT THESE===> Subject [_name=closure, _id=14, _ssrc=/src, _tsrc=/test, _sbin=/build/classes, _tbin=/build/test, _dependency=null] com.google.javascript.jscomp.CheckMissingReturnTest testIssue779
TESTING : com.google.javascript.jscomp.CheckMissingReturnTest::testIssue779
COMMAND:cd /home/mmotwani/mywork1dir/Defects4Java7/defects4j/SIMFIX_RQ2_40_5/closure/closure_14_buggy && /usr/bin/timeout 30 /mnt/nfs/work1/brun/mmotwani/Defects4Java7/defects4j//framework/bin/defects4j test -t com.google.javascript.jscomp.CheckMissingReturnTest::testIssue779
  - com.google.javascript.jscomp.CheckMissingReturnTest::testIssue779
Failing tests: 1
Running ant (run.dev.tests)................................................ OK
Running ant (compile.tests)................................................ OK
========
if(node.isBlock()&&parent!=null&&parent.isTry()&&NodeUtil.getCatchBlock(parent)==node&&root==parent.getFirstChild()){
return ;
}

========
COMMAND:cd /home/mmotwani/mywork1dir/Defects4Java7/defects4j/SIMFIX_RQ2_40_5/closure/closure_14_buggy && /usr/bin/timeout 120 /mnt/nfs/work1/brun/mmotwani/Defects4Java7/defects4j//framework/bin/defects4j compile
FAILED TEST:com.google.javascript.jscomp.CheckMissingReturnTest::testIssue779
COUNT THESE===> Subject [_name=closure, _id=14, _ssrc=/src, _tsrc=/test, _sbin=/build/classes, _tbin=/build/test, _dependency=null] com.google.javascript.jscomp.CheckMissingReturnTest testIssue779
TESTING : com.google.javascript.jscomp.CheckMissingReturnTest::testIssue779
COMMAND:cd /home/mmotwani/mywork1dir/Defects4Java7/defects4j/SIMFIX_RQ2_40_5/closure/closure_14_buggy && /usr/bin/timeout 30 /mnt/nfs/work1/brun/mmotwani/Defects4Java7/defects4j//framework/bin/defects4j test -t com.google.javascript.jscomp.CheckMissingReturnTest::testIssue779
  - com.google.javascript.jscomp.CheckMissingReturnTest::testIssue779
Failing tests: 1
Running ant (run.dev.tests)................................................ OK
Running ant (compile.tests)................................................ OK
========
if(parent==null||!parent.isFunction()&&root==parent.getFirstChild()){
return ;
}

========
COMMAND:cd /home/mmotwani/mywork1dir/Defects4Java7/defects4j/SIMFIX_RQ2_40_5/closure/closure_14_buggy && /usr/bin/timeout 120 /mnt/nfs/work1/brun/mmotwani/Defects4Java7/defects4j//framework/bin/defects4j compile
FAILED TEST:com.google.javascript.jscomp.CheckMissingReturnTest::testIssue779
COUNT THESE===> Subject [_name=closure, _id=14, _ssrc=/src, _tsrc=/test, _sbin=/build/classes, _tbin=/build/test, _dependency=null] com.google.javascript.jscomp.CheckMissingReturnTest testIssue779
TESTING : com.google.javascript.jscomp.CheckMissingReturnTest::testIssue779
COMMAND:cd /home/mmotwani/mywork1dir/Defects4Java7/defects4j/SIMFIX_RQ2_40_5/closure/closure_14_buggy && /usr/bin/timeout 30 /mnt/nfs/work1/brun/mmotwani/Defects4Java7/defects4j//framework/bin/defects4j test -t com.google.javascript.jscomp.CheckMissingReturnTest::testIssue779
  - com.google.javascript.jscomp.CheckMissingReturnTest::testIssue779
Failing tests: 1
Running ant (run.dev.tests)................................................ OK
Running ant (compile.tests)................................................ OK
========
if(node.isBlock()&&parent!=null&&parent.isTry()&&NodeUtil.getCatchBlock(parent)==node&&!parent.isGetProp()){
return ;
}

========
COMMAND:cd /home/mmotwani/mywork1dir/Defects4Java7/defects4j/SIMFIX_RQ2_40_5/closure/closure_14_buggy && /usr/bin/timeout 120 /mnt/nfs/work1/brun/mmotwani/Defects4Java7/defects4j//framework/bin/defects4j compile
FAILED TEST:com.google.javascript.jscomp.CheckMissingReturnTest::testIssue779
COUNT THESE===> Subject [_name=closure, _id=14, _ssrc=/src, _tsrc=/test, _sbin=/build/classes, _tbin=/build/test, _dependency=null] com.google.javascript.jscomp.CheckMissingReturnTest testIssue779
TESTING : com.google.javascript.jscomp.CheckMissingReturnTest::testIssue779
COMMAND:cd /home/mmotwani/mywork1dir/Defects4Java7/defects4j/SIMFIX_RQ2_40_5/closure/closure_14_buggy && /usr/bin/timeout 30 /mnt/nfs/work1/brun/mmotwani/Defects4Java7/defects4j//framework/bin/defects4j test -t com.google.javascript.jscomp.CheckMissingReturnTest::testIssue779
  - com.google.javascript.jscomp.CheckMissingReturnTest::testIssue779
Failing tests: 1
Running ant (run.dev.tests)................................................ OK
Running ant (compile.tests)................................................ OK
========
newChild.next=child.next;
if(node.isBlock()&&parent!=null&&parent.isTry()&&NodeUtil.getCatchBlock(parent)==node&&!NodeUtil.hasCatchHandler(node)){
return ;
}

========
COMMAND:cd /home/mmotwani/mywork1dir/Defects4Java7/defects4j/SIMFIX_RQ2_40_5/closure/closure_14_buggy && /usr/bin/timeout 120 /mnt/nfs/work1/brun/mmotwani/Defects4Java7/defects4j//framework/bin/defects4j compile
========
newChild.parent=this;
if(node.isBlock()&&parent!=null&&parent.isTry()&&NodeUtil.getCatchBlock(parent)==node&&!NodeUtil.hasCatchHandler(node)){
return ;
}

========
COMMAND:cd /home/mmotwani/mywork1dir/Defects4Java7/defects4j/SIMFIX_RQ2_40_5/closure/closure_14_buggy && /usr/bin/timeout 120 /mnt/nfs/work1/brun/mmotwani/Defects4Java7/defects4j//framework/bin/defects4j compile
========
if(node.isBlock()&&parent!=null&&parent.isTry()&&NodeUtil.getCatchBlock(parent)==node&&!node.isBlock()){
return ;
}

========
COMMAND:cd /home/mmotwani/mywork1dir/Defects4Java7/defects4j/SIMFIX_RQ2_40_5/closure/closure_14_buggy && /usr/bin/timeout 120 /mnt/nfs/work1/brun/mmotwani/Defects4Java7/defects4j//framework/bin/defects4j compile
FAILED TEST:com.google.javascript.jscomp.CheckMissingReturnTest::testIssue779
COUNT THESE===> Subject [_name=closure, _id=14, _ssrc=/src, _tsrc=/test, _sbin=/build/classes, _tbin=/build/test, _dependency=null] com.google.javascript.jscomp.CheckMissingReturnTest testIssue779
TESTING : com.google.javascript.jscomp.CheckMissingReturnTest::testIssue779
COMMAND:cd /home/mmotwani/mywork1dir/Defects4Java7/defects4j/SIMFIX_RQ2_40_5/closure/closure_14_buggy && /usr/bin/timeout 30 /mnt/nfs/work1/brun/mmotwani/Defects4Java7/defects4j//framework/bin/defects4j test -t com.google.javascript.jscomp.CheckMissingReturnTest::testIssue779
  - com.google.javascript.jscomp.CheckMissingReturnTest::testIssue779
Failing tests: 1
Running ant (run.dev.tests)................................................ OK
Running ant (compile.tests)................................................ OK
========
if(node.isBlock()&&parent!=null&&parent.isTry()&&NodeUtil.getCatchBlock(parent)==node&&!NodeUtil.hasCatchHandler(node)){
createEdge(node,Branch.ON_EX,root);
return ;
}

========
COMMAND:cd /home/mmotwani/mywork1dir/Defects4Java7/defects4j/SIMFIX_RQ2_40_5/closure/closure_14_buggy && /usr/bin/timeout 120 /mnt/nfs/work1/brun/mmotwani/Defects4Java7/defects4j//framework/bin/defects4j compile
FAILED TEST:com.google.javascript.jscomp.CheckMissingReturnTest::testIssue779
COUNT THESE===> Subject [_name=closure, _id=14, _ssrc=/src, _tsrc=/test, _sbin=/build/classes, _tbin=/build/test, _dependency=null] com.google.javascript.jscomp.CheckMissingReturnTest testIssue779
TESTING : com.google.javascript.jscomp.CheckMissingReturnTest::testIssue779
COMMAND:cd /home/mmotwani/mywork1dir/Defects4Java7/defects4j/SIMFIX_RQ2_40_5/closure/closure_14_buggy && /usr/bin/timeout 30 /mnt/nfs/work1/brun/mmotwani/Defects4Java7/defects4j//framework/bin/defects4j test -t com.google.javascript.jscomp.CheckMissingReturnTest::testIssue779
  - com.google.javascript.jscomp.CheckMissingReturnTest::testIssue779
Failing tests: 1
Running ant (run.dev.tests)................................................ OK
Running ant (compile.tests)................................................ OK
========
if(node.isBlock()&&parent!=null&&parent.isTry()&&NodeUtil.getCatchBlock(parent)==node&&!node.isName()){
return ;
}

========
COMMAND:cd /home/mmotwani/mywork1dir/Defects4Java7/defects4j/SIMFIX_RQ2_40_5/closure/closure_14_buggy && /usr/bin/timeout 120 /mnt/nfs/work1/brun/mmotwani/Defects4Java7/defects4j//framework/bin/defects4j compile
FAILED TEST:com.google.javascript.jscomp.CheckMissingReturnTest::testIssue779
COUNT THESE===> Subject [_name=closure, _id=14, _ssrc=/src, _tsrc=/test, _sbin=/build/classes, _tbin=/build/test, _dependency=null] com.google.javascript.jscomp.CheckMissingReturnTest testIssue779
TESTING : com.google.javascript.jscomp.CheckMissingReturnTest::testIssue779
COMMAND:cd /home/mmotwani/mywork1dir/Defects4Java7/defects4j/SIMFIX_RQ2_40_5/closure/closure_14_buggy && /usr/bin/timeout 30 /mnt/nfs/work1/brun/mmotwani/Defects4Java7/defects4j//framework/bin/defects4j test -t com.google.javascript.jscomp.CheckMissingReturnTest::testIssue779
  - com.google.javascript.jscomp.CheckMissingReturnTest::testIssue779
Failing tests: 1
Running ant (run.dev.tests)................................................ OK
Running ant (compile.tests)................................................ OK
========
child.next=null;
child.parent=null;
if(node.isBlock()&&parent!=null&&parent.isTry()&&NodeUtil.getCatchBlock(parent)==node&&!NodeUtil.hasCatchHandler(node)){
return ;
}

========
COMMAND:cd /home/mmotwani/mywork1dir/Defects4Java7/defects4j/SIMFIX_RQ2_40_5/closure/closure_14_buggy && /usr/bin/timeout 120 /mnt/nfs/work1/brun/mmotwani/Defects4Java7/defects4j//framework/bin/defects4j compile
com.google.javascript.jscomp.ControlFlowAnalysis,767
========
for(Node finallyNode : cfa.finallyMap.get(parent)){
cfa.createEdge(fromNode,Branch.ON_EX,finallyNode);
}

========
COMMAND:cd /home/mmotwani/mywork1dir/Defects4Java7/defects4j/SIMFIX_RQ2_40_5/closure/closure_14_buggy && /usr/bin/timeout 120 /mnt/nfs/work1/brun/mmotwani/Defects4Java7/defects4j//framework/bin/defects4j compile
FAILED TEST:com.google.javascript.jscomp.CheckMissingReturnTest::testIssue779
COUNT THESE===> Subject [_name=closure, _id=14, _ssrc=/src, _tsrc=/test, _sbin=/build/classes, _tbin=/build/test, _dependency=null] com.google.javascript.jscomp.CheckMissingReturnTest testIssue779
TESTING : com.google.javascript.jscomp.CheckMissingReturnTest::testIssue779
COMMAND:cd /home/mmotwani/mywork1dir/Defects4Java7/defects4j/SIMFIX_RQ2_40_5/closure/closure_14_buggy && /usr/bin/timeout 30 /mnt/nfs/work1/brun/mmotwani/Defects4Java7/defects4j//framework/bin/defects4j test -t com.google.javascript.jscomp.CheckMissingReturnTest::testIssue779
Failing tests: 0
FAILED TEST:com.google.javascript.jscomp.ControlFlowAnalysisTest::testDeepNestedFinally
COUNT THESE===> Subject [_name=closure, _id=14, _ssrc=/src, _tsrc=/test, _sbin=/build/classes, _tbin=/build/test, _dependency=null] com.google.javascript.jscomp.ControlFlowAnalysisTest testDeepNestedFinally
TESTING : com.google.javascript.jscomp.ControlFlowAnalysisTest::testDeepNestedFinally
COMMAND:cd /home/mmotwani/mywork1dir/Defects4Java7/defects4j/SIMFIX_RQ2_40_5/closure/closure_14_buggy && /usr/bin/timeout 30 /mnt/nfs/work1/brun/mmotwani/Defects4Java7/defects4j//framework/bin/defects4j test -t com.google.javascript.jscomp.ControlFlowAnalysisTest::testDeepNestedFinally
Failing tests: 0
FAILED TEST:com.google.javascript.jscomp.ControlFlowAnalysisTest::testDeepNestedBreakwithFinally
COUNT THESE===> Subject [_name=closure, _id=14, _ssrc=/src, _tsrc=/test, _sbin=/build/classes, _tbin=/build/test, _dependency=null] com.google.javascript.jscomp.ControlFlowAnalysisTest testDeepNestedBreakwithFinally
TESTING : com.google.javascript.jscomp.ControlFlowAnalysisTest::testDeepNestedBreakwithFinally
COMMAND:cd /home/mmotwani/mywork1dir/Defects4Java7/defects4j/SIMFIX_RQ2_40_5/closure/closure_14_buggy && /usr/bin/timeout 30 /mnt/nfs/work1/brun/mmotwani/Defects4Java7/defects4j//framework/bin/defects4j test -t com.google.javascript.jscomp.ControlFlowAnalysisTest::testDeepNestedBreakwithFinally
Failing tests: 0
TESTING : closure_14
COMMAND:cd /home/mmotwani/mywork1dir/Defects4Java7/defects4j/SIMFIX_RQ2_40_5/closure/closure_14_buggy && /usr/bin/timeout 600 /mnt/nfs/work1/brun/mmotwani/Defects4Java7/defects4j//framework/bin/defects4j test
Failing tests: 0
Successfully repair!
