java version "1.7.0_231"
OpenJDK Runtime Environment (rhel-2.6.19.1.el7_6-x86_64 u231-b01)
OpenJDK 64-Bit Server VM (build 24.231-b01, mixed mode)
Check out program version: Math-85b........................................ OK
Running ant (compile)...................................................... OK
Running ant (compile.tests)................................................ OK
Running ant (compile.tests)................................................ OK
Running ant (run.dev.tests)................................................ OK
Failing tests: 1
  - org.apache.commons.math.distribution.NormalDistributionTest::testMath280
/home/mmotwani/mywork1dir/Defects4Java7/defects4j/SIMFIX_RQ2_80_1
PURIFY IS FALSE
=================================================
Project : math_85	start : 19/10/22 14:22

readFailedTest: path is /mnt/nfs/work1/brun/mmotwani/SimFix/d4j-info/failed_tests/math/85.txt#ATTEMPTS: 1

# FAILING TESTS: 1
TIMEOUT : 18000000
===========
locations= [<org.apache.commons.math.distribution.AbstractContinuousDistribution,88>, <org.apache.commons.math.distribution.AbstractContinuousDistribution,97>, <org.apache.commons.math.distribution.AbstractContinuousDistribution,100>, <org.apache.commons.math.distribution.AbstractContinuousDistribution,104>, <org.apache.commons.math.special.Gamma,181>, <org.apache.commons.math.analysis.solvers.UnivariateRealSolverUtils,199>, <org.apache.commons.math.distribution.NormalDistributionImpl,54>, <org.apache.commons.math.distribution.NormalDistributionImpl,43>, <org.apache.commons.math.distribution.NormalDistributionImpl,46>, <org.apache.commons.math.distribution.NormalDistributionImpl,55>, <org.apache.commons.math.distribution.NormalDistributionImpl,56>, <org.apache.commons.math.distribution.NormalDistributionImpl,57>, <org.apache.commons.math.distribution.NormalDistributionImpl,40>, <org.apache.commons.math.distribution.NormalDistributionImpl,72>, <org.apache.commons.math.distribution.NormalDistributionImpl,80>, <org.apache.commons.math.distribution.NormalDistributionImpl,81>, <org.apache.commons.math.distribution.NormalDistributionImpl,88>, <org.apache.commons.math.distribution.NormalDistributionImpl,97>, <org.apache.commons.math.distribution.NormalDistributionImpl,102>, <org.apache.commons.math.distribution.NormalDistributionImpl,103>, <org.apache.commons.math.distribution.NormalDistributionImpl,126>, <org.apache.commons.math.distribution.NormalDistributionImpl,128>, <org.apache.commons.math.distribution.NormalDistributionImpl,129>, <org.apache.commons.math.distribution.NormalDistributionImpl,131>, <org.apache.commons.math.distribution.NormalDistributionImpl,132>, <org.apache.commons.math.distribution.NormalDistributionImpl,156>, <org.apache.commons.math.distribution.NormalDistributionImpl,159>, <org.apache.commons.math.distribution.NormalDistributionImpl,162>, <org.apache.commons.math.distribution.NormalDistributionImpl,178>, <org.apache.commons.math.distribution.NormalDistributionImpl,181>, <org.apache.commons.math.distribution.NormalDistributionImpl,184>, <org.apache.commons.math.distribution.NormalDistributionImpl,200>, <org.apache.commons.math.distribution.NormalDistributionImpl,203>, <org.apache.commons.math.distribution.NormalDistributionImpl,206>, <org.apache.commons.math.distribution.NormalDistributionImpl,221>, <org.apache.commons.math.distribution.NormalDistributionImpl,223>, <org.apache.commons.math.distribution.NormalDistributionImpl,224>, <org.apache.commons.math.distribution.NormalDistributionImpl,229>, <org.apache.commons.math.special.Erf,51>, <org.apache.commons.math.special.Erf,52>, <org.apache.commons.math.special.Erf,55>, <org.apache.commons.math.MathException,106>, <org.apache.commons.math.MathException,107>, <org.apache.commons.math.MathException,108>, <org.apache.commons.math.MathException,109>, <org.apache.commons.math.MathException,119>, <org.apache.commons.math.MathException,120>, <org.apache.commons.math.MathException,121>, <org.apache.commons.math.MathException,122>, <org.apache.commons.math.MathException,60>, <org.apache.commons.math.MathException,67>, <org.apache.commons.math.MathException,73>, <org.apache.commons.math.MathException,85>, <org.apache.commons.math.MathException,166>, <org.apache.commons.math.MathException,172>, <org.apache.commons.math.ConvergenceException,45>, <org.apache.commons.math.ConvergenceException,46>, <org.apache.commons.math.MaxIterationsExceededException,43>, <org.apache.commons.math.MaxIterationsExceededException,44>, <org.apache.commons.math.MaxIterationsExceededException,45>, <org.apache.commons.math.special.Gamma,159>, <org.apache.commons.math.special.Gamma,161>, <org.apache.commons.math.special.Gamma,162>, <org.apache.commons.math.special.Gamma,163>, <org.apache.commons.math.special.Gamma,169>, <org.apache.commons.math.special.Gamma,170>, <org.apache.commons.math.special.Gamma,171>, <org.apache.commons.math.special.Gamma,172>, <org.apache.commons.math.special.Gamma,174>, <org.apache.commons.math.special.Gamma,175>, <org.apache.commons.math.special.Gamma,178>, <org.apache.commons.math.special.Gamma,180>, <org.apache.commons.math.special.Gamma,183>, <org.apache.commons.math.special.Gamma,187>, <org.apache.commons.math.distribution.AbstractDistribution,39>, <org.apache.commons.math.distribution.AbstractDistribution,40>, <org.apache.commons.math.distribution.AbstractContinuousDistribution,46>, <org.apache.commons.math.distribution.AbstractContinuousDistribution,47>, <org.apache.commons.math.distribution.AbstractContinuousDistribution,62>, <org.apache.commons.math.distribution.AbstractContinuousDistribution,69>, <org.apache.commons.math.distribution.AbstractContinuousDistribution,81>, <org.apache.commons.math.distribution.AbstractContinuousDistribution,82>, <org.apache.commons.math.distribution.AbstractContinuousDistribution,83>, <org.apache.commons.math.distribution.AbstractContinuousDistribution,85>, <org.apache.commons.math.special.Gamma,41>, <org.apache.commons.math.special.Gamma,61>, <org.apache.commons.math.special.Gamma,91>, <org.apache.commons.math.special.Gamma,94>, <org.apache.commons.math.special.Gamma,96>, <org.apache.commons.math.special.Gamma,97>, <org.apache.commons.math.special.Gamma,98>, <org.apache.commons.math.special.Gamma,100>, <org.apache.commons.math.special.Gamma,102>, <org.apache.commons.math.special.Gamma,103>, <org.apache.commons.math.special.Gamma,107>, <org.apache.commons.math.distribution.AbstractContinuousDistribution,73>, <org.apache.commons.math.analysis.solvers.UnivariateRealSolverUtils,182>, <org.apache.commons.math.analysis.solvers.UnivariateRealSolverUtils,183>, <org.apache.commons.math.analysis.solvers.UnivariateRealSolverUtils,186>, <org.apache.commons.math.analysis.solvers.UnivariateRealSolverUtils,189>, <org.apache.commons.math.analysis.solvers.UnivariateRealSolverUtils,190>, <org.apache.commons.math.analysis.solvers.UnivariateRealSolverUtils,191>, <org.apache.commons.math.analysis.solvers.UnivariateRealSolverUtils,193>, <org.apache.commons.math.analysis.solvers.UnivariateRealSolverUtils,194>, <org.apache.commons.math.analysis.solvers.UnivariateRealSolverUtils,195>, <org.apache.commons.math.analysis.solvers.UnivariateRealSolverUtils,198>, <org.apache.commons.math.analysis.solvers.UnivariateRealSolverUtils,127>, <org.apache.commons.math.analysis.solvers.UnivariateRealSolverUtils,170>, <org.apache.commons.math.analysis.solvers.UnivariateRealSolverUtils,173>, <org.apache.commons.math.analysis.solvers.UnivariateRealSolverUtils,177>, <org.apache.commons.math.distribution.AbstractDistribution,61>, <org.apache.commons.math.distribution.AbstractDistribution,62>, <org.apache.commons.math.distribution.AbstractDistribution,66>, <org.apache.commons.math.distribution.AbstractContinuousDistribution,63>, <org.apache.commons.math.distribution.AbstractContinuousDistribution,105>, <org.apache.commons.math.distribution.AbstractContinuousDistribution,98>, <org.apache.commons.math.distribution.AbstractContinuousDistribution,101>, <org.apache.commons.math.distribution.AbstractContinuousDistribution,108>, <org.apache.commons.math.distribution.AbstractContinuousDistribution,110>, <org.apache.commons.math.util.ContinuedFraction,46>, <org.apache.commons.math.util.ContinuedFraction,47>, <org.apache.commons.math.util.ContinuedFraction,74>, <org.apache.commons.math.util.ContinuedFraction,85>, <org.apache.commons.math.util.ContinuedFraction,96>, <org.apache.commons.math.util.ContinuedFraction,128>, <org.apache.commons.math.util.ContinuedFraction,129>, <org.apache.commons.math.util.ContinuedFraction,130>, <org.apache.commons.math.util.ContinuedFraction,131>, <org.apache.commons.math.util.ContinuedFraction,132>, <org.apache.commons.math.util.ContinuedFraction,133>, <org.apache.commons.math.util.ContinuedFraction,134>, <org.apache.commons.math.util.ContinuedFraction,135>, <org.apache.commons.math.util.ContinuedFraction,136>, <org.apache.commons.math.util.ContinuedFraction,137>, <org.apache.commons.math.util.ContinuedFraction,138>, <org.apache.commons.math.util.ContinuedFraction,139>, <org.apache.commons.math.util.ContinuedFraction,140>, <org.apache.commons.math.util.ContinuedFraction,141>, <org.apache.commons.math.util.ContinuedFraction,143>, <org.apache.commons.math.util.ContinuedFraction,144>, <org.apache.commons.math.util.ContinuedFraction,145>, <org.apache.commons.math.util.ContinuedFraction,146>, <org.apache.commons.math.util.ContinuedFraction,147>, <org.apache.commons.math.util.ContinuedFraction,148>, <org.apache.commons.math.util.ContinuedFraction,151>, <org.apache.commons.math.util.ContinuedFraction,156>, <org.apache.commons.math.util.ContinuedFraction,157>, <org.apache.commons.math.util.ContinuedFraction,160>, <org.apache.commons.math.util.ContinuedFraction,161>, <org.apache.commons.math.util.ContinuedFraction,162>, <org.apache.commons.math.util.ContinuedFraction,163>, <org.apache.commons.math.util.ContinuedFraction,164>, <org.apache.commons.math.util.ContinuedFraction,165>, <org.apache.commons.math.util.ContinuedFraction,167>, <org.apache.commons.math.util.ContinuedFraction,168>, <org.apache.commons.math.util.ContinuedFraction,173>, <org.apache.commons.math.special.Gamma,68>, <org.apache.commons.math.special.Gamma,69>, <org.apache.commons.math.special.Gamma,92>, <org.apache.commons.math.special.Gamma,121>, <org.apache.commons.math.special.Gamma,160>, <org.apache.commons.math.special.Gamma,166>, <org.apache.commons.math.special.Gamma,201>, <org.apache.commons.math.special.Gamma,234>, <org.apache.commons.math.special.Gamma,235>, <org.apache.commons.math.special.Gamma,236>, <org.apache.commons.math.special.Gamma,237>, <org.apache.commons.math.special.Gamma,238>, <org.apache.commons.math.special.Gamma,241>, <org.apache.commons.math.special.Gamma,244>, <org.apache.commons.math.special.Gamma,257>, <org.apache.commons.math.special.Gamma,258>, <org.apache.commons.math.special.Gamma,261>, <org.apache.commons.math.special.Gamma,292>, <org.apache.commons.math.special.Gamma,295>, <org.apache.commons.math.special.Gamma,298>, <org.apache.commons.math.special.Gamma,300>, <org.apache.commons.math.special.Gamma,304>, <org.apache.commons.math.special.Gamma,307>, <org.apache.commons.math.special.Gamma,321>, <org.apache.commons.math.special.Gamma,322>, <org.apache.commons.math.special.Gamma,325>, <org.apache.commons.math.special.Gamma,326>, <org.apache.commons.math.special.Gamma,331>, <org.apache.commons.math.special.Gamma,334>, <org.apache.commons.math.distribution.AbstractContinuousDistribution,74>, <org.apache.commons.math.distribution.AbstractContinuousDistribution,75>, <org.apache.commons.math.analysis.solvers.UnivariateRealSolverUtils,34>, <org.apache.commons.math.analysis.solvers.UnivariateRealSolverUtils,35>, <org.apache.commons.math.analysis.solvers.UnivariateRealSolverUtils,53>, <org.apache.commons.math.analysis.solvers.UnivariateRealSolverUtils,54>, <org.apache.commons.math.analysis.solvers.UnivariateRealSolverUtils,77>, <org.apache.commons.math.analysis.solvers.UnivariateRealSolverUtils,78>, <org.apache.commons.math.analysis.solvers.UnivariateRealSolverUtils,79>, <org.apache.commons.math.analysis.solvers.UnivariateRealSolverUtils,80>, <org.apache.commons.math.analysis.solvers.UnivariateRealSolverUtils,171>, <org.apache.commons.math.analysis.solvers.UnivariateRealSolverUtils,174>, <org.apache.commons.math.analysis.solvers.UnivariateRealSolverUtils,178>, <org.apache.commons.math.analysis.solvers.UnivariateRealSolverUtils,207>, <org.apache.commons.math.analysis.solvers.UnivariateRealSolverUtils,218>]
======================org.apache.commons.math.distribution.AbstractContinuousDistribution,88
Find no block!
org.apache.commons.math.distribution.AbstractContinuousDistribution,97
========
if(Math.abs(rootFindingFunction.value(lowerBound))<1.0E-6){
return upperBound;
}

========
COMMAND:cd /home/mmotwani/mywork1dir/Defects4Java7/defects4j/SIMFIX_RQ2_80_1/math/math_85_buggy && /usr/bin/timeout 120 /mnt/nfs/work1/brun/mmotwani/Defects4Java7/defects4j//framework/bin/defects4j compile
FAILED TEST:org.apache.commons.math.distribution.NormalDistributionTest::testMath280
COUNT THESE===> Subject [_name=math, _id=85, _ssrc=/src/java, _tsrc=/src/test, _sbin=/target/classes, _tbin=/target/test-classes, _dependency=null] org.apache.commons.math.distribution.NormalDistributionTest testMath280
TESTING : org.apache.commons.math.distribution.NormalDistributionTest::testMath280
COMMAND:cd /home/mmotwani/mywork1dir/Defects4Java7/defects4j/SIMFIX_RQ2_80_1/math/math_85_buggy && /usr/bin/timeout 30 /mnt/nfs/work1/brun/mmotwani/Defects4Java7/defects4j//framework/bin/defects4j test -t org.apache.commons.math.distribution.NormalDistributionTest::testMath280
  - org.apache.commons.math.distribution.NormalDistributionTest::testMath280
Failing tests: 1
Running ant (run.dev.tests)................................................ OK
Running ant (compile.tests)................................................ OK
========
p=rootFindingFunction.value(x);
if(Math.abs(rootFindingFunction.value(lowerBound))<1.0E-6){
return lowerBound;
}

========
COMMAND:cd /home/mmotwani/mywork1dir/Defects4Java7/defects4j/SIMFIX_RQ2_80_1/math/math_85_buggy && /usr/bin/timeout 120 /mnt/nfs/work1/brun/mmotwani/Defects4Java7/defects4j//framework/bin/defects4j compile
========
if(Math.abs(rootFindingFunction.value(lowerBound))<0.0){
return lowerBound;
}

========
COMMAND:cd /home/mmotwani/mywork1dir/Defects4Java7/defects4j/SIMFIX_RQ2_80_1/math/math_85_buggy && /usr/bin/timeout 120 /mnt/nfs/work1/brun/mmotwani/Defects4Java7/defects4j//framework/bin/defects4j compile
FAILED TEST:org.apache.commons.math.distribution.NormalDistributionTest::testMath280
COUNT THESE===> Subject [_name=math, _id=85, _ssrc=/src/java, _tsrc=/src/test, _sbin=/target/classes, _tbin=/target/test-classes, _dependency=null] org.apache.commons.math.distribution.NormalDistributionTest testMath280
TESTING : org.apache.commons.math.distribution.NormalDistributionTest::testMath280
COMMAND:cd /home/mmotwani/mywork1dir/Defects4Java7/defects4j/SIMFIX_RQ2_80_1/math/math_85_buggy && /usr/bin/timeout 30 /mnt/nfs/work1/brun/mmotwani/Defects4Java7/defects4j//framework/bin/defects4j test -t org.apache.commons.math.distribution.NormalDistributionTest::testMath280
  - org.apache.commons.math.distribution.NormalDistributionTest::testMath280
Failing tests: 1
Running ant (run.dev.tests)................................................ OK
Running ant (compile.tests)................................................ OK
========
if(Math.abs(rootFindingFunction.value(lowerBound))<1.0E-6){
return min;
}

========
COMMAND:cd /home/mmotwani/mywork1dir/Defects4Java7/defects4j/SIMFIX_RQ2_80_1/math/math_85_buggy && /usr/bin/timeout 120 /mnt/nfs/work1/brun/mmotwani/Defects4Java7/defects4j//framework/bin/defects4j compile
========
if(Math.abs(rootFindingFunction.value(lowerBound))<1.0E-6){
return max;
}

========
COMMAND:cd /home/mmotwani/mywork1dir/Defects4Java7/defects4j/SIMFIX_RQ2_80_1/math/math_85_buggy && /usr/bin/timeout 120 /mnt/nfs/work1/brun/mmotwani/Defects4Java7/defects4j//framework/bin/defects4j compile
========
if(Math.abs(rootFindingFunction.value(lowerBound))<1.0E-6){
return initial;
}

========
COMMAND:cd /home/mmotwani/mywork1dir/Defects4Java7/defects4j/SIMFIX_RQ2_80_1/math/math_85_buggy && /usr/bin/timeout 120 /mnt/nfs/work1/brun/mmotwani/Defects4Java7/defects4j//framework/bin/defects4j compile
========
if(Math.abs(p)<1.0E-6){
return lowerBound;
}

========
COMMAND:cd /home/mmotwani/mywork1dir/Defects4Java7/defects4j/SIMFIX_RQ2_80_1/math/math_85_buggy && /usr/bin/timeout 120 /mnt/nfs/work1/brun/mmotwani/Defects4Java7/defects4j//framework/bin/defects4j compile
FAILED TEST:org.apache.commons.math.distribution.NormalDistributionTest::testMath280
COUNT THESE===> Subject [_name=math, _id=85, _ssrc=/src/java, _tsrc=/src/test, _sbin=/target/classes, _tbin=/target/test-classes, _dependency=null] org.apache.commons.math.distribution.NormalDistributionTest testMath280
TESTING : org.apache.commons.math.distribution.NormalDistributionTest::testMath280
COMMAND:cd /home/mmotwani/mywork1dir/Defects4Java7/defects4j/SIMFIX_RQ2_80_1/math/math_85_buggy && /usr/bin/timeout 30 /mnt/nfs/work1/brun/mmotwani/Defects4Java7/defects4j//framework/bin/defects4j test -t org.apache.commons.math.distribution.NormalDistributionTest::testMath280
  - org.apache.commons.math.distribution.NormalDistributionTest::testMath280
Failing tests: 1
Running ant (run.dev.tests)................................................ OK
Running ant (compile.tests)................................................ OK
========
if(Math.abs(rootFindingFunction.value(lowerBound))<1.0E-6){
return p;
}

========
COMMAND:cd /home/mmotwani/mywork1dir/Defects4Java7/defects4j/SIMFIX_RQ2_80_1/math/math_85_buggy && /usr/bin/timeout 120 /mnt/nfs/work1/brun/mmotwani/Defects4Java7/defects4j//framework/bin/defects4j compile
FAILED TEST:org.apache.commons.math.distribution.NormalDistributionTest::testMath280
COUNT THESE===> Subject [_name=math, _id=85, _ssrc=/src/java, _tsrc=/src/test, _sbin=/target/classes, _tbin=/target/test-classes, _dependency=null] org.apache.commons.math.distribution.NormalDistributionTest testMath280
TESTING : org.apache.commons.math.distribution.NormalDistributionTest::testMath280
COMMAND:cd /home/mmotwani/mywork1dir/Defects4Java7/defects4j/SIMFIX_RQ2_80_1/math/math_85_buggy && /usr/bin/timeout 30 /mnt/nfs/work1/brun/mmotwani/Defects4Java7/defects4j//framework/bin/defects4j test -t org.apache.commons.math.distribution.NormalDistributionTest::testMath280
  - org.apache.commons.math.distribution.NormalDistributionTest::testMath280
Failing tests: 1
Running ant (run.dev.tests)................................................ OK
Running ant (compile.tests)................................................ OK
========
if(Math.abs(rootFindingFunction.value(lowerBound))<1.0E-6){
return result;
}

========
COMMAND:cd /home/mmotwani/mywork1dir/Defects4Java7/defects4j/SIMFIX_RQ2_80_1/math/math_85_buggy && /usr/bin/timeout 120 /mnt/nfs/work1/brun/mmotwani/Defects4Java7/defects4j//framework/bin/defects4j compile
========
if(Math.abs(p)<1.0E-6){
return p;
}

========
COMMAND:cd /home/mmotwani/mywork1dir/Defects4Java7/defects4j/SIMFIX_RQ2_80_1/math/math_85_buggy && /usr/bin/timeout 120 /mnt/nfs/work1/brun/mmotwani/Defects4Java7/defects4j//framework/bin/defects4j compile
FAILED TEST:org.apache.commons.math.distribution.NormalDistributionTest::testMath280
COUNT THESE===> Subject [_name=math, _id=85, _ssrc=/src/java, _tsrc=/src/test, _sbin=/target/classes, _tbin=/target/test-classes, _dependency=null] org.apache.commons.math.distribution.NormalDistributionTest testMath280
TESTING : org.apache.commons.math.distribution.NormalDistributionTest::testMath280
COMMAND:cd /home/mmotwani/mywork1dir/Defects4Java7/defects4j/SIMFIX_RQ2_80_1/math/math_85_buggy && /usr/bin/timeout 30 /mnt/nfs/work1/brun/mmotwani/Defects4Java7/defects4j//framework/bin/defects4j test -t org.apache.commons.math.distribution.NormalDistributionTest::testMath280
  - org.apache.commons.math.distribution.NormalDistributionTest::testMath280
Failing tests: 1
Running ant (run.dev.tests)................................................ OK
Running ant (compile.tests)................................................ OK
========
if(Math.abs(lowerBound)<1.0E-6){
return lowerBound;
}

========
COMMAND:cd /home/mmotwani/mywork1dir/Defects4Java7/defects4j/SIMFIX_RQ2_80_1/math/math_85_buggy && /usr/bin/timeout 120 /mnt/nfs/work1/brun/mmotwani/Defects4Java7/defects4j//framework/bin/defects4j compile
FAILED TEST:org.apache.commons.math.distribution.NormalDistributionTest::testMath280
COUNT THESE===> Subject [_name=math, _id=85, _ssrc=/src/java, _tsrc=/src/test, _sbin=/target/classes, _tbin=/target/test-classes, _dependency=null] org.apache.commons.math.distribution.NormalDistributionTest testMath280
TESTING : org.apache.commons.math.distribution.NormalDistributionTest::testMath280
COMMAND:cd /home/mmotwani/mywork1dir/Defects4Java7/defects4j/SIMFIX_RQ2_80_1/math/math_85_buggy && /usr/bin/timeout 30 /mnt/nfs/work1/brun/mmotwani/Defects4Java7/defects4j//framework/bin/defects4j test -t org.apache.commons.math.distribution.NormalDistributionTest::testMath280
  - org.apache.commons.math.distribution.NormalDistributionTest::testMath280
Failing tests: 1
Running ant (run.dev.tests)................................................ OK
Running ant (compile.tests)................................................ OK
========
if(Math.abs(rootFindingFunction.value(lowerBound))<=1.0E-6){
return lowerBound;
}

========
COMMAND:cd /home/mmotwani/mywork1dir/Defects4Java7/defects4j/SIMFIX_RQ2_80_1/math/math_85_buggy && /usr/bin/timeout 120 /mnt/nfs/work1/brun/mmotwani/Defects4Java7/defects4j//framework/bin/defects4j compile
FAILED TEST:org.apache.commons.math.distribution.NormalDistributionTest::testMath280
COUNT THESE===> Subject [_name=math, _id=85, _ssrc=/src/java, _tsrc=/src/test, _sbin=/target/classes, _tbin=/target/test-classes, _dependency=null] org.apache.commons.math.distribution.NormalDistributionTest testMath280
TESTING : org.apache.commons.math.distribution.NormalDistributionTest::testMath280
COMMAND:cd /home/mmotwani/mywork1dir/Defects4Java7/defects4j/SIMFIX_RQ2_80_1/math/math_85_buggy && /usr/bin/timeout 30 /mnt/nfs/work1/brun/mmotwani/Defects4Java7/defects4j//framework/bin/defects4j test -t org.apache.commons.math.distribution.NormalDistributionTest::testMath280
  - org.apache.commons.math.distribution.NormalDistributionTest::testMath280
Failing tests: 1
Running ant (run.dev.tests)................................................ OK
Running ant (compile.tests)................................................ OK
========
if(Math.abs(lowerBound)<=1.0E-6){
return lowerBound;
}

========
COMMAND:cd /home/mmotwani/mywork1dir/Defects4Java7/defects4j/SIMFIX_RQ2_80_1/math/math_85_buggy && /usr/bin/timeout 120 /mnt/nfs/work1/brun/mmotwani/Defects4Java7/defects4j//framework/bin/defects4j compile
FAILED TEST:org.apache.commons.math.distribution.NormalDistributionTest::testMath280
COUNT THESE===> Subject [_name=math, _id=85, _ssrc=/src/java, _tsrc=/src/test, _sbin=/target/classes, _tbin=/target/test-classes, _dependency=null] org.apache.commons.math.distribution.NormalDistributionTest testMath280
TESTING : org.apache.commons.math.distribution.NormalDistributionTest::testMath280
COMMAND:cd /home/mmotwani/mywork1dir/Defects4Java7/defects4j/SIMFIX_RQ2_80_1/math/math_85_buggy && /usr/bin/timeout 30 /mnt/nfs/work1/brun/mmotwani/Defects4Java7/defects4j//framework/bin/defects4j test -t org.apache.commons.math.distribution.NormalDistributionTest::testMath280
  - org.apache.commons.math.distribution.NormalDistributionTest::testMath280
Failing tests: 1
Running ant (run.dev.tests)................................................ OK
Running ant (compile.tests)................................................ OK
========
if(Math.abs(lowerBound-x)<1.0E-6){
return lowerBound;
}

========
COMMAND:cd /home/mmotwani/mywork1dir/Defects4Java7/defects4j/SIMFIX_RQ2_80_1/math/math_85_buggy && /usr/bin/timeout 120 /mnt/nfs/work1/brun/mmotwani/Defects4Java7/defects4j//framework/bin/defects4j compile
========
if(Math.abs(rootFindingFunction.value(lowerBound))<1.0E-6){
return x1;
}

========
COMMAND:cd /home/mmotwani/mywork1dir/Defects4Java7/defects4j/SIMFIX_RQ2_80_1/math/math_85_buggy && /usr/bin/timeout 120 /mnt/nfs/work1/brun/mmotwani/Defects4Java7/defects4j//framework/bin/defects4j compile
========
if(Math.abs(serialVersionUID-p)<1.0E-6){
return lowerBound;
}

========
COMMAND:cd /home/mmotwani/mywork1dir/Defects4Java7/defects4j/SIMFIX_RQ2_80_1/math/math_85_buggy && /usr/bin/timeout 120 /mnt/nfs/work1/brun/mmotwani/Defects4Java7/defects4j//framework/bin/defects4j compile
FAILED TEST:org.apache.commons.math.distribution.NormalDistributionTest::testMath280
COUNT THESE===> Subject [_name=math, _id=85, _ssrc=/src/java, _tsrc=/src/test, _sbin=/target/classes, _tbin=/target/test-classes, _dependency=null] org.apache.commons.math.distribution.NormalDistributionTest testMath280
TESTING : org.apache.commons.math.distribution.NormalDistributionTest::testMath280
COMMAND:cd /home/mmotwani/mywork1dir/Defects4Java7/defects4j/SIMFIX_RQ2_80_1/math/math_85_buggy && /usr/bin/timeout 30 /mnt/nfs/work1/brun/mmotwani/Defects4Java7/defects4j//framework/bin/defects4j test -t org.apache.commons.math.distribution.NormalDistributionTest::testMath280
  - org.apache.commons.math.distribution.NormalDistributionTest::testMath280
Failing tests: 1
Running ant (run.dev.tests)................................................ OK
Running ant (compile.tests)................................................ OK
========
if(Math.abs(p)<=1.0E-6){
return lowerBound;
}

========
COMMAND:cd /home/mmotwani/mywork1dir/Defects4Java7/defects4j/SIMFIX_RQ2_80_1/math/math_85_buggy && /usr/bin/timeout 120 /mnt/nfs/work1/brun/mmotwani/Defects4Java7/defects4j//framework/bin/defects4j compile
FAILED TEST:org.apache.commons.math.distribution.NormalDistributionTest::testMath280
COUNT THESE===> Subject [_name=math, _id=85, _ssrc=/src/java, _tsrc=/src/test, _sbin=/target/classes, _tbin=/target/test-classes, _dependency=null] org.apache.commons.math.distribution.NormalDistributionTest testMath280
TESTING : org.apache.commons.math.distribution.NormalDistributionTest::testMath280
COMMAND:cd /home/mmotwani/mywork1dir/Defects4Java7/defects4j/SIMFIX_RQ2_80_1/math/math_85_buggy && /usr/bin/timeout 30 /mnt/nfs/work1/brun/mmotwani/Defects4Java7/defects4j//framework/bin/defects4j test -t org.apache.commons.math.distribution.NormalDistributionTest::testMath280
  - org.apache.commons.math.distribution.NormalDistributionTest::testMath280
Failing tests: 1
Running ant (run.dev.tests)................................................ OK
Running ant (compile.tests)................................................ OK
========
if(Math.abs(rootFindingFunction.value(lowerBound))<0.0){
return min;
}

========
COMMAND:cd /home/mmotwani/mywork1dir/Defects4Java7/defects4j/SIMFIX_RQ2_80_1/math/math_85_buggy && /usr/bin/timeout 120 /mnt/nfs/work1/brun/mmotwani/Defects4Java7/defects4j//framework/bin/defects4j compile
========
if(Math.abs(rootFindingFunction.value(lowerBound))<0.0){
return max;
}

========
COMMAND:cd /home/mmotwani/mywork1dir/Defects4Java7/defects4j/SIMFIX_RQ2_80_1/math/math_85_buggy && /usr/bin/timeout 120 /mnt/nfs/work1/brun/mmotwani/Defects4Java7/defects4j//framework/bin/defects4j compile
========
if(Math.abs(rootFindingFunction.value(lowerBound))<0.0){
return initial;
}

========
COMMAND:cd /home/mmotwani/mywork1dir/Defects4Java7/defects4j/SIMFIX_RQ2_80_1/math/math_85_buggy && /usr/bin/timeout 120 /mnt/nfs/work1/brun/mmotwani/Defects4Java7/defects4j//framework/bin/defects4j compile
========
if(Math.compareTo(rootFindingFunction.value(lowerBound))<1.0E-6){
return lowerBound;
}

========
COMMAND:cd /home/mmotwani/mywork1dir/Defects4Java7/defects4j/SIMFIX_RQ2_80_1/math/math_85_buggy && /usr/bin/timeout 120 /mnt/nfs/work1/brun/mmotwani/Defects4Java7/defects4j//framework/bin/defects4j compile
org.apache.commons.math.distribution.AbstractContinuousDistribution,100
========
if(Math.abs(rootFindingFunction.value(upperBound))<1.0E-6){
return lowerBound;
}

========
COMMAND:cd /home/mmotwani/mywork1dir/Defects4Java7/defects4j/SIMFIX_RQ2_80_1/math/math_85_buggy && /usr/bin/timeout 120 /mnt/nfs/work1/brun/mmotwani/Defects4Java7/defects4j//framework/bin/defects4j compile
FAILED TEST:org.apache.commons.math.distribution.NormalDistributionTest::testMath280
COUNT THESE===> Subject [_name=math, _id=85, _ssrc=/src/java, _tsrc=/src/test, _sbin=/target/classes, _tbin=/target/test-classes, _dependency=null] org.apache.commons.math.distribution.NormalDistributionTest testMath280
TESTING : org.apache.commons.math.distribution.NormalDistributionTest::testMath280
COMMAND:cd /home/mmotwani/mywork1dir/Defects4Java7/defects4j/SIMFIX_RQ2_80_1/math/math_85_buggy && /usr/bin/timeout 30 /mnt/nfs/work1/brun/mmotwani/Defects4Java7/defects4j//framework/bin/defects4j test -t org.apache.commons.math.distribution.NormalDistributionTest::testMath280
  - org.apache.commons.math.distribution.NormalDistributionTest::testMath280
Failing tests: 1
Running ant (run.dev.tests)................................................ OK
Running ant (compile.tests)................................................ OK
========
lowerBound=rootFindingFunction.value(x);
if(Math.abs(rootFindingFunction.value(upperBound))<1.0E-6){
return upperBound;
}

========
COMMAND:cd /home/mmotwani/mywork1dir/Defects4Java7/defects4j/SIMFIX_RQ2_80_1/math/math_85_buggy && /usr/bin/timeout 120 /mnt/nfs/work1/brun/mmotwani/Defects4Java7/defects4j//framework/bin/defects4j compile
========
if(Math.abs(rootFindingFunction.value(upperBound))<0.0){
return upperBound;
}

========
COMMAND:cd /home/mmotwani/mywork1dir/Defects4Java7/defects4j/SIMFIX_RQ2_80_1/math/math_85_buggy && /usr/bin/timeout 120 /mnt/nfs/work1/brun/mmotwani/Defects4Java7/defects4j//framework/bin/defects4j compile
FAILED TEST:org.apache.commons.math.distribution.NormalDistributionTest::testMath280
COUNT THESE===> Subject [_name=math, _id=85, _ssrc=/src/java, _tsrc=/src/test, _sbin=/target/classes, _tbin=/target/test-classes, _dependency=null] org.apache.commons.math.distribution.NormalDistributionTest testMath280
TESTING : org.apache.commons.math.distribution.NormalDistributionTest::testMath280
COMMAND:cd /home/mmotwani/mywork1dir/Defects4Java7/defects4j/SIMFIX_RQ2_80_1/math/math_85_buggy && /usr/bin/timeout 30 /mnt/nfs/work1/brun/mmotwani/Defects4Java7/defects4j//framework/bin/defects4j test -t org.apache.commons.math.distribution.NormalDistributionTest::testMath280
  - org.apache.commons.math.distribution.NormalDistributionTest::testMath280
Failing tests: 1
Running ant (run.dev.tests)................................................ OK
Running ant (compile.tests)................................................ OK
========
if(Math.abs(rootFindingFunction.value(upperBound))<1.0E-6){
return min;
}

========
COMMAND:cd /home/mmotwani/mywork1dir/Defects4Java7/defects4j/SIMFIX_RQ2_80_1/math/math_85_buggy && /usr/bin/timeout 120 /mnt/nfs/work1/brun/mmotwani/Defects4Java7/defects4j//framework/bin/defects4j compile
========
if(Math.abs(rootFindingFunction.value(upperBound))<1.0E-6){
return max;
}

========
COMMAND:cd /home/mmotwani/mywork1dir/Defects4Java7/defects4j/SIMFIX_RQ2_80_1/math/math_85_buggy && /usr/bin/timeout 120 /mnt/nfs/work1/brun/mmotwani/Defects4Java7/defects4j//framework/bin/defects4j compile
========
if(Math.abs(rootFindingFunction.value(upperBound))<1.0E-6){
return initial;
}

========
COMMAND:cd /home/mmotwani/mywork1dir/Defects4Java7/defects4j/SIMFIX_RQ2_80_1/math/math_85_buggy && /usr/bin/timeout 120 /mnt/nfs/work1/brun/mmotwani/Defects4Java7/defects4j//framework/bin/defects4j compile
========
if(Math.abs(lowerBound)<1.0E-6){
return upperBound;
}

========
COMMAND:cd /home/mmotwani/mywork1dir/Defects4Java7/defects4j/SIMFIX_RQ2_80_1/math/math_85_buggy && /usr/bin/timeout 120 /mnt/nfs/work1/brun/mmotwani/Defects4Java7/defects4j//framework/bin/defects4j compile
FAILED TEST:org.apache.commons.math.distribution.NormalDistributionTest::testMath280
COUNT THESE===> Subject [_name=math, _id=85, _ssrc=/src/java, _tsrc=/src/test, _sbin=/target/classes, _tbin=/target/test-classes, _dependency=null] org.apache.commons.math.distribution.NormalDistributionTest testMath280
TESTING : org.apache.commons.math.distribution.NormalDistributionTest::testMath280
COMMAND:cd /home/mmotwani/mywork1dir/Defects4Java7/defects4j/SIMFIX_RQ2_80_1/math/math_85_buggy && /usr/bin/timeout 30 /mnt/nfs/work1/brun/mmotwani/Defects4Java7/defects4j//framework/bin/defects4j test -t org.apache.commons.math.distribution.NormalDistributionTest::testMath280
  - org.apache.commons.math.distribution.NormalDistributionTest::testMath280
Failing tests: 1
Running ant (run.dev.tests)................................................ OK
Running ant (compile.tests)................................................ OK
========
if(Math.abs(rootFindingFunction.value(upperBound))<1.0E-6){
return result;
}

========
COMMAND:cd /home/mmotwani/mywork1dir/Defects4Java7/defects4j/SIMFIX_RQ2_80_1/math/math_85_buggy && /usr/bin/timeout 120 /mnt/nfs/work1/brun/mmotwani/Defects4Java7/defects4j//framework/bin/defects4j compile
========
if(Math.abs(lowerBound)<1.0E-6){
return lowerBound;
}

========
COMMAND:cd /home/mmotwani/mywork1dir/Defects4Java7/defects4j/SIMFIX_RQ2_80_1/math/math_85_buggy && /usr/bin/timeout 120 /mnt/nfs/work1/brun/mmotwani/Defects4Java7/defects4j//framework/bin/defects4j compile
FAILED TEST:org.apache.commons.math.distribution.NormalDistributionTest::testMath280
COUNT THESE===> Subject [_name=math, _id=85, _ssrc=/src/java, _tsrc=/src/test, _sbin=/target/classes, _tbin=/target/test-classes, _dependency=null] org.apache.commons.math.distribution.NormalDistributionTest testMath280
TESTING : org.apache.commons.math.distribution.NormalDistributionTest::testMath280
COMMAND:cd /home/mmotwani/mywork1dir/Defects4Java7/defects4j/SIMFIX_RQ2_80_1/math/math_85_buggy && /usr/bin/timeout 30 /mnt/nfs/work1/brun/mmotwani/Defects4Java7/defects4j//framework/bin/defects4j test -t org.apache.commons.math.distribution.NormalDistributionTest::testMath280
  - org.apache.commons.math.distribution.NormalDistributionTest::testMath280
Failing tests: 1
Running ant (run.dev.tests)................................................ OK
Running ant (compile.tests)................................................ OK
========
if(Math.abs(upperBound)<1.0E-6){
return upperBound;
}

========
COMMAND:cd /home/mmotwani/mywork1dir/Defects4Java7/defects4j/SIMFIX_RQ2_80_1/math/math_85_buggy && /usr/bin/timeout 120 /mnt/nfs/work1/brun/mmotwani/Defects4Java7/defects4j//framework/bin/defects4j compile
FAILED TEST:org.apache.commons.math.distribution.NormalDistributionTest::testMath280
COUNT THESE===> Subject [_name=math, _id=85, _ssrc=/src/java, _tsrc=/src/test, _sbin=/target/classes, _tbin=/target/test-classes, _dependency=null] org.apache.commons.math.distribution.NormalDistributionTest testMath280
TESTING : org.apache.commons.math.distribution.NormalDistributionTest::testMath280
COMMAND:cd /home/mmotwani/mywork1dir/Defects4Java7/defects4j/SIMFIX_RQ2_80_1/math/math_85_buggy && /usr/bin/timeout 30 /mnt/nfs/work1/brun/mmotwani/Defects4Java7/defects4j//framework/bin/defects4j test -t org.apache.commons.math.distribution.NormalDistributionTest::testMath280
  - org.apache.commons.math.distribution.NormalDistributionTest::testMath280
Failing tests: 1
Running ant (run.dev.tests)................................................ OK
Running ant (compile.tests)................................................ OK
========
if(Math.abs(rootFindingFunction.value(upperBound))<=1.0E-6){
return upperBound;
}

========
COMMAND:cd /home/mmotwani/mywork1dir/Defects4Java7/defects4j/SIMFIX_RQ2_80_1/math/math_85_buggy && /usr/bin/timeout 120 /mnt/nfs/work1/brun/mmotwani/Defects4Java7/defects4j//framework/bin/defects4j compile
FAILED TEST:org.apache.commons.math.distribution.NormalDistributionTest::testMath280
COUNT THESE===> Subject [_name=math, _id=85, _ssrc=/src/java, _tsrc=/src/test, _sbin=/target/classes, _tbin=/target/test-classes, _dependency=null] org.apache.commons.math.distribution.NormalDistributionTest testMath280
TESTING : org.apache.commons.math.distribution.NormalDistributionTest::testMath280
COMMAND:cd /home/mmotwani/mywork1dir/Defects4Java7/defects4j/SIMFIX_RQ2_80_1/math/math_85_buggy && /usr/bin/timeout 30 /mnt/nfs/work1/brun/mmotwani/Defects4Java7/defects4j//framework/bin/defects4j test -t org.apache.commons.math.distribution.NormalDistributionTest::testMath280
  - org.apache.commons.math.distribution.NormalDistributionTest::testMath280
Failing tests: 1
Running ant (run.dev.tests)................................................ OK
Running ant (compile.tests)................................................ OK
========
if(Math.abs(upperBound)<=1.0E-6){
return upperBound;
}

========
COMMAND:cd /home/mmotwani/mywork1dir/Defects4Java7/defects4j/SIMFIX_RQ2_80_1/math/math_85_buggy && /usr/bin/timeout 120 /mnt/nfs/work1/brun/mmotwani/Defects4Java7/defects4j//framework/bin/defects4j compile
FAILED TEST:org.apache.commons.math.distribution.NormalDistributionTest::testMath280
COUNT THESE===> Subject [_name=math, _id=85, _ssrc=/src/java, _tsrc=/src/test, _sbin=/target/classes, _tbin=/target/test-classes, _dependency=null] org.apache.commons.math.distribution.NormalDistributionTest testMath280
TESTING : org.apache.commons.math.distribution.NormalDistributionTest::testMath280
COMMAND:cd /home/mmotwani/mywork1dir/Defects4Java7/defects4j/SIMFIX_RQ2_80_1/math/math_85_buggy && /usr/bin/timeout 30 /mnt/nfs/work1/brun/mmotwani/Defects4Java7/defects4j//framework/bin/defects4j test -t org.apache.commons.math.distribution.NormalDistributionTest::testMath280
  - org.apache.commons.math.distribution.NormalDistributionTest::testMath280
Failing tests: 1
Running ant (run.dev.tests)................................................ OK
Running ant (compile.tests)................................................ OK
========
lowerBound=Math.min(upper,lowerBound+100*MathUtils.EPSILON);
if(Math.abs(rootFindingFunction.value(upperBound))<1.0E-6){
return upperBound;
}

========
COMMAND:cd /home/mmotwani/mywork1dir/Defects4Java7/defects4j/SIMFIX_RQ2_80_1/math/math_85_buggy && /usr/bin/timeout 120 /mnt/nfs/work1/brun/mmotwani/Defects4Java7/defects4j//framework/bin/defects4j compile
========
if(Math.abs(upperBound-x)<1.0E-6){
return upperBound;
}

========
COMMAND:cd /home/mmotwani/mywork1dir/Defects4Java7/defects4j/SIMFIX_RQ2_80_1/math/math_85_buggy && /usr/bin/timeout 120 /mnt/nfs/work1/brun/mmotwani/Defects4Java7/defects4j//framework/bin/defects4j compile
========
if(Math.abs(rootFindingFunction.value(upperBound))<1.0E-6){
return x1;
}

========
COMMAND:cd /home/mmotwani/mywork1dir/Defects4Java7/defects4j/SIMFIX_RQ2_80_1/math/math_85_buggy && /usr/bin/timeout 120 /mnt/nfs/work1/brun/mmotwani/Defects4Java7/defects4j//framework/bin/defects4j compile
========
if(Math.abs(serialVersionUID-lowerBound)<1.0E-6){
return upperBound;
}

========
COMMAND:cd /home/mmotwani/mywork1dir/Defects4Java7/defects4j/SIMFIX_RQ2_80_1/math/math_85_buggy && /usr/bin/timeout 120 /mnt/nfs/work1/brun/mmotwani/Defects4Java7/defects4j//framework/bin/defects4j compile
FAILED TEST:org.apache.commons.math.distribution.NormalDistributionTest::testMath280
COUNT THESE===> Subject [_name=math, _id=85, _ssrc=/src/java, _tsrc=/src/test, _sbin=/target/classes, _tbin=/target/test-classes, _dependency=null] org.apache.commons.math.distribution.NormalDistributionTest testMath280
TESTING : org.apache.commons.math.distribution.NormalDistributionTest::testMath280
COMMAND:cd /home/mmotwani/mywork1dir/Defects4Java7/defects4j/SIMFIX_RQ2_80_1/math/math_85_buggy && /usr/bin/timeout 30 /mnt/nfs/work1/brun/mmotwani/Defects4Java7/defects4j//framework/bin/defects4j test -t org.apache.commons.math.distribution.NormalDistributionTest::testMath280
  - org.apache.commons.math.distribution.NormalDistributionTest::testMath280
Failing tests: 1
Running ant (run.dev.tests)................................................ OK
Running ant (compile.tests)................................................ OK
========
if(Math.abs(lowerBound)<=1.0E-6){
return upperBound;
}

========
COMMAND:cd /home/mmotwani/mywork1dir/Defects4Java7/defects4j/SIMFIX_RQ2_80_1/math/math_85_buggy && /usr/bin/timeout 120 /mnt/nfs/work1/brun/mmotwani/Defects4Java7/defects4j//framework/bin/defects4j compile
FAILED TEST:org.apache.commons.math.distribution.NormalDistributionTest::testMath280
COUNT THESE===> Subject [_name=math, _id=85, _ssrc=/src/java, _tsrc=/src/test, _sbin=/target/classes, _tbin=/target/test-classes, _dependency=null] org.apache.commons.math.distribution.NormalDistributionTest testMath280
TESTING : org.apache.commons.math.distribution.NormalDistributionTest::testMath280
COMMAND:cd /home/mmotwani/mywork1dir/Defects4Java7/defects4j/SIMFIX_RQ2_80_1/math/math_85_buggy && /usr/bin/timeout 30 /mnt/nfs/work1/brun/mmotwani/Defects4Java7/defects4j//framework/bin/defects4j test -t org.apache.commons.math.distribution.NormalDistributionTest::testMath280
  - org.apache.commons.math.distribution.NormalDistributionTest::testMath280
Failing tests: 1
Running ant (run.dev.tests)................................................ OK
Running ant (compile.tests)................................................ OK
========
if(Math.abs(rootFindingFunction.value(upperBound))<0.0){
return min;
}

========
COMMAND:cd /home/mmotwani/mywork1dir/Defects4Java7/defects4j/SIMFIX_RQ2_80_1/math/math_85_buggy && /usr/bin/timeout 120 /mnt/nfs/work1/brun/mmotwani/Defects4Java7/defects4j//framework/bin/defects4j compile
========
if(Math.abs(rootFindingFunction.value(upperBound))<0.0){
return max;
}

========
COMMAND:cd /home/mmotwani/mywork1dir/Defects4Java7/defects4j/SIMFIX_RQ2_80_1/math/math_85_buggy && /usr/bin/timeout 120 /mnt/nfs/work1/brun/mmotwani/Defects4Java7/defects4j//framework/bin/defects4j compile
========
if(Math.abs(rootFindingFunction.value(upperBound))<0.0){
return initial;
}

========
COMMAND:cd /home/mmotwani/mywork1dir/Defects4Java7/defects4j/SIMFIX_RQ2_80_1/math/math_85_buggy && /usr/bin/timeout 120 /mnt/nfs/work1/brun/mmotwani/Defects4Java7/defects4j//framework/bin/defects4j compile
========
if(Math.compareTo(rootFindingFunction.value(upperBound))<1.0E-6){
return upperBound;
}

========
COMMAND:cd /home/mmotwani/mywork1dir/Defects4Java7/defects4j/SIMFIX_RQ2_80_1/math/math_85_buggy && /usr/bin/timeout 120 /mnt/nfs/work1/brun/mmotwani/Defects4Java7/defects4j//framework/bin/defects4j compile
org.apache.commons.math.distribution.AbstractContinuousDistribution,104
========
if(Math.abs(rootFindingFunction.value(upperBound))<1.0E-6){
return lowerBound;
}
throw new MathException(ex);

========
COMMAND:cd /home/mmotwani/mywork1dir/Defects4Java7/defects4j/SIMFIX_RQ2_80_1/math/math_85_buggy && /usr/bin/timeout 120 /mnt/nfs/work1/brun/mmotwani/Defects4Java7/defects4j//framework/bin/defects4j compile
FAILED TEST:org.apache.commons.math.distribution.NormalDistributionTest::testMath280
COUNT THESE===> Subject [_name=math, _id=85, _ssrc=/src/java, _tsrc=/src/test, _sbin=/target/classes, _tbin=/target/test-classes, _dependency=null] org.apache.commons.math.distribution.NormalDistributionTest testMath280
TESTING : org.apache.commons.math.distribution.NormalDistributionTest::testMath280
COMMAND:cd /home/mmotwani/mywork1dir/Defects4Java7/defects4j/SIMFIX_RQ2_80_1/math/math_85_buggy && /usr/bin/timeout 30 /mnt/nfs/work1/brun/mmotwani/Defects4Java7/defects4j//framework/bin/defects4j test -t org.apache.commons.math.distribution.NormalDistributionTest::testMath280
  - org.apache.commons.math.distribution.NormalDistributionTest::testMath280
Failing tests: 1
Running ant (run.dev.tests)................................................ OK
Running ant (compile.tests)................................................ OK
========
if(Math.abs(rootFindingFunction.value(lowerBound))<1.0E-6){
return upperBound;
}
throw new MathException(ex);

========
COMMAND:cd /home/mmotwani/mywork1dir/Defects4Java7/defects4j/SIMFIX_RQ2_80_1/math/math_85_buggy && /usr/bin/timeout 120 /mnt/nfs/work1/brun/mmotwani/Defects4Java7/defects4j//framework/bin/defects4j compile
FAILED TEST:org.apache.commons.math.distribution.NormalDistributionTest::testMath280
COUNT THESE===> Subject [_name=math, _id=85, _ssrc=/src/java, _tsrc=/src/test, _sbin=/target/classes, _tbin=/target/test-classes, _dependency=null] org.apache.commons.math.distribution.NormalDistributionTest testMath280
TESTING : org.apache.commons.math.distribution.NormalDistributionTest::testMath280
COMMAND:cd /home/mmotwani/mywork1dir/Defects4Java7/defects4j/SIMFIX_RQ2_80_1/math/math_85_buggy && /usr/bin/timeout 30 /mnt/nfs/work1/brun/mmotwani/Defects4Java7/defects4j//framework/bin/defects4j test -t org.apache.commons.math.distribution.NormalDistributionTest::testMath280
  - org.apache.commons.math.distribution.NormalDistributionTest::testMath280
Failing tests: 1
Running ant (run.dev.tests)................................................ OK
Running ant (compile.tests)................................................ OK
========
if(Math.abs(rootFindingFunction.value(upperBound))<1.0E-6){
return upperBound;
}
if(Math.abs(rootFindingFunction.value(upperBound))<1.0E-6){
return upperBound;
}
throw new MathException(ex);

========
COMMAND:cd /home/mmotwani/mywork1dir/Defects4Java7/defects4j/SIMFIX_RQ2_80_1/math/math_85_buggy && /usr/bin/timeout 120 /mnt/nfs/work1/brun/mmotwani/Defects4Java7/defects4j//framework/bin/defects4j compile
FAILED TEST:org.apache.commons.math.distribution.NormalDistributionTest::testMath280
COUNT THESE===> Subject [_name=math, _id=85, _ssrc=/src/java, _tsrc=/src/test, _sbin=/target/classes, _tbin=/target/test-classes, _dependency=null] org.apache.commons.math.distribution.NormalDistributionTest testMath280
TESTING : org.apache.commons.math.distribution.NormalDistributionTest::testMath280
COMMAND:cd /home/mmotwani/mywork1dir/Defects4Java7/defects4j/SIMFIX_RQ2_80_1/math/math_85_buggy && /usr/bin/timeout 30 /mnt/nfs/work1/brun/mmotwani/Defects4Java7/defects4j//framework/bin/defects4j test -t org.apache.commons.math.distribution.NormalDistributionTest::testMath280
  - org.apache.commons.math.distribution.NormalDistributionTest::testMath280
Failing tests: 1
Running ant (run.dev.tests)................................................ OK
Running ant (compile.tests)................................................ OK
========
if(Math.abs(rootFindingFunction.value(lowerBound))<1.0E-6){
return lowerBound;
}
throw new MathException(ex);

========
COMMAND:cd /home/mmotwani/mywork1dir/Defects4Java7/defects4j/SIMFIX_RQ2_80_1/math/math_85_buggy && /usr/bin/timeout 120 /mnt/nfs/work1/brun/mmotwani/Defects4Java7/defects4j//framework/bin/defects4j compile
FAILED TEST:org.apache.commons.math.distribution.NormalDistributionTest::testMath280
COUNT THESE===> Subject [_name=math, _id=85, _ssrc=/src/java, _tsrc=/src/test, _sbin=/target/classes, _tbin=/target/test-classes, _dependency=null] org.apache.commons.math.distribution.NormalDistributionTest testMath280
TESTING : org.apache.commons.math.distribution.NormalDistributionTest::testMath280
COMMAND:cd /home/mmotwani/mywork1dir/Defects4Java7/defects4j/SIMFIX_RQ2_80_1/math/math_85_buggy && /usr/bin/timeout 30 /mnt/nfs/work1/brun/mmotwani/Defects4Java7/defects4j//framework/bin/defects4j test -t org.apache.commons.math.distribution.NormalDistributionTest::testMath280
  - org.apache.commons.math.distribution.NormalDistributionTest::testMath280
Failing tests: 1
Running ant (run.dev.tests)................................................ OK
Running ant (compile.tests)................................................ OK
========
if(Math.abs(rootFindingFunction.value(upperBound))<1.0E-6){
return lowerBound;
}
if(Math.abs(rootFindingFunction.value(upperBound))<1.0E-6){
return upperBound;
}
throw new MathException(ex);

========
COMMAND:cd /home/mmotwani/mywork1dir/Defects4Java7/defects4j/SIMFIX_RQ2_80_1/math/math_85_buggy && /usr/bin/timeout 120 /mnt/nfs/work1/brun/mmotwani/Defects4Java7/defects4j//framework/bin/defects4j compile
FAILED TEST:org.apache.commons.math.distribution.NormalDistributionTest::testMath280
COUNT THESE===> Subject [_name=math, _id=85, _ssrc=/src/java, _tsrc=/src/test, _sbin=/target/classes, _tbin=/target/test-classes, _dependency=null] org.apache.commons.math.distribution.NormalDistributionTest testMath280
TESTING : org.apache.commons.math.distribution.NormalDistributionTest::testMath280
COMMAND:cd /home/mmotwani/mywork1dir/Defects4Java7/defects4j/SIMFIX_RQ2_80_1/math/math_85_buggy && /usr/bin/timeout 30 /mnt/nfs/work1/brun/mmotwani/Defects4Java7/defects4j//framework/bin/defects4j test -t org.apache.commons.math.distribution.NormalDistributionTest::testMath280
  - org.apache.commons.math.distribution.NormalDistributionTest::testMath280
Failing tests: 1
Running ant (run.dev.tests)................................................ OK
Running ant (compile.tests)................................................ OK
========
if(Math.abs(rootFindingFunction.value(lowerBound))<1.0E-6){
return upperBound;
}
if(Math.abs(rootFindingFunction.value(upperBound))<1.0E-6){
return upperBound;
}
throw new MathException(ex);

========
COMMAND:cd /home/mmotwani/mywork1dir/Defects4Java7/defects4j/SIMFIX_RQ2_80_1/math/math_85_buggy && /usr/bin/timeout 120 /mnt/nfs/work1/brun/mmotwani/Defects4Java7/defects4j//framework/bin/defects4j compile
FAILED TEST:org.apache.commons.math.distribution.NormalDistributionTest::testMath280
COUNT THESE===> Subject [_name=math, _id=85, _ssrc=/src/java, _tsrc=/src/test, _sbin=/target/classes, _tbin=/target/test-classes, _dependency=null] org.apache.commons.math.distribution.NormalDistributionTest testMath280
TESTING : org.apache.commons.math.distribution.NormalDistributionTest::testMath280
COMMAND:cd /home/mmotwani/mywork1dir/Defects4Java7/defects4j/SIMFIX_RQ2_80_1/math/math_85_buggy && /usr/bin/timeout 30 /mnt/nfs/work1/brun/mmotwani/Defects4Java7/defects4j//framework/bin/defects4j test -t org.apache.commons.math.distribution.NormalDistributionTest::testMath280
  - org.apache.commons.math.distribution.NormalDistributionTest::testMath280
Failing tests: 1
Running ant (run.dev.tests)................................................ OK
Running ant (compile.tests)................................................ OK
========
if(Math.abs(rootFindingFunction.value(lowerBound))<1.0E-6){
return lowerBound;
}
if(Math.abs(rootFindingFunction.value(upperBound))<1.0E-6){
return upperBound;
}
throw new MathException(ex);

========
COMMAND:cd /home/mmotwani/mywork1dir/Defects4Java7/defects4j/SIMFIX_RQ2_80_1/math/math_85_buggy && /usr/bin/timeout 120 /mnt/nfs/work1/brun/mmotwani/Defects4Java7/defects4j//framework/bin/defects4j compile
FAILED TEST:org.apache.commons.math.distribution.NormalDistributionTest::testMath280
COUNT THESE===> Subject [_name=math, _id=85, _ssrc=/src/java, _tsrc=/src/test, _sbin=/target/classes, _tbin=/target/test-classes, _dependency=null] org.apache.commons.math.distribution.NormalDistributionTest testMath280
TESTING : org.apache.commons.math.distribution.NormalDistributionTest::testMath280
COMMAND:cd /home/mmotwani/mywork1dir/Defects4Java7/defects4j/SIMFIX_RQ2_80_1/math/math_85_buggy && /usr/bin/timeout 30 /mnt/nfs/work1/brun/mmotwani/Defects4Java7/defects4j//framework/bin/defects4j test -t org.apache.commons.math.distribution.NormalDistributionTest::testMath280
  - org.apache.commons.math.distribution.NormalDistributionTest::testMath280
Failing tests: 1
Running ant (run.dev.tests)................................................ OK
Running ant (compile.tests)................................................ OK
========
if(Math.abs(rootFindingFunction.value(upperBound))<1.0E-6){
return upperBound;
}
if((Math.abs(lowerBound-lowerBound)>(Math.max(Math.abs(lowerBound),Math.abs(lowerBound))*lowerBound))&&(difference>lowerBound)){
return false;
}
throw new MathException(ex);

========
COMMAND:cd /home/mmotwani/mywork1dir/Defects4Java7/defects4j/SIMFIX_RQ2_80_1/math/math_85_buggy && /usr/bin/timeout 120 /mnt/nfs/work1/brun/mmotwani/Defects4Java7/defects4j//framework/bin/defects4j compile
========
if(Math.abs(rootFindingFunction.value(upperBound))<1.0E-6){
return upperBound;
}
if((lowerBound>(lowerBound*lowerBound))&&(difference>lowerBound)){
return false;
}
throw new MathException(ex);

========
COMMAND:cd /home/mmotwani/mywork1dir/Defects4Java7/defects4j/SIMFIX_RQ2_80_1/math/math_85_buggy && /usr/bin/timeout 120 /mnt/nfs/work1/brun/mmotwani/Defects4Java7/defects4j//framework/bin/defects4j compile
========
lowerBound=rootFindingFunction.value(x);
if(Math.abs(rootFindingFunction.value(upperBound))<1.0E-6){
return upperBound;
}
throw new MathException(ex);

========
COMMAND:cd /home/mmotwani/mywork1dir/Defects4Java7/defects4j/SIMFIX_RQ2_80_1/math/math_85_buggy && /usr/bin/timeout 120 /mnt/nfs/work1/brun/mmotwani/Defects4Java7/defects4j//framework/bin/defects4j compile
========
if(Math.abs(rootFindingFunction.value(upperBound))<1.0E-6){
return upperBound;
}
throw new IntegratorException("too small integration interval: length = {0}",Math.abs(lowerBound-lowerBound));

========
COMMAND:cd /home/mmotwani/mywork1dir/Defects4Java7/defects4j/SIMFIX_RQ2_80_1/math/math_85_buggy && /usr/bin/timeout 120 /mnt/nfs/work1/brun/mmotwani/Defects4Java7/defects4j//framework/bin/defects4j compile
========
if(Math.abs(rootFindingFunction.value(upperBound))<1.0E-6){
return upperBound;
}
throw MathRuntimeException.createIllegalArgumentException("function values at endpoints do not have different signs, "+"endpoints: [{0}, {1}], values: [{2}, {3}]",lowerBound,lowerBound,rootFindingFunction.value(upperBound),rootFindingFunction.value(x));

========
COMMAND:cd /home/mmotwani/mywork1dir/Defects4Java7/defects4j/SIMFIX_RQ2_80_1/math/math_85_buggy && /usr/bin/timeout 120 /mnt/nfs/work1/brun/mmotwani/Defects4Java7/defects4j//framework/bin/defects4j compile
========
if(Math.abs(rootFindingFunction.value(upperBound))<1.0E-6){
return upperBound;
}
if(rootFindingFunction.value(lowerBound)*rootFindingFunction.value(lowerBound)<=0){
return upperBound;
}
throw new MathException(ex);

========
COMMAND:cd /home/mmotwani/mywork1dir/Defects4Java7/defects4j/SIMFIX_RQ2_80_1/math/math_85_buggy && /usr/bin/timeout 120 /mnt/nfs/work1/brun/mmotwani/Defects4Java7/defects4j//framework/bin/defects4j compile
FAILED TEST:org.apache.commons.math.distribution.NormalDistributionTest::testMath280
COUNT THESE===> Subject [_name=math, _id=85, _ssrc=/src/java, _tsrc=/src/test, _sbin=/target/classes, _tbin=/target/test-classes, _dependency=null] org.apache.commons.math.distribution.NormalDistributionTest testMath280
TESTING : org.apache.commons.math.distribution.NormalDistributionTest::testMath280
COMMAND:cd /home/mmotwani/mywork1dir/Defects4Java7/defects4j/SIMFIX_RQ2_80_1/math/math_85_buggy && /usr/bin/timeout 30 /mnt/nfs/work1/brun/mmotwani/Defects4Java7/defects4j//framework/bin/defects4j test -t org.apache.commons.math.distribution.NormalDistributionTest::testMath280
  - org.apache.commons.math.distribution.NormalDistributionTest::testMath280
Failing tests: 1
Running ant (run.dev.tests)................................................ OK
Running ant (compile.tests)................................................ OK
========
if(Math.abs(rootFindingFunction.value(upperBound))<1.0E-6){
return upperBound;
}
throw MathRuntimeException.createIllegalArgumentException("function values at endpoints do not have different signs.  "+"Endpoints: [{0}, {1}], Values: [{2}, {3}]",lowerBound,upperBound,rootFindingFunction.value(lower),f.value(upper));

========
COMMAND:cd /home/mmotwani/mywork1dir/Defects4Java7/defects4j/SIMFIX_RQ2_80_1/math/math_85_buggy && /usr/bin/timeout 120 /mnt/nfs/work1/brun/mmotwani/Defects4Java7/defects4j//framework/bin/defects4j compile
========
if(Math.abs(rootFindingFunction.value(upperBound))<0.0){
return upperBound;
}
throw new MathException(ex);

========
COMMAND:cd /home/mmotwani/mywork1dir/Defects4Java7/defects4j/SIMFIX_RQ2_80_1/math/math_85_buggy && /usr/bin/timeout 120 /mnt/nfs/work1/brun/mmotwani/Defects4Java7/defects4j//framework/bin/defects4j compile
FAILED TEST:org.apache.commons.math.distribution.NormalDistributionTest::testMath280
COUNT THESE===> Subject [_name=math, _id=85, _ssrc=/src/java, _tsrc=/src/test, _sbin=/target/classes, _tbin=/target/test-classes, _dependency=null] org.apache.commons.math.distribution.NormalDistributionTest testMath280
TESTING : org.apache.commons.math.distribution.NormalDistributionTest::testMath280
COMMAND:cd /home/mmotwani/mywork1dir/Defects4Java7/defects4j/SIMFIX_RQ2_80_1/math/math_85_buggy && /usr/bin/timeout 30 /mnt/nfs/work1/brun/mmotwani/Defects4Java7/defects4j//framework/bin/defects4j test -t org.apache.commons.math.distribution.NormalDistributionTest::testMath280
  - org.apache.commons.math.distribution.NormalDistributionTest::testMath280
Failing tests: 1
Running ant (run.dev.tests)................................................ OK
Running ant (compile.tests)................................................ OK
========
if(Math.abs(rootFindingFunction.value(upperBound))<1.0E-6){
return min;
}
throw new MathException(ex);

========
COMMAND:cd /home/mmotwani/mywork1dir/Defects4Java7/defects4j/SIMFIX_RQ2_80_1/math/math_85_buggy && /usr/bin/timeout 120 /mnt/nfs/work1/brun/mmotwani/Defects4Java7/defects4j//framework/bin/defects4j compile
========
if(Math.abs(rootFindingFunction.value(upperBound))<1.0E-6){
return max;
}
throw new MathException(ex);

========
COMMAND:cd /home/mmotwani/mywork1dir/Defects4Java7/defects4j/SIMFIX_RQ2_80_1/math/math_85_buggy && /usr/bin/timeout 120 /mnt/nfs/work1/brun/mmotwani/Defects4Java7/defects4j//framework/bin/defects4j compile
========
if(Math.abs(rootFindingFunction.value(upperBound))<1.0E-6){
return initial;
}
throw new MathException(ex);

========
COMMAND:cd /home/mmotwani/mywork1dir/Defects4Java7/defects4j/SIMFIX_RQ2_80_1/math/math_85_buggy && /usr/bin/timeout 120 /mnt/nfs/work1/brun/mmotwani/Defects4Java7/defects4j//framework/bin/defects4j compile
========
if(Math.abs(rootFindingFunction.value(upperBound))<1.0E-6){
return upperBound;
}
if(lowerBound==0.0&&lowerBound==0.0){
return createComplex(0.0,0.0);
}
throw new MathException(ex);

========
COMMAND:cd /home/mmotwani/mywork1dir/Defects4Java7/defects4j/SIMFIX_RQ2_80_1/math/math_85_buggy && /usr/bin/timeout 120 /mnt/nfs/work1/brun/mmotwani/Defects4Java7/defects4j//framework/bin/defects4j compile
========
if(lowerBound>=0.0){
return createComplex(Math.sqrt((Math.abs(lowerBound)+abs())/2.0),lowerBound/(2.0*t));
}else {
return createComplex(Math.abs(imaginary)/(2.0*t),MathUtils.indicator(imaginary)*t);
}
if(Math.abs(rootFindingFunction.value(upperBound))<1.0E-6){
return upperBound;
}
throw new MathException(ex);

========
COMMAND:cd /home/mmotwani/mywork1dir/Defects4Java7/defects4j/SIMFIX_RQ2_80_1/math/math_85_buggy && /usr/bin/timeout 120 /mnt/nfs/work1/brun/mmotwani/Defects4Java7/defects4j//framework/bin/defects4j compile
========
if(Math.abs(rootFindingFunction.value(upperBound))<1.0E-6){
return upperBound;
}
if(lowerBound==0.0){
return Math.abs(lowerBound);
}
throw new MathException(ex);

========
COMMAND:cd /home/mmotwani/mywork1dir/Defects4Java7/defects4j/SIMFIX_RQ2_80_1/math/math_85_buggy && /usr/bin/timeout 120 /mnt/nfs/work1/brun/mmotwani/Defects4Java7/defects4j//framework/bin/defects4j compile
FAILED TEST:org.apache.commons.math.distribution.NormalDistributionTest::testMath280
COUNT THESE===> Subject [_name=math, _id=85, _ssrc=/src/java, _tsrc=/src/test, _sbin=/target/classes, _tbin=/target/test-classes, _dependency=null] org.apache.commons.math.distribution.NormalDistributionTest testMath280
TESTING : org.apache.commons.math.distribution.NormalDistributionTest::testMath280
COMMAND:cd /home/mmotwani/mywork1dir/Defects4Java7/defects4j/SIMFIX_RQ2_80_1/math/math_85_buggy && /usr/bin/timeout 30 /mnt/nfs/work1/brun/mmotwani/Defects4Java7/defects4j//framework/bin/defects4j test -t org.apache.commons.math.distribution.NormalDistributionTest::testMath280
  - org.apache.commons.math.distribution.NormalDistributionTest::testMath280
Failing tests: 1
Running ant (run.dev.tests)................................................ OK
Running ant (compile.tests)................................................ OK
========
if(Math.abs(rootFindingFunction.value(upperBound))<1.0E-6){
return upperBound;
}
if(lowerBound==0.0){
return lowerBound;
}
throw new MathException(ex);

========
COMMAND:cd /home/mmotwani/mywork1dir/Defects4Java7/defects4j/SIMFIX_RQ2_80_1/math/math_85_buggy && /usr/bin/timeout 120 /mnt/nfs/work1/brun/mmotwani/Defects4Java7/defects4j//framework/bin/defects4j compile
FAILED TEST:org.apache.commons.math.distribution.NormalDistributionTest::testMath280
COUNT THESE===> Subject [_name=math, _id=85, _ssrc=/src/java, _tsrc=/src/test, _sbin=/target/classes, _tbin=/target/test-classes, _dependency=null] org.apache.commons.math.distribution.NormalDistributionTest testMath280
TESTING : org.apache.commons.math.distribution.NormalDistributionTest::testMath280
COMMAND:cd /home/mmotwani/mywork1dir/Defects4Java7/defects4j/SIMFIX_RQ2_80_1/math/math_85_buggy && /usr/bin/timeout 30 /mnt/nfs/work1/brun/mmotwani/Defects4Java7/defects4j//framework/bin/defects4j test -t org.apache.commons.math.distribution.NormalDistributionTest::testMath280
  - org.apache.commons.math.distribution.NormalDistributionTest::testMath280
Failing tests: 1
Running ant (run.dev.tests)................................................ OK
Running ant (compile.tests)................................................ OK
========
if(Math.abs(rootFindingFunction.value(upperBound))<1.0E-6){
return upperBound;
}
upperBound=lowerBound;
throw new MathException(ex);

========
COMMAND:cd /home/mmotwani/mywork1dir/Defects4Java7/defects4j/SIMFIX_RQ2_80_1/math/math_85_buggy && /usr/bin/timeout 120 /mnt/nfs/work1/brun/mmotwani/Defects4Java7/defects4j//framework/bin/defects4j compile
FAILED TEST:org.apache.commons.math.distribution.NormalDistributionTest::testMath280
COUNT THESE===> Subject [_name=math, _id=85, _ssrc=/src/java, _tsrc=/src/test, _sbin=/target/classes, _tbin=/target/test-classes, _dependency=null] org.apache.commons.math.distribution.NormalDistributionTest testMath280
TESTING : org.apache.commons.math.distribution.NormalDistributionTest::testMath280
COMMAND:cd /home/mmotwani/mywork1dir/Defects4Java7/defects4j/SIMFIX_RQ2_80_1/math/math_85_buggy && /usr/bin/timeout 30 /mnt/nfs/work1/brun/mmotwani/Defects4Java7/defects4j//framework/bin/defects4j test -t org.apache.commons.math.distribution.NormalDistributionTest::testMath280
  - org.apache.commons.math.distribution.NormalDistributionTest::testMath280
Failing tests: 1
Running ant (run.dev.tests)................................................ OK
Running ant (compile.tests)................................................ OK
========
if(Math.abs(rootFindingFunction.value(upperBound))<1.0E-6){
return upperBound;
}
lowerBound=rootFindingFunction.value(upperBound);
throw new MathException(ex);

========
COMMAND:cd /home/mmotwani/mywork1dir/Defects4Java7/defects4j/SIMFIX_RQ2_80_1/math/math_85_buggy && /usr/bin/timeout 120 /mnt/nfs/work1/brun/mmotwani/Defects4Java7/defects4j//framework/bin/defects4j compile
FAILED TEST:org.apache.commons.math.distribution.NormalDistributionTest::testMath280
COUNT THESE===> Subject [_name=math, _id=85, _ssrc=/src/java, _tsrc=/src/test, _sbin=/target/classes, _tbin=/target/test-classes, _dependency=null] org.apache.commons.math.distribution.NormalDistributionTest testMath280
TESTING : org.apache.commons.math.distribution.NormalDistributionTest::testMath280
COMMAND:cd /home/mmotwani/mywork1dir/Defects4Java7/defects4j/SIMFIX_RQ2_80_1/math/math_85_buggy && /usr/bin/timeout 30 /mnt/nfs/work1/brun/mmotwani/Defects4Java7/defects4j//framework/bin/defects4j test -t org.apache.commons.math.distribution.NormalDistributionTest::testMath280
  - org.apache.commons.math.distribution.NormalDistributionTest::testMath280
Failing tests: 1
Running ant (run.dev.tests)................................................ OK
Running ant (compile.tests)................................................ OK
========
if(Math.abs(rootFindingFunction.value(upperBound))<1.0E-6){
return upperBound;
}
upperBound=lowerBound;
if(lowerBound==0.0){
return lowerBound;
}
throw new MathException(ex);

========
COMMAND:cd /home/mmotwani/mywork1dir/Defects4Java7/defects4j/SIMFIX_RQ2_80_1/math/math_85_buggy && /usr/bin/timeout 120 /mnt/nfs/work1/brun/mmotwani/Defects4Java7/defects4j//framework/bin/defects4j compile
FAILED TEST:org.apache.commons.math.distribution.NormalDistributionTest::testMath280
COUNT THESE===> Subject [_name=math, _id=85, _ssrc=/src/java, _tsrc=/src/test, _sbin=/target/classes, _tbin=/target/test-classes, _dependency=null] org.apache.commons.math.distribution.NormalDistributionTest testMath280
TESTING : org.apache.commons.math.distribution.NormalDistributionTest::testMath280
COMMAND:cd /home/mmotwani/mywork1dir/Defects4Java7/defects4j/SIMFIX_RQ2_80_1/math/math_85_buggy && /usr/bin/timeout 30 /mnt/nfs/work1/brun/mmotwani/Defects4Java7/defects4j//framework/bin/defects4j test -t org.apache.commons.math.distribution.NormalDistributionTest::testMath280
  - org.apache.commons.math.distribution.NormalDistributionTest::testMath280
Failing tests: 1
Running ant (run.dev.tests)................................................ OK
Running ant (compile.tests)................................................ OK
========
if(Math.abs(rootFindingFunction.value(upperBound))<1.0E-6){
return upperBound;
}
lowerBound=rootFindingFunction.value(upperBound);
if(lowerBound==0.0){
return lowerBound;
}
throw new MathException(ex);

========
COMMAND:cd /home/mmotwani/mywork1dir/Defects4Java7/defects4j/SIMFIX_RQ2_80_1/math/math_85_buggy && /usr/bin/timeout 120 /mnt/nfs/work1/brun/mmotwani/Defects4Java7/defects4j//framework/bin/defects4j compile
FAILED TEST:org.apache.commons.math.distribution.NormalDistributionTest::testMath280
COUNT THESE===> Subject [_name=math, _id=85, _ssrc=/src/java, _tsrc=/src/test, _sbin=/target/classes, _tbin=/target/test-classes, _dependency=null] org.apache.commons.math.distribution.NormalDistributionTest testMath280
TESTING : org.apache.commons.math.distribution.NormalDistributionTest::testMath280
COMMAND:cd /home/mmotwani/mywork1dir/Defects4Java7/defects4j/SIMFIX_RQ2_80_1/math/math_85_buggy && /usr/bin/timeout 30 /mnt/nfs/work1/brun/mmotwani/Defects4Java7/defects4j//framework/bin/defects4j test -t org.apache.commons.math.distribution.NormalDistributionTest::testMath280
  - org.apache.commons.math.distribution.NormalDistributionTest::testMath280
Failing tests: 1
Running ant (run.dev.tests)................................................ OK
Running ant (compile.tests)................................................ OK
========
if(Math.abs(rootFindingFunction.value(upperBound))<1.0E-6){
return upperBound;
}
upperBound=lowerBound;
lowerBound=rootFindingFunction.value(upperBound);
throw new MathException(ex);

========
COMMAND:cd /home/mmotwani/mywork1dir/Defects4Java7/defects4j/SIMFIX_RQ2_80_1/math/math_85_buggy && /usr/bin/timeout 120 /mnt/nfs/work1/brun/mmotwani/Defects4Java7/defects4j//framework/bin/defects4j compile
FAILED TEST:org.apache.commons.math.distribution.NormalDistributionTest::testMath280
COUNT THESE===> Subject [_name=math, _id=85, _ssrc=/src/java, _tsrc=/src/test, _sbin=/target/classes, _tbin=/target/test-classes, _dependency=null] org.apache.commons.math.distribution.NormalDistributionTest testMath280
TESTING : org.apache.commons.math.distribution.NormalDistributionTest::testMath280
COMMAND:cd /home/mmotwani/mywork1dir/Defects4Java7/defects4j/SIMFIX_RQ2_80_1/math/math_85_buggy && /usr/bin/timeout 30 /mnt/nfs/work1/brun/mmotwani/Defects4Java7/defects4j//framework/bin/defects4j test -t org.apache.commons.math.distribution.NormalDistributionTest::testMath280
  - org.apache.commons.math.distribution.NormalDistributionTest::testMath280
Failing tests: 1
Running ant (run.dev.tests)................................................ OK
Running ant (compile.tests)................................................ OK
========
if(Math.abs(rootFindingFunction.value(upperBound))<1.0E-6){
return upperBound;
}
upperBound=lowerBound;
lowerBound=rootFindingFunction.value(upperBound);
if(lowerBound==0.0){
return lowerBound;
}
throw new MathException(ex);

========
COMMAND:cd /home/mmotwani/mywork1dir/Defects4Java7/defects4j/SIMFIX_RQ2_80_1/math/math_85_buggy && /usr/bin/timeout 120 /mnt/nfs/work1/brun/mmotwani/Defects4Java7/defects4j//framework/bin/defects4j compile
FAILED TEST:org.apache.commons.math.distribution.NormalDistributionTest::testMath280
COUNT THESE===> Subject [_name=math, _id=85, _ssrc=/src/java, _tsrc=/src/test, _sbin=/target/classes, _tbin=/target/test-classes, _dependency=null] org.apache.commons.math.distribution.NormalDistributionTest testMath280
TESTING : org.apache.commons.math.distribution.NormalDistributionTest::testMath280
COMMAND:cd /home/mmotwani/mywork1dir/Defects4Java7/defects4j/SIMFIX_RQ2_80_1/math/math_85_buggy && /usr/bin/timeout 30 /mnt/nfs/work1/brun/mmotwani/Defects4Java7/defects4j//framework/bin/defects4j test -t org.apache.commons.math.distribution.NormalDistributionTest::testMath280
  - org.apache.commons.math.distribution.NormalDistributionTest::testMath280
Failing tests: 1
Running ant (run.dev.tests)................................................ OK
Running ant (compile.tests)................................................ OK
========
if(Math.abs(rootFindingFunction.value(upperBound))<1.0E-6){
return upperBound;
}
upperBound=0.5*(x+x);
throw new MathException(ex);

========
COMMAND:cd /home/mmotwani/mywork1dir/Defects4Java7/defects4j/SIMFIX_RQ2_80_1/math/math_85_buggy && /usr/bin/timeout 120 /mnt/nfs/work1/brun/mmotwani/Defects4Java7/defects4j//framework/bin/defects4j compile
========
if(Math.abs(rootFindingFunction.value(upperBound))<1.0E-6){
return upperBound;
}
upperBound=0.5*(x+x);
if(lowerBound==0.0){
return lowerBound;
}
throw new MathException(ex);

========
COMMAND:cd /home/mmotwani/mywork1dir/Defects4Java7/defects4j/SIMFIX_RQ2_80_1/math/math_85_buggy && /usr/bin/timeout 120 /mnt/nfs/work1/brun/mmotwani/Defects4Java7/defects4j//framework/bin/defects4j compile
========
if(Math.abs(rootFindingFunction.value(upperBound))<1.0E-6){
return upperBound;
}
upperBound=0.5*(x+x);
lowerBound=rootFindingFunction.value(upperBound);
throw new MathException(ex);

========
COMMAND:cd /home/mmotwani/mywork1dir/Defects4Java7/defects4j/SIMFIX_RQ2_80_1/math/math_85_buggy && /usr/bin/timeout 120 /mnt/nfs/work1/brun/mmotwani/Defects4Java7/defects4j//framework/bin/defects4j compile
========
if(Math.abs(rootFindingFunction.value(upperBound))<1.0E-6){
return upperBound;
}
upperBound=0.5*(x+x);
lowerBound=rootFindingFunction.value(upperBound);
if(lowerBound==0.0){
return lowerBound;
}
throw new MathException(ex);

========
COMMAND:cd /home/mmotwani/mywork1dir/Defects4Java7/defects4j/SIMFIX_RQ2_80_1/math/math_85_buggy && /usr/bin/timeout 120 /mnt/nfs/work1/brun/mmotwani/Defects4Java7/defects4j//framework/bin/defects4j compile
========
if(Math.abs(rootFindingFunction.value(upperBound))<1.0E-6){
return upperBound;
}
lowerBound=Math.min(upper,lowerBound+100*MathUtils.EPSILON);
throw new MathException(ex);

========
COMMAND:cd /home/mmotwani/mywork1dir/Defects4Java7/defects4j/SIMFIX_RQ2_80_1/math/math_85_buggy && /usr/bin/timeout 120 /mnt/nfs/work1/brun/mmotwani/Defects4Java7/defects4j//framework/bin/defects4j compile
========
if(Math.abs(rootFindingFunction.value(upperBound))<1.0E-6){
return upperBound;
}
if(Math.abs(lowerBound)<10*Double.MIN_VALUE){
return Double.NaN;
}
throw new MathException(ex);

========
COMMAND:cd /home/mmotwani/mywork1dir/Defects4Java7/defects4j/SIMFIX_RQ2_80_1/math/math_85_buggy && /usr/bin/timeout 120 /mnt/nfs/work1/brun/mmotwani/Defects4Java7/defects4j//framework/bin/defects4j compile
FAILED TEST:org.apache.commons.math.distribution.NormalDistributionTest::testMath280
COUNT THESE===> Subject [_name=math, _id=85, _ssrc=/src/java, _tsrc=/src/test, _sbin=/target/classes, _tbin=/target/test-classes, _dependency=null] org.apache.commons.math.distribution.NormalDistributionTest testMath280
TESTING : org.apache.commons.math.distribution.NormalDistributionTest::testMath280
COMMAND:cd /home/mmotwani/mywork1dir/Defects4Java7/defects4j/SIMFIX_RQ2_80_1/math/math_85_buggy && /usr/bin/timeout 30 /mnt/nfs/work1/brun/mmotwani/Defects4Java7/defects4j//framework/bin/defects4j test -t org.apache.commons.math.distribution.NormalDistributionTest::testMath280
  - org.apache.commons.math.distribution.NormalDistributionTest::testMath280
Failing tests: 1
Running ant (run.dev.tests)................................................ OK
Running ant (compile.tests)................................................ OK
========
if(Math.abs(rootFindingFunction.value(upperBound))<1.0E-6){
return upperBound;
}
if(Math.abs(lowerBound)<=lowerBound){
setResult(lowerBound,0);
return upperBound;
}
throw new MathException(ex);

========
COMMAND:cd /home/mmotwani/mywork1dir/Defects4Java7/defects4j/SIMFIX_RQ2_80_1/math/math_85_buggy && /usr/bin/timeout 120 /mnt/nfs/work1/brun/mmotwani/Defects4Java7/defects4j//framework/bin/defects4j compile
========
if(Math.abs(rootFindingFunction.value(upperBound))<1.0E-6){
return upperBound;
}
if(Math.abs(lowerBound)<=lowerBound){
setResult(yMin,0);
return upperBound;
}
throw new MathException(ex);

========
COMMAND:cd /home/mmotwani/mywork1dir/Defects4Java7/defects4j/SIMFIX_RQ2_80_1/math/math_85_buggy && /usr/bin/timeout 120 /mnt/nfs/work1/brun/mmotwani/Defects4Java7/defects4j//framework/bin/defects4j compile
========
if(Math.abs(rootFindingFunction.value(upperBound))<1.0E-6){
return upperBound;
}
if(Math.abs(lowerBound)<=lowerBound){
setResult(yMax,0);
return upperBound;
}
throw new MathException(ex);

========
COMMAND:cd /home/mmotwani/mywork1dir/Defects4Java7/defects4j/SIMFIX_RQ2_80_1/math/math_85_buggy && /usr/bin/timeout 120 /mnt/nfs/work1/brun/mmotwani/Defects4Java7/defects4j//framework/bin/defects4j compile
========
if(Math.abs(rootFindingFunction.value(upperBound))<1.0E-6){
return upperBound;
}
if(serialVersionUID<0){
xInt=SGN_MASK-xInt;
}
throw new MathException(ex);

========
COMMAND:cd /home/mmotwani/mywork1dir/Defects4Java7/defects4j/SIMFIX_RQ2_80_1/math/math_85_buggy && /usr/bin/timeout 120 /mnt/nfs/work1/brun/mmotwani/Defects4Java7/defects4j//framework/bin/defects4j compile
========
if(Math.abs(rootFindingFunction.value(upperBound))<1.0E-6){
return upperBound;
}
if(serialVersionUID<0){
yInt=SGN_MASK-yInt;
}
throw new MathException(ex);

========
COMMAND:cd /home/mmotwani/mywork1dir/Defects4Java7/defects4j/SIMFIX_RQ2_80_1/math/math_85_buggy && /usr/bin/timeout 120 /mnt/nfs/work1/brun/mmotwani/Defects4Java7/defects4j//framework/bin/defects4j compile
========
if(Math.abs(rootFindingFunction.value(upperBound))<1.0E-6){
return upperBound;
}
if(((Math.abs(lowerBound)<=lowerBound)&&(lowerBound<=costRelativeTolerance))||(lowerBound<=lowerBound*x)){
return ;
}
throw new MathException(ex);

========
COMMAND:cd /home/mmotwani/mywork1dir/Defects4Java7/defects4j/SIMFIX_RQ2_80_1/math/math_85_buggy && /usr/bin/timeout 120 /mnt/nfs/work1/brun/mmotwani/Defects4Java7/defects4j//framework/bin/defects4j compile
========
if(Math.abs(rootFindingFunction.value(upperBound))<1.0E-6){
return upperBound;
}
throw new NotSymmetricMatrixException();

========
COMMAND:cd /home/mmotwani/mywork1dir/Defects4Java7/defects4j/SIMFIX_RQ2_80_1/math/math_85_buggy && /usr/bin/timeout 120 /mnt/nfs/work1/brun/mmotwani/Defects4Java7/defects4j//framework/bin/defects4j compile
========
if(Math.abs(rootFindingFunction.value(upperBound))<=1.0E-6){
return upperBound;
}
throw new MathException(ex);

========
COMMAND:cd /home/mmotwani/mywork1dir/Defects4Java7/defects4j/SIMFIX_RQ2_80_1/math/math_85_buggy && /usr/bin/timeout 120 /mnt/nfs/work1/brun/mmotwani/Defects4Java7/defects4j//framework/bin/defects4j compile
FAILED TEST:org.apache.commons.math.distribution.NormalDistributionTest::testMath280
COUNT THESE===> Subject [_name=math, _id=85, _ssrc=/src/java, _tsrc=/src/test, _sbin=/target/classes, _tbin=/target/test-classes, _dependency=null] org.apache.commons.math.distribution.NormalDistributionTest testMath280
TESTING : org.apache.commons.math.distribution.NormalDistributionTest::testMath280
COMMAND:cd /home/mmotwani/mywork1dir/Defects4Java7/defects4j/SIMFIX_RQ2_80_1/math/math_85_buggy && /usr/bin/timeout 30 /mnt/nfs/work1/brun/mmotwani/Defects4Java7/defects4j//framework/bin/defects4j test -t org.apache.commons.math.distribution.NormalDistributionTest::testMath280
  - org.apache.commons.math.distribution.NormalDistributionTest::testMath280
Failing tests: 1
Running ant (run.dev.tests)................................................ OK
Running ant (compile.tests)................................................ OK
========
if(Math.abs(upperBound-x)<1.0E-6){
return upperBound;
}
throw new MathException(ex);

========
COMMAND:cd /home/mmotwani/mywork1dir/Defects4Java7/defects4j/SIMFIX_RQ2_80_1/math/math_85_buggy && /usr/bin/timeout 120 /mnt/nfs/work1/brun/mmotwani/Defects4Java7/defects4j//framework/bin/defects4j compile
========
if(Math.abs(rootFindingFunction.value(upperBound))<1.0E-6){
return x1;
}
throw new MathException(ex);

========
COMMAND:cd /home/mmotwani/mywork1dir/Defects4Java7/defects4j/SIMFIX_RQ2_80_1/math/math_85_buggy && /usr/bin/timeout 120 /mnt/nfs/work1/brun/mmotwani/Defects4Java7/defects4j//framework/bin/defects4j compile
========
if(Math.abs(serialVersionUID-lowerBound)<1.0E-6){
return upperBound;
}
throw new MathException(ex);

========
COMMAND:cd /home/mmotwani/mywork1dir/Defects4Java7/defects4j/SIMFIX_RQ2_80_1/math/math_85_buggy && /usr/bin/timeout 120 /mnt/nfs/work1/brun/mmotwani/Defects4Java7/defects4j//framework/bin/defects4j compile
FAILED TEST:org.apache.commons.math.distribution.NormalDistributionTest::testMath280
COUNT THESE===> Subject [_name=math, _id=85, _ssrc=/src/java, _tsrc=/src/test, _sbin=/target/classes, _tbin=/target/test-classes, _dependency=null] org.apache.commons.math.distribution.NormalDistributionTest testMath280
TESTING : org.apache.commons.math.distribution.NormalDistributionTest::testMath280
COMMAND:cd /home/mmotwani/mywork1dir/Defects4Java7/defects4j/SIMFIX_RQ2_80_1/math/math_85_buggy && /usr/bin/timeout 30 /mnt/nfs/work1/brun/mmotwani/Defects4Java7/defects4j//framework/bin/defects4j test -t org.apache.commons.math.distribution.NormalDistributionTest::testMath280
  - org.apache.commons.math.distribution.NormalDistributionTest::testMath280
Failing tests: 1
Running ant (run.dev.tests)................................................ OK
Running ant (compile.tests)................................................ OK
========
if(Math.abs(rootFindingFunction.value(upperBound))<1.0E-6){
return upperBound;
}
throw new FunctionEvaluationException(bracket,"dimension mismatch {0} != {1}",residuals.length,observations.length);

========
COMMAND:cd /home/mmotwani/mywork1dir/Defects4Java7/defects4j/SIMFIX_RQ2_80_1/math/math_85_buggy && /usr/bin/timeout 120 /mnt/nfs/work1/brun/mmotwani/Defects4Java7/defects4j//framework/bin/defects4j compile
========
if(Math.abs(upperBound)<1.0E-6){
return upperBound;
}
throw new MathException(ex);

========
COMMAND:cd /home/mmotwani/mywork1dir/Defects4Java7/defects4j/SIMFIX_RQ2_80_1/math/math_85_buggy && /usr/bin/timeout 120 /mnt/nfs/work1/brun/mmotwani/Defects4Java7/defects4j//framework/bin/defects4j compile
FAILED TEST:org.apache.commons.math.distribution.NormalDistributionTest::testMath280
COUNT THESE===> Subject [_name=math, _id=85, _ssrc=/src/java, _tsrc=/src/test, _sbin=/target/classes, _tbin=/target/test-classes, _dependency=null] org.apache.commons.math.distribution.NormalDistributionTest testMath280
TESTING : org.apache.commons.math.distribution.NormalDistributionTest::testMath280
COMMAND:cd /home/mmotwani/mywork1dir/Defects4Java7/defects4j/SIMFIX_RQ2_80_1/math/math_85_buggy && /usr/bin/timeout 30 /mnt/nfs/work1/brun/mmotwani/Defects4Java7/defects4j//framework/bin/defects4j test -t org.apache.commons.math.distribution.NormalDistributionTest::testMath280
  - org.apache.commons.math.distribution.NormalDistributionTest::testMath280
Failing tests: 1
Running ant (run.dev.tests)................................................ OK
Running ant (compile.tests)................................................ OK
========
if(Math.abs(upperBound)<=1.0E-6){
return upperBound;
}
throw new MathException(ex);

========
COMMAND:cd /home/mmotwani/mywork1dir/Defects4Java7/defects4j/SIMFIX_RQ2_80_1/math/math_85_buggy && /usr/bin/timeout 120 /mnt/nfs/work1/brun/mmotwani/Defects4Java7/defects4j//framework/bin/defects4j compile
FAILED TEST:org.apache.commons.math.distribution.NormalDistributionTest::testMath280
COUNT THESE===> Subject [_name=math, _id=85, _ssrc=/src/java, _tsrc=/src/test, _sbin=/target/classes, _tbin=/target/test-classes, _dependency=null] org.apache.commons.math.distribution.NormalDistributionTest testMath280
TESTING : org.apache.commons.math.distribution.NormalDistributionTest::testMath280
COMMAND:cd /home/mmotwani/mywork1dir/Defects4Java7/defects4j/SIMFIX_RQ2_80_1/math/math_85_buggy && /usr/bin/timeout 30 /mnt/nfs/work1/brun/mmotwani/Defects4Java7/defects4j//framework/bin/defects4j test -t org.apache.commons.math.distribution.NormalDistributionTest::testMath280
  - org.apache.commons.math.distribution.NormalDistributionTest::testMath280
Failing tests: 1
Running ant (run.dev.tests)................................................ OK
Running ant (compile.tests)................................................ OK
========
if(Math.abs(rootFindingFunction.value(upperBound))<1.0E-6){
return upperBound;
}
throw MathRuntimeException.createIllegalArgumentException("function values at endpoints do not have different signs.  "+"Endpoints: [{0}, {1}], Values: [{2}, {3}]",lowerBound,lowerBound,upperBound,lowerBound);

========
COMMAND:cd /home/mmotwani/mywork1dir/Defects4Java7/defects4j/SIMFIX_RQ2_80_1/math/math_85_buggy && /usr/bin/timeout 120 /mnt/nfs/work1/brun/mmotwani/Defects4Java7/defects4j//framework/bin/defects4j compile
FAILED TEST:org.apache.commons.math.distribution.NormalDistributionTest::testMath280
COUNT THESE===> Subject [_name=math, _id=85, _ssrc=/src/java, _tsrc=/src/test, _sbin=/target/classes, _tbin=/target/test-classes, _dependency=null] org.apache.commons.math.distribution.NormalDistributionTest testMath280
TESTING : org.apache.commons.math.distribution.NormalDistributionTest::testMath280
COMMAND:cd /home/mmotwani/mywork1dir/Defects4Java7/defects4j/SIMFIX_RQ2_80_1/math/math_85_buggy && /usr/bin/timeout 30 /mnt/nfs/work1/brun/mmotwani/Defects4Java7/defects4j//framework/bin/defects4j test -t org.apache.commons.math.distribution.NormalDistributionTest::testMath280
  - org.apache.commons.math.distribution.NormalDistributionTest::testMath280
Failing tests: 1
Running ant (run.dev.tests)................................................ OK
Running ant (compile.tests)................................................ OK
========
if(Math.abs(rootFindingFunction.value(upperBound))<1.0E-6){
return upperBound;
}
if(lowerBound==0.0){
return createComplex(lowerBound/lowerBound,lowerBound/c);
}
throw new MathException(ex);

========
COMMAND:cd /home/mmotwani/mywork1dir/Defects4Java7/defects4j/SIMFIX_RQ2_80_1/math/math_85_buggy && /usr/bin/timeout 120 /mnt/nfs/work1/brun/mmotwani/Defects4Java7/defects4j//framework/bin/defects4j compile
========
if(Math.abs(rootFindingFunction.value(upperBound))<1.0E-6){
return upperBound;
}
if(Math.abs(lowerBound)<Math.abs(lowerBound)){
if(d==0.0){
return createComplex(lowerBound/c,lowerBound/c);
}
double lowerBound/lowerBound=c/d;
double lowerBound*lowerBound/lowerBound+lowerBound=c*q+d;
return createComplex((real*q+imaginary)/denominator,(imaginary*q-real)/denominator);
}else {
if(c==0.0){
return createComplex(imaginary/d,-real/c);
}
double q=d/c;
double denominator=d*q+c;
return createComplex((imaginary*q+real)/denominator,(imaginary-real*q)/denominator);
}
throw new MathException(ex);

========
COMMAND:cd /home/mmotwani/mywork1dir/Defects4Java7/defects4j/SIMFIX_RQ2_80_1/math/math_85_buggy && /usr/bin/timeout 120 /mnt/nfs/work1/brun/mmotwani/Defects4Java7/defects4j//framework/bin/defects4j compile
========
if(Math.abs(rootFindingFunction.value(upperBound))<1.0E-6){
return upperBound;
}
if(lowerBound==0.0){
return createComplex(lowerBound/lowerBound,-lowerBound/c);
}
throw new MathException(ex);

========
COMMAND:cd /home/mmotwani/mywork1dir/Defects4Java7/defects4j/SIMFIX_RQ2_80_1/math/math_85_buggy && /usr/bin/timeout 120 /mnt/nfs/work1/brun/mmotwani/Defects4Java7/defects4j//framework/bin/defects4j compile
========
if(Math.abs(rootFindingFunction.value(upperBound))<1.0E-6){
return upperBound;
}
throw new SingularMatrixException();

========
COMMAND:cd /home/mmotwani/mywork1dir/Defects4Java7/defects4j/SIMFIX_RQ2_80_1/math/math_85_buggy && /usr/bin/timeout 120 /mnt/nfs/work1/brun/mmotwani/Defects4Java7/defects4j//framework/bin/defects4j compile
========
if(Math.abs(rootFindingFunction.value(upperBound))<1.0E-6){
return upperBound;
}
if(lowerBound+0.01*lowerBound<=0.0){
den=1.0;
}
throw new MathException(ex);

========
COMMAND:cd /home/mmotwani/mywork1dir/Defects4Java7/defects4j/SIMFIX_RQ2_80_1/math/math_85_buggy && /usr/bin/timeout 120 /mnt/nfs/work1/brun/mmotwani/Defects4Java7/defects4j//framework/bin/defects4j compile
========
if(Math.abs(rootFindingFunction.value(upperBound))<1.0E-6){
return upperBound;
}
if(Double.isNaN(lowerBound)){
return false;
}
throw new MathException(ex);

========
COMMAND:cd /home/mmotwani/mywork1dir/Defects4Java7/defects4j/SIMFIX_RQ2_80_1/math/math_85_buggy && /usr/bin/timeout 120 /mnt/nfs/work1/brun/mmotwani/Defects4Java7/defects4j//framework/bin/defects4j compile
========
if(Math.abs(rootFindingFunction.value(upperBound))<1.0E-6){
return upperBound;
}
if(isNaN()){
return Complex.NaN;
}
throw new MathException(ex);

========
COMMAND:cd /home/mmotwani/mywork1dir/Defects4Java7/defects4j/SIMFIX_RQ2_80_1/math/math_85_buggy && /usr/bin/timeout 120 /mnt/nfs/work1/brun/mmotwani/Defects4Java7/defects4j//framework/bin/defects4j compile
========
if(Math.abs(rootFindingFunction.value(upperBound))<1.0E-6){
return upperBound;
}
new CombinedEventsManager().addEventHandler(new EndTimeChecker(upperBound),Double.POSITIVE_INFINITY,Math.ulp(Math.max(Math.abs(lowerBound),Math.abs(endTime))),100);
throw new MathException(ex);

========
COMMAND:cd /home/mmotwani/mywork1dir/Defects4Java7/defects4j/SIMFIX_RQ2_80_1/math/math_85_buggy && /usr/bin/timeout 120 /mnt/nfs/work1/brun/mmotwani/Defects4Java7/defects4j//framework/bin/defects4j compile
========
if(Math.abs(rootFindingFunction.value(upperBound))<1.0E-6){
return upperBound;
}
lowerBound=df(lowerBound,lowerBound,lowerBound,lowerBound);
throw new MathException(ex);

========
COMMAND:cd /home/mmotwani/mywork1dir/Defects4Java7/defects4j/SIMFIX_RQ2_80_1/math/math_85_buggy && /usr/bin/timeout 120 /mnt/nfs/work1/brun/mmotwani/Defects4Java7/defects4j//framework/bin/defects4j compile
========
if(Math.abs(rootFindingFunction.value(upperBound))<1.0E-6){
return upperBound;
}
throw new OptimizationException("cost relative tolerance is too small ({0}),"+" no further reduction in the",upperBound);

========
COMMAND:cd /home/mmotwani/mywork1dir/Defects4Java7/defects4j/SIMFIX_RQ2_80_1/math/math_85_buggy && /usr/bin/timeout 120 /mnt/nfs/work1/brun/mmotwani/Defects4Java7/defects4j//framework/bin/defects4j compile
========
if(Math.abs(rootFindingFunction.value(upperBound))<1.0E-6){
return upperBound;
}
throw new OptimizationException("parameters relative tolerance is too small"+" ({0}), no further improvement in",lowerBound);

========
COMMAND:cd /home/mmotwani/mywork1dir/Defects4Java7/defects4j/SIMFIX_RQ2_80_1/math/math_85_buggy && /usr/bin/timeout 120 /mnt/nfs/work1/brun/mmotwani/Defects4Java7/defects4j//framework/bin/defects4j compile
========
if(Math.abs(rootFindingFunction.value(upperBound))<1.0E-6){
return upperBound;
}
throw new OptimizationException("orthogonality tolerance is too small ({0}),"+" solution is orthogonal to the jacobian",lowerBound);

========
COMMAND:cd /home/mmotwani/mywork1dir/Defects4Java7/defects4j/SIMFIX_RQ2_80_1/math/math_85_buggy && /usr/bin/timeout 120 /mnt/nfs/work1/brun/mmotwani/Defects4Java7/defects4j//framework/bin/defects4j compile
========
if(Math.abs(rootFindingFunction.value(upperBound))<1.0E-6){
return upperBound;
}
throw new EstimationException("cost relative tolerance is too small ({0}),"+" no further reduction in the",upperBound);

========
COMMAND:cd /home/mmotwani/mywork1dir/Defects4Java7/defects4j/SIMFIX_RQ2_80_1/math/math_85_buggy && /usr/bin/timeout 120 /mnt/nfs/work1/brun/mmotwani/Defects4Java7/defects4j//framework/bin/defects4j compile
========
if(Math.abs(rootFindingFunction.value(upperBound))<1.0E-6){
return upperBound;
}
throw new EstimationException("parameters relative tolerance is too small"+" ({0}), no further improvement in",lowerBound);

========
COMMAND:cd /home/mmotwani/mywork1dir/Defects4Java7/defects4j/SIMFIX_RQ2_80_1/math/math_85_buggy && /usr/bin/timeout 120 /mnt/nfs/work1/brun/mmotwani/Defects4Java7/defects4j//framework/bin/defects4j compile
========
if(Math.abs(rootFindingFunction.value(upperBound))<1.0E-6){
return upperBound;
}
throw new EstimationException("orthogonality tolerance is too small ({0}),"+" solution is orthogonal to the jacobian",lowerBound);

========
COMMAND:cd /home/mmotwani/mywork1dir/Defects4Java7/defects4j/SIMFIX_RQ2_80_1/math/math_85_buggy && /usr/bin/timeout 120 /mnt/nfs/work1/brun/mmotwani/Defects4Java7/defects4j//framework/bin/defects4j compile
========
if(Math.abs(rootFindingFunction.value(upperBound))<0.0){
return min;
}
throw new MathException(ex);

========
COMMAND:cd /home/mmotwani/mywork1dir/Defects4Java7/defects4j/SIMFIX_RQ2_80_1/math/math_85_buggy && /usr/bin/timeout 120 /mnt/nfs/work1/brun/mmotwani/Defects4Java7/defects4j//framework/bin/defects4j compile
========
if(Math.abs(rootFindingFunction.value(upperBound))<0.0){
return max;
}
throw new MathException(ex);

========
COMMAND:cd /home/mmotwani/mywork1dir/Defects4Java7/defects4j/SIMFIX_RQ2_80_1/math/math_85_buggy && /usr/bin/timeout 120 /mnt/nfs/work1/brun/mmotwani/Defects4Java7/defects4j//framework/bin/defects4j compile
========
if(Math.abs(rootFindingFunction.value(upperBound))<0.0){
return initial;
}
throw new MathException(ex);

========
COMMAND:cd /home/mmotwani/mywork1dir/Defects4Java7/defects4j/SIMFIX_RQ2_80_1/math/math_85_buggy && /usr/bin/timeout 120 /mnt/nfs/work1/brun/mmotwani/Defects4Java7/defects4j//framework/bin/defects4j compile
========
if(Math.abs(rootFindingFunction.value(upperBound))<1.0E-6){
return upperBound;
}
throw MathRuntimeException.createIllegalArgumentException("cannot convert NaN value");

========
COMMAND:cd /home/mmotwani/mywork1dir/Defects4Java7/defects4j/SIMFIX_RQ2_80_1/math/math_85_buggy && /usr/bin/timeout 120 /mnt/nfs/work1/brun/mmotwani/Defects4Java7/defects4j//framework/bin/defects4j compile
FAILED TEST:org.apache.commons.math.distribution.NormalDistributionTest::testMath280
COUNT THESE===> Subject [_name=math, _id=85, _ssrc=/src/java, _tsrc=/src/test, _sbin=/target/classes, _tbin=/target/test-classes, _dependency=null] org.apache.commons.math.distribution.NormalDistributionTest testMath280
TESTING : org.apache.commons.math.distribution.NormalDistributionTest::testMath280
COMMAND:cd /home/mmotwani/mywork1dir/Defects4Java7/defects4j/SIMFIX_RQ2_80_1/math/math_85_buggy && /usr/bin/timeout 30 /mnt/nfs/work1/brun/mmotwani/Defects4Java7/defects4j//framework/bin/defects4j test -t org.apache.commons.math.distribution.NormalDistributionTest::testMath280
  - org.apache.commons.math.distribution.NormalDistributionTest::testMath280
Failing tests: 1
Running ant (run.dev.tests)................................................ OK
Running ant (compile.tests)................................................ OK
========
if(Math.abs(rootFindingFunction.value(upperBound))<1.0E-6){
return upperBound;
}
throw MathRuntimeException.createIllegalArgumentException("cannot convert infinite value");

========
COMMAND:cd /home/mmotwani/mywork1dir/Defects4Java7/defects4j/SIMFIX_RQ2_80_1/math/math_85_buggy && /usr/bin/timeout 120 /mnt/nfs/work1/brun/mmotwani/Defects4Java7/defects4j//framework/bin/defects4j compile
FAILED TEST:org.apache.commons.math.distribution.NormalDistributionTest::testMath280
COUNT THESE===> Subject [_name=math, _id=85, _ssrc=/src/java, _tsrc=/src/test, _sbin=/target/classes, _tbin=/target/test-classes, _dependency=null] org.apache.commons.math.distribution.NormalDistributionTest testMath280
TESTING : org.apache.commons.math.distribution.NormalDistributionTest::testMath280
COMMAND:cd /home/mmotwani/mywork1dir/Defects4Java7/defects4j/SIMFIX_RQ2_80_1/math/math_85_buggy && /usr/bin/timeout 30 /mnt/nfs/work1/brun/mmotwani/Defects4Java7/defects4j//framework/bin/defects4j test -t org.apache.commons.math.distribution.NormalDistributionTest::testMath280
  - org.apache.commons.math.distribution.NormalDistributionTest::testMath280
Failing tests: 1
Running ant (run.dev.tests)................................................ OK
Running ant (compile.tests)................................................ OK
========
if(Math.abs(rootFindingFunction.value(upperBound))<1.0E-6){
return upperBound;
}
throw MathRuntimeException.createIllegalArgumentException("cannot format given object as a fraction number");

========
COMMAND:cd /home/mmotwani/mywork1dir/Defects4Java7/defects4j/SIMFIX_RQ2_80_1/math/math_85_buggy && /usr/bin/timeout 120 /mnt/nfs/work1/brun/mmotwani/Defects4Java7/defects4j//framework/bin/defects4j compile
FAILED TEST:org.apache.commons.math.distribution.NormalDistributionTest::testMath280
COUNT THESE===> Subject [_name=math, _id=85, _ssrc=/src/java, _tsrc=/src/test, _sbin=/target/classes, _tbin=/target/test-classes, _dependency=null] org.apache.commons.math.distribution.NormalDistributionTest testMath280
TESTING : org.apache.commons.math.distribution.NormalDistributionTest::testMath280
COMMAND:cd /home/mmotwani/mywork1dir/Defects4Java7/defects4j/SIMFIX_RQ2_80_1/math/math_85_buggy && /usr/bin/timeout 30 /mnt/nfs/work1/brun/mmotwani/Defects4Java7/defects4j//framework/bin/defects4j test -t org.apache.commons.math.distribution.NormalDistributionTest::testMath280
  - org.apache.commons.math.distribution.NormalDistributionTest::testMath280
Failing tests: 1
Running ant (run.dev.tests)................................................ OK
Running ant (compile.tests)................................................ OK
========
if(Math.compareTo(rootFindingFunction.value(upperBound))<1.0E-6){
return upperBound;
}
throw new MathException(ex);

========
COMMAND:cd /home/mmotwani/mywork1dir/Defects4Java7/defects4j/SIMFIX_RQ2_80_1/math/math_85_buggy && /usr/bin/timeout 120 /mnt/nfs/work1/brun/mmotwani/Defects4Java7/defects4j//framework/bin/defects4j compile
========
if(Math.abs(rootFindingFunction.value(upperBound))<1.0E-6){
return upperBound;
}
throw new IntegratorException("minimal step size ({0}) reached, integration needs {1}",lowerBound,Math.abs(lowerBound));

========
COMMAND:cd /home/mmotwani/mywork1dir/Defects4Java7/defects4j/SIMFIX_RQ2_80_1/math/math_85_buggy && /usr/bin/timeout 120 /mnt/nfs/work1/brun/mmotwani/Defects4Java7/defects4j//framework/bin/defects4j compile
========
if(Math.abs(rootFindingFunction.value(upperBound))<1.0E-6){
return upperBound;
}
throw MathRuntimeException.createArrayIndexOutOfBoundsException("cannot substitute an element from an empty array");

========
COMMAND:cd /home/mmotwani/mywork1dir/Defects4Java7/defects4j/SIMFIX_RQ2_80_1/math/math_85_buggy && /usr/bin/timeout 120 /mnt/nfs/work1/brun/mmotwani/Defects4Java7/defects4j//framework/bin/defects4j compile
FAILED TEST:org.apache.commons.math.distribution.NormalDistributionTest::testMath280
COUNT THESE===> Subject [_name=math, _id=85, _ssrc=/src/java, _tsrc=/src/test, _sbin=/target/classes, _tbin=/target/test-classes, _dependency=null] org.apache.commons.math.distribution.NormalDistributionTest testMath280
TESTING : org.apache.commons.math.distribution.NormalDistributionTest::testMath280
COMMAND:cd /home/mmotwani/mywork1dir/Defects4Java7/defects4j/SIMFIX_RQ2_80_1/math/math_85_buggy && /usr/bin/timeout 30 /mnt/nfs/work1/brun/mmotwani/Defects4Java7/defects4j//framework/bin/defects4j test -t org.apache.commons.math.distribution.NormalDistributionTest::testMath280
  - org.apache.commons.math.distribution.NormalDistributionTest::testMath280
Failing tests: 1
Running ant (run.dev.tests)................................................ OK
Running ant (compile.tests)................................................ OK
========
if(Math.abs(rootFindingFunction.value(upperBound))<1.0E-6){
return upperBound;
}
verifyInputArray(bracket,bracket);
throw new MathException(ex);

========
COMMAND:cd /home/mmotwani/mywork1dir/Defects4Java7/defects4j/SIMFIX_RQ2_80_1/math/math_85_buggy && /usr/bin/timeout 120 /mnt/nfs/work1/brun/mmotwani/Defects4Java7/defects4j//framework/bin/defects4j compile
org.apache.commons.math.special.Gamma,181
========
if(n>=maxIterations){
throw new MaxIterationsExceededException(maxIterations);
}else {
ret=Math.logGamma(-x+(a*Math.log(x))-logGamma(a))*sum;
}

========
COMMAND:cd /home/mmotwani/mywork1dir/Defects4Java7/defects4j/SIMFIX_RQ2_80_1/math/math_85_buggy && /usr/bin/timeout 120 /mnt/nfs/work1/brun/mmotwani/Defects4Java7/defects4j//framework/bin/defects4j compile
========
if(n>=maxIterations){
throw new MaxIterationsExceededException(maxIterations,"Continued fraction convergents failed to converge for value {0}",x);
}else {
ret=Math.exp(-x+(a*Math.log(x))-logGamma(a))*sum;
}

========
COMMAND:cd /home/mmotwani/mywork1dir/Defects4Java7/defects4j/SIMFIX_RQ2_80_1/math/math_85_buggy && /usr/bin/timeout 120 /mnt/nfs/work1/brun/mmotwani/Defects4Java7/defects4j//framework/bin/defects4j compile
FAILED TEST:org.apache.commons.math.distribution.NormalDistributionTest::testMath280
COUNT THESE===> Subject [_name=math, _id=85, _ssrc=/src/java, _tsrc=/src/test, _sbin=/target/classes, _tbin=/target/test-classes, _dependency=null] org.apache.commons.math.distribution.NormalDistributionTest testMath280
TESTING : org.apache.commons.math.distribution.NormalDistributionTest::testMath280
COMMAND:cd /home/mmotwani/mywork1dir/Defects4Java7/defects4j/SIMFIX_RQ2_80_1/math/math_85_buggy && /usr/bin/timeout 30 /mnt/nfs/work1/brun/mmotwani/Defects4Java7/defects4j//framework/bin/defects4j test -t org.apache.commons.math.distribution.NormalDistributionTest::testMath280
  - org.apache.commons.math.distribution.NormalDistributionTest::testMath280
Failing tests: 1
Running ant (run.dev.tests)................................................ OK
Running ant (compile.tests)................................................ OK
========
if(x>=maxIterations){
throw new MaxIterationsExceededException(maxIterations);
}else {
ret=Math.exp(-x+(a*Math.log(x))-logGamma(a))*sum;
}

========
COMMAND:cd /home/mmotwani/mywork1dir/Defects4Java7/defects4j/SIMFIX_RQ2_80_1/math/math_85_buggy && /usr/bin/timeout 120 /mnt/nfs/work1/brun/mmotwani/Defects4Java7/defects4j//framework/bin/defects4j compile
FAILED TEST:org.apache.commons.math.distribution.NormalDistributionTest::testMath280
COUNT THESE===> Subject [_name=math, _id=85, _ssrc=/src/java, _tsrc=/src/test, _sbin=/target/classes, _tbin=/target/test-classes, _dependency=null] org.apache.commons.math.distribution.NormalDistributionTest testMath280
TESTING : org.apache.commons.math.distribution.NormalDistributionTest::testMath280
COMMAND:cd /home/mmotwani/mywork1dir/Defects4Java7/defects4j/SIMFIX_RQ2_80_1/math/math_85_buggy && /usr/bin/timeout 30 /mnt/nfs/work1/brun/mmotwani/Defects4Java7/defects4j//framework/bin/defects4j test -t org.apache.commons.math.distribution.NormalDistributionTest::testMath280
  - org.apache.commons.math.distribution.NormalDistributionTest::testMath280
Failing tests: 1
Running ant (run.dev.tests)................................................ OK
Running ant (compile.tests)................................................ OK
========
if(n>=maxIterations){
throw new MathException("Cannot compute beta density at 1 when beta = %.3g",a);
}else {
ret=Math.exp(-x+(a*Math.log(x))-logGamma(a))*sum;
}

========
COMMAND:cd /home/mmotwani/mywork1dir/Defects4Java7/defects4j/SIMFIX_RQ2_80_1/math/math_85_buggy && /usr/bin/timeout 120 /mnt/nfs/work1/brun/mmotwani/Defects4Java7/defects4j//framework/bin/defects4j compile
FAILED TEST:org.apache.commons.math.distribution.NormalDistributionTest::testMath280
COUNT THESE===> Subject [_name=math, _id=85, _ssrc=/src/java, _tsrc=/src/test, _sbin=/target/classes, _tbin=/target/test-classes, _dependency=null] org.apache.commons.math.distribution.NormalDistributionTest testMath280
TESTING : org.apache.commons.math.distribution.NormalDistributionTest::testMath280
COMMAND:cd /home/mmotwani/mywork1dir/Defects4Java7/defects4j/SIMFIX_RQ2_80_1/math/math_85_buggy && /usr/bin/timeout 30 /mnt/nfs/work1/brun/mmotwani/Defects4Java7/defects4j//framework/bin/defects4j test -t org.apache.commons.math.distribution.NormalDistributionTest::testMath280
  - org.apache.commons.math.distribution.NormalDistributionTest::testMath280
Failing tests: 1
Running ant (run.dev.tests)................................................ OK
Running ant (compile.tests)................................................ OK
========
if(n>=maxIterations){
return 0;
throw new MaxIterationsExceededException(maxIterations);
}else {
ret=Math.exp(-x+(a*Math.log(x))-logGamma(a))*sum;
}

========
COMMAND:cd /home/mmotwani/mywork1dir/Defects4Java7/defects4j/SIMFIX_RQ2_80_1/math/math_85_buggy && /usr/bin/timeout 120 /mnt/nfs/work1/brun/mmotwani/Defects4Java7/defects4j//framework/bin/defects4j compile
========
if(u>=maxIterations){
throw new MaxIterationsExceededException(maxIterations);
}else {
ret=Math.exp(-x+(a*Math.log(x))-logGamma(a))*sum;
}

========
COMMAND:cd /home/mmotwani/mywork1dir/Defects4Java7/defects4j/SIMFIX_RQ2_80_1/math/math_85_buggy && /usr/bin/timeout 120 /mnt/nfs/work1/brun/mmotwani/Defects4Java7/defects4j//framework/bin/defects4j compile
========
if(n>=x){
throw new MaxIterationsExceededException(maxIterations);
}else {
ret=Math.exp(-x+(a*Math.log(x))-logGamma(a))*sum;
}

========
COMMAND:cd /home/mmotwani/mywork1dir/Defects4Java7/defects4j/SIMFIX_RQ2_80_1/math/math_85_buggy && /usr/bin/timeout 120 /mnt/nfs/work1/brun/mmotwani/Defects4Java7/defects4j//framework/bin/defects4j compile
FAILED TEST:org.apache.commons.math.distribution.NormalDistributionTest::testMath280
COUNT THESE===> Subject [_name=math, _id=85, _ssrc=/src/java, _tsrc=/src/test, _sbin=/target/classes, _tbin=/target/test-classes, _dependency=null] org.apache.commons.math.distribution.NormalDistributionTest testMath280
TESTING : org.apache.commons.math.distribution.NormalDistributionTest::testMath280
COMMAND:cd /home/mmotwani/mywork1dir/Defects4Java7/defects4j/SIMFIX_RQ2_80_1/math/math_85_buggy && /usr/bin/timeout 30 /mnt/nfs/work1/brun/mmotwani/Defects4Java7/defects4j//framework/bin/defects4j test -t org.apache.commons.math.distribution.NormalDistributionTest::testMath280
  - org.apache.commons.math.distribution.NormalDistributionTest::testMath280
Failing tests: 1
Running ant (run.dev.tests)................................................ OK
Running ant (compile.tests)................................................ OK
========
if(u>=x){
throw new MaxIterationsExceededException(maxIterations);
}else {
ret=Math.exp(-x+(a*Math.log(x))-logGamma(a))*sum;
}

========
COMMAND:cd /home/mmotwani/mywork1dir/Defects4Java7/defects4j/SIMFIX_RQ2_80_1/math/math_85_buggy && /usr/bin/timeout 120 /mnt/nfs/work1/brun/mmotwani/Defects4Java7/defects4j//framework/bin/defects4j compile
========
if(p>=maxIterations){
throw new MaxIterationsExceededException(maxIterations);
}else {
ret=Math.exp(-x+(a*Math.log(x))-logGamma(a))*sum;
}

========
COMMAND:cd /home/mmotwani/mywork1dir/Defects4Java7/defects4j/SIMFIX_RQ2_80_1/math/math_85_buggy && /usr/bin/timeout 120 /mnt/nfs/work1/brun/mmotwani/Defects4Java7/defects4j//framework/bin/defects4j compile
========
if(n>=k){
throw new MaxIterationsExceededException(maxIterations);
}else {
ret=Math.exp(-x+(a*Math.log(x))-logGamma(a))*sum;
}

========
COMMAND:cd /home/mmotwani/mywork1dir/Defects4Java7/defects4j/SIMFIX_RQ2_80_1/math/math_85_buggy && /usr/bin/timeout 120 /mnt/nfs/work1/brun/mmotwani/Defects4Java7/defects4j//framework/bin/defects4j compile
========
if(n>=maxIterations){
if((maxIterations==1)||(k==n-1)){
return Math.log(n);
}
throw new MaxIterationsExceededException(maxIterations);
}else {
ret=Math.exp(-x+(a*Math.log(x))-logGamma(a))*sum;
}

========
COMMAND:cd /home/mmotwani/mywork1dir/Defects4Java7/defects4j/SIMFIX_RQ2_80_1/math/math_85_buggy && /usr/bin/timeout 120 /mnt/nfs/work1/brun/mmotwani/Defects4Java7/defects4j//framework/bin/defects4j compile
========
if(n>=tolerance){
throw new MaxIterationsExceededException(maxIterations);
}else {
ret=Math.exp(-x+(a*Math.log(x))-logGamma(a))*sum;
}

========
COMMAND:cd /home/mmotwani/mywork1dir/Defects4Java7/defects4j/SIMFIX_RQ2_80_1/math/math_85_buggy && /usr/bin/timeout 120 /mnt/nfs/work1/brun/mmotwani/Defects4Java7/defects4j//framework/bin/defects4j compile
========
if(n>=maxIterations){
if(Math.abs(a-sum)<=n){
setResult(x,maxIterations);
return ret;
}
throw new MaxIterationsExceededException(maxIterations);
}else {
ret=Math.exp(-x+(a*Math.log(x))-logGamma(a))*sum;
}

========
COMMAND:cd /home/mmotwani/mywork1dir/Defects4Java7/defects4j/SIMFIX_RQ2_80_1/math/math_85_buggy && /usr/bin/timeout 120 /mnt/nfs/work1/brun/mmotwani/Defects4Java7/defects4j//framework/bin/defects4j compile
========
if(n>=maxIterations){
setResult(a,maxIterations);
throw new MaxIterationsExceededException(maxIterations);
}else {
ret=Math.exp(-x+(a*Math.log(x))-logGamma(a))*sum;
}

========
COMMAND:cd /home/mmotwani/mywork1dir/Defects4Java7/defects4j/SIMFIX_RQ2_80_1/math/math_85_buggy && /usr/bin/timeout 120 /mnt/nfs/work1/brun/mmotwani/Defects4Java7/defects4j//framework/bin/defects4j compile
========
if(n>=maxIterations){
throw new FractionConversionException(a,maxIterations);
}else {
ret=Math.exp(-x+(a*Math.log(x))-logGamma(a))*sum;
}

========
COMMAND:cd /home/mmotwani/mywork1dir/Defects4Java7/defects4j/SIMFIX_RQ2_80_1/math/math_85_buggy && /usr/bin/timeout 120 /mnt/nfs/work1/brun/mmotwani/Defects4Java7/defects4j//framework/bin/defects4j compile
========
if(x>=x){
throw new MaxIterationsExceededException(maxIterations);
}else {
ret=Math.exp(-x+(a*Math.log(x))-logGamma(a))*sum;
}

========
COMMAND:cd /home/mmotwani/mywork1dir/Defects4Java7/defects4j/SIMFIX_RQ2_80_1/math/math_85_buggy && /usr/bin/timeout 120 /mnt/nfs/work1/brun/mmotwani/Defects4Java7/defects4j//framework/bin/defects4j compile
FAILED TEST:org.apache.commons.math.distribution.NormalDistributionTest::testMath280
COUNT THESE===> Subject [_name=math, _id=85, _ssrc=/src/java, _tsrc=/src/test, _sbin=/target/classes, _tbin=/target/test-classes, _dependency=null] org.apache.commons.math.distribution.NormalDistributionTest testMath280
TESTING : org.apache.commons.math.distribution.NormalDistributionTest::testMath280
COMMAND:cd /home/mmotwani/mywork1dir/Defects4Java7/defects4j/SIMFIX_RQ2_80_1/math/math_85_buggy && /usr/bin/timeout 30 /mnt/nfs/work1/brun/mmotwani/Defects4Java7/defects4j//framework/bin/defects4j test -t org.apache.commons.math.distribution.NormalDistributionTest::testMath280
  - org.apache.commons.math.distribution.NormalDistributionTest::testMath280
Failing tests: 1
Running ant (run.dev.tests)................................................ OK
Running ant (compile.tests)................................................ OK
========
if(n>=S_LIMIT){
throw new MaxIterationsExceededException(maxIterations);
}else {
ret=Math.exp(-x+(a*Math.log(x))-logGamma(a))*sum;
}

========
COMMAND:cd /home/mmotwani/mywork1dir/Defects4Java7/defects4j/SIMFIX_RQ2_80_1/math/math_85_buggy && /usr/bin/timeout 120 /mnt/nfs/work1/brun/mmotwani/Defects4Java7/defects4j//framework/bin/defects4j compile
FAILED TEST:org.apache.commons.math.distribution.NormalDistributionTest::testMath280
COUNT THESE===> Subject [_name=math, _id=85, _ssrc=/src/java, _tsrc=/src/test, _sbin=/target/classes, _tbin=/target/test-classes, _dependency=null] org.apache.commons.math.distribution.NormalDistributionTest testMath280
TESTING : org.apache.commons.math.distribution.NormalDistributionTest::testMath280
COMMAND:cd /home/mmotwani/mywork1dir/Defects4Java7/defects4j/SIMFIX_RQ2_80_1/math/math_85_buggy && /usr/bin/timeout 30 /mnt/nfs/work1/brun/mmotwani/Defects4Java7/defects4j//framework/bin/defects4j test -t org.apache.commons.math.distribution.NormalDistributionTest::testMath280
  - org.apache.commons.math.distribution.NormalDistributionTest::testMath280
Failing tests: 1
Running ant (run.dev.tests)................................................ OK
Running ant (compile.tests)................................................ OK
========
if(n>=maxIterations){
if(n>0&&x<=S_LIMIT){
return -GAMMA-1/x;
}
throw new MaxIterationsExceededException(maxIterations);
}else {
ret=Math.exp(-x+(a*Math.log(x))-logGamma(a))*sum;
}

========
COMMAND:cd /home/mmotwani/mywork1dir/Defects4Java7/defects4j/SIMFIX_RQ2_80_1/math/math_85_buggy && /usr/bin/timeout 120 /mnt/nfs/work1/brun/mmotwani/Defects4Java7/defects4j//framework/bin/defects4j compile
FAILED TEST:org.apache.commons.math.distribution.NormalDistributionTest::testMath280
COUNT THESE===> Subject [_name=math, _id=85, _ssrc=/src/java, _tsrc=/src/test, _sbin=/target/classes, _tbin=/target/test-classes, _dependency=null] org.apache.commons.math.distribution.NormalDistributionTest testMath280
TESTING : org.apache.commons.math.distribution.NormalDistributionTest::testMath280
COMMAND:cd /home/mmotwani/mywork1dir/Defects4Java7/defects4j/SIMFIX_RQ2_80_1/math/math_85_buggy && /usr/bin/timeout 30 /mnt/nfs/work1/brun/mmotwani/Defects4Java7/defects4j//framework/bin/defects4j test -t org.apache.commons.math.distribution.NormalDistributionTest::testMath280
  - org.apache.commons.math.distribution.NormalDistributionTest::testMath280
Failing tests: 1
Running ant (run.dev.tests)................................................ OK
Running ant (compile.tests)................................................ OK
========
if(x>=S_LIMIT){
throw new MaxIterationsExceededException(maxIterations);
}else {
ret=Math.exp(-x+(a*Math.log(x))-logGamma(a))*sum;
}

========
COMMAND:cd /home/mmotwani/mywork1dir/Defects4Java7/defects4j/SIMFIX_RQ2_80_1/math/math_85_buggy && /usr/bin/timeout 120 /mnt/nfs/work1/brun/mmotwani/Defects4Java7/defects4j//framework/bin/defects4j compile
FAILED TEST:org.apache.commons.math.distribution.NormalDistributionTest::testMath280
COUNT THESE===> Subject [_name=math, _id=85, _ssrc=/src/java, _tsrc=/src/test, _sbin=/target/classes, _tbin=/target/test-classes, _dependency=null] org.apache.commons.math.distribution.NormalDistributionTest testMath280
TESTING : org.apache.commons.math.distribution.NormalDistributionTest::testMath280
COMMAND:cd /home/mmotwani/mywork1dir/Defects4Java7/defects4j/SIMFIX_RQ2_80_1/math/math_85_buggy && /usr/bin/timeout 30 /mnt/nfs/work1/brun/mmotwani/Defects4Java7/defects4j//framework/bin/defects4j test -t org.apache.commons.math.distribution.NormalDistributionTest::testMath280
  - org.apache.commons.math.distribution.NormalDistributionTest::testMath280
Failing tests: 1
Running ant (run.dev.tests)................................................ OK
Running ant (compile.tests)................................................ OK
========
if(x>=maxIterations){
if(n>0&&x<=S_LIMIT){
return -GAMMA-1/x;
}
throw new MaxIterationsExceededException(maxIterations);
}else {
ret=Math.exp(-x+(a*Math.log(x))-logGamma(a))*sum;
}

========
COMMAND:cd /home/mmotwani/mywork1dir/Defects4Java7/defects4j/SIMFIX_RQ2_80_1/math/math_85_buggy && /usr/bin/timeout 120 /mnt/nfs/work1/brun/mmotwani/Defects4Java7/defects4j//framework/bin/defects4j compile
FAILED TEST:org.apache.commons.math.distribution.NormalDistributionTest::testMath280
COUNT THESE===> Subject [_name=math, _id=85, _ssrc=/src/java, _tsrc=/src/test, _sbin=/target/classes, _tbin=/target/test-classes, _dependency=null] org.apache.commons.math.distribution.NormalDistributionTest testMath280
TESTING : org.apache.commons.math.distribution.NormalDistributionTest::testMath280
COMMAND:cd /home/mmotwani/mywork1dir/Defects4Java7/defects4j/SIMFIX_RQ2_80_1/math/math_85_buggy && /usr/bin/timeout 30 /mnt/nfs/work1/brun/mmotwani/Defects4Java7/defects4j//framework/bin/defects4j test -t org.apache.commons.math.distribution.NormalDistributionTest::testMath280
  - org.apache.commons.math.distribution.NormalDistributionTest::testMath280
Failing tests: 1
Running ant (run.dev.tests)................................................ OK
Running ant (compile.tests)................................................ OK
========
if(n>=x){
if(n>0&&x<=S_LIMIT){
return -GAMMA-1/x;
}
throw new MaxIterationsExceededException(maxIterations);
}else {
ret=Math.exp(-x+(a*Math.log(x))-logGamma(a))*sum;
}

========
COMMAND:cd /home/mmotwani/mywork1dir/Defects4Java7/defects4j/SIMFIX_RQ2_80_1/math/math_85_buggy && /usr/bin/timeout 120 /mnt/nfs/work1/brun/mmotwani/Defects4Java7/defects4j//framework/bin/defects4j compile
FAILED TEST:org.apache.commons.math.distribution.NormalDistributionTest::testMath280
COUNT THESE===> Subject [_name=math, _id=85, _ssrc=/src/java, _tsrc=/src/test, _sbin=/target/classes, _tbin=/target/test-classes, _dependency=null] org.apache.commons.math.distribution.NormalDistributionTest testMath280
TESTING : org.apache.commons.math.distribution.NormalDistributionTest::testMath280
COMMAND:cd /home/mmotwani/mywork1dir/Defects4Java7/defects4j/SIMFIX_RQ2_80_1/math/math_85_buggy && /usr/bin/timeout 30 /mnt/nfs/work1/brun/mmotwani/Defects4Java7/defects4j//framework/bin/defects4j test -t org.apache.commons.math.distribution.NormalDistributionTest::testMath280
  - org.apache.commons.math.distribution.NormalDistributionTest::testMath280
Failing tests: 1
Running ant (run.dev.tests)................................................ OK
Running ant (compile.tests)................................................ OK
========
if(n>=S_LIMIT){
if(n>0&&x<=S_LIMIT){
return -GAMMA-1/x;
}
throw new MaxIterationsExceededException(maxIterations);
}else {
ret=Math.exp(-x+(a*Math.log(x))-logGamma(a))*sum;
}

========
COMMAND:cd /home/mmotwani/mywork1dir/Defects4Java7/defects4j/SIMFIX_RQ2_80_1/math/math_85_buggy && /usr/bin/timeout 120 /mnt/nfs/work1/brun/mmotwani/Defects4Java7/defects4j//framework/bin/defects4j compile
FAILED TEST:org.apache.commons.math.distribution.NormalDistributionTest::testMath280
COUNT THESE===> Subject [_name=math, _id=85, _ssrc=/src/java, _tsrc=/src/test, _sbin=/target/classes, _tbin=/target/test-classes, _dependency=null] org.apache.commons.math.distribution.NormalDistributionTest testMath280
TESTING : org.apache.commons.math.distribution.NormalDistributionTest::testMath280
COMMAND:cd /home/mmotwani/mywork1dir/Defects4Java7/defects4j/SIMFIX_RQ2_80_1/math/math_85_buggy && /usr/bin/timeout 30 /mnt/nfs/work1/brun/mmotwani/Defects4Java7/defects4j//framework/bin/defects4j test -t org.apache.commons.math.distribution.NormalDistributionTest::testMath280
  - org.apache.commons.math.distribution.NormalDistributionTest::testMath280
Failing tests: 1
Running ant (run.dev.tests)................................................ OK
Running ant (compile.tests)................................................ OK
========
if(x>=x){
if(n>0&&x<=S_LIMIT){
return -GAMMA-1/x;
}
throw new MaxIterationsExceededException(maxIterations);
}else {
ret=Math.exp(-x+(a*Math.log(x))-logGamma(a))*sum;
}

========
COMMAND:cd /home/mmotwani/mywork1dir/Defects4Java7/defects4j/SIMFIX_RQ2_80_1/math/math_85_buggy && /usr/bin/timeout 120 /mnt/nfs/work1/brun/mmotwani/Defects4Java7/defects4j//framework/bin/defects4j compile
FAILED TEST:org.apache.commons.math.distribution.NormalDistributionTest::testMath280
COUNT THESE===> Subject [_name=math, _id=85, _ssrc=/src/java, _tsrc=/src/test, _sbin=/target/classes, _tbin=/target/test-classes, _dependency=null] org.apache.commons.math.distribution.NormalDistributionTest testMath280
TESTING : org.apache.commons.math.distribution.NormalDistributionTest::testMath280
COMMAND:cd /home/mmotwani/mywork1dir/Defects4Java7/defects4j/SIMFIX_RQ2_80_1/math/math_85_buggy && /usr/bin/timeout 30 /mnt/nfs/work1/brun/mmotwani/Defects4Java7/defects4j//framework/bin/defects4j test -t org.apache.commons.math.distribution.NormalDistributionTest::testMath280
  - org.apache.commons.math.distribution.NormalDistributionTest::testMath280
Failing tests: 1
Running ant (run.dev.tests)................................................ OK
Running ant (compile.tests)................................................ OK
========
if(x>=S_LIMIT){
if(n>0&&x<=S_LIMIT){
return -GAMMA-1/x;
}
throw new MaxIterationsExceededException(maxIterations);
}else {
ret=Math.exp(-x+(a*Math.log(x))-logGamma(a))*sum;
}

========
COMMAND:cd /home/mmotwani/mywork1dir/Defects4Java7/defects4j/SIMFIX_RQ2_80_1/math/math_85_buggy && /usr/bin/timeout 120 /mnt/nfs/work1/brun/mmotwani/Defects4Java7/defects4j//framework/bin/defects4j compile
FAILED TEST:org.apache.commons.math.distribution.NormalDistributionTest::testMath280
COUNT THESE===> Subject [_name=math, _id=85, _ssrc=/src/java, _tsrc=/src/test, _sbin=/target/classes, _tbin=/target/test-classes, _dependency=null] org.apache.commons.math.distribution.NormalDistributionTest testMath280
TESTING : org.apache.commons.math.distribution.NormalDistributionTest::testMath280
COMMAND:cd /home/mmotwani/mywork1dir/Defects4Java7/defects4j/SIMFIX_RQ2_80_1/math/math_85_buggy && /usr/bin/timeout 30 /mnt/nfs/work1/brun/mmotwani/Defects4Java7/defects4j//framework/bin/defects4j test -t org.apache.commons.math.distribution.NormalDistributionTest::testMath280
  - org.apache.commons.math.distribution.NormalDistributionTest::testMath280
Failing tests: 1
Running ant (run.dev.tests)................................................ OK
Running ant (compile.tests)................................................ OK
========
if(n>=functionValueAccuracy){
throw new MaxIterationsExceededException(maxIterations);
}else {
ret=Math.exp(-x+(a*Math.log(x))-logGamma(a))*sum;
}

========
COMMAND:cd /home/mmotwani/mywork1dir/Defects4Java7/defects4j/SIMFIX_RQ2_80_1/math/math_85_buggy && /usr/bin/timeout 120 /mnt/nfs/work1/brun/mmotwani/Defects4Java7/defects4j//framework/bin/defects4j compile
========
if(n>=maxIterations){
if(Math.abs(a)<=n){
setResult(x,maxIterations);
return ret;
}
throw new MaxIterationsExceededException(maxIterations);
}else {
ret=Math.exp(-x+(a*Math.log(x))-logGamma(a))*sum;
}

========
COMMAND:cd /home/mmotwani/mywork1dir/Defects4Java7/defects4j/SIMFIX_RQ2_80_1/math/math_85_buggy && /usr/bin/timeout 120 /mnt/nfs/work1/brun/mmotwani/Defects4Java7/defects4j//framework/bin/defects4j compile
========
if(n>=maxIterations){
setResult(x,maxIterations);
throw new MaxIterationsExceededException(maxIterations);
}else {
ret=Math.exp(-x+(a*Math.log(x))-logGamma(a))*sum;
}

========
COMMAND:cd /home/mmotwani/mywork1dir/Defects4Java7/defects4j/SIMFIX_RQ2_80_1/math/math_85_buggy && /usr/bin/timeout 120 /mnt/nfs/work1/brun/mmotwani/Defects4Java7/defects4j//framework/bin/defects4j compile
========
if(n>maxIterations){
throw new MaxIterationsExceededException(maxIterations);
}else {
ret=Math.exp(-x+(a*Math.log(x))-logGamma(a))*sum;
}

========
COMMAND:cd /home/mmotwani/mywork1dir/Defects4Java7/defects4j/SIMFIX_RQ2_80_1/math/math_85_buggy && /usr/bin/timeout 120 /mnt/nfs/work1/brun/mmotwani/Defects4Java7/defects4j//framework/bin/defects4j compile
FAILED TEST:org.apache.commons.math.distribution.NormalDistributionTest::testMath280
COUNT THESE===> Subject [_name=math, _id=85, _ssrc=/src/java, _tsrc=/src/test, _sbin=/target/classes, _tbin=/target/test-classes, _dependency=null] org.apache.commons.math.distribution.NormalDistributionTest testMath280
TESTING : org.apache.commons.math.distribution.NormalDistributionTest::testMath280
COMMAND:cd /home/mmotwani/mywork1dir/Defects4Java7/defects4j/SIMFIX_RQ2_80_1/math/math_85_buggy && /usr/bin/timeout 30 /mnt/nfs/work1/brun/mmotwani/Defects4Java7/defects4j//framework/bin/defects4j test -t org.apache.commons.math.distribution.NormalDistributionTest::testMath280
  - org.apache.commons.math.distribution.NormalDistributionTest::testMath280
Failing tests: 1
Running ant (run.dev.tests)................................................ OK
Running ant (compile.tests)................................................ OK
========
if(n>=maxIterations){
throw new OptimizationException(new MaxIterationsExceededException(maxIterations));
}else {
ret=Math.exp(-x+(a*Math.log(x))-logGamma(a))*sum;
}

========
COMMAND:cd /home/mmotwani/mywork1dir/Defects4Java7/defects4j/SIMFIX_RQ2_80_1/math/math_85_buggy && /usr/bin/timeout 120 /mnt/nfs/work1/brun/mmotwani/Defects4Java7/defects4j//framework/bin/defects4j compile
========
if(n>=i){
throw new MaxIterationsExceededException(maxIterations);
}else {
ret=Math.exp(-x+(a*Math.log(x))-logGamma(a))*sum;
}

========
COMMAND:cd /home/mmotwani/mywork1dir/Defects4Java7/defects4j/SIMFIX_RQ2_80_1/math/math_85_buggy && /usr/bin/timeout 120 /mnt/nfs/work1/brun/mmotwani/Defects4Java7/defects4j//framework/bin/defects4j compile
========
if(n>=maxIterations){
throw new MaxIterationsExceededException(maxIterations);
}else {
ret=Math.exp(-x+(a*Math.log(x))-logGamma(a))*x;
}

========
COMMAND:cd /home/mmotwani/mywork1dir/Defects4Java7/defects4j/SIMFIX_RQ2_80_1/math/math_85_buggy && /usr/bin/timeout 120 /mnt/nfs/work1/brun/mmotwani/Defects4Java7/defects4j//framework/bin/defects4j compile
FAILED TEST:org.apache.commons.math.distribution.NormalDistributionTest::testMath280
COUNT THESE===> Subject [_name=math, _id=85, _ssrc=/src/java, _tsrc=/src/test, _sbin=/target/classes, _tbin=/target/test-classes, _dependency=null] org.apache.commons.math.distribution.NormalDistributionTest testMath280
TESTING : org.apache.commons.math.distribution.NormalDistributionTest::testMath280
COMMAND:cd /home/mmotwani/mywork1dir/Defects4Java7/defects4j/SIMFIX_RQ2_80_1/math/math_85_buggy && /usr/bin/timeout 30 /mnt/nfs/work1/brun/mmotwani/Defects4Java7/defects4j//framework/bin/defects4j test -t org.apache.commons.math.distribution.NormalDistributionTest::testMath280
  - org.apache.commons.math.distribution.NormalDistributionTest::testMath280
Failing tests: 1
Running ant (run.dev.tests)................................................ OK
Running ant (compile.tests)................................................ OK
========
if(n>=y){
throw new MaxIterationsExceededException(maxIterations);
}else {
ret=Math.exp(-x+(a*Math.log(x))-logGamma(a))*sum;
}

========
COMMAND:cd /home/mmotwani/mywork1dir/Defects4Java7/defects4j/SIMFIX_RQ2_80_1/math/math_85_buggy && /usr/bin/timeout 120 /mnt/nfs/work1/brun/mmotwani/Defects4Java7/defects4j//framework/bin/defects4j compile
========
if(n>=maxIterations){
if(sum<n){
return -1;
}
throw new MaxIterationsExceededException(maxIterations);
}else {
ret=Math.exp(-x+(a*Math.log(x))-logGamma(a))*sum;
}

========
COMMAND:cd /home/mmotwani/mywork1dir/Defects4Java7/defects4j/SIMFIX_RQ2_80_1/math/math_85_buggy && /usr/bin/timeout 120 /mnt/nfs/work1/brun/mmotwani/Defects4Java7/defects4j//framework/bin/defects4j compile
FAILED TEST:org.apache.commons.math.distribution.NormalDistributionTest::testMath280
COUNT THESE===> Subject [_name=math, _id=85, _ssrc=/src/java, _tsrc=/src/test, _sbin=/target/classes, _tbin=/target/test-classes, _dependency=null] org.apache.commons.math.distribution.NormalDistributionTest testMath280
TESTING : org.apache.commons.math.distribution.NormalDistributionTest::testMath280
COMMAND:cd /home/mmotwani/mywork1dir/Defects4Java7/defects4j/SIMFIX_RQ2_80_1/math/math_85_buggy && /usr/bin/timeout 30 /mnt/nfs/work1/brun/mmotwani/Defects4Java7/defects4j//framework/bin/defects4j test -t org.apache.commons.math.distribution.NormalDistributionTest::testMath280
  - org.apache.commons.math.distribution.NormalDistributionTest::testMath280
Failing tests: 1
Running ant (run.dev.tests)................................................ OK
Running ant (compile.tests)................................................ OK
========
if(x>=maxIterations){
if(sum<n){
return -1;
}
throw new MaxIterationsExceededException(maxIterations);
}else {
ret=Math.exp(-x+(a*Math.log(x))-logGamma(a))*sum;
}

========
COMMAND:cd /home/mmotwani/mywork1dir/Defects4Java7/defects4j/SIMFIX_RQ2_80_1/math/math_85_buggy && /usr/bin/timeout 120 /mnt/nfs/work1/brun/mmotwani/Defects4Java7/defects4j//framework/bin/defects4j compile
FAILED TEST:org.apache.commons.math.distribution.NormalDistributionTest::testMath280
COUNT THESE===> Subject [_name=math, _id=85, _ssrc=/src/java, _tsrc=/src/test, _sbin=/target/classes, _tbin=/target/test-classes, _dependency=null] org.apache.commons.math.distribution.NormalDistributionTest testMath280
TESTING : org.apache.commons.math.distribution.NormalDistributionTest::testMath280
COMMAND:cd /home/mmotwani/mywork1dir/Defects4Java7/defects4j/SIMFIX_RQ2_80_1/math/math_85_buggy && /usr/bin/timeout 30 /mnt/nfs/work1/brun/mmotwani/Defects4Java7/defects4j//framework/bin/defects4j test -t org.apache.commons.math.distribution.NormalDistributionTest::testMath280
  - org.apache.commons.math.distribution.NormalDistributionTest::testMath280
Failing tests: 1
Running ant (run.dev.tests)................................................ OK
Running ant (compile.tests)................................................ OK
========
sum+=x;
if(n>=maxIterations){
throw new MaxIterationsExceededException(maxIterations);
}else {
ret=Math.exp(-x+(a*Math.log(x))-logGamma(a))*sum;
}

========
COMMAND:cd /home/mmotwani/mywork1dir/Defects4Java7/defects4j/SIMFIX_RQ2_80_1/math/math_85_buggy && /usr/bin/timeout 120 /mnt/nfs/work1/brun/mmotwani/Defects4Java7/defects4j//framework/bin/defects4j compile
FAILED TEST:org.apache.commons.math.distribution.NormalDistributionTest::testMath280
COUNT THESE===> Subject [_name=math, _id=85, _ssrc=/src/java, _tsrc=/src/test, _sbin=/target/classes, _tbin=/target/test-classes, _dependency=null] org.apache.commons.math.distribution.NormalDistributionTest testMath280
TESTING : org.apache.commons.math.distribution.NormalDistributionTest::testMath280
COMMAND:cd /home/mmotwani/mywork1dir/Defects4Java7/defects4j/SIMFIX_RQ2_80_1/math/math_85_buggy && /usr/bin/timeout 30 /mnt/nfs/work1/brun/mmotwani/Defects4Java7/defects4j//framework/bin/defects4j test -t org.apache.commons.math.distribution.NormalDistributionTest::testMath280
  - org.apache.commons.math.distribution.NormalDistributionTest::testMath280
Failing tests: 1
Running ant (run.dev.tests)................................................ OK
Running ant (compile.tests)................................................ OK
========
ret+=HALF_LOG_2_PI;
if(n>=maxIterations){
throw new MaxIterationsExceededException(maxIterations);
}else {
ret=Math.exp(-x+(a*Math.log(x))-logGamma(a))*sum;
}

========
COMMAND:cd /home/mmotwani/mywork1dir/Defects4Java7/defects4j/SIMFIX_RQ2_80_1/math/math_85_buggy && /usr/bin/timeout 120 /mnt/nfs/work1/brun/mmotwani/Defects4Java7/defects4j//framework/bin/defects4j compile
========
n++;
if(n>=maxIterations){
throw new MaxIterationsExceededException(maxIterations);
}else {
ret=Math.exp(-x+(a*Math.log(x))-logGamma(a))*sum;
}

========
COMMAND:cd /home/mmotwani/mywork1dir/Defects4Java7/defects4j/SIMFIX_RQ2_80_1/math/math_85_buggy && /usr/bin/timeout 120 /mnt/nfs/work1/brun/mmotwani/Defects4Java7/defects4j//framework/bin/defects4j compile
FAILED TEST:org.apache.commons.math.distribution.NormalDistributionTest::testMath280
COUNT THESE===> Subject [_name=math, _id=85, _ssrc=/src/java, _tsrc=/src/test, _sbin=/target/classes, _tbin=/target/test-classes, _dependency=null] org.apache.commons.math.distribution.NormalDistributionTest testMath280
TESTING : org.apache.commons.math.distribution.NormalDistributionTest::testMath280
COMMAND:cd /home/mmotwani/mywork1dir/Defects4Java7/defects4j/SIMFIX_RQ2_80_1/math/math_85_buggy && /usr/bin/timeout 30 /mnt/nfs/work1/brun/mmotwani/Defects4Java7/defects4j//framework/bin/defects4j test -t org.apache.commons.math.distribution.NormalDistributionTest::testMath280
  - org.apache.commons.math.distribution.NormalDistributionTest::testMath280
Failing tests: 1
Running ant (run.dev.tests)................................................ OK
Running ant (compile.tests)................................................ OK
========
sum+=x;
if(n>maxIterations){
throw new MaxIterationsExceededException(maxIterations);
}else {
ret=Math.exp(-x+(a*Math.log(x))-logGamma(a))*sum;
}

========
COMMAND:cd /home/mmotwani/mywork1dir/Defects4Java7/defects4j/SIMFIX_RQ2_80_1/math/math_85_buggy && /usr/bin/timeout 120 /mnt/nfs/work1/brun/mmotwani/Defects4Java7/defects4j//framework/bin/defects4j compile
FAILED TEST:org.apache.commons.math.distribution.NormalDistributionTest::testMath280
COUNT THESE===> Subject [_name=math, _id=85, _ssrc=/src/java, _tsrc=/src/test, _sbin=/target/classes, _tbin=/target/test-classes, _dependency=null] org.apache.commons.math.distribution.NormalDistributionTest testMath280
TESTING : org.apache.commons.math.distribution.NormalDistributionTest::testMath280
COMMAND:cd /home/mmotwani/mywork1dir/Defects4Java7/defects4j/SIMFIX_RQ2_80_1/math/math_85_buggy && /usr/bin/timeout 30 /mnt/nfs/work1/brun/mmotwani/Defects4Java7/defects4j//framework/bin/defects4j test -t org.apache.commons.math.distribution.NormalDistributionTest::testMath280
  - org.apache.commons.math.distribution.NormalDistributionTest::testMath280
Failing tests: 1
Running ant (run.dev.tests)................................................ OK
Running ant (compile.tests)................................................ OK
========
n++;
if(n>maxIterations){
throw new MaxIterationsExceededException(maxIterations);
}else {
ret=Math.exp(-x+(a*Math.log(x))-logGamma(a))*sum;
}

========
COMMAND:cd /home/mmotwani/mywork1dir/Defects4Java7/defects4j/SIMFIX_RQ2_80_1/math/math_85_buggy && /usr/bin/timeout 120 /mnt/nfs/work1/brun/mmotwani/Defects4Java7/defects4j//framework/bin/defects4j compile
FAILED TEST:org.apache.commons.math.distribution.NormalDistributionTest::testMath280
COUNT THESE===> Subject [_name=math, _id=85, _ssrc=/src/java, _tsrc=/src/test, _sbin=/target/classes, _tbin=/target/test-classes, _dependency=null] org.apache.commons.math.distribution.NormalDistributionTest testMath280
TESTING : org.apache.commons.math.distribution.NormalDistributionTest::testMath280
COMMAND:cd /home/mmotwani/mywork1dir/Defects4Java7/defects4j/SIMFIX_RQ2_80_1/math/math_85_buggy && /usr/bin/timeout 30 /mnt/nfs/work1/brun/mmotwani/Defects4Java7/defects4j//framework/bin/defects4j test -t org.apache.commons.math.distribution.NormalDistributionTest::testMath280
  - org.apache.commons.math.distribution.NormalDistributionTest::testMath280
Failing tests: 1
Running ant (run.dev.tests)................................................ OK
Running ant (compile.tests)................................................ OK
========
sum+=x;
n++;
if(n>=maxIterations){
throw new MaxIterationsExceededException(maxIterations);
}else {
ret=Math.exp(-x+(a*Math.log(x))-logGamma(a))*sum;
}

========
COMMAND:cd /home/mmotwani/mywork1dir/Defects4Java7/defects4j/SIMFIX_RQ2_80_1/math/math_85_buggy && /usr/bin/timeout 120 /mnt/nfs/work1/brun/mmotwani/Defects4Java7/defects4j//framework/bin/defects4j compile
FAILED TEST:org.apache.commons.math.distribution.NormalDistributionTest::testMath280
COUNT THESE===> Subject [_name=math, _id=85, _ssrc=/src/java, _tsrc=/src/test, _sbin=/target/classes, _tbin=/target/test-classes, _dependency=null] org.apache.commons.math.distribution.NormalDistributionTest testMath280
TESTING : org.apache.commons.math.distribution.NormalDistributionTest::testMath280
COMMAND:cd /home/mmotwani/mywork1dir/Defects4Java7/defects4j/SIMFIX_RQ2_80_1/math/math_85_buggy && /usr/bin/timeout 30 /mnt/nfs/work1/brun/mmotwani/Defects4Java7/defects4j//framework/bin/defects4j test -t org.apache.commons.math.distribution.NormalDistributionTest::testMath280
  - org.apache.commons.math.distribution.NormalDistributionTest::testMath280
Failing tests: 1
Running ant (run.dev.tests)................................................ OK
Running ant (compile.tests)................................................ OK
========
sum+=x;
n++;
if(n>maxIterations){
throw new MaxIterationsExceededException(maxIterations);
}else {
ret=Math.exp(-x+(a*Math.log(x))-logGamma(a))*sum;
}

========
COMMAND:cd /home/mmotwani/mywork1dir/Defects4Java7/defects4j/SIMFIX_RQ2_80_1/math/math_85_buggy && /usr/bin/timeout 120 /mnt/nfs/work1/brun/mmotwani/Defects4Java7/defects4j//framework/bin/defects4j compile
FAILED TEST:org.apache.commons.math.distribution.NormalDistributionTest::testMath280
COUNT THESE===> Subject [_name=math, _id=85, _ssrc=/src/java, _tsrc=/src/test, _sbin=/target/classes, _tbin=/target/test-classes, _dependency=null] org.apache.commons.math.distribution.NormalDistributionTest testMath280
TESTING : org.apache.commons.math.distribution.NormalDistributionTest::testMath280
COMMAND:cd /home/mmotwani/mywork1dir/Defects4Java7/defects4j/SIMFIX_RQ2_80_1/math/math_85_buggy && /usr/bin/timeout 30 /mnt/nfs/work1/brun/mmotwani/Defects4Java7/defects4j//framework/bin/defects4j test -t org.apache.commons.math.distribution.NormalDistributionTest::testMath280
  - org.apache.commons.math.distribution.NormalDistributionTest::testMath280
Failing tests: 1
Running ant (run.dev.tests)................................................ OK
Running ant (compile.tests)................................................ OK
========
if(n>=MAXIMIZE){
throw new MaxIterationsExceededException(maxIterations);
}else {
ret=Math.exp(-x+(a*Math.log(x))-logGamma(a))*sum;
}

========
COMMAND:cd /home/mmotwani/mywork1dir/Defects4Java7/defects4j/SIMFIX_RQ2_80_1/math/math_85_buggy && /usr/bin/timeout 120 /mnt/nfs/work1/brun/mmotwani/Defects4Java7/defects4j//framework/bin/defects4j compile
========
if(u>=u){
throw new MaxIterationsExceededException(maxIterations);
}else {
ret=Math.exp(-x+(a*Math.log(x))-logGamma(a))*sum;
}

========
COMMAND:cd /home/mmotwani/mywork1dir/Defects4Java7/defects4j/SIMFIX_RQ2_80_1/math/math_85_buggy && /usr/bin/timeout 120 /mnt/nfs/work1/brun/mmotwani/Defects4Java7/defects4j//framework/bin/defects4j compile
========
if(c3>=maxIterations){
throw new MaxIterationsExceededException(maxIterations);
}else {
ret=Math.exp(-x+(a*Math.log(x))-logGamma(a))*sum;
}

========
COMMAND:cd /home/mmotwani/mywork1dir/Defects4Java7/defects4j/SIMFIX_RQ2_80_1/math/math_85_buggy && /usr/bin/timeout 120 /mnt/nfs/work1/brun/mmotwani/Defects4Java7/defects4j//framework/bin/defects4j compile
========
if(n>=u){
throw new MaxIterationsExceededException(maxIterations);
}else {
ret=Math.exp(-x+(a*Math.log(x))-logGamma(a))*sum;
}

========
COMMAND:cd /home/mmotwani/mywork1dir/Defects4Java7/defects4j/SIMFIX_RQ2_80_1/math/math_85_buggy && /usr/bin/timeout 120 /mnt/nfs/work1/brun/mmotwani/Defects4Java7/defects4j//framework/bin/defects4j compile
========
if(n>=c4){
throw new MaxIterationsExceededException(maxIterations);
}else {
ret=Math.exp(-x+(a*Math.log(x))-logGamma(a))*sum;
}

========
COMMAND:cd /home/mmotwani/mywork1dir/Defects4Java7/defects4j/SIMFIX_RQ2_80_1/math/math_85_buggy && /usr/bin/timeout 120 /mnt/nfs/work1/brun/mmotwani/Defects4Java7/defects4j//framework/bin/defects4j compile
========
if(n>=maxIterations){
throw MathRuntimeException.createIllegalArgumentException("bad value for maximum iterations number: {0}",maxIterations);
}else {
ret=Math.exp(-x+(a*Math.log(x))-logGamma(a))*sum;
}

========
COMMAND:cd /home/mmotwani/mywork1dir/Defects4Java7/defects4j/SIMFIX_RQ2_80_1/math/math_85_buggy && /usr/bin/timeout 120 /mnt/nfs/work1/brun/mmotwani/Defects4Java7/defects4j//framework/bin/defects4j compile
========
if(HALF_LOG_2_PI<a||initial>n||lowerBound>=upperBound){
throw MathRuntimeException.createIllegalArgumentException("invalid bracketing parameters:  lower bound={0},  initial={1}, upper bound={2}",lowerBound,initial,upperBound);
}
if(n>=maxIterations){
throw new MaxIterationsExceededException(maxIterations);
}else {
ret=Math.exp(-x+(a*Math.log(x))-logGamma(a))*sum;
}

========
COMMAND:cd /home/mmotwani/mywork1dir/Defects4Java7/defects4j/SIMFIX_RQ2_80_1/math/math_85_buggy && /usr/bin/timeout 120 /mnt/nfs/work1/brun/mmotwani/Defects4Java7/defects4j//framework/bin/defects4j compile
========
if(pos>=maxIterations){
throw new MaxIterationsExceededException(maxIterations);
}else {
ret=Math.exp(-x+(a*Math.log(x))-logGamma(a))*sum;
}

========
COMMAND:cd /home/mmotwani/mywork1dir/Defects4Java7/defects4j/SIMFIX_RQ2_80_1/math/math_85_buggy && /usr/bin/timeout 120 /mnt/nfs/work1/brun/mmotwani/Defects4Java7/defects4j//framework/bin/defects4j compile
========
if(n>=maxIterations){
if(a>=n){
return lanczos[maxIterations-1];
}
throw new MaxIterationsExceededException(maxIterations);
}else {
ret=Math.exp(-x+(a*Math.log(x))-logGamma(a))*sum;
}

========
COMMAND:cd /home/mmotwani/mywork1dir/Defects4Java7/defects4j/SIMFIX_RQ2_80_1/math/math_85_buggy && /usr/bin/timeout 120 /mnt/nfs/work1/brun/mmotwani/Defects4Java7/defects4j//framework/bin/defects4j compile
FAILED TEST:org.apache.commons.math.distribution.NormalDistributionTest::testMath280
COUNT THESE===> Subject [_name=math, _id=85, _ssrc=/src/java, _tsrc=/src/test, _sbin=/target/classes, _tbin=/target/test-classes, _dependency=null] org.apache.commons.math.distribution.NormalDistributionTest testMath280
TESTING : org.apache.commons.math.distribution.NormalDistributionTest::testMath280
COMMAND:cd /home/mmotwani/mywork1dir/Defects4Java7/defects4j/SIMFIX_RQ2_80_1/math/math_85_buggy && /usr/bin/timeout 30 /mnt/nfs/work1/brun/mmotwani/Defects4Java7/defects4j//framework/bin/defects4j test -t org.apache.commons.math.distribution.NormalDistributionTest::testMath280
  - org.apache.commons.math.distribution.NormalDistributionTest::testMath280
Failing tests: 1
Running ant (run.dev.tests)................................................ OK
Running ant (compile.tests)................................................ OK
========
if(n>=epsilon){
throw new MaxIterationsExceededException(maxIterations);
}else {
ret=Math.exp(-x+(a*Math.log(x))-logGamma(a))*sum;
}

========
COMMAND:cd /home/mmotwani/mywork1dir/Defects4Java7/defects4j/SIMFIX_RQ2_80_1/math/math_85_buggy && /usr/bin/timeout 120 /mnt/nfs/work1/brun/mmotwani/Defects4Java7/defects4j//framework/bin/defects4j compile
FAILED TEST:org.apache.commons.math.distribution.NormalDistributionTest::testMath280
COUNT THESE===> Subject [_name=math, _id=85, _ssrc=/src/java, _tsrc=/src/test, _sbin=/target/classes, _tbin=/target/test-classes, _dependency=null] org.apache.commons.math.distribution.NormalDistributionTest testMath280
TESTING : org.apache.commons.math.distribution.NormalDistributionTest::testMath280
COMMAND:cd /home/mmotwani/mywork1dir/Defects4Java7/defects4j/SIMFIX_RQ2_80_1/math/math_85_buggy && /usr/bin/timeout 30 /mnt/nfs/work1/brun/mmotwani/Defects4Java7/defects4j//framework/bin/defects4j test -t org.apache.commons.math.distribution.NormalDistributionTest::testMath280
  - org.apache.commons.math.distribution.NormalDistributionTest::testMath280
Failing tests: 1
Running ant (run.dev.tests)................................................ OK
Running ant (compile.tests)................................................ OK
========
if(max>=maxIterations){
throw new MaxIterationsExceededException(maxIterations);
}else {
ret=Math.exp(-x+(a*Math.log(x))-logGamma(a))*sum;
}

========
COMMAND:cd /home/mmotwani/mywork1dir/Defects4Java7/defects4j/SIMFIX_RQ2_80_1/math/math_85_buggy && /usr/bin/timeout 120 /mnt/nfs/work1/brun/mmotwani/Defects4Java7/defects4j//framework/bin/defects4j compile
========
if(epsilon>=maxIterations){
throw new MaxIterationsExceededException(maxIterations);
}else {
ret=Math.exp(-x+(a*Math.log(x))-logGamma(a))*sum;
}

========
COMMAND:cd /home/mmotwani/mywork1dir/Defects4Java7/defects4j/SIMFIX_RQ2_80_1/math/math_85_buggy && /usr/bin/timeout 120 /mnt/nfs/work1/brun/mmotwani/Defects4Java7/defects4j//framework/bin/defects4j compile
FAILED TEST:org.apache.commons.math.distribution.NormalDistributionTest::testMath280
COUNT THESE===> Subject [_name=math, _id=85, _ssrc=/src/java, _tsrc=/src/test, _sbin=/target/classes, _tbin=/target/test-classes, _dependency=null] org.apache.commons.math.distribution.NormalDistributionTest testMath280
TESTING : org.apache.commons.math.distribution.NormalDistributionTest::testMath280
COMMAND:cd /home/mmotwani/mywork1dir/Defects4Java7/defects4j/SIMFIX_RQ2_80_1/math/math_85_buggy && /usr/bin/timeout 30 /mnt/nfs/work1/brun/mmotwani/Defects4Java7/defects4j//framework/bin/defects4j test -t org.apache.commons.math.distribution.NormalDistributionTest::testMath280
  - org.apache.commons.math.distribution.NormalDistributionTest::testMath280
Failing tests: 1
Running ant (run.dev.tests)................................................ OK
Running ant (compile.tests)................................................ OK
========
if(n>=q2){
throw new MaxIterationsExceededException(maxIterations);
}else {
ret=Math.exp(-x+(a*Math.log(x))-logGamma(a))*sum;
}

========
COMMAND:cd /home/mmotwani/mywork1dir/Defects4Java7/defects4j/SIMFIX_RQ2_80_1/math/math_85_buggy && /usr/bin/timeout 120 /mnt/nfs/work1/brun/mmotwani/Defects4Java7/defects4j//framework/bin/defects4j compile
========
if(n>=maxDenominator){
throw new MaxIterationsExceededException(maxIterations);
}else {
ret=Math.exp(-x+(a*Math.log(x))-logGamma(a))*sum;
}

========
COMMAND:cd /home/mmotwani/mywork1dir/Defects4Java7/defects4j/SIMFIX_RQ2_80_1/math/math_85_buggy && /usr/bin/timeout 120 /mnt/nfs/work1/brun/mmotwani/Defects4Java7/defects4j//framework/bin/defects4j compile
========
if(fu>=maxIterations){
throw new MaxIterationsExceededException(maxIterations);
}else {
ret=Math.exp(-x+(a*Math.log(x))-logGamma(a))*sum;
}

========
COMMAND:cd /home/mmotwani/mywork1dir/Defects4Java7/defects4j/SIMFIX_RQ2_80_1/math/math_85_buggy && /usr/bin/timeout 120 /mnt/nfs/work1/brun/mmotwani/Defects4Java7/defects4j//framework/bin/defects4j compile
========
if(fw>=maxIterations){
throw new MaxIterationsExceededException(maxIterations);
}else {
ret=Math.exp(-x+(a*Math.log(x))-logGamma(a))*sum;
}

========
COMMAND:cd /home/mmotwani/mywork1dir/Defects4Java7/defects4j/SIMFIX_RQ2_80_1/math/math_85_buggy && /usr/bin/timeout 120 /mnt/nfs/work1/brun/mmotwani/Defects4Java7/defects4j//framework/bin/defects4j compile
========
if(n>=w){
throw new MaxIterationsExceededException(maxIterations);
}else {
ret=Math.exp(-x+(a*Math.log(x))-logGamma(a))*sum;
}

========
COMMAND:cd /home/mmotwani/mywork1dir/Defects4Java7/defects4j/SIMFIX_RQ2_80_1/math/math_85_buggy && /usr/bin/timeout 120 /mnt/nfs/work1/brun/mmotwani/Defects4Java7/defects4j//framework/bin/defects4j compile
========
if(n>=variance){
throw new MaxIterationsExceededException(maxIterations);
}else {
ret=Math.exp(-x+(a*Math.log(x))-logGamma(a))*sum;
}

========
COMMAND:cd /home/mmotwani/mywork1dir/Defects4Java7/defects4j/SIMFIX_RQ2_80_1/math/math_85_buggy && /usr/bin/timeout 120 /mnt/nfs/work1/brun/mmotwani/Defects4Java7/defects4j//framework/bin/defects4j compile
========
if(sign>=maxIterations){
throw new MaxIterationsExceededException(maxIterations);
}else {
ret=Math.exp(-x+(a*Math.log(x))-logGamma(a))*sum;
}

========
COMMAND:cd /home/mmotwani/mywork1dir/Defects4Java7/defects4j/SIMFIX_RQ2_80_1/math/math_85_buggy && /usr/bin/timeout 120 /mnt/nfs/work1/brun/mmotwani/Defects4Java7/defects4j//framework/bin/defects4j compile
========
if(n>=largest){
throw new MaxIterationsExceededException(maxIterations);
}else {
ret=Math.exp(-x+(a*Math.log(x))-logGamma(a))*sum;
}

========
COMMAND:cd /home/mmotwani/mywork1dir/Defects4Java7/defects4j/SIMFIX_RQ2_80_1/math/math_85_buggy && /usr/bin/timeout 120 /mnt/nfs/work1/brun/mmotwani/Defects4Java7/defects4j//framework/bin/defects4j compile
========
if(n>=maxIterations){
throw new MaxIterationsExceededException(maxIterations);
}else {
largest=Math.abs(sum);
ret=Math.exp(-x+(a*Math.log(x))-logGamma(a))*sum;
}

========
COMMAND:cd /home/mmotwani/mywork1dir/Defects4Java7/defects4j/SIMFIX_RQ2_80_1/math/math_85_buggy && /usr/bin/timeout 120 /mnt/nfs/work1/brun/mmotwani/Defects4Java7/defects4j//framework/bin/defects4j compile
========
lanczos[maxIterations]=sum;
if(n>=maxIterations){
throw new MaxIterationsExceededException(maxIterations);
}else {
ret=Math.exp(-x+(a*Math.log(x))-logGamma(a))*sum;
}

========
COMMAND:cd /home/mmotwani/mywork1dir/Defects4Java7/defects4j/SIMFIX_RQ2_80_1/math/math_85_buggy && /usr/bin/timeout 120 /mnt/nfs/work1/brun/mmotwani/Defects4Java7/defects4j//framework/bin/defects4j compile
FAILED TEST:org.apache.commons.math.distribution.NormalDistributionTest::testMath280
COUNT THESE===> Subject [_name=math, _id=85, _ssrc=/src/java, _tsrc=/src/test, _sbin=/target/classes, _tbin=/target/test-classes, _dependency=null] org.apache.commons.math.distribution.NormalDistributionTest testMath280
TESTING : org.apache.commons.math.distribution.NormalDistributionTest::testMath280
COMMAND:cd /home/mmotwani/mywork1dir/Defects4Java7/defects4j/SIMFIX_RQ2_80_1/math/math_85_buggy && /usr/bin/timeout 30 /mnt/nfs/work1/brun/mmotwani/Defects4Java7/defects4j//framework/bin/defects4j test -t org.apache.commons.math.distribution.NormalDistributionTest::testMath280
  - org.apache.commons.math.distribution.NormalDistributionTest::testMath280
Failing tests: 1
Running ant (run.dev.tests)................................................ OK
Running ant (compile.tests)................................................ OK
========
if(n>=functionValueAccuracy){
if(Math.abs(a)<=n){
setResult(x,maxIterations);
return ret;
}
throw new MaxIterationsExceededException(maxIterations);
}else {
ret=Math.exp(-x+(a*Math.log(x))-logGamma(a))*sum;
}

========
COMMAND:cd /home/mmotwani/mywork1dir/Defects4Java7/defects4j/SIMFIX_RQ2_80_1/math/math_85_buggy && /usr/bin/timeout 120 /mnt/nfs/work1/brun/mmotwani/Defects4Java7/defects4j//framework/bin/defects4j compile
========
if(n>=functionValueAccuracy){
setResult(x,maxIterations);
throw new MaxIterationsExceededException(maxIterations);
}else {
ret=Math.exp(-x+(a*Math.log(x))-logGamma(a))*sum;
}

========
COMMAND:cd /home/mmotwani/mywork1dir/Defects4Java7/defects4j/SIMFIX_RQ2_80_1/math/math_85_buggy && /usr/bin/timeout 120 /mnt/nfs/work1/brun/mmotwani/Defects4Java7/defects4j//framework/bin/defects4j compile
========
if(n>=maxIterations){
setResult(x,maxIterations);
if(Math.abs(a)<=n){
setResult(x,maxIterations);
return ret;
}
throw new MaxIterationsExceededException(maxIterations);
}else {
ret=Math.exp(-x+(a*Math.log(x))-logGamma(a))*sum;
}

========
COMMAND:cd /home/mmotwani/mywork1dir/Defects4Java7/defects4j/SIMFIX_RQ2_80_1/math/math_85_buggy && /usr/bin/timeout 120 /mnt/nfs/work1/brun/mmotwani/Defects4Java7/defects4j//framework/bin/defects4j compile
========
if(n>=functionValueAccuracy){
setResult(x,maxIterations);
if(Math.abs(a)<=n){
setResult(x,maxIterations);
return ret;
}
throw new MaxIterationsExceededException(maxIterations);
}else {
ret=Math.exp(-x+(a*Math.log(x))-logGamma(a))*sum;
}

========
COMMAND:cd /home/mmotwani/mywork1dir/Defects4Java7/defects4j/SIMFIX_RQ2_80_1/math/math_85_buggy && /usr/bin/timeout 120 /mnt/nfs/work1/brun/mmotwani/Defects4Java7/defects4j//framework/bin/defects4j compile
========
if(n>maxIterations){
throw new OptimizationException(new MaxIterationsExceededException(maxIterations));
}else {
ret=Math.exp(-x+(a*Math.log(x))-logGamma(a))*sum;
}

========
COMMAND:cd /home/mmotwani/mywork1dir/Defects4Java7/defects4j/SIMFIX_RQ2_80_1/math/math_85_buggy && /usr/bin/timeout 120 /mnt/nfs/work1/brun/mmotwani/Defects4Java7/defects4j//framework/bin/defects4j compile
org.apache.commons.math.analysis.solvers.UnivariateRealSolverUtils,199
========
if(initial*initial>=0.0){
throw new ConvergenceException("number of iterations={0}, maximum iterations={1}, "+"initial={2}, lower bound={3}, upper bound={4}, final a value={5}, ",numIterations,maximumIterations,initial,lowerBound,upperBound,a,b,fa,fb);
}

========
COMMAND:cd /home/mmotwani/mywork1dir/Defects4Java7/defects4j/SIMFIX_RQ2_80_1/math/math_85_buggy && /usr/bin/timeout 120 /mnt/nfs/work1/brun/mmotwani/Defects4Java7/defects4j//framework/bin/defects4j compile
FAILED TEST:org.apache.commons.math.distribution.NormalDistributionTest::testMath280
COUNT THESE===> Subject [_name=math, _id=85, _ssrc=/src/java, _tsrc=/src/test, _sbin=/target/classes, _tbin=/target/test-classes, _dependency=null] org.apache.commons.math.distribution.NormalDistributionTest testMath280
TESTING : org.apache.commons.math.distribution.NormalDistributionTest::testMath280
COMMAND:cd /home/mmotwani/mywork1dir/Defects4Java7/defects4j/SIMFIX_RQ2_80_1/math/math_85_buggy && /usr/bin/timeout 30 /mnt/nfs/work1/brun/mmotwani/Defects4Java7/defects4j//framework/bin/defects4j test -t org.apache.commons.math.distribution.NormalDistributionTest::testMath280
  - org.apache.commons.math.distribution.NormalDistributionTest::testMath280
Failing tests: 1
Running ant (run.dev.tests)................................................ OK
Running ant (compile.tests)................................................ OK
========
if(initial*fb>=0.0){
throw new ConvergenceException("number of iterations={0}, maximum iterations={1}, "+"initial={2}, lower bound={3}, upper bound={4}, final a value={5}, ",numIterations,maximumIterations,initial,lowerBound,upperBound,a,b,fa,fb);
}

========
COMMAND:cd /home/mmotwani/mywork1dir/Defects4Java7/defects4j/SIMFIX_RQ2_80_1/math/math_85_buggy && /usr/bin/timeout 120 /mnt/nfs/work1/brun/mmotwani/Defects4Java7/defects4j//framework/bin/defects4j compile
FAILED TEST:org.apache.commons.math.distribution.NormalDistributionTest::testMath280
COUNT THESE===> Subject [_name=math, _id=85, _ssrc=/src/java, _tsrc=/src/test, _sbin=/target/classes, _tbin=/target/test-classes, _dependency=null] org.apache.commons.math.distribution.NormalDistributionTest testMath280
TESTING : org.apache.commons.math.distribution.NormalDistributionTest::testMath280
COMMAND:cd /home/mmotwani/mywork1dir/Defects4Java7/defects4j/SIMFIX_RQ2_80_1/math/math_85_buggy && /usr/bin/timeout 30 /mnt/nfs/work1/brun/mmotwani/Defects4Java7/defects4j//framework/bin/defects4j test -t org.apache.commons.math.distribution.NormalDistributionTest::testMath280
  - org.apache.commons.math.distribution.NormalDistributionTest::testMath280
Failing tests: 1
Running ant (run.dev.tests)................................................ OK
Running ant (compile.tests)................................................ OK
========
if(lowerBound*fb>=0.0){
throw new ConvergenceException("number of iterations={0}, maximum iterations={1}, "+"initial={2}, lower bound={3}, upper bound={4}, final a value={5}, ",numIterations,maximumIterations,initial,lowerBound,upperBound,a,b,fa,fb);
}

========
COMMAND:cd /home/mmotwani/mywork1dir/Defects4Java7/defects4j/SIMFIX_RQ2_80_1/math/math_85_buggy && /usr/bin/timeout 120 /mnt/nfs/work1/brun/mmotwani/Defects4Java7/defects4j//framework/bin/defects4j compile
FAILED TEST:org.apache.commons.math.distribution.NormalDistributionTest::testMath280
COUNT THESE===> Subject [_name=math, _id=85, _ssrc=/src/java, _tsrc=/src/test, _sbin=/target/classes, _tbin=/target/test-classes, _dependency=null] org.apache.commons.math.distribution.NormalDistributionTest testMath280
TESTING : org.apache.commons.math.distribution.NormalDistributionTest::testMath280
COMMAND:cd /home/mmotwani/mywork1dir/Defects4Java7/defects4j/SIMFIX_RQ2_80_1/math/math_85_buggy && /usr/bin/timeout 30 /mnt/nfs/work1/brun/mmotwani/Defects4Java7/defects4j//framework/bin/defects4j test -t org.apache.commons.math.distribution.NormalDistributionTest::testMath280
  - org.apache.commons.math.distribution.NormalDistributionTest::testMath280
Failing tests: 1
Running ant (run.dev.tests)................................................ OK
Running ant (compile.tests)................................................ OK
========
if(fa*initial>=0.0){
throw new ConvergenceException("number of iterations={0}, maximum iterations={1}, "+"initial={2}, lower bound={3}, upper bound={4}, final a value={5}, ",numIterations,maximumIterations,initial,lowerBound,upperBound,a,b,fa,fb);
}

========
COMMAND:cd /home/mmotwani/mywork1dir/Defects4Java7/defects4j/SIMFIX_RQ2_80_1/math/math_85_buggy && /usr/bin/timeout 120 /mnt/nfs/work1/brun/mmotwani/Defects4Java7/defects4j//framework/bin/defects4j compile
FAILED TEST:org.apache.commons.math.distribution.NormalDistributionTest::testMath280
COUNT THESE===> Subject [_name=math, _id=85, _ssrc=/src/java, _tsrc=/src/test, _sbin=/target/classes, _tbin=/target/test-classes, _dependency=null] org.apache.commons.math.distribution.NormalDistributionTest testMath280
TESTING : org.apache.commons.math.distribution.NormalDistributionTest::testMath280
COMMAND:cd /home/mmotwani/mywork1dir/Defects4Java7/defects4j/SIMFIX_RQ2_80_1/math/math_85_buggy && /usr/bin/timeout 30 /mnt/nfs/work1/brun/mmotwani/Defects4Java7/defects4j//framework/bin/defects4j test -t org.apache.commons.math.distribution.NormalDistributionTest::testMath280
Failing tests: 0
TESTING : math_85
COMMAND:cd /home/mmotwani/mywork1dir/Defects4Java7/defects4j/SIMFIX_RQ2_80_1/math/math_85_buggy && /usr/bin/timeout 600 /mnt/nfs/work1/brun/mmotwani/Defects4Java7/defects4j//framework/bin/defects4j test
  - org.apache.commons.math.stat.regression.SimpleRegressionTest::testRemoveMultiple
  - org.apache.commons.math.stat.regression.SimpleRegressionTest::testInference
  - org.apache.commons.math.stat.regression.SimpleRegressionTest::testRemoveXY
  - org.apache.commons.math.stat.regression.SimpleRegressionTest::testRemoveSingle
  - org.apache.commons.math.distribution.TDistributionTest::testInverseCumulativeProbabilities
  - org.apache.commons.math.distribution.TDistributionTest::testSmallDf
  - org.apache.commons.math.analysis.solvers.UnivariateRealSolverUtilsTest::testBracketSin
Failing tests: 7
Running ant (run.dev.tests)................................................ OK
Running ant (compile.tests)................................................ OK
========
if(fa*upperBound>=0.0){
throw new ConvergenceException("number of iterations={0}, maximum iterations={1}, "+"initial={2}, lower bound={3}, upper bound={4}, final a value={5}, ",numIterations,maximumIterations,initial,lowerBound,upperBound,a,b,fa,fb);
}

========
COMMAND:cd /home/mmotwani/mywork1dir/Defects4Java7/defects4j/SIMFIX_RQ2_80_1/math/math_85_buggy && /usr/bin/timeout 120 /mnt/nfs/work1/brun/mmotwani/Defects4Java7/defects4j//framework/bin/defects4j compile
FAILED TEST:org.apache.commons.math.distribution.NormalDistributionTest::testMath280
COUNT THESE===> Subject [_name=math, _id=85, _ssrc=/src/java, _tsrc=/src/test, _sbin=/target/classes, _tbin=/target/test-classes, _dependency=null] org.apache.commons.math.distribution.NormalDistributionTest testMath280
TESTING : org.apache.commons.math.distribution.NormalDistributionTest::testMath280
COMMAND:cd /home/mmotwani/mywork1dir/Defects4Java7/defects4j/SIMFIX_RQ2_80_1/math/math_85_buggy && /usr/bin/timeout 30 /mnt/nfs/work1/brun/mmotwani/Defects4Java7/defects4j//framework/bin/defects4j test -t org.apache.commons.math.distribution.NormalDistributionTest::testMath280
Failing tests: 0
TESTING : math_85
COMMAND:cd /home/mmotwani/mywork1dir/Defects4Java7/defects4j/SIMFIX_RQ2_80_1/math/math_85_buggy && /usr/bin/timeout 600 /mnt/nfs/work1/brun/mmotwani/Defects4Java7/defects4j//framework/bin/defects4j test
Failing tests: 0
Successfully repair!
